[0.018s] Invoking command in '/home/apptronik/dev_ws/build/primeberry_one': CMAKE_PREFIX_PATH=/opt/ros/humble /usr/bin/cmake /home/apptronik/dev_ws/src/primeberry_one -DAMENT_CMAKE_SYMLINK_INSTALL=1 -DCMAKE_INSTALL_PREFIX=/home/apptronik/dev_ws/install/primeberry_one
[0.119s] -- Found ament_cmake: 1.3.9 (/opt/ros/humble/share/ament_cmake/cmake)
[0.338s] -- Override CMake install command with custom implementation using symlinks instead of copying resources
[0.356s] -- Found robot_state_publisher: 3.0.3 (/opt/ros/humble/share/robot_state_publisher/cmake)
[0.408s] -- Found rosidl_generator_c: 3.1.5 (/opt/ros/humble/share/rosidl_generator_c/cmake)
[0.413s] -- Found rosidl_adapter: 3.1.5 (/opt/ros/humble/share/rosidl_adapter/cmake)
[0.427s] -- Found rosidl_generator_cpp: 3.1.5 (/opt/ros/humble/share/rosidl_generator_cpp/cmake)
[0.448s] -- Using all available rosidl_typesupport_c: rosidl_typesupport_fastrtps_c;rosidl_typesupport_introspection_c
[0.474s] -- Using all available rosidl_typesupport_cpp: rosidl_typesupport_fastrtps_cpp;rosidl_typesupport_introspection_cpp
[0.656s] -- Found eigen3_cmake_module: 0.1.1 (/opt/ros/humble/share/eigen3_cmake_module/cmake)
[0.660s] -- Ensuring Eigen3 include directory is part of orocos-kdl CMake target
[0.751s] -- Found rmw_implementation_cmake: 6.1.2 (/opt/ros/humble/share/rmw_implementation_cmake/cmake)
[0.755s] -- Found rmw_fastrtps_cpp: 6.2.6 (/opt/ros/humble/share/rmw_fastrtps_cpp/cmake)
[0.940s] -- Using RMW implementation 'rmw_fastrtps_cpp' as default
[1.816s] -- Found ament_lint_auto: 0.12.11 (/opt/ros/humble/share/ament_lint_auto/cmake)
[1.929s] -- Added test 'flake8' to check Python code syntax and style conventions
[1.930s] -- Added test 'lint_cmake' to check CMake code style
[1.931s] -- Added test 'pep257' to check Python code against some of the docstring style conventions in PEP 257
[1.933s] -- Added test 'xmllint' to check XML markup files
[1.938s] -- Configuring done
[1.965s] -- Generating done
[1.967s] -- Build files have been written to: /home/apptronik/dev_ws/build/primeberry_one
[1.982s] Invoked command in '/home/apptronik/dev_ws/build/primeberry_one' returned '0': CMAKE_PREFIX_PATH=/opt/ros/humble /usr/bin/cmake /home/apptronik/dev_ws/src/primeberry_one -DAMENT_CMAKE_SYMLINK_INSTALL=1 -DCMAKE_INSTALL_PREFIX=/home/apptronik/dev_ws/install/primeberry_one
[1.983s] Invoking command in '/home/apptronik/dev_ws/build/primeberry_one': CMAKE_PREFIX_PATH=/opt/ros/humble /usr/bin/cmake --build /home/apptronik/dev_ws/build/primeberry_one -- -j2 -l2
[2.039s] Invoked command in '/home/apptronik/dev_ws/build/primeberry_one' returned '0': CMAKE_PREFIX_PATH=/opt/ros/humble /usr/bin/cmake --build /home/apptronik/dev_ws/build/primeberry_one -- -j2 -l2
[2.077s] Invoking command in '/home/apptronik/dev_ws/build/primeberry_one': CMAKE_PREFIX_PATH=/opt/ros/humble /usr/bin/cmake --install /home/apptronik/dev_ws/build/primeberry_one
[2.088s] -- Install configuration: ""
[2.089s] -- Execute custom install script
[2.090s] -- Up-to-date symlink: /home/apptronik/dev_ws/install/primeberry_one/share/primeberry_one//launch/launch_sim.launch.py
[2.091s] -- Up-to-date symlink: /home/apptronik/dev_ws/install/primeberry_one/share/primeberry_one//launch/rsp.launch.py
[2.092s] -- Up-to-date symlink: /home/apptronik/dev_ws/install/primeberry_one/share/primeberry_one//description/gazebo_control.xacro
[2.092s] -- Up-to-date symlink: /home/apptronik/dev_ws/install/primeberry_one/share/primeberry_one//description/primeberry_one.urdf.xacro
[2.093s] -- Up-to-date symlink: /home/apptronik/dev_ws/install/primeberry_one/share/ament_index/resource_index/package_run_dependencies/primeberry_one
[2.094s] -- Up-to-date symlink: /home/apptronik/dev_ws/install/primeberry_one/share/ament_index/resource_index/parent_prefix_path/primeberry_one
[2.094s] -- Up-to-date symlink: /home/apptronik/dev_ws/install/primeberry_one/share/primeberry_one/environment/ament_prefix_path.sh
[2.095s] -- Up-to-date symlink: /home/apptronik/dev_ws/install/primeberry_one/share/primeberry_one/environment/ament_prefix_path.dsv
[2.096s] -- Up-to-date symlink: /home/apptronik/dev_ws/install/primeberry_one/share/primeberry_one/environment/path.sh
[2.096s] -- Up-to-date symlink: /home/apptronik/dev_ws/install/primeberry_one/share/primeberry_one/environment/path.dsv
[2.097s] -- Up-to-date symlink: /home/apptronik/dev_ws/install/primeberry_one/share/primeberry_one/local_setup.bash
[2.097s] -- Up-to-date symlink: /home/apptronik/dev_ws/install/primeberry_one/share/primeberry_one/local_setup.sh
[2.098s] -- Up-to-date symlink: /home/apptronik/dev_ws/install/primeberry_one/share/primeberry_one/local_setup.zsh
[2.099s] -- Up-to-date symlink: /home/apptronik/dev_ws/install/primeberry_one/share/primeberry_one/local_setup.dsv
[2.099s] -- Symlinking: /home/apptronik/dev_ws/install/primeberry_one/share/primeberry_one/package.dsv
[2.126s] -- Up-to-date symlink: /home/apptronik/dev_ws/install/primeberry_one/share/ament_index/resource_index/packages/primeberry_one
[2.127s] -- Up-to-date symlink: /home/apptronik/dev_ws/install/primeberry_one/share/primeberry_one/cmake/primeberry_oneConfig.cmake
[2.129s] -- Up-to-date symlink: /home/apptronik/dev_ws/install/primeberry_one/share/primeberry_one/cmake/primeberry_oneConfig-version.cmake
[2.130s] -- Up-to-date symlink: /home/apptronik/dev_ws/install/primeberry_one/share/primeberry_one/package.xml
[2.135s] Invoked command in '/home/apptronik/dev_ws/build/primeberry_one' returned '0': CMAKE_PREFIX_PATH=/opt/ros/humble /usr/bin/cmake --install /home/apptronik/dev_ws/build/primeberry_one
