[0.869s] Invoking command in '/home/apptronik/dev_ws/build/readings_and_processing': PYTHONPATH=/home/apptronik/dev_ws/build/readings_and_processing/prefix_override:/usr/lib/python3/dist-packages/colcon_core/task/python/colcon_distutils_commands:/home/apptronik/dev_ws/install/readings_and_processing/lib/python3.10/site-packages:${PYTHONPATH} /usr/bin/python3 -W ignore:setup.py install is deprecated setup.py develop --editable --build-directory /home/apptronik/dev_ws/build/readings_and_processing/build --no-deps symlink_data --force
[1.220s] running develop
[1.221s] /usr/lib/python3/dist-packages/setuptools/command/easy_install.py:158: EasyInstallDeprecationWarning: easy_install command is deprecated. Use build and pip and other standards-based tools.
[1.222s]   warnings.warn(
[1.439s] running egg_info
[1.440s] writing readings_and_processing.egg-info/PKG-INFO
[1.442s] writing dependency_links to readings_and_processing.egg-info/dependency_links.txt
[1.443s] writing entry points to readings_and_processing.egg-info/entry_points.txt
[1.444s] writing requirements to readings_and_processing.egg-info/requires.txt
[1.445s] writing top-level names to readings_and_processing.egg-info/top_level.txt
[1.450s] reading manifest file 'readings_and_processing.egg-info/SOURCES.txt'
[1.451s] writing manifest file 'readings_and_processing.egg-info/SOURCES.txt'
[1.454s] running build_ext
[1.455s] Creating /home/apptronik/dev_ws/install/readings_and_processing/lib/python3.10/site-packages/readings-and-processing.egg-link (link to .)
[1.457s] Installing make_circle_node script to /home/apptronik/dev_ws/install/readings_and_processing/lib/readings_and_processing
[1.459s] Installing teleop_twist_to_ackerman_node script to /home/apptronik/dev_ws/install/readings_and_processing/lib/readings_and_processing
[1.461s] 
[1.462s] Installed /home/apptronik/dev_ws/build/readings_and_processing
[1.463s] running symlink_data
[1.464s] symbolically linking /home/apptronik/dev_ws/build/readings_and_processing/resource/readings_and_processing -> /home/apptronik/dev_ws/install/readings_and_processing/share/ament_index/resource_index/packages
[1.465s] symbolically linking /home/apptronik/dev_ws/build/readings_and_processing/package.xml -> /home/apptronik/dev_ws/install/readings_and_processing/share/readings_and_processing
[1.503s] Invoked command in '/home/apptronik/dev_ws/build/readings_and_processing' returned '0': PYTHONPATH=/home/apptronik/dev_ws/build/readings_and_processing/prefix_override:/usr/lib/python3/dist-packages/colcon_core/task/python/colcon_distutils_commands:/home/apptronik/dev_ws/install/readings_and_processing/lib/python3.10/site-packages:${PYTHONPATH} /usr/bin/python3 -W ignore:setup.py install is deprecated setup.py develop --editable --build-directory /home/apptronik/dev_ws/build/readings_and_processing/build --no-deps symlink_data --force
