[0.100s] Invoking command in '/home/prime/dev_ws/build/primeberry_two': CMAKE_PREFIX_PATH=${CMAKE_PREFIX_PATH}:/opt/ros/humble /usr/bin/cmake /home/prime/dev_ws/src/primeberry_two -DCMAKE_INSTALL_PREFIX=/home/prime/dev_ws/install/primeberry_two
[0.534s] -- The C compiler identification is GNU 11.4.0
[0.862s] -- The CXX compiler identification is GNU 11.4.0
[0.906s] -- Detecting C compiler ABI info
[1.348s] -- Detecting C compiler ABI info - done
[1.404s] -- Check for working C compiler: /usr/bin/cc - skipped
[1.408s] -- Detecting C compile features
[1.408s] -- Detecting C compile features - done
[1.435s] -- Detecting CXX compiler ABI info
[1.887s] -- Detecting CXX compiler ABI info - done
[1.904s] -- Check for working CXX compiler: /usr/bin/c++ - skipped
[1.905s] -- Detecting CXX compile features
[1.908s] -- Detecting CXX compile features - done
[1.915s] -- Found ament_cmake: 1.3.9 (/opt/ros/humble/share/ament_cmake/cmake)
[2.388s] -- Found Python3: /usr/bin/python3 (found version "3.10.12") found components: Interpreter 
[2.666s] -- Found xacro: 2.0.8 (/opt/ros/humble/share/xacro/cmake)
[2.666s] -- Found robot_state_publisher: 3.0.3 (/opt/ros/humble/share/robot_state_publisher/cmake)
[2.747s] -- Found rosidl_generator_c: 3.1.5 (/opt/ros/humble/share/rosidl_generator_c/cmake)
[2.759s] -- Found rosidl_adapter: 3.1.5 (/opt/ros/humble/share/rosidl_adapter/cmake)
[2.781s] -- Found rosidl_generator_cpp: 3.1.5 (/opt/ros/humble/share/rosidl_generator_cpp/cmake)
[2.840s] -- Using all available rosidl_typesupport_c: rosidl_typesupport_fastrtps_c;rosidl_typesupport_introspection_c
[2.911s] -- Using all available rosidl_typesupport_cpp: rosidl_typesupport_fastrtps_cpp;rosidl_typesupport_introspection_cpp
[3.211s] -- Found eigen3_cmake_module: 0.1.1 (/opt/ros/humble/share/eigen3_cmake_module/cmake)
[3.212s] -- Found Eigen3: TRUE (found version "3.4.0") 
[3.212s] -- Ensuring Eigen3 include directory is part of orocos-kdl CMake target
[3.375s] -- Found rmw_implementation_cmake: 6.1.2 (/opt/ros/humble/share/rmw_implementation_cmake/cmake)
[3.383s] -- Found rmw_fastrtps_cpp: 6.2.6 (/opt/ros/humble/share/rmw_fastrtps_cpp/cmake)
[3.840s] -- Found OpenSSL: /usr/lib/x86_64-linux-gnu/libcrypto.so (found version "3.0.2")  
[3.902s] -- Found FastRTPS: /opt/ros/humble/include  
[4.169s] -- Using RMW implementation 'rmw_fastrtps_cpp' as default
[4.195s] -- Looking for pthread.h
[4.616s] -- Looking for pthread.h - found
[4.617s] -- Performing Test CMAKE_HAVE_LIBC_PTHREAD
[5.003s] -- Performing Test CMAKE_HAVE_LIBC_PTHREAD - Success
[5.004s] -- Found Threads: TRUE  
[6.372s] -- Found ament_lint_auto: 0.12.11 (/opt/ros/humble/share/ament_lint_auto/cmake)
[6.588s] -- Added test 'flake8' to check Python code syntax and style conventions
[6.592s] -- Added test 'lint_cmake' to check CMake code style
[6.599s] -- Added test 'pep257' to check Python code against some of the docstring style conventions in PEP 257
[6.610s] -- Added test 'xmllint' to check XML markup files
[6.615s] -- Configuring done
[6.628s] -- Generating done
[6.633s] -- Build files have been written to: /home/prime/dev_ws/build/primeberry_two
[6.755s] Invoked command in '/home/prime/dev_ws/build/primeberry_two' returned '0': CMAKE_PREFIX_PATH=${CMAKE_PREFIX_PATH}:/opt/ros/humble /usr/bin/cmake /home/prime/dev_ws/src/primeberry_two -DCMAKE_INSTALL_PREFIX=/home/prime/dev_ws/install/primeberry_two
[6.756s] Invoking command in '/home/prime/dev_ws/build/primeberry_two': CMAKE_PREFIX_PATH=${CMAKE_PREFIX_PATH}:/opt/ros/humble /usr/bin/cmake --build /home/prime/dev_ws/build/primeberry_two -- -j8 -l8
[7.110s] Invoked command in '/home/prime/dev_ws/build/primeberry_two' returned '0': CMAKE_PREFIX_PATH=${CMAKE_PREFIX_PATH}:/opt/ros/humble /usr/bin/cmake --build /home/prime/dev_ws/build/primeberry_two -- -j8 -l8
[7.315s] Invoking command in '/home/prime/dev_ws/build/primeberry_two': CMAKE_PREFIX_PATH=${CMAKE_PREFIX_PATH}:/opt/ros/humble /usr/bin/cmake --install /home/prime/dev_ws/build/primeberry_two
[7.381s] -- Install configuration: ""
[7.381s] -- Installing: /home/prime/dev_ws/install/primeberry_two/share/primeberry_two//launch
[7.387s] -- Installing: /home/prime/dev_ws/install/primeberry_two/share/primeberry_two//launch/rsp.launch.py
[7.388s] -- Installing: /home/prime/dev_ws/install/primeberry_two/share/primeberry_two//launch/ackermann_vehicle_hokuyo_imu.launch
[7.388s] -- Installing: /home/prime/dev_ws/install/primeberry_two/share/primeberry_two//launch/launch_sim.launch.py
[7.388s] -- Installing: /home/prime/dev_ws/install/primeberry_two/share/primeberry_two//launch/ackermann_vehicle_hokuyo.launch
[7.388s] -- Installing: /home/prime/dev_ws/install/primeberry_two/share/primeberry_two//launch/rviz.launch
[7.388s] -- Installing: /home/prime/dev_ws/install/primeberry_two/share/primeberry_two//launch/ackermann_vehicle.launch
[7.389s] -- Installing: /home/prime/dev_ws/install/primeberry_two/share/primeberry_two//launch/ackermann_vehicle_rviz.launch
[7.389s] -- Installing: /home/prime/dev_ws/install/primeberry_two/share/primeberry_two//description
[7.389s] -- Installing: /home/prime/dev_ws/install/primeberry_two/share/primeberry_two//description/em_3905_hokuyo_imu.urdf.xacro
[7.392s] -- Installing: /home/prime/dev_ws/install/primeberry_two/share/primeberry_two//description/em_3905_hokuyo.urdf.xacro
[7.392s] -- Installing: /home/prime/dev_ws/install/primeberry_two/share/primeberry_two//description/em_3905.urdf.xacro
[7.393s] -- Installing: /home/prime/dev_ws/install/primeberry_two/share/ament_index/resource_index/package_run_dependencies/primeberry_two
[7.393s] -- Installing: /home/prime/dev_ws/install/primeberry_two/share/ament_index/resource_index/parent_prefix_path/primeberry_two
[7.401s] -- Installing: /home/prime/dev_ws/install/primeberry_two/share/primeberry_two/environment/ament_prefix_path.sh
[7.404s] -- Installing: /home/prime/dev_ws/install/primeberry_two/share/primeberry_two/environment/ament_prefix_path.dsv
[7.415s] -- Installing: /home/prime/dev_ws/install/primeberry_two/share/primeberry_two/environment/path.sh
[7.415s] -- Installing: /home/prime/dev_ws/install/primeberry_two/share/primeberry_two/environment/path.dsv
[7.416s] -- Installing: /home/prime/dev_ws/install/primeberry_two/share/primeberry_two/local_setup.bash
[7.468s] -- Installing: /home/prime/dev_ws/install/primeberry_two/share/primeberry_two/local_setup.sh
[7.477s] -- Installing: /home/prime/dev_ws/install/primeberry_two/share/primeberry_two/local_setup.zsh
[7.508s] -- Installing: /home/prime/dev_ws/install/primeberry_two/share/primeberry_two/local_setup.dsv
[7.509s] -- Installing: /home/prime/dev_ws/install/primeberry_two/share/primeberry_two/package.dsv
[7.510s] -- Installing: /home/prime/dev_ws/install/primeberry_two/share/ament_index/resource_index/packages/primeberry_two
[7.510s] -- Installing: /home/prime/dev_ws/install/primeberry_two/share/primeberry_two/cmake/primeberry_twoConfig.cmake
[7.511s] -- Installing: /home/prime/dev_ws/install/primeberry_two/share/primeberry_two/cmake/primeberry_twoConfig-version.cmake
[7.512s] -- Installing: /home/prime/dev_ws/install/primeberry_two/share/primeberry_two/package.xml
[7.545s] Invoked command in '/home/prime/dev_ws/build/primeberry_two' returned '0': CMAKE_PREFIX_PATH=${CMAKE_PREFIX_PATH}:/opt/ros/humble /usr/bin/cmake --install /home/prime/dev_ws/build/primeberry_two
