[0.074s] Invoking command in '/home/prime/dev_ws/build/primeberry_one': CMAKE_PREFIX_PATH=${CMAKE_PREFIX_PATH}:/opt/ros/humble /usr/bin/cmake --build /home/prime/dev_ws/build/primeberry_one -- -j8 -l8
[0.146s] Invoked command in '/home/prime/dev_ws/build/primeberry_one' returned '0': CMAKE_PREFIX_PATH=${CMAKE_PREFIX_PATH}:/opt/ros/humble /usr/bin/cmake --build /home/prime/dev_ws/build/primeberry_one -- -j8 -l8
[0.209s] Invoking command in '/home/prime/dev_ws/build/primeberry_one': CMAKE_PREFIX_PATH=${CMAKE_PREFIX_PATH}:/opt/ros/humble /usr/bin/cmake --install /home/prime/dev_ws/build/primeberry_one
[0.234s] -- Install configuration: ""
[0.234s] -- Up-to-date: /home/prime/dev_ws/install/primeberry_one/share/primeberry_one//launch
[0.234s] -- Up-to-date: /home/prime/dev_ws/install/primeberry_one/share/primeberry_one//launch/rsp.launch.py
[0.234s] -- Up-to-date: /home/prime/dev_ws/install/primeberry_one/share/primeberry_one//launch/launch_sim.launch.py
[0.237s] -- Up-to-date: /home/prime/dev_ws/install/primeberry_one/share/primeberry_one//description
[0.240s] -- Up-to-date: /home/prime/dev_ws/install/primeberry_one/share/primeberry_one//description/primeberry_one.urdf.xacro
[0.241s] -- Installing: /home/prime/dev_ws/install/primeberry_one/share/primeberry_one//description/gazebo_control.xacro
[0.242s] -- Up-to-date: /home/prime/dev_ws/install/primeberry_one/share/ament_index/resource_index/package_run_dependencies/primeberry_one
[0.242s] -- Up-to-date: /home/prime/dev_ws/install/primeberry_one/share/ament_index/resource_index/parent_prefix_path/primeberry_one
[0.243s] -- Up-to-date: /home/prime/dev_ws/install/primeberry_one/share/primeberry_one/environment/ament_prefix_path.sh
[0.244s] -- Up-to-date: /home/prime/dev_ws/install/primeberry_one/share/primeberry_one/environment/ament_prefix_path.dsv
[0.244s] -- Up-to-date: /home/prime/dev_ws/install/primeberry_one/share/primeberry_one/environment/path.sh
[0.244s] -- Up-to-date: /home/prime/dev_ws/install/primeberry_one/share/primeberry_one/environment/path.dsv
[0.245s] -- Up-to-date: /home/prime/dev_ws/install/primeberry_one/share/primeberry_one/local_setup.bash
[0.245s] -- Up-to-date: /home/prime/dev_ws/install/primeberry_one/share/primeberry_one/local_setup.sh
[0.245s] -- Up-to-date: /home/prime/dev_ws/install/primeberry_one/share/primeberry_one/local_setup.zsh
[0.245s] -- Up-to-date: /home/prime/dev_ws/install/primeberry_one/share/primeberry_one/local_setup.dsv
[0.245s] -- Installing: /home/prime/dev_ws/install/primeberry_one/share/primeberry_one/package.dsv
[0.246s] -- Up-to-date: /home/prime/dev_ws/install/primeberry_one/share/ament_index/resource_index/packages/primeberry_one
[0.247s] -- Up-to-date: /home/prime/dev_ws/install/primeberry_one/share/primeberry_one/cmake/primeberry_oneConfig.cmake
[0.248s] -- Up-to-date: /home/prime/dev_ws/install/primeberry_one/share/primeberry_one/cmake/primeberry_oneConfig-version.cmake
[0.248s] -- Up-to-date: /home/prime/dev_ws/install/primeberry_one/share/primeberry_one/package.xml
[0.268s] Invoked command in '/home/prime/dev_ws/build/primeberry_one' returned '0': CMAKE_PREFIX_PATH=${CMAKE_PREFIX_PATH}:/opt/ros/humble /usr/bin/cmake --install /home/prime/dev_ws/build/primeberry_one
