[0.071s] Invoking command in '/home/prime/dev_ws/build/primeberry': CMAKE_PREFIX_PATH=${CMAKE_PREFIX_PATH}:/opt/ros/humble /usr/bin/cmake --build /home/prime/dev_ws/build/primeberry -- -j8 -l8
[0.145s] Invoked command in '/home/prime/dev_ws/build/primeberry' returned '0': CMAKE_PREFIX_PATH=${CMAKE_PREFIX_PATH}:/opt/ros/humble /usr/bin/cmake --build /home/prime/dev_ws/build/primeberry -- -j8 -l8
[0.215s] Invoking command in '/home/prime/dev_ws/build/primeberry': CMAKE_PREFIX_PATH=${CMAKE_PREFIX_PATH}:/opt/ros/humble /usr/bin/cmake --install /home/prime/dev_ws/build/primeberry
[0.223s] -- Install configuration: ""
[0.223s] -- Up-to-date: /home/prime/dev_ws/install/primeberry/share/primeberry//launch
[0.224s] -- Up-to-date: /home/prime/dev_ws/install/primeberry/share/primeberry//launch/rsp.launch.py
[0.224s] -- Up-to-date: /home/prime/dev_ws/install/primeberry/share/primeberry//launch/launch_sim.launch.py
[0.224s] -- Up-to-date: /home/prime/dev_ws/install/primeberry/share/primeberry//description
[0.224s] -- Up-to-date: /home/prime/dev_ws/install/primeberry/share/primeberry//description/primeberry.urdf.xacro
[0.225s] -- Up-to-date: /home/prime/dev_ws/install/primeberry/share/primeberry//description/materials.xacro
[0.225s] -- Up-to-date: /home/prime/dev_ws/install/primeberry/share/primeberry//description/wheels.xacro
[0.225s] -- Up-to-date: /home/prime/dev_ws/install/primeberry/share/primeberry//description/base_link.xacro
[0.226s] -- Up-to-date: /home/prime/dev_ws/install/primeberry/share/primeberry//description/gazebo_control.xacro
[0.227s] -- Up-to-date: /home/prime/dev_ws/install/primeberry/share/primeberry//description/steering_mechanism.xacro
[0.227s] -- Up-to-date: /home/prime/dev_ws/install/primeberry/share/ament_index/resource_index/package_run_dependencies/primeberry
[0.227s] -- Up-to-date: /home/prime/dev_ws/install/primeberry/share/ament_index/resource_index/parent_prefix_path/primeberry
[0.227s] -- Up-to-date: /home/prime/dev_ws/install/primeberry/share/primeberry/environment/ament_prefix_path.sh
[0.228s] -- Up-to-date: /home/prime/dev_ws/install/primeberry/share/primeberry/environment/ament_prefix_path.dsv
[0.228s] -- Up-to-date: /home/prime/dev_ws/install/primeberry/share/primeberry/environment/path.sh
[0.228s] -- Up-to-date: /home/prime/dev_ws/install/primeberry/share/primeberry/environment/path.dsv
[0.229s] -- Up-to-date: /home/prime/dev_ws/install/primeberry/share/primeberry/local_setup.bash
[0.229s] -- Up-to-date: /home/prime/dev_ws/install/primeberry/share/primeberry/local_setup.sh
[0.229s] -- Up-to-date: /home/prime/dev_ws/install/primeberry/share/primeberry/local_setup.zsh
[0.229s] -- Up-to-date: /home/prime/dev_ws/install/primeberry/share/primeberry/local_setup.dsv
[0.231s] -- Installing: /home/prime/dev_ws/install/primeberry/share/primeberry/package.dsv
[0.231s] -- Up-to-date: /home/prime/dev_ws/install/primeberry/share/ament_index/resource_index/packages/primeberry
[0.243s] -- Up-to-date: /home/prime/dev_ws/install/primeberry/share/primeberry/cmake/primeberryConfig.cmake
[0.244s] -- Up-to-date: /home/prime/dev_ws/install/primeberry/share/primeberry/cmake/primeberryConfig-version.cmake
[0.244s] -- Up-to-date: /home/prime/dev_ws/install/primeberry/share/primeberry/package.xml
[0.260s] Invoked command in '/home/prime/dev_ws/build/primeberry' returned '0': CMAKE_PREFIX_PATH=${CMAKE_PREFIX_PATH}:/opt/ros/humble /usr/bin/cmake --install /home/prime/dev_ws/build/primeberry
