[0.134s] Invoking command in '/home/apptronik/dev_ws/build/primeberry': CMAKE_PREFIX_PATH=/opt/ros/humble /usr/bin/cmake --build /home/apptronik/dev_ws/build/primeberry -- -j2 -l2
[0.530s] Invoked command in '/home/apptronik/dev_ws/build/primeberry' returned '0': CMAKE_PREFIX_PATH=/opt/ros/humble /usr/bin/cmake --build /home/apptronik/dev_ws/build/primeberry -- -j2 -l2
[0.676s] Invoking command in '/home/apptronik/dev_ws/build/primeberry': CMAKE_PREFIX_PATH=/opt/ros/humble /usr/bin/cmake --install /home/apptronik/dev_ws/build/primeberry
[0.737s] -- Install configuration: ""
[0.743s] -- Execute custom install script
[0.744s] -- Up-to-date symlink: /home/apptronik/dev_ws/install/primeberry/share/primeberry//launch/launch_sim.launch.py
[0.750s] -- Up-to-date symlink: /home/apptronik/dev_ws/install/primeberry/share/primeberry//launch/rsp.launch.py
[0.762s] -- Up-to-date symlink: /home/apptronik/dev_ws/install/primeberry/share/primeberry//description/base_link.xacro
[0.766s] -- Up-to-date symlink: /home/apptronik/dev_ws/install/primeberry/share/primeberry//description/gazebo_control.xacro
[0.773s] -- Up-to-date symlink: /home/apptronik/dev_ws/install/primeberry/share/primeberry//description/materials.xacro
[0.775s] -- Up-to-date symlink: /home/apptronik/dev_ws/install/primeberry/share/primeberry//description/primeberry.urdf.xacro
[0.776s] -- Up-to-date symlink: /home/apptronik/dev_ws/install/primeberry/share/primeberry//description/steering_mechanism.xacro
[0.779s] -- Up-to-date symlink: /home/apptronik/dev_ws/install/primeberry/share/primeberry//description/wheels.xacro
[0.781s] -- Up-to-date symlink: /home/apptronik/dev_ws/install/primeberry/share/ament_index/resource_index/package_run_dependencies/primeberry
[0.783s] -- Up-to-date symlink: /home/apptronik/dev_ws/install/primeberry/share/ament_index/resource_index/parent_prefix_path/primeberry
[0.790s] -- Up-to-date symlink: /home/apptronik/dev_ws/install/primeberry/share/primeberry/environment/ament_prefix_path.sh
[0.792s] -- Up-to-date symlink: /home/apptronik/dev_ws/install/primeberry/share/primeberry/environment/ament_prefix_path.dsv
[0.797s] -- Up-to-date symlink: /home/apptronik/dev_ws/install/primeberry/share/primeberry/environment/path.sh
[0.799s] -- Up-to-date symlink: /home/apptronik/dev_ws/install/primeberry/share/primeberry/environment/path.dsv
[0.801s] -- Up-to-date symlink: /home/apptronik/dev_ws/install/primeberry/share/primeberry/local_setup.bash
[0.806s] -- Up-to-date symlink: /home/apptronik/dev_ws/install/primeberry/share/primeberry/local_setup.sh
[0.808s] -- Up-to-date symlink: /home/apptronik/dev_ws/install/primeberry/share/primeberry/local_setup.zsh
[0.822s] -- Up-to-date symlink: /home/apptronik/dev_ws/install/primeberry/share/primeberry/local_setup.dsv
[0.823s] -- Symlinking: /home/apptronik/dev_ws/install/primeberry/share/primeberry/package.dsv
[0.852s] -- Up-to-date symlink: /home/apptronik/dev_ws/install/primeberry/share/ament_index/resource_index/packages/primeberry
[0.856s] -- Up-to-date symlink: /home/apptronik/dev_ws/install/primeberry/share/primeberry/cmake/primeberryConfig.cmake
[0.859s] -- Up-to-date symlink: /home/apptronik/dev_ws/install/primeberry/share/primeberry/cmake/primeberryConfig-version.cmake
[0.861s] -- Up-to-date symlink: /home/apptronik/dev_ws/install/primeberry/share/primeberry/package.xml
[0.871s] Invoked command in '/home/apptronik/dev_ws/build/primeberry' returned '0': CMAKE_PREFIX_PATH=/opt/ros/humble /usr/bin/cmake --install /home/apptronik/dev_ws/build/primeberry
