[2.737s] Invoking command in '/home/apptronik/dev_ws/build/readings_and_processing': PYTHONPATH=/home/apptronik/dev_ws/build/readings_and_processing/prefix_override:/usr/lib/python3/dist-packages/colcon_core/task/python/colcon_distutils_commands:/home/apptronik/dev_ws/install/readings_and_processing/lib/python3.10/site-packages:${PYTHONPATH} /usr/bin/python3 -W ignore:setup.py install is deprecated setup.py develop --editable --build-directory /home/apptronik/dev_ws/build/readings_and_processing/build --no-deps symlink_data
[3.624s] running develop
[3.627s] /usr/lib/python3/dist-packages/setuptools/command/easy_install.py:158: EasyInstallDeprecationWarning: easy_install command is deprecated. Use build and pip and other standards-based tools.
[3.627s]   warnings.warn(
[4.369s] running egg_info
[4.370s] writing readings_and_processing.egg-info/PKG-INFO
[4.375s] writing dependency_links to readings_and_processing.egg-info/dependency_links.txt
[4.376s] writing entry points to readings_and_processing.egg-info/entry_points.txt
[4.377s] writing requirements to readings_and_processing.egg-info/requires.txt
[4.379s] writing top-level names to readings_and_processing.egg-info/top_level.txt
[4.385s] reading manifest file 'readings_and_processing.egg-info/SOURCES.txt'
[4.388s] writing manifest file 'readings_and_processing.egg-info/SOURCES.txt'
[4.394s] running build_ext
[4.396s] Creating /home/apptronik/dev_ws/install/readings_and_processing/lib/python3.10/site-packages/readings-and-processing.egg-link (link to .)
[4.402s] Installing make_circle_node script to /home/apptronik/dev_ws/install/readings_and_processing/lib/readings_and_processing
[4.408s] Installing teleop_twist_to_ackerman_node script to /home/apptronik/dev_ws/install/readings_and_processing/lib/readings_and_processing
[4.409s] 
[4.410s] Installed /home/apptronik/dev_ws/build/readings_and_processing
[4.410s] running symlink_data
[4.538s] Invoked command in '/home/apptronik/dev_ws/build/readings_and_processing' returned '0': PYTHONPATH=/home/apptronik/dev_ws/build/readings_and_processing/prefix_override:/usr/lib/python3/dist-packages/colcon_core/task/python/colcon_distutils_commands:/home/apptronik/dev_ws/install/readings_and_processing/lib/python3.10/site-packages:${PYTHONPATH} /usr/bin/python3 -W ignore:setup.py install is deprecated setup.py develop --editable --build-directory /home/apptronik/dev_ws/build/readings_and_processing/build --no-deps symlink_data
