[0.227s] Invoking command in '/home/prime/dev_ws/build/primeberry': CMAKE_PREFIX_PATH=${CMAKE_PREFIX_PATH}:/opt/ros/humble /usr/bin/cmake --build /home/prime/dev_ws/build/primeberry -- -j8 -l8
[0.381s] Invoked command in '/home/prime/dev_ws/build/primeberry' returned '0': CMAKE_PREFIX_PATH=${CMAKE_PREFIX_PATH}:/opt/ros/humble /usr/bin/cmake --build /home/prime/dev_ws/build/primeberry -- -j8 -l8
[0.486s] Invoking command in '/home/prime/dev_ws/build/primeberry': CMAKE_PREFIX_PATH=${CMAKE_PREFIX_PATH}:/opt/ros/humble /usr/bin/cmake --install /home/prime/dev_ws/build/primeberry
[0.505s] -- Install configuration: ""
[0.506s] -- Up-to-date: /home/prime/dev_ws/install/primeberry/share/primeberry//launch
[0.506s] -- Up-to-date: /home/prime/dev_ws/install/primeberry/share/primeberry//launch/robot_state_publisher_launch.py
[0.508s] -- Up-to-date: /home/prime/dev_ws/install/primeberry/share/primeberry//description
[0.509s] -- Up-to-date: /home/prime/dev_ws/install/primeberry/share/primeberry//description/primeberry.urdf.xacro
[0.510s] -- Up-to-date: /home/prime/dev_ws/install/primeberry/share/primeberry//description/materials.xacro
[0.510s] -- Up-to-date: /home/prime/dev_ws/install/primeberry/share/ament_index/resource_index/package_run_dependencies/primeberry
[0.511s] -- Up-to-date: /home/prime/dev_ws/install/primeberry/share/ament_index/resource_index/parent_prefix_path/primeberry
[0.513s] -- Up-to-date: /home/prime/dev_ws/install/primeberry/share/primeberry/environment/ament_prefix_path.sh
[0.513s] -- Up-to-date: /home/prime/dev_ws/install/primeberry/share/primeberry/environment/ament_prefix_path.dsv
[0.514s] -- Up-to-date: /home/prime/dev_ws/install/primeberry/share/primeberry/environment/path.sh
[0.514s] -- Up-to-date: /home/prime/dev_ws/install/primeberry/share/primeberry/environment/path.dsv
[0.515s] -- Up-to-date: /home/prime/dev_ws/install/primeberry/share/primeberry/local_setup.bash
[0.516s] -- Up-to-date: /home/prime/dev_ws/install/primeberry/share/primeberry/local_setup.sh
[0.517s] -- Up-to-date: /home/prime/dev_ws/install/primeberry/share/primeberry/local_setup.zsh
[0.517s] -- Up-to-date: /home/prime/dev_ws/install/primeberry/share/primeberry/local_setup.dsv
[0.522s] -- Up-to-date: /home/prime/dev_ws/install/primeberry/share/primeberry/package.dsv
[0.523s] -- Up-to-date: /home/prime/dev_ws/install/primeberry/share/ament_index/resource_index/packages/primeberry
[0.527s] -- Up-to-date: /home/prime/dev_ws/install/primeberry/share/primeberry/cmake/primeberryConfig.cmake
[0.527s] -- Up-to-date: /home/prime/dev_ws/install/primeberry/share/primeberry/cmake/primeberryConfig-version.cmake
[0.533s] -- Up-to-date: /home/prime/dev_ws/install/primeberry/share/primeberry/package.xml
[0.534s] Invoked command in '/home/prime/dev_ws/build/primeberry' returned '0': CMAKE_PREFIX_PATH=${CMAKE_PREFIX_PATH}:/opt/ros/humble /usr/bin/cmake --install /home/prime/dev_ws/build/primeberry
