[0.138s] DEBUG:colcon:Command line arguments: ['/usr/bin/colcon', 'build']
[0.138s] DEBUG:colcon:Parsed command line arguments: Namespace(log_base=None, log_level=None, verb_name='build', build_base='build', install_base='install', merge_install=False, symlink_install=False, test_result_base=None, continue_on_error=False, executor='parallel', parallel_workers=2, event_handlers=None, ignore_user_meta=False, metas=['./colcon.meta'], base_paths=['.'], packages_ignore=None, packages_ignore_regex=None, paths=None, packages_up_to=None, packages_up_to_regex=None, packages_above=None, packages_above_and_dependencies=None, packages_above_depth=None, packages_select_by_dep=None, packages_skip_by_dep=None, packages_skip_up_to=None, packages_select_build_failed=False, packages_skip_build_finished=False, packages_select_test_failures=False, packages_skip_test_passed=False, packages_select=None, packages_skip=None, packages_select_regex=None, packages_skip_regex=None, packages_start=None, packages_end=None, allow_overriding=[], cmake_args=None, cmake_target=None, cmake_target_skip_unavailable=False, cmake_clean_cache=False, cmake_clean_first=False, cmake_force_configure=False, ament_cmake_args=None, catkin_cmake_args=None, catkin_skip_building_tests=False, mixin_files=None, mixin=None, verb_parser=<colcon_mixin.mixin.mixin_argument.MixinArgumentDecorator object at 0x7fb56007e020>, verb_extension=<colcon_core.verb.build.BuildVerb object at 0x7fb56007d5d0>, main=<bound method BuildVerb.main of <colcon_core.verb.build.BuildVerb object at 0x7fb56007d5d0>>, mixin_verb=('build',))
[0.351s] Level 1:colcon.colcon_core.package_discovery:discover_packages(colcon_meta) check parameters
[0.351s] Level 1:colcon.colcon_core.package_discovery:discover_packages(recursive) check parameters
[0.351s] Level 1:colcon.colcon_core.package_discovery:discover_packages(ignore) check parameters
[0.351s] Level 1:colcon.colcon_core.package_discovery:discover_packages(path) check parameters
[0.351s] Level 1:colcon.colcon_core.package_discovery:discover_packages(colcon_meta) discover
[0.351s] Level 1:colcon.colcon_core.package_discovery:discover_packages(recursive) discover
[0.351s] INFO:colcon.colcon_core.package_discovery:Crawling recursively for packages in '/home/apptronik/dev_ws'
[0.351s] Level 1:colcon.colcon_core.package_identification:_identify(.) by extensions ['ignore', 'ignore_ament_install']
[0.352s] Level 1:colcon.colcon_core.package_identification:_identify(.) by extension 'ignore'
[0.352s] Level 1:colcon.colcon_core.package_identification:_identify(.) by extension 'ignore_ament_install'
[0.352s] Level 1:colcon.colcon_core.package_identification:_identify(.) by extensions ['colcon_pkg']
[0.352s] Level 1:colcon.colcon_core.package_identification:_identify(.) by extension 'colcon_pkg'
[0.352s] Level 1:colcon.colcon_core.package_identification:_identify(.) by extensions ['colcon_meta']
[0.352s] Level 1:colcon.colcon_core.package_identification:_identify(.) by extension 'colcon_meta'
[0.352s] Level 1:colcon.colcon_core.package_identification:_identify(.) by extensions ['ros']
[0.352s] Level 1:colcon.colcon_core.package_identification:_identify(.) by extension 'ros'
[0.366s] Level 1:colcon.colcon_core.package_identification:_identify(.) by extensions ['cmake', 'python']
[0.366s] Level 1:colcon.colcon_core.package_identification:_identify(.) by extension 'cmake'
[0.366s] Level 1:colcon.colcon_core.package_identification:_identify(.) by extension 'python'
[0.366s] Level 1:colcon.colcon_core.package_identification:_identify(.) by extensions ['python_setup_py']
[0.366s] Level 1:colcon.colcon_core.package_identification:_identify(.) by extension 'python_setup_py'
[0.367s] Level 1:colcon.colcon_core.package_identification:_identify(build) by extensions ['ignore', 'ignore_ament_install']
[0.367s] Level 1:colcon.colcon_core.package_identification:_identify(build) by extension 'ignore'
[0.367s] Level 1:colcon.colcon_core.package_identification:_identify(build) ignored
[0.367s] Level 1:colcon.colcon_core.package_identification:_identify(install) by extensions ['ignore', 'ignore_ament_install']
[0.367s] Level 1:colcon.colcon_core.package_identification:_identify(install) by extension 'ignore'
[0.367s] Level 1:colcon.colcon_core.package_identification:_identify(install) ignored
[0.367s] Level 1:colcon.colcon_core.package_identification:_identify(log) by extensions ['ignore', 'ignore_ament_install']
[0.367s] Level 1:colcon.colcon_core.package_identification:_identify(log) by extension 'ignore'
[0.367s] Level 1:colcon.colcon_core.package_identification:_identify(log) ignored
[0.368s] Level 1:colcon.colcon_core.package_identification:_identify(src) by extensions ['ignore', 'ignore_ament_install']
[0.368s] Level 1:colcon.colcon_core.package_identification:_identify(src) by extension 'ignore'
[0.368s] Level 1:colcon.colcon_core.package_identification:_identify(src) by extension 'ignore_ament_install'
[0.368s] Level 1:colcon.colcon_core.package_identification:_identify(src) by extensions ['colcon_pkg']
[0.368s] Level 1:colcon.colcon_core.package_identification:_identify(src) by extension 'colcon_pkg'
[0.368s] Level 1:colcon.colcon_core.package_identification:_identify(src) by extensions ['colcon_meta']
[0.368s] Level 1:colcon.colcon_core.package_identification:_identify(src) by extension 'colcon_meta'
[0.368s] Level 1:colcon.colcon_core.package_identification:_identify(src) by extensions ['ros']
[0.368s] Level 1:colcon.colcon_core.package_identification:_identify(src) by extension 'ros'
[0.368s] Level 1:colcon.colcon_core.package_identification:_identify(src) by extensions ['cmake', 'python']
[0.368s] Level 1:colcon.colcon_core.package_identification:_identify(src) by extension 'cmake'
[0.368s] Level 1:colcon.colcon_core.package_identification:_identify(src) by extension 'python'
[0.368s] Level 1:colcon.colcon_core.package_identification:_identify(src) by extensions ['python_setup_py']
[0.368s] Level 1:colcon.colcon_core.package_identification:_identify(src) by extension 'python_setup_py'
[0.368s] Level 1:colcon.colcon_core.package_identification:_identify(src/primeberry) by extensions ['ignore', 'ignore_ament_install']
[0.368s] Level 1:colcon.colcon_core.package_identification:_identify(src/primeberry) by extension 'ignore'
[0.369s] Level 1:colcon.colcon_core.package_identification:_identify(src/primeberry) by extension 'ignore_ament_install'
[0.369s] Level 1:colcon.colcon_core.package_identification:_identify(src/primeberry) by extensions ['colcon_pkg']
[0.369s] Level 1:colcon.colcon_core.package_identification:_identify(src/primeberry) by extension 'colcon_pkg'
[0.369s] Level 1:colcon.colcon_core.package_identification:_identify(src/primeberry) by extensions ['colcon_meta']
[0.369s] Level 1:colcon.colcon_core.package_identification:_identify(src/primeberry) by extension 'colcon_meta'
[0.369s] Level 1:colcon.colcon_core.package_identification:_identify(src/primeberry) by extensions ['ros']
[0.369s] Level 1:colcon.colcon_core.package_identification:_identify(src/primeberry) by extension 'ros'
[0.372s] DEBUG:colcon.colcon_core.package_identification:Package 'src/primeberry' with type 'ros.ament_cmake' and name 'primeberry'
[0.372s] Level 1:colcon.colcon_core.package_identification:_identify(src/primeberry_one) by extensions ['ignore', 'ignore_ament_install']
[0.372s] Level 1:colcon.colcon_core.package_identification:_identify(src/primeberry_one) by extension 'ignore'
[0.372s] Level 1:colcon.colcon_core.package_identification:_identify(src/primeberry_one) by extension 'ignore_ament_install'
[0.372s] Level 1:colcon.colcon_core.package_identification:_identify(src/primeberry_one) by extensions ['colcon_pkg']
[0.372s] Level 1:colcon.colcon_core.package_identification:_identify(src/primeberry_one) by extension 'colcon_pkg'
[0.372s] Level 1:colcon.colcon_core.package_identification:_identify(src/primeberry_one) by extensions ['colcon_meta']
[0.372s] Level 1:colcon.colcon_core.package_identification:_identify(src/primeberry_one) by extension 'colcon_meta'
[0.372s] Level 1:colcon.colcon_core.package_identification:_identify(src/primeberry_one) by extensions ['ros']
[0.372s] Level 1:colcon.colcon_core.package_identification:_identify(src/primeberry_one) by extension 'ros'
[0.373s] DEBUG:colcon.colcon_core.package_identification:Package 'src/primeberry_one' with type 'ros.ament_cmake' and name 'primeberry_one'
[0.373s] Level 1:colcon.colcon_core.package_identification:_identify(src/primeberry_two) by extensions ['ignore', 'ignore_ament_install']
[0.374s] Level 1:colcon.colcon_core.package_identification:_identify(src/primeberry_two) by extension 'ignore'
[0.374s] Level 1:colcon.colcon_core.package_identification:_identify(src/primeberry_two) by extension 'ignore_ament_install'
[0.374s] Level 1:colcon.colcon_core.package_identification:_identify(src/primeberry_two) by extensions ['colcon_pkg']
[0.374s] Level 1:colcon.colcon_core.package_identification:_identify(src/primeberry_two) by extension 'colcon_pkg'
[0.374s] Level 1:colcon.colcon_core.package_identification:_identify(src/primeberry_two) by extensions ['colcon_meta']
[0.374s] Level 1:colcon.colcon_core.package_identification:_identify(src/primeberry_two) by extension 'colcon_meta'
[0.374s] Level 1:colcon.colcon_core.package_identification:_identify(src/primeberry_two) by extensions ['ros']
[0.374s] Level 1:colcon.colcon_core.package_identification:_identify(src/primeberry_two) by extension 'ros'
[0.375s] DEBUG:colcon.colcon_core.package_identification:Package 'src/primeberry_two' with type 'ros.ament_cmake' and name 'primeberry_two'
[0.375s] Level 1:colcon.colcon_core.package_identification:_identify(src/readings_and_processing) by extensions ['ignore', 'ignore_ament_install']
[0.375s] Level 1:colcon.colcon_core.package_identification:_identify(src/readings_and_processing) by extension 'ignore'
[0.375s] Level 1:colcon.colcon_core.package_identification:_identify(src/readings_and_processing) by extension 'ignore_ament_install'
[0.375s] Level 1:colcon.colcon_core.package_identification:_identify(src/readings_and_processing) by extensions ['colcon_pkg']
[0.375s] Level 1:colcon.colcon_core.package_identification:_identify(src/readings_and_processing) by extension 'colcon_pkg'
[0.375s] Level 1:colcon.colcon_core.package_identification:_identify(src/readings_and_processing) by extensions ['colcon_meta']
[0.375s] Level 1:colcon.colcon_core.package_identification:_identify(src/readings_and_processing) by extension 'colcon_meta'
[0.375s] Level 1:colcon.colcon_core.package_identification:_identify(src/readings_and_processing) by extensions ['ros']
[0.375s] Level 1:colcon.colcon_core.package_identification:_identify(src/readings_and_processing) by extension 'ros'
[0.376s] DEBUG:colcon.colcon_core.package_identification:Package 'src/readings_and_processing' with type 'ros.ament_python' and name 'readings_and_processing'
[0.376s] Level 1:colcon.colcon_core.package_discovery:discover_packages(recursive) using defaults
[0.376s] Level 1:colcon.colcon_core.package_discovery:discover_packages(ignore) discover
[0.376s] Level 1:colcon.colcon_core.package_discovery:discover_packages(ignore) using defaults
[0.376s] Level 1:colcon.colcon_core.package_discovery:discover_packages(path) discover
[0.376s] Level 1:colcon.colcon_core.package_discovery:discover_packages(path) using defaults
[0.401s] Level 1:colcon.colcon_core.package_discovery:discover_packages(prefix_path) check parameters
[0.401s] Level 1:colcon.colcon_core.package_discovery:discover_packages(prefix_path) discover
[0.403s] DEBUG:colcon.colcon_installed_package_information.package_discovery:Found 4 installed packages in /home/apptronik/dev_ws/install
[0.405s] DEBUG:colcon.colcon_installed_package_information.package_discovery:Found 293 installed packages in /opt/ros/humble
[0.420s] Level 1:colcon.colcon_core.package_discovery:discover_packages(prefix_path) using defaults
[0.471s] Level 5:colcon.colcon_core.verb:set package 'primeberry' build argument 'cmake_args' from command line to 'None'
[0.471s] Level 5:colcon.colcon_core.verb:set package 'primeberry' build argument 'cmake_target' from command line to 'None'
[0.471s] Level 5:colcon.colcon_core.verb:set package 'primeberry' build argument 'cmake_target_skip_unavailable' from command line to 'False'
[0.471s] Level 5:colcon.colcon_core.verb:set package 'primeberry' build argument 'cmake_clean_cache' from command line to 'False'
[0.471s] Level 5:colcon.colcon_core.verb:set package 'primeberry' build argument 'cmake_clean_first' from command line to 'False'
[0.471s] Level 5:colcon.colcon_core.verb:set package 'primeberry' build argument 'cmake_force_configure' from command line to 'False'
[0.471s] Level 5:colcon.colcon_core.verb:set package 'primeberry' build argument 'ament_cmake_args' from command line to 'None'
[0.471s] Level 5:colcon.colcon_core.verb:set package 'primeberry' build argument 'catkin_cmake_args' from command line to 'None'
[0.471s] Level 5:colcon.colcon_core.verb:set package 'primeberry' build argument 'catkin_skip_building_tests' from command line to 'False'
[0.471s] DEBUG:colcon.colcon_core.verb:Building package 'primeberry' with the following arguments: {'ament_cmake_args': None, 'build_base': '/home/apptronik/dev_ws/build/primeberry', 'catkin_cmake_args': None, 'catkin_skip_building_tests': False, 'cmake_args': None, 'cmake_clean_cache': False, 'cmake_clean_first': False, 'cmake_force_configure': False, 'cmake_target': None, 'cmake_target_skip_unavailable': False, 'install_base': '/home/apptronik/dev_ws/install/primeberry', 'merge_install': False, 'path': '/home/apptronik/dev_ws/src/primeberry', 'symlink_install': False, 'test_result_base': None}
[0.472s] Level 5:colcon.colcon_core.verb:set package 'primeberry_one' build argument 'cmake_args' from command line to 'None'
[0.472s] Level 5:colcon.colcon_core.verb:set package 'primeberry_one' build argument 'cmake_target' from command line to 'None'
[0.472s] Level 5:colcon.colcon_core.verb:set package 'primeberry_one' build argument 'cmake_target_skip_unavailable' from command line to 'False'
[0.472s] Level 5:colcon.colcon_core.verb:set package 'primeberry_one' build argument 'cmake_clean_cache' from command line to 'False'
[0.472s] Level 5:colcon.colcon_core.verb:set package 'primeberry_one' build argument 'cmake_clean_first' from command line to 'False'
[0.472s] Level 5:colcon.colcon_core.verb:set package 'primeberry_one' build argument 'cmake_force_configure' from command line to 'False'
[0.472s] Level 5:colcon.colcon_core.verb:set package 'primeberry_one' build argument 'ament_cmake_args' from command line to 'None'
[0.472s] Level 5:colcon.colcon_core.verb:set package 'primeberry_one' build argument 'catkin_cmake_args' from command line to 'None'
[0.472s] Level 5:colcon.colcon_core.verb:set package 'primeberry_one' build argument 'catkin_skip_building_tests' from command line to 'False'
[0.472s] DEBUG:colcon.colcon_core.verb:Building package 'primeberry_one' with the following arguments: {'ament_cmake_args': None, 'build_base': '/home/apptronik/dev_ws/build/primeberry_one', 'catkin_cmake_args': None, 'catkin_skip_building_tests': False, 'cmake_args': None, 'cmake_clean_cache': False, 'cmake_clean_first': False, 'cmake_force_configure': False, 'cmake_target': None, 'cmake_target_skip_unavailable': False, 'install_base': '/home/apptronik/dev_ws/install/primeberry_one', 'merge_install': False, 'path': '/home/apptronik/dev_ws/src/primeberry_one', 'symlink_install': False, 'test_result_base': None}
[0.472s] Level 5:colcon.colcon_core.verb:set package 'primeberry_two' build argument 'cmake_args' from command line to 'None'
[0.472s] Level 5:colcon.colcon_core.verb:set package 'primeberry_two' build argument 'cmake_target' from command line to 'None'
[0.473s] Level 5:colcon.colcon_core.verb:set package 'primeberry_two' build argument 'cmake_target_skip_unavailable' from command line to 'False'
[0.473s] Level 5:colcon.colcon_core.verb:set package 'primeberry_two' build argument 'cmake_clean_cache' from command line to 'False'
[0.473s] Level 5:colcon.colcon_core.verb:set package 'primeberry_two' build argument 'cmake_clean_first' from command line to 'False'
[0.473s] Level 5:colcon.colcon_core.verb:set package 'primeberry_two' build argument 'cmake_force_configure' from command line to 'False'
[0.473s] Level 5:colcon.colcon_core.verb:set package 'primeberry_two' build argument 'ament_cmake_args' from command line to 'None'
[0.473s] Level 5:colcon.colcon_core.verb:set package 'primeberry_two' build argument 'catkin_cmake_args' from command line to 'None'
[0.473s] Level 5:colcon.colcon_core.verb:set package 'primeberry_two' build argument 'catkin_skip_building_tests' from command line to 'False'
[0.473s] DEBUG:colcon.colcon_core.verb:Building package 'primeberry_two' with the following arguments: {'ament_cmake_args': None, 'build_base': '/home/apptronik/dev_ws/build/primeberry_two', 'catkin_cmake_args': None, 'catkin_skip_building_tests': False, 'cmake_args': None, 'cmake_clean_cache': False, 'cmake_clean_first': False, 'cmake_force_configure': False, 'cmake_target': None, 'cmake_target_skip_unavailable': False, 'install_base': '/home/apptronik/dev_ws/install/primeberry_two', 'merge_install': False, 'path': '/home/apptronik/dev_ws/src/primeberry_two', 'symlink_install': False, 'test_result_base': None}
[0.473s] Level 5:colcon.colcon_core.verb:set package 'readings_and_processing' build argument 'cmake_args' from command line to 'None'
[0.473s] Level 5:colcon.colcon_core.verb:set package 'readings_and_processing' build argument 'cmake_target' from command line to 'None'
[0.473s] Level 5:colcon.colcon_core.verb:set package 'readings_and_processing' build argument 'cmake_target_skip_unavailable' from command line to 'False'
[0.473s] Level 5:colcon.colcon_core.verb:set package 'readings_and_processing' build argument 'cmake_clean_cache' from command line to 'False'
[0.473s] Level 5:colcon.colcon_core.verb:set package 'readings_and_processing' build argument 'cmake_clean_first' from command line to 'False'
[0.473s] Level 5:colcon.colcon_core.verb:set package 'readings_and_processing' build argument 'cmake_force_configure' from command line to 'False'
[0.473s] Level 5:colcon.colcon_core.verb:set package 'readings_and_processing' build argument 'ament_cmake_args' from command line to 'None'
[0.473s] Level 5:colcon.colcon_core.verb:set package 'readings_and_processing' build argument 'catkin_cmake_args' from command line to 'None'
[0.473s] Level 5:colcon.colcon_core.verb:set package 'readings_and_processing' build argument 'catkin_skip_building_tests' from command line to 'False'
[0.473s] DEBUG:colcon.colcon_core.verb:Building package 'readings_and_processing' with the following arguments: {'ament_cmake_args': None, 'build_base': '/home/apptronik/dev_ws/build/readings_and_processing', 'catkin_cmake_args': None, 'catkin_skip_building_tests': False, 'cmake_args': None, 'cmake_clean_cache': False, 'cmake_clean_first': False, 'cmake_force_configure': False, 'cmake_target': None, 'cmake_target_skip_unavailable': False, 'install_base': '/home/apptronik/dev_ws/install/readings_and_processing', 'merge_install': False, 'path': '/home/apptronik/dev_ws/src/readings_and_processing', 'symlink_install': False, 'test_result_base': None}
[0.474s] INFO:colcon.colcon_core.executor:Executing jobs using 'parallel' executor
[0.475s] DEBUG:colcon.colcon_parallel_executor.executor.parallel:run_until_complete
[0.476s] INFO:colcon.colcon_ros.task.ament_cmake.build:Building ROS package in '/home/apptronik/dev_ws/src/primeberry' with build type 'ament_cmake'
[0.476s] INFO:colcon.colcon_cmake.task.cmake.build:Building CMake package in '/home/apptronik/dev_ws/src/primeberry'
[0.478s] INFO:colcon.colcon_core.plugin_system:Skipping extension 'colcon_core.shell.bat': Not used on non-Windows systems
[0.479s] INFO:colcon.colcon_core.shell:Skip shell extension 'powershell' for command environment: Not usable outside of PowerShell
[0.479s] DEBUG:colcon.colcon_core.shell:Skip shell extension 'dsv' for command environment
[0.483s] INFO:colcon.colcon_ros.task.ament_cmake.build:Building ROS package in '/home/apptronik/dev_ws/src/primeberry_one' with build type 'ament_cmake'
[0.483s] INFO:colcon.colcon_cmake.task.cmake.build:Building CMake package in '/home/apptronik/dev_ws/src/primeberry_one'
[0.484s] INFO:colcon.colcon_core.shell:Skip shell extension 'powershell' for command environment: Not usable outside of PowerShell
[0.484s] DEBUG:colcon.colcon_core.shell:Skip shell extension 'dsv' for command environment
[0.493s] DEBUG:colcon.colcon_core.event_handler.log_command:Invoking command in '/home/apptronik/dev_ws/build/primeberry': CMAKE_PREFIX_PATH=${CMAKE_PREFIX_PATH}:/home/apptronik/dev_ws/install/readings_and_processing:/opt/ros/humble /usr/bin/cmake --build /home/apptronik/dev_ws/build/primeberry -- -j2 -l2
[0.499s] DEBUG:colcon.colcon_core.event_handler.log_command:Invoking command in '/home/apptronik/dev_ws/build/primeberry_one': CMAKE_PREFIX_PATH=${CMAKE_PREFIX_PATH}:/home/apptronik/dev_ws/install/readings_and_processing:/opt/ros/humble /usr/bin/cmake --build /home/apptronik/dev_ws/build/primeberry_one -- -j2 -l2
[0.554s] DEBUG:colcon.colcon_core.event_handler.log_command:Invoked command in '/home/apptronik/dev_ws/build/primeberry' returned '0': CMAKE_PREFIX_PATH=${CMAKE_PREFIX_PATH}:/home/apptronik/dev_ws/install/readings_and_processing:/opt/ros/humble /usr/bin/cmake --build /home/apptronik/dev_ws/build/primeberry -- -j2 -l2
[0.558s] DEBUG:colcon.colcon_core.event_handler.log_command:Invoked command in '/home/apptronik/dev_ws/build/primeberry_one' returned '0': CMAKE_PREFIX_PATH=${CMAKE_PREFIX_PATH}:/home/apptronik/dev_ws/install/readings_and_processing:/opt/ros/humble /usr/bin/cmake --build /home/apptronik/dev_ws/build/primeberry_one -- -j2 -l2
[0.597s] DEBUG:colcon.colcon_core.event_handler.log_command:Invoking command in '/home/apptronik/dev_ws/build/primeberry': CMAKE_PREFIX_PATH=${CMAKE_PREFIX_PATH}:/home/apptronik/dev_ws/install/readings_and_processing:/opt/ros/humble /usr/bin/cmake --install /home/apptronik/dev_ws/build/primeberry
[0.599s] DEBUG:colcon.colcon_core.event_handler.log_command:Invoking command in '/home/apptronik/dev_ws/build/primeberry_one': CMAKE_PREFIX_PATH=${CMAKE_PREFIX_PATH}:/home/apptronik/dev_ws/install/readings_and_processing:/opt/ros/humble /usr/bin/cmake --install /home/apptronik/dev_ws/build/primeberry_one
[0.611s] Level 1:colcon.colcon_core.environment:create_environment_scripts_only(primeberry)
[0.616s] DEBUG:colcon.colcon_core.event_handler.log_command:Invoked command in '/home/apptronik/dev_ws/build/primeberry' returned '0': CMAKE_PREFIX_PATH=${CMAKE_PREFIX_PATH}:/home/apptronik/dev_ws/install/readings_and_processing:/opt/ros/humble /usr/bin/cmake --install /home/apptronik/dev_ws/build/primeberry
[0.617s] Level 1:colcon.colcon_core.environment:checking '/home/apptronik/dev_ws/install/primeberry' for CMake module files
[0.618s] Level 1:colcon.colcon_core.environment:checking '/home/apptronik/dev_ws/install/primeberry' for CMake config files
[0.618s] Level 1:colcon.colcon_core.shell:create_environment_hook('primeberry', 'cmake_prefix_path')
[0.618s] INFO:colcon.colcon_core.shell:Creating environment hook '/home/apptronik/dev_ws/install/primeberry/share/primeberry/hook/cmake_prefix_path.ps1'
[0.619s] INFO:colcon.colcon_core.shell:Creating environment descriptor '/home/apptronik/dev_ws/install/primeberry/share/primeberry/hook/cmake_prefix_path.dsv'
[0.620s] INFO:colcon.colcon_core.shell:Creating environment hook '/home/apptronik/dev_ws/install/primeberry/share/primeberry/hook/cmake_prefix_path.sh'
[0.621s] Level 1:colcon.colcon_core.environment:checking '/home/apptronik/dev_ws/install/primeberry/bin'
[0.621s] Level 1:colcon.colcon_core.environment:checking '/home/apptronik/dev_ws/install/primeberry/lib/pkgconfig/primeberry.pc'
[0.621s] Level 1:colcon.colcon_core.environment:checking '/home/apptronik/dev_ws/install/primeberry/lib/python3.10/site-packages'
[0.621s] Level 1:colcon.colcon_core.environment:checking '/home/apptronik/dev_ws/install/primeberry/bin'
[0.622s] INFO:colcon.colcon_core.shell:Creating package script '/home/apptronik/dev_ws/install/primeberry/share/primeberry/package.ps1'
[0.623s] INFO:colcon.colcon_core.shell:Creating package descriptor '/home/apptronik/dev_ws/install/primeberry/share/primeberry/package.dsv'
[0.627s] INFO:colcon.colcon_core.shell:Creating package script '/home/apptronik/dev_ws/install/primeberry/share/primeberry/package.sh'
[0.631s] INFO:colcon.colcon_core.shell:Creating package script '/home/apptronik/dev_ws/install/primeberry/share/primeberry/package.bash'
[0.632s] INFO:colcon.colcon_core.shell:Creating package script '/home/apptronik/dev_ws/install/primeberry/share/primeberry/package.zsh'
[0.633s] Level 1:colcon.colcon_core.environment:create_file_with_runtime_dependencies(/home/apptronik/dev_ws/install/primeberry/share/colcon-core/packages/primeberry)
[0.641s] Level 1:colcon.colcon_core.environment:create_environment_scripts_only(primeberry_one)
[0.641s] Level 1:colcon.colcon_core.environment:checking '/home/apptronik/dev_ws/install/primeberry_one' for CMake module files
[0.642s] Level 1:colcon.colcon_core.environment:checking '/home/apptronik/dev_ws/install/primeberry_one' for CMake config files
[0.642s] Level 1:colcon.colcon_core.shell:create_environment_hook('primeberry_one', 'cmake_prefix_path')
[0.642s] INFO:colcon.colcon_core.shell:Creating environment hook '/home/apptronik/dev_ws/install/primeberry_one/share/primeberry_one/hook/cmake_prefix_path.ps1'
[0.643s] INFO:colcon.colcon_core.shell:Creating environment descriptor '/home/apptronik/dev_ws/install/primeberry_one/share/primeberry_one/hook/cmake_prefix_path.dsv'
[0.643s] INFO:colcon.colcon_core.shell:Creating environment hook '/home/apptronik/dev_ws/install/primeberry_one/share/primeberry_one/hook/cmake_prefix_path.sh'
[0.644s] DEBUG:colcon.colcon_core.event_handler.log_command:Invoked command in '/home/apptronik/dev_ws/build/primeberry_one' returned '0': CMAKE_PREFIX_PATH=${CMAKE_PREFIX_PATH}:/home/apptronik/dev_ws/install/readings_and_processing:/opt/ros/humble /usr/bin/cmake --install /home/apptronik/dev_ws/build/primeberry_one
[0.644s] Level 1:colcon.colcon_core.environment:checking '/home/apptronik/dev_ws/install/primeberry_one/bin'
[0.644s] Level 1:colcon.colcon_core.environment:checking '/home/apptronik/dev_ws/install/primeberry_one/lib/pkgconfig/primeberry_one.pc'
[0.645s] Level 1:colcon.colcon_core.environment:checking '/home/apptronik/dev_ws/install/primeberry_one/lib/python3.10/site-packages'
[0.645s] Level 1:colcon.colcon_core.environment:checking '/home/apptronik/dev_ws/install/primeberry_one/bin'
[0.645s] INFO:colcon.colcon_core.shell:Creating package script '/home/apptronik/dev_ws/install/primeberry_one/share/primeberry_one/package.ps1'
[0.646s] INFO:colcon.colcon_core.shell:Creating package descriptor '/home/apptronik/dev_ws/install/primeberry_one/share/primeberry_one/package.dsv'
[0.646s] INFO:colcon.colcon_core.shell:Creating package script '/home/apptronik/dev_ws/install/primeberry_one/share/primeberry_one/package.sh'
[0.647s] INFO:colcon.colcon_core.shell:Creating package script '/home/apptronik/dev_ws/install/primeberry_one/share/primeberry_one/package.bash'
[0.647s] INFO:colcon.colcon_core.shell:Creating package script '/home/apptronik/dev_ws/install/primeberry_one/share/primeberry_one/package.zsh'
[0.648s] Level 1:colcon.colcon_core.environment:create_file_with_runtime_dependencies(/home/apptronik/dev_ws/install/primeberry_one/share/colcon-core/packages/primeberry_one)
[0.666s] Level 1:colcon.colcon_core.environment:create_environment_scripts_only(primeberry)
[0.667s] Level 1:colcon.colcon_core.environment:checking '/home/apptronik/dev_ws/install/primeberry' for CMake module files
[0.667s] Level 1:colcon.colcon_core.environment:checking '/home/apptronik/dev_ws/install/primeberry' for CMake config files
[0.667s] Level 1:colcon.colcon_core.shell:create_environment_hook('primeberry', 'cmake_prefix_path')
[0.668s] INFO:colcon.colcon_core.shell:Creating environment hook '/home/apptronik/dev_ws/install/primeberry/share/primeberry/hook/cmake_prefix_path.ps1'
[0.668s] INFO:colcon.colcon_core.shell:Creating environment descriptor '/home/apptronik/dev_ws/install/primeberry/share/primeberry/hook/cmake_prefix_path.dsv'
[0.669s] INFO:colcon.colcon_core.shell:Creating environment hook '/home/apptronik/dev_ws/install/primeberry/share/primeberry/hook/cmake_prefix_path.sh'
[0.669s] Level 1:colcon.colcon_core.environment:checking '/home/apptronik/dev_ws/install/primeberry/bin'
[0.669s] Level 1:colcon.colcon_core.environment:checking '/home/apptronik/dev_ws/install/primeberry/lib/pkgconfig/primeberry.pc'
[0.670s] Level 1:colcon.colcon_core.environment:checking '/home/apptronik/dev_ws/install/primeberry/lib/python3.10/site-packages'
[0.670s] Level 1:colcon.colcon_core.environment:checking '/home/apptronik/dev_ws/install/primeberry/bin'
[0.670s] INFO:colcon.colcon_core.shell:Creating package script '/home/apptronik/dev_ws/install/primeberry/share/primeberry/package.ps1'
[0.671s] INFO:colcon.colcon_core.shell:Creating package descriptor '/home/apptronik/dev_ws/install/primeberry/share/primeberry/package.dsv'
[0.671s] INFO:colcon.colcon_core.shell:Creating package script '/home/apptronik/dev_ws/install/primeberry/share/primeberry/package.sh'
[0.672s] INFO:colcon.colcon_core.shell:Creating package script '/home/apptronik/dev_ws/install/primeberry/share/primeberry/package.bash'
[0.672s] INFO:colcon.colcon_core.shell:Creating package script '/home/apptronik/dev_ws/install/primeberry/share/primeberry/package.zsh'
[0.673s] Level 1:colcon.colcon_core.environment:create_file_with_runtime_dependencies(/home/apptronik/dev_ws/install/primeberry/share/colcon-core/packages/primeberry)
[0.674s] INFO:colcon.colcon_ros.task.ament_cmake.build:Building ROS package in '/home/apptronik/dev_ws/src/primeberry_two' with build type 'ament_cmake'
[0.674s] INFO:colcon.colcon_cmake.task.cmake.build:Building CMake package in '/home/apptronik/dev_ws/src/primeberry_two'
[0.675s] INFO:colcon.colcon_core.shell:Skip shell extension 'powershell' for command environment: Not usable outside of PowerShell
[0.675s] DEBUG:colcon.colcon_core.shell:Skip shell extension 'dsv' for command environment
[0.680s] Level 1:colcon.colcon_core.environment:create_environment_scripts_only(primeberry_one)
[0.680s] Level 1:colcon.colcon_core.environment:checking '/home/apptronik/dev_ws/install/primeberry_one' for CMake module files
[0.681s] Level 1:colcon.colcon_core.environment:checking '/home/apptronik/dev_ws/install/primeberry_one' for CMake config files
[0.681s] Level 1:colcon.colcon_core.shell:create_environment_hook('primeberry_one', 'cmake_prefix_path')
[0.681s] INFO:colcon.colcon_core.shell:Creating environment hook '/home/apptronik/dev_ws/install/primeberry_one/share/primeberry_one/hook/cmake_prefix_path.ps1'
[0.682s] INFO:colcon.colcon_core.shell:Creating environment descriptor '/home/apptronik/dev_ws/install/primeberry_one/share/primeberry_one/hook/cmake_prefix_path.dsv'
[0.682s] INFO:colcon.colcon_core.shell:Creating environment hook '/home/apptronik/dev_ws/install/primeberry_one/share/primeberry_one/hook/cmake_prefix_path.sh'
[0.683s] Level 1:colcon.colcon_core.environment:checking '/home/apptronik/dev_ws/install/primeberry_one/bin'
[0.683s] Level 1:colcon.colcon_core.environment:checking '/home/apptronik/dev_ws/install/primeberry_one/lib/pkgconfig/primeberry_one.pc'
[0.683s] Level 1:colcon.colcon_core.environment:checking '/home/apptronik/dev_ws/install/primeberry_one/lib/python3.10/site-packages'
[0.683s] Level 1:colcon.colcon_core.environment:checking '/home/apptronik/dev_ws/install/primeberry_one/bin'
[0.684s] INFO:colcon.colcon_core.shell:Creating package script '/home/apptronik/dev_ws/install/primeberry_one/share/primeberry_one/package.ps1'
[0.688s] INFO:colcon.colcon_core.shell:Creating package descriptor '/home/apptronik/dev_ws/install/primeberry_one/share/primeberry_one/package.dsv'
[0.689s] INFO:colcon.colcon_core.shell:Creating package script '/home/apptronik/dev_ws/install/primeberry_one/share/primeberry_one/package.sh'
[0.689s] INFO:colcon.colcon_core.shell:Creating package script '/home/apptronik/dev_ws/install/primeberry_one/share/primeberry_one/package.bash'
[0.690s] INFO:colcon.colcon_core.shell:Creating package script '/home/apptronik/dev_ws/install/primeberry_one/share/primeberry_one/package.zsh'
[0.690s] Level 1:colcon.colcon_core.environment:create_file_with_runtime_dependencies(/home/apptronik/dev_ws/install/primeberry_one/share/colcon-core/packages/primeberry_one)
[0.691s] INFO:colcon.colcon_ros.task.ament_python.build:Building ROS package in '/home/apptronik/dev_ws/src/readings_and_processing' with build type 'ament_python'
[0.691s] Level 1:colcon.colcon_core.shell:create_environment_hook('readings_and_processing', 'ament_prefix_path')
[0.691s] INFO:colcon.colcon_core.shell:Creating environment hook '/home/apptronik/dev_ws/install/readings_and_processing/share/readings_and_processing/hook/ament_prefix_path.ps1'
[0.692s] INFO:colcon.colcon_core.shell:Creating environment descriptor '/home/apptronik/dev_ws/install/readings_and_processing/share/readings_and_processing/hook/ament_prefix_path.dsv'
[0.693s] INFO:colcon.colcon_core.shell:Creating environment hook '/home/apptronik/dev_ws/install/readings_and_processing/share/readings_and_processing/hook/ament_prefix_path.sh'
[0.693s] INFO:colcon.colcon_core.shell:Skip shell extension 'powershell' for command environment: Not usable outside of PowerShell
[0.693s] DEBUG:colcon.colcon_core.shell:Skip shell extension 'dsv' for command environment
[0.704s] DEBUG:colcon.colcon_core.event_handler.log_command:Invoking command in '/home/apptronik/dev_ws/build/primeberry_two': CMAKE_PREFIX_PATH=${CMAKE_PREFIX_PATH}:/home/apptronik/dev_ws/install/readings_and_processing:/opt/ros/humble /usr/bin/cmake --build /home/apptronik/dev_ws/build/primeberry_two -- -j2 -l2
[1.070s] INFO:colcon.colcon_core.task.python.build:Building Python package in '/home/apptronik/dev_ws/src/readings_and_processing'
[1.070s] INFO:colcon.colcon_core.shell:Skip shell extension 'powershell' for command environment: Not usable outside of PowerShell
[1.070s] DEBUG:colcon.colcon_core.shell:Skip shell extension 'dsv' for command environment
[1.077s] DEBUG:colcon.colcon_core.event_handler.log_command:Invoked command in '/home/apptronik/dev_ws/build/primeberry_two' returned '0': CMAKE_PREFIX_PATH=${CMAKE_PREFIX_PATH}:/home/apptronik/dev_ws/install/readings_and_processing:/opt/ros/humble /usr/bin/cmake --build /home/apptronik/dev_ws/build/primeberry_two -- -j2 -l2
[1.109s] DEBUG:colcon.colcon_core.event_handler.log_command:Invoking command in '/home/apptronik/dev_ws/build/primeberry_two': CMAKE_PREFIX_PATH=${CMAKE_PREFIX_PATH}:/home/apptronik/dev_ws/install/readings_and_processing:/opt/ros/humble /usr/bin/cmake --install /home/apptronik/dev_ws/build/primeberry_two
[1.127s] Level 1:colcon.colcon_core.environment:create_environment_scripts_only(primeberry_two)
[1.127s] Level 1:colcon.colcon_core.environment:checking '/home/apptronik/dev_ws/install/primeberry_two' for CMake module files
[1.129s] Level 1:colcon.colcon_core.environment:checking '/home/apptronik/dev_ws/install/primeberry_two' for CMake config files
[1.132s] Level 1:colcon.colcon_core.shell:create_environment_hook('primeberry_two', 'cmake_prefix_path')
[1.133s] INFO:colcon.colcon_core.shell:Creating environment hook '/home/apptronik/dev_ws/install/primeberry_two/share/primeberry_two/hook/cmake_prefix_path.ps1'
[1.137s] INFO:colcon.colcon_core.shell:Creating environment descriptor '/home/apptronik/dev_ws/install/primeberry_two/share/primeberry_two/hook/cmake_prefix_path.dsv'
[1.140s] INFO:colcon.colcon_core.shell:Creating environment hook '/home/apptronik/dev_ws/install/primeberry_two/share/primeberry_two/hook/cmake_prefix_path.sh'
[1.143s] Level 1:colcon.colcon_core.environment:checking '/home/apptronik/dev_ws/install/primeberry_two/bin'
[1.145s] Level 1:colcon.colcon_core.environment:checking '/home/apptronik/dev_ws/install/primeberry_two/lib/pkgconfig/primeberry_two.pc'
[1.146s] Level 1:colcon.colcon_core.environment:checking '/home/apptronik/dev_ws/install/primeberry_two/lib/python3.10/site-packages'
[1.148s] Level 1:colcon.colcon_core.environment:checking '/home/apptronik/dev_ws/install/primeberry_two/bin'
[1.150s] INFO:colcon.colcon_core.shell:Creating package script '/home/apptronik/dev_ws/install/primeberry_two/share/primeberry_two/package.ps1'
[1.150s] DEBUG:colcon.colcon_core.event_handler.log_command:Invoked command in '/home/apptronik/dev_ws/build/primeberry_two' returned '0': CMAKE_PREFIX_PATH=${CMAKE_PREFIX_PATH}:/home/apptronik/dev_ws/install/readings_and_processing:/opt/ros/humble /usr/bin/cmake --install /home/apptronik/dev_ws/build/primeberry_two
[1.151s] INFO:colcon.colcon_core.shell:Creating package descriptor '/home/apptronik/dev_ws/install/primeberry_two/share/primeberry_two/package.dsv'
[1.152s] INFO:colcon.colcon_core.shell:Creating package script '/home/apptronik/dev_ws/install/primeberry_two/share/primeberry_two/package.sh'
[1.153s] INFO:colcon.colcon_core.shell:Creating package script '/home/apptronik/dev_ws/install/primeberry_two/share/primeberry_two/package.bash'
[1.153s] INFO:colcon.colcon_core.shell:Creating package script '/home/apptronik/dev_ws/install/primeberry_two/share/primeberry_two/package.zsh'
[1.154s] Level 1:colcon.colcon_core.environment:create_file_with_runtime_dependencies(/home/apptronik/dev_ws/install/primeberry_two/share/colcon-core/packages/primeberry_two)
[1.183s] Level 1:colcon.colcon_core.environment:create_environment_scripts_only(primeberry_two)
[1.184s] Level 1:colcon.colcon_core.environment:checking '/home/apptronik/dev_ws/install/primeberry_two' for CMake module files
[1.185s] Level 1:colcon.colcon_core.environment:checking '/home/apptronik/dev_ws/install/primeberry_two' for CMake config files
[1.185s] Level 1:colcon.colcon_core.shell:create_environment_hook('primeberry_two', 'cmake_prefix_path')
[1.185s] INFO:colcon.colcon_core.shell:Creating environment hook '/home/apptronik/dev_ws/install/primeberry_two/share/primeberry_two/hook/cmake_prefix_path.ps1'
[1.186s] INFO:colcon.colcon_core.shell:Creating environment descriptor '/home/apptronik/dev_ws/install/primeberry_two/share/primeberry_two/hook/cmake_prefix_path.dsv'
[1.187s] INFO:colcon.colcon_core.shell:Creating environment hook '/home/apptronik/dev_ws/install/primeberry_two/share/primeberry_two/hook/cmake_prefix_path.sh'
[1.188s] Level 1:colcon.colcon_core.environment:checking '/home/apptronik/dev_ws/install/primeberry_two/bin'
[1.188s] Level 1:colcon.colcon_core.environment:checking '/home/apptronik/dev_ws/install/primeberry_two/lib/pkgconfig/primeberry_two.pc'
[1.189s] Level 1:colcon.colcon_core.environment:checking '/home/apptronik/dev_ws/install/primeberry_two/lib/python3.10/site-packages'
[1.189s] Level 1:colcon.colcon_core.environment:checking '/home/apptronik/dev_ws/install/primeberry_two/bin'
[1.190s] INFO:colcon.colcon_core.shell:Creating package script '/home/apptronik/dev_ws/install/primeberry_two/share/primeberry_two/package.ps1'
[1.191s] INFO:colcon.colcon_core.shell:Creating package descriptor '/home/apptronik/dev_ws/install/primeberry_two/share/primeberry_two/package.dsv'
[1.192s] INFO:colcon.colcon_core.shell:Creating package script '/home/apptronik/dev_ws/install/primeberry_two/share/primeberry_two/package.sh'
[1.192s] INFO:colcon.colcon_core.shell:Creating package script '/home/apptronik/dev_ws/install/primeberry_two/share/primeberry_two/package.bash'
[1.193s] INFO:colcon.colcon_core.shell:Creating package script '/home/apptronik/dev_ws/install/primeberry_two/share/primeberry_two/package.zsh'
[1.194s] Level 1:colcon.colcon_core.environment:create_file_with_runtime_dependencies(/home/apptronik/dev_ws/install/primeberry_two/share/colcon-core/packages/primeberry_two)
[1.513s] DEBUG:colcon.colcon_core.event_handler.log_command:Invoking command in '/home/apptronik/dev_ws/src/readings_and_processing': PYTHONPATH=/home/apptronik/dev_ws/build/readings_and_processing/prefix_override:/usr/lib/python3/dist-packages/colcon_core/task/python/colcon_distutils_commands:/home/apptronik/dev_ws/install/readings_and_processing/lib/python3.10/site-packages:${PYTHONPATH} /usr/bin/python3 -W ignore:setup.py install is deprecated setup.py egg_info --egg-base ../../build/readings_and_processing build --build-base /home/apptronik/dev_ws/build/readings_and_processing/build install --record /home/apptronik/dev_ws/build/readings_and_processing/install.log --single-version-externally-managed install_data
[1.881s] Level 1:colcon.colcon_core.environment:checking '/home/apptronik/dev_ws/install/readings_and_processing' for CMake module files
[1.882s] DEBUG:colcon.colcon_core.event_handler.log_command:Invoked command in '/home/apptronik/dev_ws/src/readings_and_processing' returned '0': PYTHONPATH=/home/apptronik/dev_ws/build/readings_and_processing/prefix_override:/usr/lib/python3/dist-packages/colcon_core/task/python/colcon_distutils_commands:/home/apptronik/dev_ws/install/readings_and_processing/lib/python3.10/site-packages:${PYTHONPATH} /usr/bin/python3 -W ignore:setup.py install is deprecated setup.py egg_info --egg-base ../../build/readings_and_processing build --build-base /home/apptronik/dev_ws/build/readings_and_processing/build install --record /home/apptronik/dev_ws/build/readings_and_processing/install.log --single-version-externally-managed install_data
[1.882s] Level 1:colcon.colcon_core.environment:checking '/home/apptronik/dev_ws/install/readings_and_processing' for CMake config files
[1.883s] Level 1:colcon.colcon_core.environment:checking '/home/apptronik/dev_ws/install/readings_and_processing/lib'
[1.883s] Level 1:colcon.colcon_core.environment:checking '/home/apptronik/dev_ws/install/readings_and_processing/bin'
[1.884s] Level 1:colcon.colcon_core.environment:checking '/home/apptronik/dev_ws/install/readings_and_processing/lib/pkgconfig/readings_and_processing.pc'
[1.884s] Level 1:colcon.colcon_core.environment:checking '/home/apptronik/dev_ws/install/readings_and_processing/lib/python3.10/site-packages'
[1.884s] Level 1:colcon.colcon_core.shell:create_environment_hook('readings_and_processing', 'pythonpath')
[1.884s] INFO:colcon.colcon_core.shell:Creating environment hook '/home/apptronik/dev_ws/install/readings_and_processing/share/readings_and_processing/hook/pythonpath.ps1'
[1.885s] INFO:colcon.colcon_core.shell:Creating environment descriptor '/home/apptronik/dev_ws/install/readings_and_processing/share/readings_and_processing/hook/pythonpath.dsv'
[1.885s] INFO:colcon.colcon_core.shell:Creating environment hook '/home/apptronik/dev_ws/install/readings_and_processing/share/readings_and_processing/hook/pythonpath.sh'
[1.886s] Level 1:colcon.colcon_core.environment:checking '/home/apptronik/dev_ws/install/readings_and_processing/bin'
[1.886s] Level 1:colcon.colcon_core.environment:create_environment_scripts_only(readings_and_processing)
[1.886s] INFO:colcon.colcon_core.shell:Creating package script '/home/apptronik/dev_ws/install/readings_and_processing/share/readings_and_processing/package.ps1'
[1.887s] INFO:colcon.colcon_core.shell:Creating package descriptor '/home/apptronik/dev_ws/install/readings_and_processing/share/readings_and_processing/package.dsv'
[1.887s] INFO:colcon.colcon_core.shell:Creating package script '/home/apptronik/dev_ws/install/readings_and_processing/share/readings_and_processing/package.sh'
[1.888s] INFO:colcon.colcon_core.shell:Creating package script '/home/apptronik/dev_ws/install/readings_and_processing/share/readings_and_processing/package.bash'
[1.888s] INFO:colcon.colcon_core.shell:Creating package script '/home/apptronik/dev_ws/install/readings_and_processing/share/readings_and_processing/package.zsh'
[1.889s] Level 1:colcon.colcon_core.environment:create_file_with_runtime_dependencies(/home/apptronik/dev_ws/install/readings_and_processing/share/colcon-core/packages/readings_and_processing)
[1.890s] DEBUG:colcon.colcon_parallel_executor.executor.parallel:closing loop
[1.890s] DEBUG:colcon.colcon_parallel_executor.executor.parallel:loop closed
[1.890s] DEBUG:colcon.colcon_parallel_executor.executor.parallel:run_until_complete finished with '0'
[1.890s] DEBUG:colcon.colcon_core.event_reactor:joining thread
[1.897s] INFO:colcon.colcon_core.plugin_system:Skipping extension 'colcon_notification.desktop_notification.terminal_notifier': Not used on non-Darwin systems
[1.897s] INFO:colcon.colcon_core.plugin_system:Skipping extension 'colcon_notification.desktop_notification.win32': Not used on non-Windows systems
[1.897s] INFO:colcon.colcon_notification.desktop_notification:Sending desktop notification using 'notify2'
[1.914s] DEBUG:colcon.colcon_core.event_reactor:joined thread
[1.914s] INFO:colcon.colcon_core.shell:Creating prefix script '/home/apptronik/dev_ws/install/local_setup.ps1'
[1.915s] INFO:colcon.colcon_core.shell:Creating prefix util module '/home/apptronik/dev_ws/install/_local_setup_util_ps1.py'
[1.917s] INFO:colcon.colcon_core.shell:Creating prefix chain script '/home/apptronik/dev_ws/install/setup.ps1'
[1.919s] INFO:colcon.colcon_core.shell:Creating prefix script '/home/apptronik/dev_ws/install/local_setup.sh'
[1.920s] INFO:colcon.colcon_core.shell:Creating prefix util module '/home/apptronik/dev_ws/install/_local_setup_util_sh.py'
[1.920s] INFO:colcon.colcon_core.shell:Creating prefix chain script '/home/apptronik/dev_ws/install/setup.sh'
[1.922s] INFO:colcon.colcon_core.shell:Creating prefix script '/home/apptronik/dev_ws/install/local_setup.bash'
[1.923s] INFO:colcon.colcon_core.shell:Creating prefix chain script '/home/apptronik/dev_ws/install/setup.bash'
[1.924s] INFO:colcon.colcon_core.shell:Creating prefix script '/home/apptronik/dev_ws/install/local_setup.zsh'
[1.924s] INFO:colcon.colcon_core.shell:Creating prefix chain script '/home/apptronik/dev_ws/install/setup.zsh'
