[0.127s] Invoking command in '/home/apptronik/dev_ws/build/primeberry_one': CMAKE_PREFIX_PATH=/opt/ros/humble /usr/bin/cmake --build /home/apptronik/dev_ws/build/primeberry_one -- -j2 -l2
[0.530s] Invoked command in '/home/apptronik/dev_ws/build/primeberry_one' returned '0': CMAKE_PREFIX_PATH=/opt/ros/humble /usr/bin/cmake --build /home/apptronik/dev_ws/build/primeberry_one -- -j2 -l2
[0.762s] Invoking command in '/home/apptronik/dev_ws/build/primeberry_one': CMAKE_PREFIX_PATH=/opt/ros/humble /usr/bin/cmake --install /home/apptronik/dev_ws/build/primeberry_one
[0.858s] -- Install configuration: ""
[0.866s] -- Execute custom install script
[0.875s] -- Up-to-date symlink: /home/apptronik/dev_ws/install/primeberry_one/share/primeberry_one//launch/launch_sim.launch.py
[0.876s] -- Up-to-date symlink: /home/apptronik/dev_ws/install/primeberry_one/share/primeberry_one//launch/rsp.launch.py
[0.877s] -- Up-to-date symlink: /home/apptronik/dev_ws/install/primeberry_one/share/primeberry_one//description/gazebo_control.xacro
[0.878s] -- Up-to-date symlink: /home/apptronik/dev_ws/install/primeberry_one/share/primeberry_one//description/primeberry_one.urdf.xacro
[0.882s] -- Up-to-date symlink: /home/apptronik/dev_ws/install/primeberry_one/share/ament_index/resource_index/package_run_dependencies/primeberry_one
[0.883s] -- Up-to-date symlink: /home/apptronik/dev_ws/install/primeberry_one/share/ament_index/resource_index/parent_prefix_path/primeberry_one
[0.887s] -- Up-to-date symlink: /home/apptronik/dev_ws/install/primeberry_one/share/primeberry_one/environment/ament_prefix_path.sh
[0.892s] -- Up-to-date symlink: /home/apptronik/dev_ws/install/primeberry_one/share/primeberry_one/environment/ament_prefix_path.dsv
[0.922s] -- Up-to-date symlink: /home/apptronik/dev_ws/install/primeberry_one/share/primeberry_one/environment/path.sh
[0.922s] -- Up-to-date symlink: /home/apptronik/dev_ws/install/primeberry_one/share/primeberry_one/environment/path.dsv
[0.923s] -- Up-to-date symlink: /home/apptronik/dev_ws/install/primeberry_one/share/primeberry_one/local_setup.bash
[0.923s] -- Up-to-date symlink: /home/apptronik/dev_ws/install/primeberry_one/share/primeberry_one/local_setup.sh
[0.923s] -- Up-to-date symlink: /home/apptronik/dev_ws/install/primeberry_one/share/primeberry_one/local_setup.zsh
[0.923s] -- Up-to-date symlink: /home/apptronik/dev_ws/install/primeberry_one/share/primeberry_one/local_setup.dsv
[0.923s] -- Symlinking: /home/apptronik/dev_ws/install/primeberry_one/share/primeberry_one/package.dsv
[0.950s] -- Up-to-date symlink: /home/apptronik/dev_ws/install/primeberry_one/share/ament_index/resource_index/packages/primeberry_one
[0.950s] -- Up-to-date symlink: /home/apptronik/dev_ws/install/primeberry_one/share/primeberry_one/cmake/primeberry_oneConfig.cmake
[0.951s] -- Up-to-date symlink: /home/apptronik/dev_ws/install/primeberry_one/share/primeberry_one/cmake/primeberry_oneConfig-version.cmake
[0.951s] -- Up-to-date symlink: /home/apptronik/dev_ws/install/primeberry_one/share/primeberry_one/package.xml
[0.978s] Invoked command in '/home/apptronik/dev_ws/build/primeberry_one' returned '0': CMAKE_PREFIX_PATH=/opt/ros/humble /usr/bin/cmake --install /home/apptronik/dev_ws/build/primeberry_one
