[0.101s] Invoking command in '/home/prime/dev_ws/build/primeberry_two': CMAKE_PREFIX_PATH=${CMAKE_PREFIX_PATH}:/opt/ros/humble /usr/bin/cmake --build /home/prime/dev_ws/build/primeberry_two -- -j8 -l8
[0.241s] Invoked command in '/home/prime/dev_ws/build/primeberry_two' returned '0': CMAKE_PREFIX_PATH=${CMAKE_PREFIX_PATH}:/opt/ros/humble /usr/bin/cmake --build /home/prime/dev_ws/build/primeberry_two -- -j8 -l8
[0.486s] Invoking command in '/home/prime/dev_ws/build/primeberry_two': CMAKE_PREFIX_PATH=${CMAKE_PREFIX_PATH}:/opt/ros/humble /usr/bin/cmake --install /home/prime/dev_ws/build/primeberry_two
[0.515s] -- Install configuration: ""
[0.525s] -- Up-to-date: /home/prime/dev_ws/install/primeberry_two/share/primeberry_two//launch
[0.527s] -- Up-to-date: /home/prime/dev_ws/install/primeberry_two/share/primeberry_two//launch/rsp.launch.py
[0.528s] -- Up-to-date: /home/prime/dev_ws/install/primeberry_two/share/primeberry_two//launch/ackermann_vehicle_hokuyo_imu.launch
[0.528s] -- Up-to-date: /home/prime/dev_ws/install/primeberry_two/share/primeberry_two//launch/launch_sim.launch.py
[0.530s] -- Up-to-date: /home/prime/dev_ws/install/primeberry_two/share/primeberry_two//launch/ackermann_vehicle_hokuyo.launch
[0.531s] -- Up-to-date: /home/prime/dev_ws/install/primeberry_two/share/primeberry_two//launch/rviz.launch
[0.531s] -- Up-to-date: /home/prime/dev_ws/install/primeberry_two/share/primeberry_two//launch/ackermann_vehicle.launch
[0.532s] -- Up-to-date: /home/prime/dev_ws/install/primeberry_two/share/primeberry_two//launch/ackermann_vehicle_rviz.launch
[0.532s] -- Up-to-date: /home/prime/dev_ws/install/primeberry_two/share/primeberry_two//description
[0.532s] -- Up-to-date: /home/prime/dev_ws/install/primeberry_two/share/primeberry_two//description/em_3905_hokuyo_imu.urdf.xacro
[0.533s] -- Up-to-date: /home/prime/dev_ws/install/primeberry_two/share/primeberry_two//description/em_3905_hokuyo.urdf.xacro
[0.533s] -- Up-to-date: /home/prime/dev_ws/install/primeberry_two/share/primeberry_two//description/em_3905.urdf.xacro
[0.534s] -- Up-to-date: /home/prime/dev_ws/install/primeberry_two/share/ament_index/resource_index/package_run_dependencies/primeberry_two
[0.535s] -- Up-to-date: /home/prime/dev_ws/install/primeberry_two/share/ament_index/resource_index/parent_prefix_path/primeberry_two
[0.535s] -- Up-to-date: /home/prime/dev_ws/install/primeberry_two/share/primeberry_two/environment/ament_prefix_path.sh
[0.535s] -- Up-to-date: /home/prime/dev_ws/install/primeberry_two/share/primeberry_two/environment/ament_prefix_path.dsv
[0.536s] -- Up-to-date: /home/prime/dev_ws/install/primeberry_two/share/primeberry_two/environment/path.sh
[0.536s] -- Up-to-date: /home/prime/dev_ws/install/primeberry_two/share/primeberry_two/environment/path.dsv
[0.537s] -- Up-to-date: /home/prime/dev_ws/install/primeberry_two/share/primeberry_two/local_setup.bash
[0.537s] -- Up-to-date: /home/prime/dev_ws/install/primeberry_two/share/primeberry_two/local_setup.sh
[0.538s] -- Up-to-date: /home/prime/dev_ws/install/primeberry_two/share/primeberry_two/local_setup.zsh
[0.539s] -- Up-to-date: /home/prime/dev_ws/install/primeberry_two/share/primeberry_two/local_setup.dsv
[0.540s] -- Installing: /home/prime/dev_ws/install/primeberry_two/share/primeberry_two/package.dsv
[0.541s] -- Up-to-date: /home/prime/dev_ws/install/primeberry_two/share/ament_index/resource_index/packages/primeberry_two
[0.541s] -- Up-to-date: /home/prime/dev_ws/install/primeberry_two/share/primeberry_two/cmake/primeberry_twoConfig.cmake
[0.541s] -- Up-to-date: /home/prime/dev_ws/install/primeberry_two/share/primeberry_two/cmake/primeberry_twoConfig-version.cmake
[0.543s] -- Up-to-date: /home/prime/dev_ws/install/primeberry_two/share/primeberry_two/package.xml
[0.581s] Invoked command in '/home/prime/dev_ws/build/primeberry_two' returned '0': CMAKE_PREFIX_PATH=${CMAKE_PREFIX_PATH}:/opt/ros/humble /usr/bin/cmake --install /home/prime/dev_ws/build/primeberry_two
