[0.130s] Invoking command in '/home/prime/dev_ws/build/primeberry_one': CMAKE_PREFIX_PATH=${CMAKE_PREFIX_PATH}:/opt/ros/humble /usr/bin/cmake --build /home/prime/dev_ws/build/primeberry_one -- -j8 -l8
[0.210s] Invoked command in '/home/prime/dev_ws/build/primeberry_one' returned '0': CMAKE_PREFIX_PATH=${CMAKE_PREFIX_PATH}:/opt/ros/humble /usr/bin/cmake --build /home/prime/dev_ws/build/primeberry_one -- -j8 -l8
[0.328s] Invoking command in '/home/prime/dev_ws/build/primeberry_one': CMAKE_PREFIX_PATH=${CMAKE_PREFIX_PATH}:/opt/ros/humble /usr/bin/cmake --install /home/prime/dev_ws/build/primeberry_one
[0.339s] -- Install configuration: ""
[0.339s] -- Up-to-date: /home/prime/dev_ws/install/primeberry_one/share/primeberry_one//launch
[0.340s] -- Up-to-date: /home/prime/dev_ws/install/primeberry_one/share/primeberry_one//launch/rsp.launch.py
[0.340s] -- Up-to-date: /home/prime/dev_ws/install/primeberry_one/share/primeberry_one//launch/launch_sim.launch.py
[0.340s] -- Up-to-date: /home/prime/dev_ws/install/primeberry_one/share/primeberry_one//description
[0.340s] -- Installing: /home/prime/dev_ws/install/primeberry_one/share/primeberry_one//description/primeberry_one.urdf.xacro
[0.342s] -- Up-to-date: /home/prime/dev_ws/install/primeberry_one/share/primeberry_one//description/gazebo_control.xacro
[0.342s] -- Up-to-date: /home/prime/dev_ws/install/primeberry_one/share/ament_index/resource_index/package_run_dependencies/primeberry_one
[0.342s] -- Up-to-date: /home/prime/dev_ws/install/primeberry_one/share/ament_index/resource_index/parent_prefix_path/primeberry_one
[0.342s] -- Up-to-date: /home/prime/dev_ws/install/primeberry_one/share/primeberry_one/environment/ament_prefix_path.sh
[0.342s] -- Up-to-date: /home/prime/dev_ws/install/primeberry_one/share/primeberry_one/environment/ament_prefix_path.dsv
[0.342s] -- Up-to-date: /home/prime/dev_ws/install/primeberry_one/share/primeberry_one/environment/path.sh
[0.343s] -- Up-to-date: /home/prime/dev_ws/install/primeberry_one/share/primeberry_one/environment/path.dsv
[0.343s] -- Up-to-date: /home/prime/dev_ws/install/primeberry_one/share/primeberry_one/local_setup.bash
[0.346s] -- Up-to-date: /home/prime/dev_ws/install/primeberry_one/share/primeberry_one/local_setup.sh
[0.346s] -- Up-to-date: /home/prime/dev_ws/install/primeberry_one/share/primeberry_one/local_setup.zsh
[0.346s] -- Up-to-date: /home/prime/dev_ws/install/primeberry_one/share/primeberry_one/local_setup.dsv
[0.346s] -- Installing: /home/prime/dev_ws/install/primeberry_one/share/primeberry_one/package.dsv
[0.347s] -- Up-to-date: /home/prime/dev_ws/install/primeberry_one/share/ament_index/resource_index/packages/primeberry_one
[0.348s] -- Up-to-date: /home/prime/dev_ws/install/primeberry_one/share/primeberry_one/cmake/primeberry_oneConfig.cmake
[0.350s] -- Up-to-date: /home/prime/dev_ws/install/primeberry_one/share/primeberry_one/cmake/primeberry_oneConfig-version.cmake
[0.351s] -- Up-to-date: /home/prime/dev_ws/install/primeberry_one/share/primeberry_one/package.xml
[0.372s] Invoked command in '/home/prime/dev_ws/build/primeberry_one' returned '0': CMAKE_PREFIX_PATH=${CMAKE_PREFIX_PATH}:/opt/ros/humble /usr/bin/cmake --install /home/prime/dev_ws/build/primeberry_one
