[0.098s] DEBUG:colcon:Command line arguments: ['/usr/bin/colcon', 'build']
[0.098s] DEBUG:colcon:Parsed command line arguments: Namespace(log_base=None, log_level=None, verb_name='build', build_base='build', install_base='install', merge_install=False, symlink_install=False, test_result_base=None, continue_on_error=False, executor='parallel', parallel_workers=8, event_handlers=None, ignore_user_meta=False, metas=['./colcon.meta'], base_paths=['.'], packages_ignore=None, packages_ignore_regex=None, paths=None, packages_up_to=None, packages_up_to_regex=None, packages_above=None, packages_above_and_dependencies=None, packages_above_depth=None, packages_select_by_dep=None, packages_skip_by_dep=None, packages_skip_up_to=None, packages_select_build_failed=False, packages_skip_build_finished=False, packages_select_test_failures=False, packages_skip_test_passed=False, packages_select=None, packages_skip=None, packages_select_regex=None, packages_skip_regex=None, packages_start=None, packages_end=None, allow_overriding=[], cmake_args=None, cmake_target=None, cmake_target_skip_unavailable=False, cmake_clean_cache=False, cmake_clean_first=False, cmake_force_configure=False, ament_cmake_args=None, catkin_cmake_args=None, catkin_skip_building_tests=False, mixin_files=None, mixin=None, verb_parser=<colcon_mixin.mixin.mixin_argument.MixinArgumentDecorator object at 0x731ea2b0d5a0>, verb_extension=<colcon_core.verb.build.BuildVerb object at 0x731ea2b0cc10>, main=<bound method BuildVerb.main of <colcon_core.verb.build.BuildVerb object at 0x731ea2b0cc10>>, mixin_verb=('build',))
[0.248s] Level 1:colcon.colcon_core.package_discovery:discover_packages(colcon_meta) check parameters
[0.248s] Level 1:colcon.colcon_core.package_discovery:discover_packages(recursive) check parameters
[0.249s] Level 1:colcon.colcon_core.package_discovery:discover_packages(ignore) check parameters
[0.249s] Level 1:colcon.colcon_core.package_discovery:discover_packages(path) check parameters
[0.249s] Level 1:colcon.colcon_core.package_discovery:discover_packages(colcon_meta) discover
[0.249s] Level 1:colcon.colcon_core.package_discovery:discover_packages(recursive) discover
[0.249s] INFO:colcon.colcon_core.package_discovery:Crawling recursively for packages in '/home/prime/dev_ws'
[0.249s] Level 1:colcon.colcon_core.package_identification:_identify(.) by extensions ['ignore', 'ignore_ament_install']
[0.249s] Level 1:colcon.colcon_core.package_identification:_identify(.) by extension 'ignore'
[0.249s] Level 1:colcon.colcon_core.package_identification:_identify(.) by extension 'ignore_ament_install'
[0.249s] Level 1:colcon.colcon_core.package_identification:_identify(.) by extensions ['colcon_pkg']
[0.249s] Level 1:colcon.colcon_core.package_identification:_identify(.) by extension 'colcon_pkg'
[0.249s] Level 1:colcon.colcon_core.package_identification:_identify(.) by extensions ['colcon_meta']
[0.249s] Level 1:colcon.colcon_core.package_identification:_identify(.) by extension 'colcon_meta'
[0.250s] Level 1:colcon.colcon_core.package_identification:_identify(.) by extensions ['ros']
[0.250s] Level 1:colcon.colcon_core.package_identification:_identify(.) by extension 'ros'
[0.259s] Level 1:colcon.colcon_core.package_identification:_identify(.) by extensions ['cmake', 'python']
[0.259s] Level 1:colcon.colcon_core.package_identification:_identify(.) by extension 'cmake'
[0.259s] Level 1:colcon.colcon_core.package_identification:_identify(.) by extension 'python'
[0.259s] Level 1:colcon.colcon_core.package_identification:_identify(.) by extensions ['python_setup_py']
[0.259s] Level 1:colcon.colcon_core.package_identification:_identify(.) by extension 'python_setup_py'
[0.260s] Level 1:colcon.colcon_core.package_identification:_identify(build) by extensions ['ignore', 'ignore_ament_install']
[0.260s] Level 1:colcon.colcon_core.package_identification:_identify(build) by extension 'ignore'
[0.260s] Level 1:colcon.colcon_core.package_identification:_identify(build) ignored
[0.260s] Level 1:colcon.colcon_core.package_identification:_identify(install) by extensions ['ignore', 'ignore_ament_install']
[0.260s] Level 1:colcon.colcon_core.package_identification:_identify(install) by extension 'ignore'
[0.260s] Level 1:colcon.colcon_core.package_identification:_identify(install) ignored
[0.260s] Level 1:colcon.colcon_core.package_identification:_identify(log) by extensions ['ignore', 'ignore_ament_install']
[0.260s] Level 1:colcon.colcon_core.package_identification:_identify(log) by extension 'ignore'
[0.260s] Level 1:colcon.colcon_core.package_identification:_identify(log) ignored
[0.260s] Level 1:colcon.colcon_core.package_identification:_identify(src) by extensions ['ignore', 'ignore_ament_install']
[0.261s] Level 1:colcon.colcon_core.package_identification:_identify(src) by extension 'ignore'
[0.261s] Level 1:colcon.colcon_core.package_identification:_identify(src) by extension 'ignore_ament_install'
[0.261s] Level 1:colcon.colcon_core.package_identification:_identify(src) by extensions ['colcon_pkg']
[0.261s] Level 1:colcon.colcon_core.package_identification:_identify(src) by extension 'colcon_pkg'
[0.261s] Level 1:colcon.colcon_core.package_identification:_identify(src) by extensions ['colcon_meta']
[0.261s] Level 1:colcon.colcon_core.package_identification:_identify(src) by extension 'colcon_meta'
[0.261s] Level 1:colcon.colcon_core.package_identification:_identify(src) by extensions ['ros']
[0.261s] Level 1:colcon.colcon_core.package_identification:_identify(src) by extension 'ros'
[0.261s] Level 1:colcon.colcon_core.package_identification:_identify(src) by extensions ['cmake', 'python']
[0.261s] Level 1:colcon.colcon_core.package_identification:_identify(src) by extension 'cmake'
[0.261s] Level 1:colcon.colcon_core.package_identification:_identify(src) by extension 'python'
[0.261s] Level 1:colcon.colcon_core.package_identification:_identify(src) by extensions ['python_setup_py']
[0.262s] Level 1:colcon.colcon_core.package_identification:_identify(src) by extension 'python_setup_py'
[0.262s] Level 1:colcon.colcon_core.package_identification:_identify(src/primeberry) by extensions ['ignore', 'ignore_ament_install']
[0.262s] Level 1:colcon.colcon_core.package_identification:_identify(src/primeberry) by extension 'ignore'
[0.262s] Level 1:colcon.colcon_core.package_identification:_identify(src/primeberry) by extension 'ignore_ament_install'
[0.262s] Level 1:colcon.colcon_core.package_identification:_identify(src/primeberry) by extensions ['colcon_pkg']
[0.262s] Level 1:colcon.colcon_core.package_identification:_identify(src/primeberry) by extension 'colcon_pkg'
[0.262s] Level 1:colcon.colcon_core.package_identification:_identify(src/primeberry) by extensions ['colcon_meta']
[0.262s] Level 1:colcon.colcon_core.package_identification:_identify(src/primeberry) by extension 'colcon_meta'
[0.262s] Level 1:colcon.colcon_core.package_identification:_identify(src/primeberry) by extensions ['ros']
[0.262s] Level 1:colcon.colcon_core.package_identification:_identify(src/primeberry) by extension 'ros'
[0.264s] DEBUG:colcon.colcon_core.package_identification:Package 'src/primeberry' with type 'ros.ament_cmake' and name 'primeberry'
[0.264s] Level 1:colcon.colcon_core.package_identification:_identify(src/primeberry_one) by extensions ['ignore', 'ignore_ament_install']
[0.264s] Level 1:colcon.colcon_core.package_identification:_identify(src/primeberry_one) by extension 'ignore'
[0.264s] Level 1:colcon.colcon_core.package_identification:_identify(src/primeberry_one) by extension 'ignore_ament_install'
[0.265s] Level 1:colcon.colcon_core.package_identification:_identify(src/primeberry_one) by extensions ['colcon_pkg']
[0.265s] Level 1:colcon.colcon_core.package_identification:_identify(src/primeberry_one) by extension 'colcon_pkg'
[0.265s] Level 1:colcon.colcon_core.package_identification:_identify(src/primeberry_one) by extensions ['colcon_meta']
[0.265s] Level 1:colcon.colcon_core.package_identification:_identify(src/primeberry_one) by extension 'colcon_meta'
[0.265s] Level 1:colcon.colcon_core.package_identification:_identify(src/primeberry_one) by extensions ['ros']
[0.265s] Level 1:colcon.colcon_core.package_identification:_identify(src/primeberry_one) by extension 'ros'
[0.265s] DEBUG:colcon.colcon_core.package_identification:Package 'src/primeberry_one' with type 'ros.ament_cmake' and name 'primeberry_one'
[0.265s] Level 1:colcon.colcon_core.package_discovery:discover_packages(recursive) using defaults
[0.265s] Level 1:colcon.colcon_core.package_discovery:discover_packages(ignore) discover
[0.265s] Level 1:colcon.colcon_core.package_discovery:discover_packages(ignore) using defaults
[0.266s] Level 1:colcon.colcon_core.package_discovery:discover_packages(path) discover
[0.266s] Level 1:colcon.colcon_core.package_discovery:discover_packages(path) using defaults
[0.294s] Level 1:colcon.colcon_core.package_discovery:discover_packages(prefix_path) check parameters
[0.294s] Level 1:colcon.colcon_core.package_discovery:discover_packages(prefix_path) discover
[0.296s] DEBUG:colcon.colcon_installed_package_information.package_discovery:Found 2 installed packages in /home/prime/dev_ws/install
[0.297s] DEBUG:colcon.colcon_installed_package_information.package_discovery:Found 280 installed packages in /opt/ros/humble
[0.299s] Level 1:colcon.colcon_core.package_discovery:discover_packages(prefix_path) using defaults
[0.334s] Level 5:colcon.colcon_core.verb:set package 'primeberry' build argument 'cmake_args' from command line to 'None'
[0.334s] Level 5:colcon.colcon_core.verb:set package 'primeberry' build argument 'cmake_target' from command line to 'None'
[0.334s] Level 5:colcon.colcon_core.verb:set package 'primeberry' build argument 'cmake_target_skip_unavailable' from command line to 'False'
[0.334s] Level 5:colcon.colcon_core.verb:set package 'primeberry' build argument 'cmake_clean_cache' from command line to 'False'
[0.334s] Level 5:colcon.colcon_core.verb:set package 'primeberry' build argument 'cmake_clean_first' from command line to 'False'
[0.334s] Level 5:colcon.colcon_core.verb:set package 'primeberry' build argument 'cmake_force_configure' from command line to 'False'
[0.334s] Level 5:colcon.colcon_core.verb:set package 'primeberry' build argument 'ament_cmake_args' from command line to 'None'
[0.334s] Level 5:colcon.colcon_core.verb:set package 'primeberry' build argument 'catkin_cmake_args' from command line to 'None'
[0.334s] Level 5:colcon.colcon_core.verb:set package 'primeberry' build argument 'catkin_skip_building_tests' from command line to 'False'
[0.334s] DEBUG:colcon.colcon_core.verb:Building package 'primeberry' with the following arguments: {'ament_cmake_args': None, 'build_base': '/home/prime/dev_ws/build/primeberry', 'catkin_cmake_args': None, 'catkin_skip_building_tests': False, 'cmake_args': None, 'cmake_clean_cache': False, 'cmake_clean_first': False, 'cmake_force_configure': False, 'cmake_target': None, 'cmake_target_skip_unavailable': False, 'install_base': '/home/prime/dev_ws/install/primeberry', 'merge_install': False, 'path': '/home/prime/dev_ws/src/primeberry', 'symlink_install': False, 'test_result_base': None}
[0.335s] Level 5:colcon.colcon_core.verb:set package 'primeberry_one' build argument 'cmake_args' from command line to 'None'
[0.335s] Level 5:colcon.colcon_core.verb:set package 'primeberry_one' build argument 'cmake_target' from command line to 'None'
[0.336s] Level 5:colcon.colcon_core.verb:set package 'primeberry_one' build argument 'cmake_target_skip_unavailable' from command line to 'False'
[0.336s] Level 5:colcon.colcon_core.verb:set package 'primeberry_one' build argument 'cmake_clean_cache' from command line to 'False'
[0.336s] Level 5:colcon.colcon_core.verb:set package 'primeberry_one' build argument 'cmake_clean_first' from command line to 'False'
[0.336s] Level 5:colcon.colcon_core.verb:set package 'primeberry_one' build argument 'cmake_force_configure' from command line to 'False'
[0.336s] Level 5:colcon.colcon_core.verb:set package 'primeberry_one' build argument 'ament_cmake_args' from command line to 'None'
[0.336s] Level 5:colcon.colcon_core.verb:set package 'primeberry_one' build argument 'catkin_cmake_args' from command line to 'None'
[0.336s] Level 5:colcon.colcon_core.verb:set package 'primeberry_one' build argument 'catkin_skip_building_tests' from command line to 'False'
[0.336s] DEBUG:colcon.colcon_core.verb:Building package 'primeberry_one' with the following arguments: {'ament_cmake_args': None, 'build_base': '/home/prime/dev_ws/build/primeberry_one', 'catkin_cmake_args': None, 'catkin_skip_building_tests': False, 'cmake_args': None, 'cmake_clean_cache': False, 'cmake_clean_first': False, 'cmake_force_configure': False, 'cmake_target': None, 'cmake_target_skip_unavailable': False, 'install_base': '/home/prime/dev_ws/install/primeberry_one', 'merge_install': False, 'path': '/home/prime/dev_ws/src/primeberry_one', 'symlink_install': False, 'test_result_base': None}
[0.336s] INFO:colcon.colcon_core.executor:Executing jobs using 'parallel' executor
[0.341s] DEBUG:colcon.colcon_parallel_executor.executor.parallel:run_until_complete
[0.344s] INFO:colcon.colcon_ros.task.ament_cmake.build:Building ROS package in '/home/prime/dev_ws/src/primeberry' with build type 'ament_cmake'
[0.346s] INFO:colcon.colcon_cmake.task.cmake.build:Building CMake package in '/home/prime/dev_ws/src/primeberry'
[0.350s] INFO:colcon.colcon_core.plugin_system:Skipping extension 'colcon_core.shell.bat': Not used on non-Windows systems
[0.351s] INFO:colcon.colcon_core.shell:Skip shell extension 'powershell' for command environment: Not usable outside of PowerShell
[0.351s] DEBUG:colcon.colcon_core.shell:Skip shell extension 'dsv' for command environment
[0.358s] INFO:colcon.colcon_ros.task.ament_cmake.build:Building ROS package in '/home/prime/dev_ws/src/primeberry_one' with build type 'ament_cmake'
[0.358s] INFO:colcon.colcon_cmake.task.cmake.build:Building CMake package in '/home/prime/dev_ws/src/primeberry_one'
[0.358s] INFO:colcon.colcon_core.shell:Skip shell extension 'powershell' for command environment: Not usable outside of PowerShell
[0.359s] DEBUG:colcon.colcon_core.shell:Skip shell extension 'dsv' for command environment
[0.387s] DEBUG:colcon.colcon_core.event_handler.log_command:Invoking command in '/home/prime/dev_ws/build/primeberry': CMAKE_PREFIX_PATH=${CMAKE_PREFIX_PATH}:/opt/ros/humble /usr/bin/cmake --build /home/prime/dev_ws/build/primeberry -- -j8 -l8
[0.450s] DEBUG:colcon.colcon_core.event_handler.log_command:Invoking command in '/home/prime/dev_ws/build/primeberry_one': CMAKE_PREFIX_PATH=${CMAKE_PREFIX_PATH}:/opt/ros/humble /usr/bin/cmake --build /home/prime/dev_ws/build/primeberry_one -- -j8 -l8
[0.526s] DEBUG:colcon.colcon_core.event_handler.log_command:Invoked command in '/home/prime/dev_ws/build/primeberry' returned '0': CMAKE_PREFIX_PATH=${CMAKE_PREFIX_PATH}:/opt/ros/humble /usr/bin/cmake --build /home/prime/dev_ws/build/primeberry -- -j8 -l8
[0.530s] DEBUG:colcon.colcon_core.event_handler.log_command:Invoked command in '/home/prime/dev_ws/build/primeberry_one' returned '0': CMAKE_PREFIX_PATH=${CMAKE_PREFIX_PATH}:/opt/ros/humble /usr/bin/cmake --build /home/prime/dev_ws/build/primeberry_one -- -j8 -l8
[0.625s] DEBUG:colcon.colcon_core.event_handler.log_command:Invoking command in '/home/prime/dev_ws/build/primeberry': CMAKE_PREFIX_PATH=${CMAKE_PREFIX_PATH}:/opt/ros/humble /usr/bin/cmake --install /home/prime/dev_ws/build/primeberry
[0.634s] DEBUG:colcon.colcon_core.event_handler.log_command:Invoking command in '/home/prime/dev_ws/build/primeberry_one': CMAKE_PREFIX_PATH=${CMAKE_PREFIX_PATH}:/opt/ros/humble /usr/bin/cmake --install /home/prime/dev_ws/build/primeberry_one
[0.732s] Level 1:colcon.colcon_core.environment:create_environment_scripts_only(primeberry_one)
[0.780s] Level 1:colcon.colcon_core.environment:checking '/home/prime/dev_ws/install/primeberry_one' for CMake module files
[0.781s] Level 1:colcon.colcon_core.environment:checking '/home/prime/dev_ws/install/primeberry_one' for CMake config files
[0.781s] Level 1:colcon.colcon_core.shell:create_environment_hook('primeberry_one', 'cmake_prefix_path')
[0.782s] INFO:colcon.colcon_core.shell:Creating environment hook '/home/prime/dev_ws/install/primeberry_one/share/primeberry_one/hook/cmake_prefix_path.ps1'
[0.786s] INFO:colcon.colcon_core.shell:Creating environment descriptor '/home/prime/dev_ws/install/primeberry_one/share/primeberry_one/hook/cmake_prefix_path.dsv'
[0.816s] INFO:colcon.colcon_core.shell:Creating environment hook '/home/prime/dev_ws/install/primeberry_one/share/primeberry_one/hook/cmake_prefix_path.sh'
[0.837s] DEBUG:colcon.colcon_core.event_handler.log_command:Invoked command in '/home/prime/dev_ws/build/primeberry_one' returned '0': CMAKE_PREFIX_PATH=${CMAKE_PREFIX_PATH}:/opt/ros/humble /usr/bin/cmake --install /home/prime/dev_ws/build/primeberry_one
[0.854s] Level 1:colcon.colcon_core.environment:checking '/home/prime/dev_ws/install/primeberry_one/bin'
[0.855s] Level 1:colcon.colcon_core.environment:checking '/home/prime/dev_ws/install/primeberry_one/lib/pkgconfig/primeberry_one.pc'
[0.858s] Level 1:colcon.colcon_core.environment:checking '/home/prime/dev_ws/install/primeberry_one/lib/python3.10/site-packages'
[0.859s] Level 1:colcon.colcon_core.environment:checking '/home/prime/dev_ws/install/primeberry_one/bin'
[0.861s] INFO:colcon.colcon_core.shell:Creating package script '/home/prime/dev_ws/install/primeberry_one/share/primeberry_one/package.ps1'
[0.878s] INFO:colcon.colcon_core.shell:Creating package descriptor '/home/prime/dev_ws/install/primeberry_one/share/primeberry_one/package.dsv'
[0.891s] INFO:colcon.colcon_core.shell:Creating package script '/home/prime/dev_ws/install/primeberry_one/share/primeberry_one/package.sh'
[0.893s] INFO:colcon.colcon_core.shell:Creating package script '/home/prime/dev_ws/install/primeberry_one/share/primeberry_one/package.bash'
[0.903s] INFO:colcon.colcon_core.shell:Creating package script '/home/prime/dev_ws/install/primeberry_one/share/primeberry_one/package.zsh'
[0.913s] Level 1:colcon.colcon_core.environment:create_file_with_runtime_dependencies(/home/prime/dev_ws/install/primeberry_one/share/colcon-core/packages/primeberry_one)
[0.956s] Level 1:colcon.colcon_core.environment:create_environment_scripts_only(primeberry)
[0.963s] Level 1:colcon.colcon_core.environment:checking '/home/prime/dev_ws/install/primeberry' for CMake module files
[0.963s] Level 1:colcon.colcon_core.environment:checking '/home/prime/dev_ws/install/primeberry' for CMake config files
[0.964s] Level 1:colcon.colcon_core.shell:create_environment_hook('primeberry', 'cmake_prefix_path')
[0.964s] INFO:colcon.colcon_core.shell:Creating environment hook '/home/prime/dev_ws/install/primeberry/share/primeberry/hook/cmake_prefix_path.ps1'
[0.971s] INFO:colcon.colcon_core.shell:Creating environment descriptor '/home/prime/dev_ws/install/primeberry/share/primeberry/hook/cmake_prefix_path.dsv'
[0.974s] INFO:colcon.colcon_core.shell:Creating environment hook '/home/prime/dev_ws/install/primeberry/share/primeberry/hook/cmake_prefix_path.sh'
[0.975s] DEBUG:colcon.colcon_core.event_handler.log_command:Invoked command in '/home/prime/dev_ws/build/primeberry' returned '0': CMAKE_PREFIX_PATH=${CMAKE_PREFIX_PATH}:/opt/ros/humble /usr/bin/cmake --install /home/prime/dev_ws/build/primeberry
[0.984s] Level 1:colcon.colcon_core.environment:checking '/home/prime/dev_ws/install/primeberry/bin'
[0.984s] Level 1:colcon.colcon_core.environment:checking '/home/prime/dev_ws/install/primeberry/lib/pkgconfig/primeberry.pc'
[0.985s] Level 1:colcon.colcon_core.environment:checking '/home/prime/dev_ws/install/primeberry/lib/python3.10/site-packages'
[0.985s] Level 1:colcon.colcon_core.environment:checking '/home/prime/dev_ws/install/primeberry/bin'
[0.985s] INFO:colcon.colcon_core.shell:Creating package script '/home/prime/dev_ws/install/primeberry/share/primeberry/package.ps1'
[0.992s] INFO:colcon.colcon_core.shell:Creating package descriptor '/home/prime/dev_ws/install/primeberry/share/primeberry/package.dsv'
[1.003s] INFO:colcon.colcon_core.shell:Creating package script '/home/prime/dev_ws/install/primeberry/share/primeberry/package.sh'
[1.009s] INFO:colcon.colcon_core.shell:Creating package script '/home/prime/dev_ws/install/primeberry/share/primeberry/package.bash'
[1.022s] INFO:colcon.colcon_core.shell:Creating package script '/home/prime/dev_ws/install/primeberry/share/primeberry/package.zsh'
[1.030s] Level 1:colcon.colcon_core.environment:create_file_with_runtime_dependencies(/home/prime/dev_ws/install/primeberry/share/colcon-core/packages/primeberry)
[1.200s] Level 1:colcon.colcon_core.environment:create_environment_scripts_only(primeberry_one)
[1.201s] Level 1:colcon.colcon_core.environment:checking '/home/prime/dev_ws/install/primeberry_one' for CMake module files
[1.201s] Level 1:colcon.colcon_core.environment:checking '/home/prime/dev_ws/install/primeberry_one' for CMake config files
[1.201s] Level 1:colcon.colcon_core.shell:create_environment_hook('primeberry_one', 'cmake_prefix_path')
[1.202s] INFO:colcon.colcon_core.shell:Creating environment hook '/home/prime/dev_ws/install/primeberry_one/share/primeberry_one/hook/cmake_prefix_path.ps1'
[1.254s] INFO:colcon.colcon_core.shell:Creating environment descriptor '/home/prime/dev_ws/install/primeberry_one/share/primeberry_one/hook/cmake_prefix_path.dsv'
[1.258s] INFO:colcon.colcon_core.shell:Creating environment hook '/home/prime/dev_ws/install/primeberry_one/share/primeberry_one/hook/cmake_prefix_path.sh'
[1.323s] Level 1:colcon.colcon_core.environment:checking '/home/prime/dev_ws/install/primeberry_one/bin'
[1.326s] Level 1:colcon.colcon_core.environment:checking '/home/prime/dev_ws/install/primeberry_one/lib/pkgconfig/primeberry_one.pc'
[1.329s] Level 1:colcon.colcon_core.environment:checking '/home/prime/dev_ws/install/primeberry_one/lib/python3.10/site-packages'
[1.329s] Level 1:colcon.colcon_core.environment:checking '/home/prime/dev_ws/install/primeberry_one/bin'
[1.330s] INFO:colcon.colcon_core.shell:Creating package script '/home/prime/dev_ws/install/primeberry_one/share/primeberry_one/package.ps1'
[1.353s] INFO:colcon.colcon_core.shell:Creating package descriptor '/home/prime/dev_ws/install/primeberry_one/share/primeberry_one/package.dsv'
[1.378s] INFO:colcon.colcon_core.shell:Creating package script '/home/prime/dev_ws/install/primeberry_one/share/primeberry_one/package.sh'
[1.386s] INFO:colcon.colcon_core.shell:Creating package script '/home/prime/dev_ws/install/primeberry_one/share/primeberry_one/package.bash'
[1.389s] INFO:colcon.colcon_core.shell:Creating package script '/home/prime/dev_ws/install/primeberry_one/share/primeberry_one/package.zsh'
[1.397s] Level 1:colcon.colcon_core.environment:create_file_with_runtime_dependencies(/home/prime/dev_ws/install/primeberry_one/share/colcon-core/packages/primeberry_one)
[1.413s] Level 1:colcon.colcon_core.environment:create_environment_scripts_only(primeberry)
[1.418s] Level 1:colcon.colcon_core.environment:checking '/home/prime/dev_ws/install/primeberry' for CMake module files
[1.418s] Level 1:colcon.colcon_core.environment:checking '/home/prime/dev_ws/install/primeberry' for CMake config files
[1.419s] Level 1:colcon.colcon_core.shell:create_environment_hook('primeberry', 'cmake_prefix_path')
[1.425s] INFO:colcon.colcon_core.shell:Creating environment hook '/home/prime/dev_ws/install/primeberry/share/primeberry/hook/cmake_prefix_path.ps1'
[1.429s] INFO:colcon.colcon_core.shell:Creating environment descriptor '/home/prime/dev_ws/install/primeberry/share/primeberry/hook/cmake_prefix_path.dsv'
[1.451s] INFO:colcon.colcon_core.shell:Creating environment hook '/home/prime/dev_ws/install/primeberry/share/primeberry/hook/cmake_prefix_path.sh'
[1.453s] Level 1:colcon.colcon_core.environment:checking '/home/prime/dev_ws/install/primeberry/bin'
[1.453s] Level 1:colcon.colcon_core.environment:checking '/home/prime/dev_ws/install/primeberry/lib/pkgconfig/primeberry.pc'
[1.453s] Level 1:colcon.colcon_core.environment:checking '/home/prime/dev_ws/install/primeberry/lib/python3.10/site-packages'
[1.454s] Level 1:colcon.colcon_core.environment:checking '/home/prime/dev_ws/install/primeberry/bin'
[1.454s] INFO:colcon.colcon_core.shell:Creating package script '/home/prime/dev_ws/install/primeberry/share/primeberry/package.ps1'
[1.458s] INFO:colcon.colcon_core.shell:Creating package descriptor '/home/prime/dev_ws/install/primeberry/share/primeberry/package.dsv'
[1.497s] INFO:colcon.colcon_core.shell:Creating package script '/home/prime/dev_ws/install/primeberry/share/primeberry/package.sh'
[1.509s] INFO:colcon.colcon_core.shell:Creating package script '/home/prime/dev_ws/install/primeberry/share/primeberry/package.bash'
[1.529s] INFO:colcon.colcon_core.shell:Creating package script '/home/prime/dev_ws/install/primeberry/share/primeberry/package.zsh'
[1.537s] Level 1:colcon.colcon_core.environment:create_file_with_runtime_dependencies(/home/prime/dev_ws/install/primeberry/share/colcon-core/packages/primeberry)
[1.540s] DEBUG:colcon.colcon_parallel_executor.executor.parallel:closing loop
[1.554s] DEBUG:colcon.colcon_parallel_executor.executor.parallel:loop closed
[1.554s] DEBUG:colcon.colcon_parallel_executor.executor.parallel:run_until_complete finished with '0'
[1.554s] DEBUG:colcon.colcon_core.event_reactor:joining thread
[1.603s] INFO:colcon.colcon_core.plugin_system:Skipping extension 'colcon_notification.desktop_notification.terminal_notifier': Not used on non-Darwin systems
[1.604s] INFO:colcon.colcon_core.plugin_system:Skipping extension 'colcon_notification.desktop_notification.win32': Not used on non-Windows systems
[1.604s] INFO:colcon.colcon_notification.desktop_notification:Sending desktop notification using 'notify2'
[1.712s] DEBUG:colcon.colcon_core.event_reactor:joined thread
[1.712s] INFO:colcon.colcon_core.shell:Creating prefix script '/home/prime/dev_ws/install/local_setup.ps1'
[1.714s] INFO:colcon.colcon_core.shell:Creating prefix util module '/home/prime/dev_ws/install/_local_setup_util_ps1.py'
[1.716s] INFO:colcon.colcon_core.shell:Creating prefix chain script '/home/prime/dev_ws/install/setup.ps1'
[1.717s] INFO:colcon.colcon_core.shell:Creating prefix script '/home/prime/dev_ws/install/local_setup.sh'
[1.721s] INFO:colcon.colcon_core.shell:Creating prefix util module '/home/prime/dev_ws/install/_local_setup_util_sh.py'
[1.722s] INFO:colcon.colcon_core.shell:Creating prefix chain script '/home/prime/dev_ws/install/setup.sh'
[1.725s] INFO:colcon.colcon_core.shell:Creating prefix script '/home/prime/dev_ws/install/local_setup.bash'
[1.731s] INFO:colcon.colcon_core.shell:Creating prefix chain script '/home/prime/dev_ws/install/setup.bash'
[1.734s] INFO:colcon.colcon_core.shell:Creating prefix script '/home/prime/dev_ws/install/local_setup.zsh'
[1.738s] INFO:colcon.colcon_core.shell:Creating prefix chain script '/home/prime/dev_ws/install/setup.zsh'
