[0.096s] Invoking command in '/home/prime/dev_ws/build/primeberry_one': CMAKE_PREFIX_PATH=${CMAKE_PREFIX_PATH}:/opt/ros/humble /usr/bin/cmake --build /home/prime/dev_ws/build/primeberry_one -- -j8 -l8
[0.240s] Invoked command in '/home/prime/dev_ws/build/primeberry_one' returned '0': CMAKE_PREFIX_PATH=${CMAKE_PREFIX_PATH}:/opt/ros/humble /usr/bin/cmake --build /home/prime/dev_ws/build/primeberry_one -- -j8 -l8
[0.420s] Invoking command in '/home/prime/dev_ws/build/primeberry_one': CMAKE_PREFIX_PATH=${CMAKE_PREFIX_PATH}:/opt/ros/humble /usr/bin/cmake --install /home/prime/dev_ws/build/primeberry_one
[0.560s] -- Install configuration: ""
[0.560s] -- Up-to-date: /home/prime/dev_ws/install/primeberry_one/share/primeberry_one//launch
[0.560s] -- Up-to-date: /home/prime/dev_ws/install/primeberry_one/share/primeberry_one//launch/rsp.launch.py
[0.562s] -- Up-to-date: /home/prime/dev_ws/install/primeberry_one/share/primeberry_one//launch/launch_sim.launch.py
[0.562s] -- Up-to-date: /home/prime/dev_ws/install/primeberry_one/share/primeberry_one//description
[0.562s] -- Up-to-date: /home/prime/dev_ws/install/primeberry_one/share/primeberry_one//description/primeberry_one.urdf.xacro
[0.563s] -- Up-to-date: /home/prime/dev_ws/install/primeberry_one/share/primeberry_one//description/gazebo_control.xacro
[0.563s] -- Up-to-date: /home/prime/dev_ws/install/primeberry_one/share/ament_index/resource_index/package_run_dependencies/primeberry_one
[0.563s] -- Up-to-date: /home/prime/dev_ws/install/primeberry_one/share/ament_index/resource_index/parent_prefix_path/primeberry_one
[0.564s] -- Up-to-date: /home/prime/dev_ws/install/primeberry_one/share/primeberry_one/environment/ament_prefix_path.sh
[0.564s] -- Up-to-date: /home/prime/dev_ws/install/primeberry_one/share/primeberry_one/environment/ament_prefix_path.dsv
[0.564s] -- Up-to-date: /home/prime/dev_ws/install/primeberry_one/share/primeberry_one/environment/path.sh
[0.564s] -- Up-to-date: /home/prime/dev_ws/install/primeberry_one/share/primeberry_one/environment/path.dsv
[0.565s] -- Up-to-date: /home/prime/dev_ws/install/primeberry_one/share/primeberry_one/local_setup.bash
[0.566s] -- Up-to-date: /home/prime/dev_ws/install/primeberry_one/share/primeberry_one/local_setup.sh
[0.566s] -- Up-to-date: /home/prime/dev_ws/install/primeberry_one/share/primeberry_one/local_setup.zsh
[0.570s] -- Up-to-date: /home/prime/dev_ws/install/primeberry_one/share/primeberry_one/local_setup.dsv
[0.571s] -- Installing: /home/prime/dev_ws/install/primeberry_one/share/primeberry_one/package.dsv
[0.571s] -- Up-to-date: /home/prime/dev_ws/install/primeberry_one/share/ament_index/resource_index/packages/primeberry_one
[0.571s] -- Up-to-date: /home/prime/dev_ws/install/primeberry_one/share/primeberry_one/cmake/primeberry_oneConfig.cmake
[0.572s] -- Up-to-date: /home/prime/dev_ws/install/primeberry_one/share/primeberry_one/cmake/primeberry_oneConfig-version.cmake
[0.572s] -- Up-to-date: /home/prime/dev_ws/install/primeberry_one/share/primeberry_one/package.xml
[0.625s] Invoked command in '/home/prime/dev_ws/build/primeberry_one' returned '0': CMAKE_PREFIX_PATH=${CMAKE_PREFIX_PATH}:/opt/ros/humble /usr/bin/cmake --install /home/prime/dev_ws/build/primeberry_one
