[0.020s] Invoking command in '/home/apptronik/dev_ws/build/primeberry_one': CMAKE_PREFIX_PATH=${CMAKE_PREFIX_PATH}:/home/apptronik/dev_ws/install/readings_and_processing:/opt/ros/humble /usr/bin/cmake /home/apptronik/dev_ws/src/primeberry_one -DAMENT_CMAKE_SYMLINK_INSTALL=1 -DCMAKE_INSTALL_PREFIX=/home/apptronik/dev_ws/install/primeberry_one
[0.040s] -- Found ament_cmake: 1.3.9 (/opt/ros/humble/share/ament_cmake/cmake)
[0.226s] -- Override CMake install command with custom implementation using symlinks instead of copying resources
[0.275s] -- Found robot_state_publisher: 3.0.3 (/opt/ros/humble/share/robot_state_publisher/cmake)
[0.336s] -- Found rosidl_generator_c: 3.1.5 (/opt/ros/humble/share/rosidl_generator_c/cmake)
[0.344s] -- Found rosidl_adapter: 3.1.5 (/opt/ros/humble/share/rosidl_adapter/cmake)
[0.360s] -- Found rosidl_generator_cpp: 3.1.5 (/opt/ros/humble/share/rosidl_generator_cpp/cmake)
[0.384s] -- Using all available rosidl_typesupport_c: rosidl_typesupport_fastrtps_c;rosidl_typesupport_introspection_c
[0.420s] -- Using all available rosidl_typesupport_cpp: rosidl_typesupport_fastrtps_cpp;rosidl_typesupport_introspection_cpp
[0.614s] -- Found eigen3_cmake_module: 0.1.1 (/opt/ros/humble/share/eigen3_cmake_module/cmake)
[0.625s] -- Ensuring Eigen3 include directory is part of orocos-kdl CMake target
[0.744s] -- Found rmw_implementation_cmake: 6.1.2 (/opt/ros/humble/share/rmw_implementation_cmake/cmake)
[0.747s] -- Found rmw_fastrtps_cpp: 6.2.6 (/opt/ros/humble/share/rmw_fastrtps_cpp/cmake)
[0.938s] -- Using RMW implementation 'rmw_fastrtps_cpp' as default
[1.839s] -- Found ament_lint_auto: 0.12.11 (/opt/ros/humble/share/ament_lint_auto/cmake)
[1.945s] -- Added test 'flake8' to check Python code syntax and style conventions
[1.946s] -- Added test 'lint_cmake' to check CMake code style
[1.946s] -- Added test 'pep257' to check Python code against some of the docstring style conventions in PEP 257
[1.948s] -- Added test 'xmllint' to check XML markup files
[1.954s] -- Configuring done
[1.964s] -- Generating done
[1.966s] -- Build files have been written to: /home/apptronik/dev_ws/build/primeberry_one
[1.980s] Invoked command in '/home/apptronik/dev_ws/build/primeberry_one' returned '0': CMAKE_PREFIX_PATH=${CMAKE_PREFIX_PATH}:/home/apptronik/dev_ws/install/readings_and_processing:/opt/ros/humble /usr/bin/cmake /home/apptronik/dev_ws/src/primeberry_one -DAMENT_CMAKE_SYMLINK_INSTALL=1 -DCMAKE_INSTALL_PREFIX=/home/apptronik/dev_ws/install/primeberry_one
[1.980s] Invoking command in '/home/apptronik/dev_ws/build/primeberry_one': CMAKE_PREFIX_PATH=${CMAKE_PREFIX_PATH}:/home/apptronik/dev_ws/install/readings_and_processing:/opt/ros/humble /usr/bin/cmake --build /home/apptronik/dev_ws/build/primeberry_one -- -j2 -l2
[2.032s] Invoked command in '/home/apptronik/dev_ws/build/primeberry_one' returned '0': CMAKE_PREFIX_PATH=${CMAKE_PREFIX_PATH}:/home/apptronik/dev_ws/install/readings_and_processing:/opt/ros/humble /usr/bin/cmake --build /home/apptronik/dev_ws/build/primeberry_one -- -j2 -l2
[2.072s] Invoking command in '/home/apptronik/dev_ws/build/primeberry_one': CMAKE_PREFIX_PATH=${CMAKE_PREFIX_PATH}:/home/apptronik/dev_ws/install/readings_and_processing:/opt/ros/humble /usr/bin/cmake --install /home/apptronik/dev_ws/build/primeberry_one
[2.087s] -- Install configuration: ""
[2.087s] -- Execute custom install script
[2.087s] -- Symlinking: /home/apptronik/dev_ws/install/primeberry_one/share/primeberry_one//launch/launch_sim.launch.py
[2.101s] -- Symlinking: /home/apptronik/dev_ws/install/primeberry_one/share/primeberry_one//launch/rsp.launch.py
[2.112s] -- Symlinking: /home/apptronik/dev_ws/install/primeberry_one/share/primeberry_one//description/gazebo_control.xacro
[2.122s] -- Symlinking: /home/apptronik/dev_ws/install/primeberry_one/share/primeberry_one//description/primeberry_one.urdf.xacro
[2.134s] -- Symlinking: /home/apptronik/dev_ws/install/primeberry_one/share/ament_index/resource_index/package_run_dependencies/primeberry_one
[2.146s] -- Symlinking: /home/apptronik/dev_ws/install/primeberry_one/share/ament_index/resource_index/parent_prefix_path/primeberry_one
[2.158s] -- Symlinking: /home/apptronik/dev_ws/install/primeberry_one/share/primeberry_one/environment/ament_prefix_path.sh
[2.170s] -- Symlinking: /home/apptronik/dev_ws/install/primeberry_one/share/primeberry_one/environment/ament_prefix_path.dsv
[2.181s] -- Symlinking: /home/apptronik/dev_ws/install/primeberry_one/share/primeberry_one/environment/path.sh
[2.192s] -- Symlinking: /home/apptronik/dev_ws/install/primeberry_one/share/primeberry_one/environment/path.dsv
[2.202s] -- Symlinking: /home/apptronik/dev_ws/install/primeberry_one/share/primeberry_one/local_setup.bash
[2.213s] -- Symlinking: /home/apptronik/dev_ws/install/primeberry_one/share/primeberry_one/local_setup.sh
[2.224s] -- Symlinking: /home/apptronik/dev_ws/install/primeberry_one/share/primeberry_one/local_setup.zsh
[2.235s] -- Symlinking: /home/apptronik/dev_ws/install/primeberry_one/share/primeberry_one/local_setup.dsv
[2.246s] -- Symlinking: /home/apptronik/dev_ws/install/primeberry_one/share/primeberry_one/package.dsv
[2.258s] -- Symlinking: /home/apptronik/dev_ws/install/primeberry_one/share/ament_index/resource_index/packages/primeberry_one
[2.270s] -- Symlinking: /home/apptronik/dev_ws/install/primeberry_one/share/primeberry_one/cmake/primeberry_oneConfig.cmake
[2.281s] -- Symlinking: /home/apptronik/dev_ws/install/primeberry_one/share/primeberry_one/cmake/primeberry_oneConfig-version.cmake
[2.292s] -- Symlinking: /home/apptronik/dev_ws/install/primeberry_one/share/primeberry_one/package.xml
[2.305s] Invoked command in '/home/apptronik/dev_ws/build/primeberry_one' returned '0': CMAKE_PREFIX_PATH=${CMAKE_PREFIX_PATH}:/home/apptronik/dev_ws/install/readings_and_processing:/opt/ros/humble /usr/bin/cmake --install /home/apptronik/dev_ws/build/primeberry_one
