[0.143s] DEBUG:colcon:Command line arguments: ['/usr/bin/colcon', 'build']
[0.143s] DEBUG:colcon:Parsed command line arguments: Namespace(log_base=None, log_level=None, verb_name='build', build_base='build', install_base='install', merge_install=False, symlink_install=False, test_result_base=None, continue_on_error=False, executor='parallel', parallel_workers=2, event_handlers=None, ignore_user_meta=False, metas=['./colcon.meta'], base_paths=['.'], packages_ignore=None, packages_ignore_regex=None, paths=None, packages_up_to=None, packages_up_to_regex=None, packages_above=None, packages_above_and_dependencies=None, packages_above_depth=None, packages_select_by_dep=None, packages_skip_by_dep=None, packages_skip_up_to=None, packages_select_build_failed=False, packages_skip_build_finished=False, packages_select_test_failures=False, packages_skip_test_passed=False, packages_select=None, packages_skip=None, packages_select_regex=None, packages_skip_regex=None, packages_start=None, packages_end=None, allow_overriding=[], cmake_args=None, cmake_target=None, cmake_target_skip_unavailable=False, cmake_clean_cache=False, cmake_clean_first=False, cmake_force_configure=False, ament_cmake_args=None, catkin_cmake_args=None, catkin_skip_building_tests=False, mixin_files=None, mixin=None, verb_parser=<colcon_mixin.mixin.mixin_argument.MixinArgumentDecorator object at 0x7f707ad55d20>, verb_extension=<colcon_core.verb.build.BuildVerb object at 0x7f707ad552d0>, main=<bound method BuildVerb.main of <colcon_core.verb.build.BuildVerb object at 0x7f707ad552d0>>, mixin_verb=('build',))
[0.360s] Level 1:colcon.colcon_core.package_discovery:discover_packages(colcon_meta) check parameters
[0.360s] Level 1:colcon.colcon_core.package_discovery:discover_packages(recursive) check parameters
[0.360s] Level 1:colcon.colcon_core.package_discovery:discover_packages(ignore) check parameters
[0.360s] Level 1:colcon.colcon_core.package_discovery:discover_packages(path) check parameters
[0.360s] Level 1:colcon.colcon_core.package_discovery:discover_packages(colcon_meta) discover
[0.360s] Level 1:colcon.colcon_core.package_discovery:discover_packages(recursive) discover
[0.360s] INFO:colcon.colcon_core.package_discovery:Crawling recursively for packages in '/home/apptronik/dev_ws'
[0.360s] Level 1:colcon.colcon_core.package_identification:_identify(.) by extensions ['ignore', 'ignore_ament_install']
[0.361s] Level 1:colcon.colcon_core.package_identification:_identify(.) by extension 'ignore'
[0.361s] Level 1:colcon.colcon_core.package_identification:_identify(.) by extension 'ignore_ament_install'
[0.361s] Level 1:colcon.colcon_core.package_identification:_identify(.) by extensions ['colcon_pkg']
[0.361s] Level 1:colcon.colcon_core.package_identification:_identify(.) by extension 'colcon_pkg'
[0.361s] Level 1:colcon.colcon_core.package_identification:_identify(.) by extensions ['colcon_meta']
[0.361s] Level 1:colcon.colcon_core.package_identification:_identify(.) by extension 'colcon_meta'
[0.361s] Level 1:colcon.colcon_core.package_identification:_identify(.) by extensions ['ros']
[0.361s] Level 1:colcon.colcon_core.package_identification:_identify(.) by extension 'ros'
[0.375s] Level 1:colcon.colcon_core.package_identification:_identify(.) by extensions ['cmake', 'python']
[0.375s] Level 1:colcon.colcon_core.package_identification:_identify(.) by extension 'cmake'
[0.375s] Level 1:colcon.colcon_core.package_identification:_identify(.) by extension 'python'
[0.375s] Level 1:colcon.colcon_core.package_identification:_identify(.) by extensions ['python_setup_py']
[0.375s] Level 1:colcon.colcon_core.package_identification:_identify(.) by extension 'python_setup_py'
[0.376s] Level 1:colcon.colcon_core.package_identification:_identify(build) by extensions ['ignore', 'ignore_ament_install']
[0.376s] Level 1:colcon.colcon_core.package_identification:_identify(build) by extension 'ignore'
[0.376s] Level 1:colcon.colcon_core.package_identification:_identify(build) ignored
[0.376s] Level 1:colcon.colcon_core.package_identification:_identify(install) by extensions ['ignore', 'ignore_ament_install']
[0.376s] Level 1:colcon.colcon_core.package_identification:_identify(install) by extension 'ignore'
[0.376s] Level 1:colcon.colcon_core.package_identification:_identify(install) ignored
[0.376s] Level 1:colcon.colcon_core.package_identification:_identify(log) by extensions ['ignore', 'ignore_ament_install']
[0.376s] Level 1:colcon.colcon_core.package_identification:_identify(log) by extension 'ignore'
[0.376s] Level 1:colcon.colcon_core.package_identification:_identify(log) ignored
[0.377s] Level 1:colcon.colcon_core.package_identification:_identify(src) by extensions ['ignore', 'ignore_ament_install']
[0.377s] Level 1:colcon.colcon_core.package_identification:_identify(src) by extension 'ignore'
[0.377s] Level 1:colcon.colcon_core.package_identification:_identify(src) by extension 'ignore_ament_install'
[0.377s] Level 1:colcon.colcon_core.package_identification:_identify(src) by extensions ['colcon_pkg']
[0.377s] Level 1:colcon.colcon_core.package_identification:_identify(src) by extension 'colcon_pkg'
[0.377s] Level 1:colcon.colcon_core.package_identification:_identify(src) by extensions ['colcon_meta']
[0.377s] Level 1:colcon.colcon_core.package_identification:_identify(src) by extension 'colcon_meta'
[0.377s] Level 1:colcon.colcon_core.package_identification:_identify(src) by extensions ['ros']
[0.377s] Level 1:colcon.colcon_core.package_identification:_identify(src) by extension 'ros'
[0.377s] Level 1:colcon.colcon_core.package_identification:_identify(src) by extensions ['cmake', 'python']
[0.377s] Level 1:colcon.colcon_core.package_identification:_identify(src) by extension 'cmake'
[0.377s] Level 1:colcon.colcon_core.package_identification:_identify(src) by extension 'python'
[0.377s] Level 1:colcon.colcon_core.package_identification:_identify(src) by extensions ['python_setup_py']
[0.377s] Level 1:colcon.colcon_core.package_identification:_identify(src) by extension 'python_setup_py'
[0.377s] Level 1:colcon.colcon_core.package_identification:_identify(src/primeberry) by extensions ['ignore', 'ignore_ament_install']
[0.377s] Level 1:colcon.colcon_core.package_identification:_identify(src/primeberry) by extension 'ignore'
[0.378s] Level 1:colcon.colcon_core.package_identification:_identify(src/primeberry) by extension 'ignore_ament_install'
[0.378s] Level 1:colcon.colcon_core.package_identification:_identify(src/primeberry) by extensions ['colcon_pkg']
[0.378s] Level 1:colcon.colcon_core.package_identification:_identify(src/primeberry) by extension 'colcon_pkg'
[0.378s] Level 1:colcon.colcon_core.package_identification:_identify(src/primeberry) by extensions ['colcon_meta']
[0.378s] Level 1:colcon.colcon_core.package_identification:_identify(src/primeberry) by extension 'colcon_meta'
[0.378s] Level 1:colcon.colcon_core.package_identification:_identify(src/primeberry) by extensions ['ros']
[0.378s] Level 1:colcon.colcon_core.package_identification:_identify(src/primeberry) by extension 'ros'
[0.381s] DEBUG:colcon.colcon_core.package_identification:Package 'src/primeberry' with type 'ros.ament_cmake' and name 'primeberry'
[0.381s] Level 1:colcon.colcon_core.package_identification:_identify(src/primeberry_one) by extensions ['ignore', 'ignore_ament_install']
[0.381s] Level 1:colcon.colcon_core.package_identification:_identify(src/primeberry_one) by extension 'ignore'
[0.381s] Level 1:colcon.colcon_core.package_identification:_identify(src/primeberry_one) by extension 'ignore_ament_install'
[0.381s] Level 1:colcon.colcon_core.package_identification:_identify(src/primeberry_one) by extensions ['colcon_pkg']
[0.381s] Level 1:colcon.colcon_core.package_identification:_identify(src/primeberry_one) by extension 'colcon_pkg'
[0.381s] Level 1:colcon.colcon_core.package_identification:_identify(src/primeberry_one) by extensions ['colcon_meta']
[0.381s] Level 1:colcon.colcon_core.package_identification:_identify(src/primeberry_one) by extension 'colcon_meta'
[0.382s] Level 1:colcon.colcon_core.package_identification:_identify(src/primeberry_one) by extensions ['ros']
[0.382s] Level 1:colcon.colcon_core.package_identification:_identify(src/primeberry_one) by extension 'ros'
[0.383s] DEBUG:colcon.colcon_core.package_identification:Package 'src/primeberry_one' with type 'ros.ament_cmake' and name 'primeberry_one'
[0.383s] Level 1:colcon.colcon_core.package_identification:_identify(src/primeberry_two) by extensions ['ignore', 'ignore_ament_install']
[0.383s] Level 1:colcon.colcon_core.package_identification:_identify(src/primeberry_two) by extension 'ignore'
[0.383s] Level 1:colcon.colcon_core.package_identification:_identify(src/primeberry_two) by extension 'ignore_ament_install'
[0.383s] Level 1:colcon.colcon_core.package_identification:_identify(src/primeberry_two) by extensions ['colcon_pkg']
[0.383s] Level 1:colcon.colcon_core.package_identification:_identify(src/primeberry_two) by extension 'colcon_pkg'
[0.383s] Level 1:colcon.colcon_core.package_identification:_identify(src/primeberry_two) by extensions ['colcon_meta']
[0.383s] Level 1:colcon.colcon_core.package_identification:_identify(src/primeberry_two) by extension 'colcon_meta'
[0.383s] Level 1:colcon.colcon_core.package_identification:_identify(src/primeberry_two) by extensions ['ros']
[0.383s] Level 1:colcon.colcon_core.package_identification:_identify(src/primeberry_two) by extension 'ros'
[0.384s] DEBUG:colcon.colcon_core.package_identification:Package 'src/primeberry_two' with type 'ros.ament_cmake' and name 'primeberry_two'
[0.384s] Level 1:colcon.colcon_core.package_identification:_identify(src/readings_and_processing) by extensions ['ignore', 'ignore_ament_install']
[0.385s] Level 1:colcon.colcon_core.package_identification:_identify(src/readings_and_processing) by extension 'ignore'
[0.385s] Level 1:colcon.colcon_core.package_identification:_identify(src/readings_and_processing) by extension 'ignore_ament_install'
[0.385s] Level 1:colcon.colcon_core.package_identification:_identify(src/readings_and_processing) by extensions ['colcon_pkg']
[0.385s] Level 1:colcon.colcon_core.package_identification:_identify(src/readings_and_processing) by extension 'colcon_pkg'
[0.385s] Level 1:colcon.colcon_core.package_identification:_identify(src/readings_and_processing) by extensions ['colcon_meta']
[0.385s] Level 1:colcon.colcon_core.package_identification:_identify(src/readings_and_processing) by extension 'colcon_meta'
[0.385s] Level 1:colcon.colcon_core.package_identification:_identify(src/readings_and_processing) by extensions ['ros']
[0.385s] Level 1:colcon.colcon_core.package_identification:_identify(src/readings_and_processing) by extension 'ros'
[0.386s] DEBUG:colcon.colcon_core.package_identification:Package 'src/readings_and_processing' with type 'ros.ament_python' and name 'readings_and_processing'
[0.386s] Level 1:colcon.colcon_core.package_discovery:discover_packages(recursive) using defaults
[0.386s] Level 1:colcon.colcon_core.package_discovery:discover_packages(ignore) discover
[0.386s] Level 1:colcon.colcon_core.package_discovery:discover_packages(ignore) using defaults
[0.386s] Level 1:colcon.colcon_core.package_discovery:discover_packages(path) discover
[0.386s] Level 1:colcon.colcon_core.package_discovery:discover_packages(path) using defaults
[0.411s] Level 1:colcon.colcon_core.package_discovery:discover_packages(prefix_path) check parameters
[0.411s] Level 1:colcon.colcon_core.package_discovery:discover_packages(prefix_path) discover
[0.413s] DEBUG:colcon.colcon_installed_package_information.package_discovery:Found 4 installed packages in /home/apptronik/dev_ws/install
[0.415s] DEBUG:colcon.colcon_installed_package_information.package_discovery:Found 293 installed packages in /opt/ros/humble
[0.431s] Level 1:colcon.colcon_core.package_discovery:discover_packages(prefix_path) using defaults
[0.483s] Level 5:colcon.colcon_core.verb:set package 'primeberry' build argument 'cmake_args' from command line to 'None'
[0.483s] Level 5:colcon.colcon_core.verb:set package 'primeberry' build argument 'cmake_target' from command line to 'None'
[0.483s] Level 5:colcon.colcon_core.verb:set package 'primeberry' build argument 'cmake_target_skip_unavailable' from command line to 'False'
[0.483s] Level 5:colcon.colcon_core.verb:set package 'primeberry' build argument 'cmake_clean_cache' from command line to 'False'
[0.483s] Level 5:colcon.colcon_core.verb:set package 'primeberry' build argument 'cmake_clean_first' from command line to 'False'
[0.483s] Level 5:colcon.colcon_core.verb:set package 'primeberry' build argument 'cmake_force_configure' from command line to 'False'
[0.484s] Level 5:colcon.colcon_core.verb:set package 'primeberry' build argument 'ament_cmake_args' from command line to 'None'
[0.484s] Level 5:colcon.colcon_core.verb:set package 'primeberry' build argument 'catkin_cmake_args' from command line to 'None'
[0.484s] Level 5:colcon.colcon_core.verb:set package 'primeberry' build argument 'catkin_skip_building_tests' from command line to 'False'
[0.484s] DEBUG:colcon.colcon_core.verb:Building package 'primeberry' with the following arguments: {'ament_cmake_args': None, 'build_base': '/home/apptronik/dev_ws/build/primeberry', 'catkin_cmake_args': None, 'catkin_skip_building_tests': False, 'cmake_args': None, 'cmake_clean_cache': False, 'cmake_clean_first': False, 'cmake_force_configure': False, 'cmake_target': None, 'cmake_target_skip_unavailable': False, 'install_base': '/home/apptronik/dev_ws/install/primeberry', 'merge_install': False, 'path': '/home/apptronik/dev_ws/src/primeberry', 'symlink_install': False, 'test_result_base': None}
[0.484s] Level 5:colcon.colcon_core.verb:set package 'primeberry_one' build argument 'cmake_args' from command line to 'None'
[0.484s] Level 5:colcon.colcon_core.verb:set package 'primeberry_one' build argument 'cmake_target' from command line to 'None'
[0.484s] Level 5:colcon.colcon_core.verb:set package 'primeberry_one' build argument 'cmake_target_skip_unavailable' from command line to 'False'
[0.484s] Level 5:colcon.colcon_core.verb:set package 'primeberry_one' build argument 'cmake_clean_cache' from command line to 'False'
[0.484s] Level 5:colcon.colcon_core.verb:set package 'primeberry_one' build argument 'cmake_clean_first' from command line to 'False'
[0.484s] Level 5:colcon.colcon_core.verb:set package 'primeberry_one' build argument 'cmake_force_configure' from command line to 'False'
[0.484s] Level 5:colcon.colcon_core.verb:set package 'primeberry_one' build argument 'ament_cmake_args' from command line to 'None'
[0.484s] Level 5:colcon.colcon_core.verb:set package 'primeberry_one' build argument 'catkin_cmake_args' from command line to 'None'
[0.484s] Level 5:colcon.colcon_core.verb:set package 'primeberry_one' build argument 'catkin_skip_building_tests' from command line to 'False'
[0.484s] DEBUG:colcon.colcon_core.verb:Building package 'primeberry_one' with the following arguments: {'ament_cmake_args': None, 'build_base': '/home/apptronik/dev_ws/build/primeberry_one', 'catkin_cmake_args': None, 'catkin_skip_building_tests': False, 'cmake_args': None, 'cmake_clean_cache': False, 'cmake_clean_first': False, 'cmake_force_configure': False, 'cmake_target': None, 'cmake_target_skip_unavailable': False, 'install_base': '/home/apptronik/dev_ws/install/primeberry_one', 'merge_install': False, 'path': '/home/apptronik/dev_ws/src/primeberry_one', 'symlink_install': False, 'test_result_base': None}
[0.485s] Level 5:colcon.colcon_core.verb:set package 'primeberry_two' build argument 'cmake_args' from command line to 'None'
[0.485s] Level 5:colcon.colcon_core.verb:set package 'primeberry_two' build argument 'cmake_target' from command line to 'None'
[0.485s] Level 5:colcon.colcon_core.verb:set package 'primeberry_two' build argument 'cmake_target_skip_unavailable' from command line to 'False'
[0.485s] Level 5:colcon.colcon_core.verb:set package 'primeberry_two' build argument 'cmake_clean_cache' from command line to 'False'
[0.485s] Level 5:colcon.colcon_core.verb:set package 'primeberry_two' build argument 'cmake_clean_first' from command line to 'False'
[0.485s] Level 5:colcon.colcon_core.verb:set package 'primeberry_two' build argument 'cmake_force_configure' from command line to 'False'
[0.485s] Level 5:colcon.colcon_core.verb:set package 'primeberry_two' build argument 'ament_cmake_args' from command line to 'None'
[0.485s] Level 5:colcon.colcon_core.verb:set package 'primeberry_two' build argument 'catkin_cmake_args' from command line to 'None'
[0.485s] Level 5:colcon.colcon_core.verb:set package 'primeberry_two' build argument 'catkin_skip_building_tests' from command line to 'False'
[0.485s] DEBUG:colcon.colcon_core.verb:Building package 'primeberry_two' with the following arguments: {'ament_cmake_args': None, 'build_base': '/home/apptronik/dev_ws/build/primeberry_two', 'catkin_cmake_args': None, 'catkin_skip_building_tests': False, 'cmake_args': None, 'cmake_clean_cache': False, 'cmake_clean_first': False, 'cmake_force_configure': False, 'cmake_target': None, 'cmake_target_skip_unavailable': False, 'install_base': '/home/apptronik/dev_ws/install/primeberry_two', 'merge_install': False, 'path': '/home/apptronik/dev_ws/src/primeberry_two', 'symlink_install': False, 'test_result_base': None}
[0.486s] Level 5:colcon.colcon_core.verb:set package 'readings_and_processing' build argument 'cmake_args' from command line to 'None'
[0.486s] Level 5:colcon.colcon_core.verb:set package 'readings_and_processing' build argument 'cmake_target' from command line to 'None'
[0.486s] Level 5:colcon.colcon_core.verb:set package 'readings_and_processing' build argument 'cmake_target_skip_unavailable' from command line to 'False'
[0.486s] Level 5:colcon.colcon_core.verb:set package 'readings_and_processing' build argument 'cmake_clean_cache' from command line to 'False'
[0.486s] Level 5:colcon.colcon_core.verb:set package 'readings_and_processing' build argument 'cmake_clean_first' from command line to 'False'
[0.486s] Level 5:colcon.colcon_core.verb:set package 'readings_and_processing' build argument 'cmake_force_configure' from command line to 'False'
[0.486s] Level 5:colcon.colcon_core.verb:set package 'readings_and_processing' build argument 'ament_cmake_args' from command line to 'None'
[0.486s] Level 5:colcon.colcon_core.verb:set package 'readings_and_processing' build argument 'catkin_cmake_args' from command line to 'None'
[0.486s] Level 5:colcon.colcon_core.verb:set package 'readings_and_processing' build argument 'catkin_skip_building_tests' from command line to 'False'
[0.486s] DEBUG:colcon.colcon_core.verb:Building package 'readings_and_processing' with the following arguments: {'ament_cmake_args': None, 'build_base': '/home/apptronik/dev_ws/build/readings_and_processing', 'catkin_cmake_args': None, 'catkin_skip_building_tests': False, 'cmake_args': None, 'cmake_clean_cache': False, 'cmake_clean_first': False, 'cmake_force_configure': False, 'cmake_target': None, 'cmake_target_skip_unavailable': False, 'install_base': '/home/apptronik/dev_ws/install/readings_and_processing', 'merge_install': False, 'path': '/home/apptronik/dev_ws/src/readings_and_processing', 'symlink_install': False, 'test_result_base': None}
[0.486s] INFO:colcon.colcon_core.executor:Executing jobs using 'parallel' executor
[0.487s] DEBUG:colcon.colcon_parallel_executor.executor.parallel:run_until_complete
[0.488s] INFO:colcon.colcon_ros.task.ament_cmake.build:Building ROS package in '/home/apptronik/dev_ws/src/primeberry' with build type 'ament_cmake'
[0.488s] INFO:colcon.colcon_cmake.task.cmake.build:Building CMake package in '/home/apptronik/dev_ws/src/primeberry'
[0.490s] INFO:colcon.colcon_core.plugin_system:Skipping extension 'colcon_core.shell.bat': Not used on non-Windows systems
[0.491s] INFO:colcon.colcon_core.shell:Skip shell extension 'powershell' for command environment: Not usable outside of PowerShell
[0.491s] DEBUG:colcon.colcon_core.shell:Skip shell extension 'dsv' for command environment
[0.496s] INFO:colcon.colcon_ros.task.ament_cmake.build:Building ROS package in '/home/apptronik/dev_ws/src/primeberry_one' with build type 'ament_cmake'
[0.496s] INFO:colcon.colcon_cmake.task.cmake.build:Building CMake package in '/home/apptronik/dev_ws/src/primeberry_one'
[0.496s] INFO:colcon.colcon_core.shell:Skip shell extension 'powershell' for command environment: Not usable outside of PowerShell
[0.497s] DEBUG:colcon.colcon_core.shell:Skip shell extension 'dsv' for command environment
[0.511s] DEBUG:colcon.colcon_core.event_handler.log_command:Invoking command in '/home/apptronik/dev_ws/build/primeberry': CMAKE_PREFIX_PATH=${CMAKE_PREFIX_PATH}:/opt/ros/humble /usr/bin/cmake --build /home/apptronik/dev_ws/build/primeberry -- -j2 -l2
[0.525s] DEBUG:colcon.colcon_core.event_handler.log_command:Invoking command in '/home/apptronik/dev_ws/build/primeberry_one': CMAKE_PREFIX_PATH=${CMAKE_PREFIX_PATH}:/opt/ros/humble /usr/bin/cmake --build /home/apptronik/dev_ws/build/primeberry_one -- -j2 -l2
[0.576s] DEBUG:colcon.colcon_core.event_handler.log_command:Invoked command in '/home/apptronik/dev_ws/build/primeberry' returned '0': CMAKE_PREFIX_PATH=${CMAKE_PREFIX_PATH}:/opt/ros/humble /usr/bin/cmake --build /home/apptronik/dev_ws/build/primeberry -- -j2 -l2
[0.605s] DEBUG:colcon.colcon_core.event_handler.log_command:Invoked command in '/home/apptronik/dev_ws/build/primeberry_one' returned '0': CMAKE_PREFIX_PATH=${CMAKE_PREFIX_PATH}:/opt/ros/humble /usr/bin/cmake --build /home/apptronik/dev_ws/build/primeberry_one -- -j2 -l2
[0.646s] DEBUG:colcon.colcon_core.event_handler.log_command:Invoking command in '/home/apptronik/dev_ws/build/primeberry': CMAKE_PREFIX_PATH=${CMAKE_PREFIX_PATH}:/opt/ros/humble /usr/bin/cmake --install /home/apptronik/dev_ws/build/primeberry
[0.649s] DEBUG:colcon.colcon_core.event_handler.log_command:Invoking command in '/home/apptronik/dev_ws/build/primeberry_one': CMAKE_PREFIX_PATH=${CMAKE_PREFIX_PATH}:/opt/ros/humble /usr/bin/cmake --install /home/apptronik/dev_ws/build/primeberry_one
[0.682s] Level 1:colcon.colcon_core.environment:create_environment_scripts_only(primeberry)
[0.686s] DEBUG:colcon.colcon_core.event_handler.log_command:Invoked command in '/home/apptronik/dev_ws/build/primeberry' returned '0': CMAKE_PREFIX_PATH=${CMAKE_PREFIX_PATH}:/opt/ros/humble /usr/bin/cmake --install /home/apptronik/dev_ws/build/primeberry
[0.690s] Level 1:colcon.colcon_core.environment:checking '/home/apptronik/dev_ws/install/primeberry' for CMake module files
[0.690s] Level 1:colcon.colcon_core.environment:checking '/home/apptronik/dev_ws/install/primeberry' for CMake config files
[0.690s] Level 1:colcon.colcon_core.shell:create_environment_hook('primeberry', 'cmake_prefix_path')
[0.691s] INFO:colcon.colcon_core.shell:Creating environment hook '/home/apptronik/dev_ws/install/primeberry/share/primeberry/hook/cmake_prefix_path.ps1'
[0.691s] INFO:colcon.colcon_core.shell:Creating environment descriptor '/home/apptronik/dev_ws/install/primeberry/share/primeberry/hook/cmake_prefix_path.dsv'
[0.692s] INFO:colcon.colcon_core.shell:Creating environment hook '/home/apptronik/dev_ws/install/primeberry/share/primeberry/hook/cmake_prefix_path.sh'
[0.695s] Level 1:colcon.colcon_core.environment:checking '/home/apptronik/dev_ws/install/primeberry/bin'
[0.695s] Level 1:colcon.colcon_core.environment:checking '/home/apptronik/dev_ws/install/primeberry/lib/pkgconfig/primeberry.pc'
[0.695s] Level 1:colcon.colcon_core.environment:checking '/home/apptronik/dev_ws/install/primeberry/lib/python3.10/site-packages'
[0.696s] Level 1:colcon.colcon_core.environment:checking '/home/apptronik/dev_ws/install/primeberry/bin'
[0.698s] INFO:colcon.colcon_core.shell:Creating package script '/home/apptronik/dev_ws/install/primeberry/share/primeberry/package.ps1'
[0.699s] INFO:colcon.colcon_core.shell:Creating package descriptor '/home/apptronik/dev_ws/install/primeberry/share/primeberry/package.dsv'
[0.700s] INFO:colcon.colcon_core.shell:Creating package script '/home/apptronik/dev_ws/install/primeberry/share/primeberry/package.sh'
[0.701s] INFO:colcon.colcon_core.shell:Creating package script '/home/apptronik/dev_ws/install/primeberry/share/primeberry/package.bash'
[0.702s] INFO:colcon.colcon_core.shell:Creating package script '/home/apptronik/dev_ws/install/primeberry/share/primeberry/package.zsh'
[0.703s] Level 1:colcon.colcon_core.environment:create_file_with_runtime_dependencies(/home/apptronik/dev_ws/install/primeberry/share/colcon-core/packages/primeberry)
[0.713s] Level 1:colcon.colcon_core.environment:create_environment_scripts_only(primeberry_one)
[0.715s] Level 1:colcon.colcon_core.environment:checking '/home/apptronik/dev_ws/install/primeberry_one' for CMake module files
[0.714s] DEBUG:colcon.colcon_core.event_handler.log_command:Invoked command in '/home/apptronik/dev_ws/build/primeberry_one' returned '0': CMAKE_PREFIX_PATH=${CMAKE_PREFIX_PATH}:/opt/ros/humble /usr/bin/cmake --install /home/apptronik/dev_ws/build/primeberry_one
[0.716s] Level 1:colcon.colcon_core.environment:checking '/home/apptronik/dev_ws/install/primeberry_one' for CMake config files
[0.716s] Level 1:colcon.colcon_core.shell:create_environment_hook('primeberry_one', 'cmake_prefix_path')
[0.717s] INFO:colcon.colcon_core.shell:Creating environment hook '/home/apptronik/dev_ws/install/primeberry_one/share/primeberry_one/hook/cmake_prefix_path.ps1'
[0.718s] INFO:colcon.colcon_core.shell:Creating environment descriptor '/home/apptronik/dev_ws/install/primeberry_one/share/primeberry_one/hook/cmake_prefix_path.dsv'
[0.728s] INFO:colcon.colcon_core.shell:Creating environment hook '/home/apptronik/dev_ws/install/primeberry_one/share/primeberry_one/hook/cmake_prefix_path.sh'
[0.730s] Level 1:colcon.colcon_core.environment:checking '/home/apptronik/dev_ws/install/primeberry_one/bin'
[0.730s] Level 1:colcon.colcon_core.environment:checking '/home/apptronik/dev_ws/install/primeberry_one/lib/pkgconfig/primeberry_one.pc'
[0.731s] Level 1:colcon.colcon_core.environment:checking '/home/apptronik/dev_ws/install/primeberry_one/lib/python3.10/site-packages'
[0.733s] Level 1:colcon.colcon_core.environment:checking '/home/apptronik/dev_ws/install/primeberry_one/bin'
[0.733s] INFO:colcon.colcon_core.shell:Creating package script '/home/apptronik/dev_ws/install/primeberry_one/share/primeberry_one/package.ps1'
[0.735s] INFO:colcon.colcon_core.shell:Creating package descriptor '/home/apptronik/dev_ws/install/primeberry_one/share/primeberry_one/package.dsv'
[0.737s] INFO:colcon.colcon_core.shell:Creating package script '/home/apptronik/dev_ws/install/primeberry_one/share/primeberry_one/package.sh'
[0.741s] INFO:colcon.colcon_core.shell:Creating package script '/home/apptronik/dev_ws/install/primeberry_one/share/primeberry_one/package.bash'
[0.741s] INFO:colcon.colcon_core.shell:Creating package script '/home/apptronik/dev_ws/install/primeberry_one/share/primeberry_one/package.zsh'
[0.742s] Level 1:colcon.colcon_core.environment:create_file_with_runtime_dependencies(/home/apptronik/dev_ws/install/primeberry_one/share/colcon-core/packages/primeberry_one)
[0.756s] Level 1:colcon.colcon_core.environment:create_environment_scripts_only(primeberry)
[0.757s] Level 1:colcon.colcon_core.environment:checking '/home/apptronik/dev_ws/install/primeberry' for CMake module files
[0.759s] Level 1:colcon.colcon_core.environment:checking '/home/apptronik/dev_ws/install/primeberry' for CMake config files
[0.759s] Level 1:colcon.colcon_core.shell:create_environment_hook('primeberry', 'cmake_prefix_path')
[0.764s] INFO:colcon.colcon_core.shell:Creating environment hook '/home/apptronik/dev_ws/install/primeberry/share/primeberry/hook/cmake_prefix_path.ps1'
[0.764s] INFO:colcon.colcon_core.shell:Creating environment descriptor '/home/apptronik/dev_ws/install/primeberry/share/primeberry/hook/cmake_prefix_path.dsv'
[0.767s] INFO:colcon.colcon_core.shell:Creating environment hook '/home/apptronik/dev_ws/install/primeberry/share/primeberry/hook/cmake_prefix_path.sh'
[0.772s] Level 1:colcon.colcon_core.environment:checking '/home/apptronik/dev_ws/install/primeberry/bin'
[0.772s] Level 1:colcon.colcon_core.environment:checking '/home/apptronik/dev_ws/install/primeberry/lib/pkgconfig/primeberry.pc'
[0.773s] Level 1:colcon.colcon_core.environment:checking '/home/apptronik/dev_ws/install/primeberry/lib/python3.10/site-packages'
[0.773s] Level 1:colcon.colcon_core.environment:checking '/home/apptronik/dev_ws/install/primeberry/bin'
[0.778s] INFO:colcon.colcon_core.shell:Creating package script '/home/apptronik/dev_ws/install/primeberry/share/primeberry/package.ps1'
[0.784s] INFO:colcon.colcon_core.shell:Creating package descriptor '/home/apptronik/dev_ws/install/primeberry/share/primeberry/package.dsv'
[0.784s] INFO:colcon.colcon_core.shell:Creating package script '/home/apptronik/dev_ws/install/primeberry/share/primeberry/package.sh'
[0.791s] INFO:colcon.colcon_core.shell:Creating package script '/home/apptronik/dev_ws/install/primeberry/share/primeberry/package.bash'
[0.791s] INFO:colcon.colcon_core.shell:Creating package script '/home/apptronik/dev_ws/install/primeberry/share/primeberry/package.zsh'
[0.792s] Level 1:colcon.colcon_core.environment:create_file_with_runtime_dependencies(/home/apptronik/dev_ws/install/primeberry/share/colcon-core/packages/primeberry)
[0.793s] INFO:colcon.colcon_ros.task.ament_cmake.build:Building ROS package in '/home/apptronik/dev_ws/src/primeberry_two' with build type 'ament_cmake'
[0.793s] INFO:colcon.colcon_cmake.task.cmake.build:Building CMake package in '/home/apptronik/dev_ws/src/primeberry_two'
[0.793s] INFO:colcon.colcon_core.shell:Skip shell extension 'powershell' for command environment: Not usable outside of PowerShell
[0.793s] DEBUG:colcon.colcon_core.shell:Skip shell extension 'dsv' for command environment
[0.800s] Level 1:colcon.colcon_core.environment:create_environment_scripts_only(primeberry_one)
[0.801s] Level 1:colcon.colcon_core.environment:checking '/home/apptronik/dev_ws/install/primeberry_one' for CMake module files
[0.801s] Level 1:colcon.colcon_core.environment:checking '/home/apptronik/dev_ws/install/primeberry_one' for CMake config files
[0.802s] Level 1:colcon.colcon_core.shell:create_environment_hook('primeberry_one', 'cmake_prefix_path')
[0.802s] INFO:colcon.colcon_core.shell:Creating environment hook '/home/apptronik/dev_ws/install/primeberry_one/share/primeberry_one/hook/cmake_prefix_path.ps1'
[0.803s] INFO:colcon.colcon_core.shell:Creating environment descriptor '/home/apptronik/dev_ws/install/primeberry_one/share/primeberry_one/hook/cmake_prefix_path.dsv'
[0.804s] INFO:colcon.colcon_core.shell:Creating environment hook '/home/apptronik/dev_ws/install/primeberry_one/share/primeberry_one/hook/cmake_prefix_path.sh'
[0.805s] Level 1:colcon.colcon_core.environment:checking '/home/apptronik/dev_ws/install/primeberry_one/bin'
[0.806s] Level 1:colcon.colcon_core.environment:checking '/home/apptronik/dev_ws/install/primeberry_one/lib/pkgconfig/primeberry_one.pc'
[0.806s] Level 1:colcon.colcon_core.environment:checking '/home/apptronik/dev_ws/install/primeberry_one/lib/python3.10/site-packages'
[0.806s] Level 1:colcon.colcon_core.environment:checking '/home/apptronik/dev_ws/install/primeberry_one/bin'
[0.807s] INFO:colcon.colcon_core.shell:Creating package script '/home/apptronik/dev_ws/install/primeberry_one/share/primeberry_one/package.ps1'
[0.808s] INFO:colcon.colcon_core.shell:Creating package descriptor '/home/apptronik/dev_ws/install/primeberry_one/share/primeberry_one/package.dsv'
[0.809s] INFO:colcon.colcon_core.shell:Creating package script '/home/apptronik/dev_ws/install/primeberry_one/share/primeberry_one/package.sh'
[0.811s] INFO:colcon.colcon_core.shell:Creating package script '/home/apptronik/dev_ws/install/primeberry_one/share/primeberry_one/package.bash'
[0.812s] INFO:colcon.colcon_core.shell:Creating package script '/home/apptronik/dev_ws/install/primeberry_one/share/primeberry_one/package.zsh'
[0.813s] Level 1:colcon.colcon_core.environment:create_file_with_runtime_dependencies(/home/apptronik/dev_ws/install/primeberry_one/share/colcon-core/packages/primeberry_one)
[0.816s] INFO:colcon.colcon_ros.task.ament_python.build:Building ROS package in '/home/apptronik/dev_ws/src/readings_and_processing' with build type 'ament_python'
[0.817s] Level 1:colcon.colcon_core.shell:create_environment_hook('readings_and_processing', 'ament_prefix_path')
[0.817s] INFO:colcon.colcon_core.shell:Creating environment hook '/home/apptronik/dev_ws/install/readings_and_processing/share/readings_and_processing/hook/ament_prefix_path.ps1'
[0.818s] INFO:colcon.colcon_core.shell:Creating environment descriptor '/home/apptronik/dev_ws/install/readings_and_processing/share/readings_and_processing/hook/ament_prefix_path.dsv'
[0.819s] INFO:colcon.colcon_core.shell:Creating environment hook '/home/apptronik/dev_ws/install/readings_and_processing/share/readings_and_processing/hook/ament_prefix_path.sh'
[0.820s] INFO:colcon.colcon_core.shell:Skip shell extension 'powershell' for command environment: Not usable outside of PowerShell
[0.820s] DEBUG:colcon.colcon_core.shell:Skip shell extension 'dsv' for command environment
[0.833s] DEBUG:colcon.colcon_core.event_handler.log_command:Invoking command in '/home/apptronik/dev_ws/build/primeberry_two': CMAKE_PREFIX_PATH=${CMAKE_PREFIX_PATH}:/opt/ros/humble /usr/bin/cmake --build /home/apptronik/dev_ws/build/primeberry_two -- -j2 -l2
[1.256s] INFO:colcon.colcon_core.task.python.build:Building Python package in '/home/apptronik/dev_ws/src/readings_and_processing'
[1.256s] INFO:colcon.colcon_core.shell:Skip shell extension 'powershell' for command environment: Not usable outside of PowerShell
[1.256s] DEBUG:colcon.colcon_core.shell:Skip shell extension 'dsv' for command environment
[1.264s] DEBUG:colcon.colcon_core.event_handler.log_command:Invoked command in '/home/apptronik/dev_ws/build/primeberry_two' returned '0': CMAKE_PREFIX_PATH=${CMAKE_PREFIX_PATH}:/opt/ros/humble /usr/bin/cmake --build /home/apptronik/dev_ws/build/primeberry_two -- -j2 -l2
[1.301s] DEBUG:colcon.colcon_core.event_handler.log_command:Invoking command in '/home/apptronik/dev_ws/build/primeberry_two': CMAKE_PREFIX_PATH=${CMAKE_PREFIX_PATH}:/opt/ros/humble /usr/bin/cmake --install /home/apptronik/dev_ws/build/primeberry_two
[1.338s] Level 1:colcon.colcon_core.environment:create_environment_scripts_only(primeberry_two)
[1.338s] Level 1:colcon.colcon_core.environment:checking '/home/apptronik/dev_ws/install/primeberry_two' for CMake module files
[1.339s] Level 1:colcon.colcon_core.environment:checking '/home/apptronik/dev_ws/install/primeberry_two' for CMake config files
[1.339s] Level 1:colcon.colcon_core.shell:create_environment_hook('primeberry_two', 'cmake_prefix_path')
[1.340s] INFO:colcon.colcon_core.shell:Creating environment hook '/home/apptronik/dev_ws/install/primeberry_two/share/primeberry_two/hook/cmake_prefix_path.ps1'
[1.341s] DEBUG:colcon.colcon_core.event_handler.log_command:Invoked command in '/home/apptronik/dev_ws/build/primeberry_two' returned '0': CMAKE_PREFIX_PATH=${CMAKE_PREFIX_PATH}:/opt/ros/humble /usr/bin/cmake --install /home/apptronik/dev_ws/build/primeberry_two
[1.341s] INFO:colcon.colcon_core.shell:Creating environment descriptor '/home/apptronik/dev_ws/install/primeberry_two/share/primeberry_two/hook/cmake_prefix_path.dsv'
[1.342s] INFO:colcon.colcon_core.shell:Creating environment hook '/home/apptronik/dev_ws/install/primeberry_two/share/primeberry_two/hook/cmake_prefix_path.sh'
[1.343s] Level 1:colcon.colcon_core.environment:checking '/home/apptronik/dev_ws/install/primeberry_two/bin'
[1.344s] Level 1:colcon.colcon_core.environment:checking '/home/apptronik/dev_ws/install/primeberry_two/lib/pkgconfig/primeberry_two.pc'
[1.344s] Level 1:colcon.colcon_core.environment:checking '/home/apptronik/dev_ws/install/primeberry_two/lib/python3.10/site-packages'
[1.344s] Level 1:colcon.colcon_core.environment:checking '/home/apptronik/dev_ws/install/primeberry_two/bin'
[1.345s] INFO:colcon.colcon_core.shell:Creating package script '/home/apptronik/dev_ws/install/primeberry_two/share/primeberry_two/package.ps1'
[1.346s] INFO:colcon.colcon_core.shell:Creating package descriptor '/home/apptronik/dev_ws/install/primeberry_two/share/primeberry_two/package.dsv'
[1.347s] INFO:colcon.colcon_core.shell:Creating package script '/home/apptronik/dev_ws/install/primeberry_two/share/primeberry_two/package.sh'
[1.347s] INFO:colcon.colcon_core.shell:Creating package script '/home/apptronik/dev_ws/install/primeberry_two/share/primeberry_two/package.bash'
[1.348s] INFO:colcon.colcon_core.shell:Creating package script '/home/apptronik/dev_ws/install/primeberry_two/share/primeberry_two/package.zsh'
[1.349s] Level 1:colcon.colcon_core.environment:create_file_with_runtime_dependencies(/home/apptronik/dev_ws/install/primeberry_two/share/colcon-core/packages/primeberry_two)
[1.382s] Level 1:colcon.colcon_core.environment:create_environment_scripts_only(primeberry_two)
[1.383s] Level 1:colcon.colcon_core.environment:checking '/home/apptronik/dev_ws/install/primeberry_two' for CMake module files
[1.383s] Level 1:colcon.colcon_core.environment:checking '/home/apptronik/dev_ws/install/primeberry_two' for CMake config files
[1.384s] Level 1:colcon.colcon_core.shell:create_environment_hook('primeberry_two', 'cmake_prefix_path')
[1.384s] INFO:colcon.colcon_core.shell:Creating environment hook '/home/apptronik/dev_ws/install/primeberry_two/share/primeberry_two/hook/cmake_prefix_path.ps1'
[1.385s] INFO:colcon.colcon_core.shell:Creating environment descriptor '/home/apptronik/dev_ws/install/primeberry_two/share/primeberry_two/hook/cmake_prefix_path.dsv'
[1.385s] INFO:colcon.colcon_core.shell:Creating environment hook '/home/apptronik/dev_ws/install/primeberry_two/share/primeberry_two/hook/cmake_prefix_path.sh'
[1.386s] Level 1:colcon.colcon_core.environment:checking '/home/apptronik/dev_ws/install/primeberry_two/bin'
[1.386s] Level 1:colcon.colcon_core.environment:checking '/home/apptronik/dev_ws/install/primeberry_two/lib/pkgconfig/primeberry_two.pc'
[1.387s] Level 1:colcon.colcon_core.environment:checking '/home/apptronik/dev_ws/install/primeberry_two/lib/python3.10/site-packages'
[1.387s] Level 1:colcon.colcon_core.environment:checking '/home/apptronik/dev_ws/install/primeberry_two/bin'
[1.388s] INFO:colcon.colcon_core.shell:Creating package script '/home/apptronik/dev_ws/install/primeberry_two/share/primeberry_two/package.ps1'
[1.389s] INFO:colcon.colcon_core.shell:Creating package descriptor '/home/apptronik/dev_ws/install/primeberry_two/share/primeberry_two/package.dsv'
[1.389s] INFO:colcon.colcon_core.shell:Creating package script '/home/apptronik/dev_ws/install/primeberry_two/share/primeberry_two/package.sh'
[1.390s] INFO:colcon.colcon_core.shell:Creating package script '/home/apptronik/dev_ws/install/primeberry_two/share/primeberry_two/package.bash'
[1.391s] INFO:colcon.colcon_core.shell:Creating package script '/home/apptronik/dev_ws/install/primeberry_two/share/primeberry_two/package.zsh'
[1.391s] Level 1:colcon.colcon_core.environment:create_file_with_runtime_dependencies(/home/apptronik/dev_ws/install/primeberry_two/share/colcon-core/packages/primeberry_two)
[1.780s] DEBUG:colcon.colcon_core.event_handler.log_command:Invoking command in '/home/apptronik/dev_ws/src/readings_and_processing': PYTHONPATH=/home/apptronik/dev_ws/build/readings_and_processing/prefix_override:/usr/lib/python3/dist-packages/colcon_core/task/python/colcon_distutils_commands:/home/apptronik/dev_ws/install/readings_and_processing/lib/python3.10/site-packages:${PYTHONPATH} /usr/bin/python3 -W ignore:setup.py install is deprecated setup.py egg_info --egg-base ../../build/readings_and_processing build --build-base /home/apptronik/dev_ws/build/readings_and_processing/build install --record /home/apptronik/dev_ws/build/readings_and_processing/install.log --single-version-externally-managed install_data
[2.203s] Level 1:colcon.colcon_core.environment:checking '/home/apptronik/dev_ws/install/readings_and_processing' for CMake module files
[2.203s] DEBUG:colcon.colcon_core.event_handler.log_command:Invoked command in '/home/apptronik/dev_ws/src/readings_and_processing' returned '0': PYTHONPATH=/home/apptronik/dev_ws/build/readings_and_processing/prefix_override:/usr/lib/python3/dist-packages/colcon_core/task/python/colcon_distutils_commands:/home/apptronik/dev_ws/install/readings_and_processing/lib/python3.10/site-packages:${PYTHONPATH} /usr/bin/python3 -W ignore:setup.py install is deprecated setup.py egg_info --egg-base ../../build/readings_and_processing build --build-base /home/apptronik/dev_ws/build/readings_and_processing/build install --record /home/apptronik/dev_ws/build/readings_and_processing/install.log --single-version-externally-managed install_data
[2.204s] Level 1:colcon.colcon_core.environment:checking '/home/apptronik/dev_ws/install/readings_and_processing' for CMake config files
[2.205s] Level 1:colcon.colcon_core.environment:checking '/home/apptronik/dev_ws/install/readings_and_processing/lib'
[2.205s] Level 1:colcon.colcon_core.environment:checking '/home/apptronik/dev_ws/install/readings_and_processing/bin'
[2.205s] Level 1:colcon.colcon_core.environment:checking '/home/apptronik/dev_ws/install/readings_and_processing/lib/pkgconfig/readings_and_processing.pc'
[2.205s] Level 1:colcon.colcon_core.environment:checking '/home/apptronik/dev_ws/install/readings_and_processing/lib/python3.10/site-packages'
[2.205s] Level 1:colcon.colcon_core.shell:create_environment_hook('readings_and_processing', 'pythonpath')
[2.206s] INFO:colcon.colcon_core.shell:Creating environment hook '/home/apptronik/dev_ws/install/readings_and_processing/share/readings_and_processing/hook/pythonpath.ps1'
[2.206s] INFO:colcon.colcon_core.shell:Creating environment descriptor '/home/apptronik/dev_ws/install/readings_and_processing/share/readings_and_processing/hook/pythonpath.dsv'
[2.207s] INFO:colcon.colcon_core.shell:Creating environment hook '/home/apptronik/dev_ws/install/readings_and_processing/share/readings_and_processing/hook/pythonpath.sh'
[2.207s] Level 1:colcon.colcon_core.environment:checking '/home/apptronik/dev_ws/install/readings_and_processing/bin'
[2.207s] Level 1:colcon.colcon_core.environment:create_environment_scripts_only(readings_and_processing)
[2.208s] INFO:colcon.colcon_core.shell:Creating package script '/home/apptronik/dev_ws/install/readings_and_processing/share/readings_and_processing/package.ps1'
[2.209s] INFO:colcon.colcon_core.shell:Creating package descriptor '/home/apptronik/dev_ws/install/readings_and_processing/share/readings_and_processing/package.dsv'
[2.209s] INFO:colcon.colcon_core.shell:Creating package script '/home/apptronik/dev_ws/install/readings_and_processing/share/readings_and_processing/package.sh'
[2.210s] INFO:colcon.colcon_core.shell:Creating package script '/home/apptronik/dev_ws/install/readings_and_processing/share/readings_and_processing/package.bash'
[2.210s] INFO:colcon.colcon_core.shell:Creating package script '/home/apptronik/dev_ws/install/readings_and_processing/share/readings_and_processing/package.zsh'
[2.211s] Level 1:colcon.colcon_core.environment:create_file_with_runtime_dependencies(/home/apptronik/dev_ws/install/readings_and_processing/share/colcon-core/packages/readings_and_processing)
[2.211s] DEBUG:colcon.colcon_parallel_executor.executor.parallel:closing loop
[2.212s] DEBUG:colcon.colcon_parallel_executor.executor.parallel:loop closed
[2.212s] DEBUG:colcon.colcon_parallel_executor.executor.parallel:run_until_complete finished with '0'
[2.212s] DEBUG:colcon.colcon_core.event_reactor:joining thread
[2.219s] INFO:colcon.colcon_core.plugin_system:Skipping extension 'colcon_notification.desktop_notification.terminal_notifier': Not used on non-Darwin systems
[2.219s] INFO:colcon.colcon_core.plugin_system:Skipping extension 'colcon_notification.desktop_notification.win32': Not used on non-Windows systems
[2.219s] INFO:colcon.colcon_notification.desktop_notification:Sending desktop notification using 'notify2'
[2.241s] DEBUG:colcon.colcon_core.event_reactor:joined thread
[2.241s] INFO:colcon.colcon_core.shell:Creating prefix script '/home/apptronik/dev_ws/install/local_setup.ps1'
[2.243s] INFO:colcon.colcon_core.shell:Creating prefix util module '/home/apptronik/dev_ws/install/_local_setup_util_ps1.py'
[2.245s] INFO:colcon.colcon_core.shell:Creating prefix chain script '/home/apptronik/dev_ws/install/setup.ps1'
[2.246s] INFO:colcon.colcon_core.shell:Creating prefix script '/home/apptronik/dev_ws/install/local_setup.sh'
[2.248s] INFO:colcon.colcon_core.shell:Creating prefix util module '/home/apptronik/dev_ws/install/_local_setup_util_sh.py'
[2.249s] INFO:colcon.colcon_core.shell:Creating prefix chain script '/home/apptronik/dev_ws/install/setup.sh'
[2.251s] INFO:colcon.colcon_core.shell:Creating prefix script '/home/apptronik/dev_ws/install/local_setup.bash'
[2.251s] INFO:colcon.colcon_core.shell:Creating prefix chain script '/home/apptronik/dev_ws/install/setup.bash'
[2.253s] INFO:colcon.colcon_core.shell:Creating prefix script '/home/apptronik/dev_ws/install/local_setup.zsh'
[2.254s] INFO:colcon.colcon_core.shell:Creating prefix chain script '/home/apptronik/dev_ws/install/setup.zsh'
