[0.168s] DEBUG:colcon:Command line arguments: ['/usr/bin/colcon', 'build', '--symlink-install']
[0.168s] DEBUG:colcon:Parsed command line arguments: Namespace(log_base=None, log_level=None, verb_name='build', build_base='build', install_base='install', merge_install=False, symlink_install=True, test_result_base=None, continue_on_error=False, executor='parallel', parallel_workers=2, event_handlers=None, ignore_user_meta=False, metas=['./colcon.meta'], base_paths=['.'], packages_ignore=None, packages_ignore_regex=None, paths=None, packages_up_to=None, packages_up_to_regex=None, packages_above=None, packages_above_and_dependencies=None, packages_above_depth=None, packages_select_by_dep=None, packages_skip_by_dep=None, packages_skip_up_to=None, packages_select_build_failed=False, packages_skip_build_finished=False, packages_select_test_failures=False, packages_skip_test_passed=False, packages_select=None, packages_skip=None, packages_select_regex=None, packages_skip_regex=None, packages_start=None, packages_end=None, allow_overriding=[], cmake_args=None, cmake_target=None, cmake_target_skip_unavailable=False, cmake_clean_cache=False, cmake_clean_first=False, cmake_force_configure=False, ament_cmake_args=None, catkin_cmake_args=None, catkin_skip_building_tests=False, mixin_files=None, mixin=None, verb_parser=<colcon_mixin.mixin.mixin_argument.MixinArgumentDecorator object at 0x7f0e9aa16050>, verb_extension=<colcon_core.verb.build.BuildVerb object at 0x7f0e9aa15600>, main=<bound method BuildVerb.main of <colcon_core.verb.build.BuildVerb object at 0x7f0e9aa15600>>, mixin_verb=('build',))
[0.385s] Level 1:colcon.colcon_core.package_discovery:discover_packages(colcon_meta) check parameters
[0.386s] Level 1:colcon.colcon_core.package_discovery:discover_packages(recursive) check parameters
[0.386s] Level 1:colcon.colcon_core.package_discovery:discover_packages(ignore) check parameters
[0.386s] Level 1:colcon.colcon_core.package_discovery:discover_packages(path) check parameters
[0.386s] Level 1:colcon.colcon_core.package_discovery:discover_packages(colcon_meta) discover
[0.386s] Level 1:colcon.colcon_core.package_discovery:discover_packages(recursive) discover
[0.386s] INFO:colcon.colcon_core.package_discovery:Crawling recursively for packages in '/home/apptronik/dev_ws'
[0.386s] Level 1:colcon.colcon_core.package_identification:_identify(.) by extensions ['ignore', 'ignore_ament_install']
[0.386s] Level 1:colcon.colcon_core.package_identification:_identify(.) by extension 'ignore'
[0.386s] Level 1:colcon.colcon_core.package_identification:_identify(.) by extension 'ignore_ament_install'
[0.386s] Level 1:colcon.colcon_core.package_identification:_identify(.) by extensions ['colcon_pkg']
[0.386s] Level 1:colcon.colcon_core.package_identification:_identify(.) by extension 'colcon_pkg'
[0.386s] Level 1:colcon.colcon_core.package_identification:_identify(.) by extensions ['colcon_meta']
[0.386s] Level 1:colcon.colcon_core.package_identification:_identify(.) by extension 'colcon_meta'
[0.386s] Level 1:colcon.colcon_core.package_identification:_identify(.) by extensions ['ros']
[0.386s] Level 1:colcon.colcon_core.package_identification:_identify(.) by extension 'ros'
[0.401s] Level 1:colcon.colcon_core.package_identification:_identify(.) by extensions ['cmake', 'python']
[0.401s] Level 1:colcon.colcon_core.package_identification:_identify(.) by extension 'cmake'
[0.401s] Level 1:colcon.colcon_core.package_identification:_identify(.) by extension 'python'
[0.401s] Level 1:colcon.colcon_core.package_identification:_identify(.) by extensions ['python_setup_py']
[0.401s] Level 1:colcon.colcon_core.package_identification:_identify(.) by extension 'python_setup_py'
[0.401s] Level 1:colcon.colcon_core.package_identification:_identify(build) by extensions ['ignore', 'ignore_ament_install']
[0.401s] Level 1:colcon.colcon_core.package_identification:_identify(build) by extension 'ignore'
[0.401s] Level 1:colcon.colcon_core.package_identification:_identify(build) ignored
[0.401s] Level 1:colcon.colcon_core.package_identification:_identify(install) by extensions ['ignore', 'ignore_ament_install']
[0.401s] Level 1:colcon.colcon_core.package_identification:_identify(install) by extension 'ignore'
[0.402s] Level 1:colcon.colcon_core.package_identification:_identify(install) ignored
[0.402s] Level 1:colcon.colcon_core.package_identification:_identify(log) by extensions ['ignore', 'ignore_ament_install']
[0.402s] Level 1:colcon.colcon_core.package_identification:_identify(log) by extension 'ignore'
[0.402s] Level 1:colcon.colcon_core.package_identification:_identify(log) ignored
[0.402s] Level 1:colcon.colcon_core.package_identification:_identify(src) by extensions ['ignore', 'ignore_ament_install']
[0.402s] Level 1:colcon.colcon_core.package_identification:_identify(src) by extension 'ignore'
[0.402s] Level 1:colcon.colcon_core.package_identification:_identify(src) by extension 'ignore_ament_install'
[0.402s] Level 1:colcon.colcon_core.package_identification:_identify(src) by extensions ['colcon_pkg']
[0.402s] Level 1:colcon.colcon_core.package_identification:_identify(src) by extension 'colcon_pkg'
[0.402s] Level 1:colcon.colcon_core.package_identification:_identify(src) by extensions ['colcon_meta']
[0.402s] Level 1:colcon.colcon_core.package_identification:_identify(src) by extension 'colcon_meta'
[0.402s] Level 1:colcon.colcon_core.package_identification:_identify(src) by extensions ['ros']
[0.402s] Level 1:colcon.colcon_core.package_identification:_identify(src) by extension 'ros'
[0.403s] Level 1:colcon.colcon_core.package_identification:_identify(src) by extensions ['cmake', 'python']
[0.403s] Level 1:colcon.colcon_core.package_identification:_identify(src) by extension 'cmake'
[0.403s] Level 1:colcon.colcon_core.package_identification:_identify(src) by extension 'python'
[0.403s] Level 1:colcon.colcon_core.package_identification:_identify(src) by extensions ['python_setup_py']
[0.403s] Level 1:colcon.colcon_core.package_identification:_identify(src) by extension 'python_setup_py'
[0.403s] Level 1:colcon.colcon_core.package_identification:_identify(src/primeberry) by extensions ['ignore', 'ignore_ament_install']
[0.403s] Level 1:colcon.colcon_core.package_identification:_identify(src/primeberry) by extension 'ignore'
[0.403s] Level 1:colcon.colcon_core.package_identification:_identify(src/primeberry) by extension 'ignore_ament_install'
[0.403s] Level 1:colcon.colcon_core.package_identification:_identify(src/primeberry) by extensions ['colcon_pkg']
[0.403s] Level 1:colcon.colcon_core.package_identification:_identify(src/primeberry) by extension 'colcon_pkg'
[0.403s] Level 1:colcon.colcon_core.package_identification:_identify(src/primeberry) by extensions ['colcon_meta']
[0.403s] Level 1:colcon.colcon_core.package_identification:_identify(src/primeberry) by extension 'colcon_meta'
[0.403s] Level 1:colcon.colcon_core.package_identification:_identify(src/primeberry) by extensions ['ros']
[0.403s] Level 1:colcon.colcon_core.package_identification:_identify(src/primeberry) by extension 'ros'
[0.406s] DEBUG:colcon.colcon_core.package_identification:Package 'src/primeberry' with type 'ros.ament_cmake' and name 'primeberry'
[0.406s] Level 1:colcon.colcon_core.package_identification:_identify(src/primeberry_one) by extensions ['ignore', 'ignore_ament_install']
[0.407s] Level 1:colcon.colcon_core.package_identification:_identify(src/primeberry_one) by extension 'ignore'
[0.407s] Level 1:colcon.colcon_core.package_identification:_identify(src/primeberry_one) by extension 'ignore_ament_install'
[0.407s] Level 1:colcon.colcon_core.package_identification:_identify(src/primeberry_one) by extensions ['colcon_pkg']
[0.407s] Level 1:colcon.colcon_core.package_identification:_identify(src/primeberry_one) by extension 'colcon_pkg'
[0.407s] Level 1:colcon.colcon_core.package_identification:_identify(src/primeberry_one) by extensions ['colcon_meta']
[0.407s] Level 1:colcon.colcon_core.package_identification:_identify(src/primeberry_one) by extension 'colcon_meta'
[0.407s] Level 1:colcon.colcon_core.package_identification:_identify(src/primeberry_one) by extensions ['ros']
[0.407s] Level 1:colcon.colcon_core.package_identification:_identify(src/primeberry_one) by extension 'ros'
[0.408s] DEBUG:colcon.colcon_core.package_identification:Package 'src/primeberry_one' with type 'ros.ament_cmake' and name 'primeberry_one'
[0.408s] Level 1:colcon.colcon_core.package_identification:_identify(src/primeberry_two) by extensions ['ignore', 'ignore_ament_install']
[0.408s] Level 1:colcon.colcon_core.package_identification:_identify(src/primeberry_two) by extension 'ignore'
[0.408s] Level 1:colcon.colcon_core.package_identification:_identify(src/primeberry_two) by extension 'ignore_ament_install'
[0.408s] Level 1:colcon.colcon_core.package_identification:_identify(src/primeberry_two) by extensions ['colcon_pkg']
[0.408s] Level 1:colcon.colcon_core.package_identification:_identify(src/primeberry_two) by extension 'colcon_pkg'
[0.408s] Level 1:colcon.colcon_core.package_identification:_identify(src/primeberry_two) by extensions ['colcon_meta']
[0.408s] Level 1:colcon.colcon_core.package_identification:_identify(src/primeberry_two) by extension 'colcon_meta'
[0.409s] Level 1:colcon.colcon_core.package_identification:_identify(src/primeberry_two) by extensions ['ros']
[0.409s] Level 1:colcon.colcon_core.package_identification:_identify(src/primeberry_two) by extension 'ros'
[0.409s] DEBUG:colcon.colcon_core.package_identification:Package 'src/primeberry_two' with type 'ros.ament_cmake' and name 'primeberry_two'
[0.410s] Level 1:colcon.colcon_core.package_identification:_identify(src/readings_and_processing) by extensions ['ignore', 'ignore_ament_install']
[0.410s] Level 1:colcon.colcon_core.package_identification:_identify(src/readings_and_processing) by extension 'ignore'
[0.410s] Level 1:colcon.colcon_core.package_identification:_identify(src/readings_and_processing) by extension 'ignore_ament_install'
[0.410s] Level 1:colcon.colcon_core.package_identification:_identify(src/readings_and_processing) by extensions ['colcon_pkg']
[0.410s] Level 1:colcon.colcon_core.package_identification:_identify(src/readings_and_processing) by extension 'colcon_pkg'
[0.410s] Level 1:colcon.colcon_core.package_identification:_identify(src/readings_and_processing) by extensions ['colcon_meta']
[0.410s] Level 1:colcon.colcon_core.package_identification:_identify(src/readings_and_processing) by extension 'colcon_meta'
[0.410s] Level 1:colcon.colcon_core.package_identification:_identify(src/readings_and_processing) by extensions ['ros']
[0.410s] Level 1:colcon.colcon_core.package_identification:_identify(src/readings_and_processing) by extension 'ros'
[0.411s] DEBUG:colcon.colcon_core.package_identification:Package 'src/readings_and_processing' with type 'ros.ament_python' and name 'readings_and_processing'
[0.411s] Level 1:colcon.colcon_core.package_discovery:discover_packages(recursive) using defaults
[0.411s] Level 1:colcon.colcon_core.package_discovery:discover_packages(ignore) discover
[0.411s] Level 1:colcon.colcon_core.package_discovery:discover_packages(ignore) using defaults
[0.411s] Level 1:colcon.colcon_core.package_discovery:discover_packages(path) discover
[0.411s] Level 1:colcon.colcon_core.package_discovery:discover_packages(path) using defaults
[0.435s] Level 1:colcon.colcon_core.package_discovery:discover_packages(prefix_path) check parameters
[0.435s] Level 1:colcon.colcon_core.package_discovery:discover_packages(prefix_path) discover
[0.438s] DEBUG:colcon.colcon_installed_package_information.package_discovery:Found 4 installed packages in /home/apptronik/dev_ws/install
[0.439s] DEBUG:colcon.colcon_installed_package_information.package_discovery:Found 293 installed packages in /opt/ros/humble
[0.454s] Level 1:colcon.colcon_core.package_discovery:discover_packages(prefix_path) using defaults
[0.506s] Level 5:colcon.colcon_core.verb:set package 'primeberry' build argument 'cmake_args' from command line to 'None'
[0.506s] Level 5:colcon.colcon_core.verb:set package 'primeberry' build argument 'cmake_target' from command line to 'None'
[0.506s] Level 5:colcon.colcon_core.verb:set package 'primeberry' build argument 'cmake_target_skip_unavailable' from command line to 'False'
[0.506s] Level 5:colcon.colcon_core.verb:set package 'primeberry' build argument 'cmake_clean_cache' from command line to 'False'
[0.507s] Level 5:colcon.colcon_core.verb:set package 'primeberry' build argument 'cmake_clean_first' from command line to 'False'
[0.507s] Level 5:colcon.colcon_core.verb:set package 'primeberry' build argument 'cmake_force_configure' from command line to 'False'
[0.507s] Level 5:colcon.colcon_core.verb:set package 'primeberry' build argument 'ament_cmake_args' from command line to 'None'
[0.507s] Level 5:colcon.colcon_core.verb:set package 'primeberry' build argument 'catkin_cmake_args' from command line to 'None'
[0.507s] Level 5:colcon.colcon_core.verb:set package 'primeberry' build argument 'catkin_skip_building_tests' from command line to 'False'
[0.507s] DEBUG:colcon.colcon_core.verb:Building package 'primeberry' with the following arguments: {'ament_cmake_args': None, 'build_base': '/home/apptronik/dev_ws/build/primeberry', 'catkin_cmake_args': None, 'catkin_skip_building_tests': False, 'cmake_args': None, 'cmake_clean_cache': False, 'cmake_clean_first': False, 'cmake_force_configure': False, 'cmake_target': None, 'cmake_target_skip_unavailable': False, 'install_base': '/home/apptronik/dev_ws/install/primeberry', 'merge_install': False, 'path': '/home/apptronik/dev_ws/src/primeberry', 'symlink_install': True, 'test_result_base': None}
[0.507s] Level 5:colcon.colcon_core.verb:set package 'primeberry_one' build argument 'cmake_args' from command line to 'None'
[0.507s] Level 5:colcon.colcon_core.verb:set package 'primeberry_one' build argument 'cmake_target' from command line to 'None'
[0.507s] Level 5:colcon.colcon_core.verb:set package 'primeberry_one' build argument 'cmake_target_skip_unavailable' from command line to 'False'
[0.507s] Level 5:colcon.colcon_core.verb:set package 'primeberry_one' build argument 'cmake_clean_cache' from command line to 'False'
[0.507s] Level 5:colcon.colcon_core.verb:set package 'primeberry_one' build argument 'cmake_clean_first' from command line to 'False'
[0.507s] Level 5:colcon.colcon_core.verb:set package 'primeberry_one' build argument 'cmake_force_configure' from command line to 'False'
[0.507s] Level 5:colcon.colcon_core.verb:set package 'primeberry_one' build argument 'ament_cmake_args' from command line to 'None'
[0.507s] Level 5:colcon.colcon_core.verb:set package 'primeberry_one' build argument 'catkin_cmake_args' from command line to 'None'
[0.507s] Level 5:colcon.colcon_core.verb:set package 'primeberry_one' build argument 'catkin_skip_building_tests' from command line to 'False'
[0.507s] DEBUG:colcon.colcon_core.verb:Building package 'primeberry_one' with the following arguments: {'ament_cmake_args': None, 'build_base': '/home/apptronik/dev_ws/build/primeberry_one', 'catkin_cmake_args': None, 'catkin_skip_building_tests': False, 'cmake_args': None, 'cmake_clean_cache': False, 'cmake_clean_first': False, 'cmake_force_configure': False, 'cmake_target': None, 'cmake_target_skip_unavailable': False, 'install_base': '/home/apptronik/dev_ws/install/primeberry_one', 'merge_install': False, 'path': '/home/apptronik/dev_ws/src/primeberry_one', 'symlink_install': True, 'test_result_base': None}
[0.508s] Level 5:colcon.colcon_core.verb:set package 'primeberry_two' build argument 'cmake_args' from command line to 'None'
[0.508s] Level 5:colcon.colcon_core.verb:set package 'primeberry_two' build argument 'cmake_target' from command line to 'None'
[0.508s] Level 5:colcon.colcon_core.verb:set package 'primeberry_two' build argument 'cmake_target_skip_unavailable' from command line to 'False'
[0.508s] Level 5:colcon.colcon_core.verb:set package 'primeberry_two' build argument 'cmake_clean_cache' from command line to 'False'
[0.508s] Level 5:colcon.colcon_core.verb:set package 'primeberry_two' build argument 'cmake_clean_first' from command line to 'False'
[0.508s] Level 5:colcon.colcon_core.verb:set package 'primeberry_two' build argument 'cmake_force_configure' from command line to 'False'
[0.508s] Level 5:colcon.colcon_core.verb:set package 'primeberry_two' build argument 'ament_cmake_args' from command line to 'None'
[0.508s] Level 5:colcon.colcon_core.verb:set package 'primeberry_two' build argument 'catkin_cmake_args' from command line to 'None'
[0.508s] Level 5:colcon.colcon_core.verb:set package 'primeberry_two' build argument 'catkin_skip_building_tests' from command line to 'False'
[0.508s] DEBUG:colcon.colcon_core.verb:Building package 'primeberry_two' with the following arguments: {'ament_cmake_args': None, 'build_base': '/home/apptronik/dev_ws/build/primeberry_two', 'catkin_cmake_args': None, 'catkin_skip_building_tests': False, 'cmake_args': None, 'cmake_clean_cache': False, 'cmake_clean_first': False, 'cmake_force_configure': False, 'cmake_target': None, 'cmake_target_skip_unavailable': False, 'install_base': '/home/apptronik/dev_ws/install/primeberry_two', 'merge_install': False, 'path': '/home/apptronik/dev_ws/src/primeberry_two', 'symlink_install': True, 'test_result_base': None}
[0.509s] Level 5:colcon.colcon_core.verb:set package 'readings_and_processing' build argument 'cmake_args' from command line to 'None'
[0.509s] Level 5:colcon.colcon_core.verb:set package 'readings_and_processing' build argument 'cmake_target' from command line to 'None'
[0.509s] Level 5:colcon.colcon_core.verb:set package 'readings_and_processing' build argument 'cmake_target_skip_unavailable' from command line to 'False'
[0.509s] Level 5:colcon.colcon_core.verb:set package 'readings_and_processing' build argument 'cmake_clean_cache' from command line to 'False'
[0.509s] Level 5:colcon.colcon_core.verb:set package 'readings_and_processing' build argument 'cmake_clean_first' from command line to 'False'
[0.509s] Level 5:colcon.colcon_core.verb:set package 'readings_and_processing' build argument 'cmake_force_configure' from command line to 'False'
[0.509s] Level 5:colcon.colcon_core.verb:set package 'readings_and_processing' build argument 'ament_cmake_args' from command line to 'None'
[0.509s] Level 5:colcon.colcon_core.verb:set package 'readings_and_processing' build argument 'catkin_cmake_args' from command line to 'None'
[0.509s] Level 5:colcon.colcon_core.verb:set package 'readings_and_processing' build argument 'catkin_skip_building_tests' from command line to 'False'
[0.509s] DEBUG:colcon.colcon_core.verb:Building package 'readings_and_processing' with the following arguments: {'ament_cmake_args': None, 'build_base': '/home/apptronik/dev_ws/build/readings_and_processing', 'catkin_cmake_args': None, 'catkin_skip_building_tests': False, 'cmake_args': None, 'cmake_clean_cache': False, 'cmake_clean_first': False, 'cmake_force_configure': False, 'cmake_target': None, 'cmake_target_skip_unavailable': False, 'install_base': '/home/apptronik/dev_ws/install/readings_and_processing', 'merge_install': False, 'path': '/home/apptronik/dev_ws/src/readings_and_processing', 'symlink_install': True, 'test_result_base': None}
[0.509s] INFO:colcon.colcon_core.executor:Executing jobs using 'parallel' executor
[0.511s] DEBUG:colcon.colcon_parallel_executor.executor.parallel:run_until_complete
[0.511s] INFO:colcon.colcon_ros.task.ament_cmake.build:Building ROS package in '/home/apptronik/dev_ws/src/primeberry' with build type 'ament_cmake'
[0.511s] INFO:colcon.colcon_cmake.task.cmake.build:Building CMake package in '/home/apptronik/dev_ws/src/primeberry'
[0.514s] INFO:colcon.colcon_core.plugin_system:Skipping extension 'colcon_core.shell.bat': Not used on non-Windows systems
[0.514s] INFO:colcon.colcon_core.shell:Skip shell extension 'powershell' for command environment: Not usable outside of PowerShell
[0.514s] DEBUG:colcon.colcon_core.shell:Skip shell extension 'dsv' for command environment
[0.519s] INFO:colcon.colcon_ros.task.ament_cmake.build:Building ROS package in '/home/apptronik/dev_ws/src/primeberry_one' with build type 'ament_cmake'
[0.519s] INFO:colcon.colcon_cmake.task.cmake.build:Building CMake package in '/home/apptronik/dev_ws/src/primeberry_one'
[0.519s] INFO:colcon.colcon_core.shell:Skip shell extension 'powershell' for command environment: Not usable outside of PowerShell
[0.519s] DEBUG:colcon.colcon_core.shell:Skip shell extension 'dsv' for command environment
[0.532s] DEBUG:colcon.colcon_core.event_handler.log_command:Invoking command in '/home/apptronik/dev_ws/build/primeberry': CMAKE_PREFIX_PATH=${CMAKE_PREFIX_PATH}:/home/apptronik/dev_ws/install/readings_and_processing:/opt/ros/humble /usr/bin/cmake /home/apptronik/dev_ws/src/primeberry -DAMENT_CMAKE_SYMLINK_INSTALL=1 -DCMAKE_INSTALL_PREFIX=/home/apptronik/dev_ws/install/primeberry
[0.540s] DEBUG:colcon.colcon_core.event_handler.log_command:Invoking command in '/home/apptronik/dev_ws/build/primeberry_one': CMAKE_PREFIX_PATH=${CMAKE_PREFIX_PATH}:/home/apptronik/dev_ws/install/readings_and_processing:/opt/ros/humble /usr/bin/cmake /home/apptronik/dev_ws/src/primeberry_one -DAMENT_CMAKE_SYMLINK_INSTALL=1 -DCMAKE_INSTALL_PREFIX=/home/apptronik/dev_ws/install/primeberry_one
[2.500s] DEBUG:colcon.colcon_core.event_handler.log_command:Invoked command in '/home/apptronik/dev_ws/build/primeberry_one' returned '0': CMAKE_PREFIX_PATH=${CMAKE_PREFIX_PATH}:/home/apptronik/dev_ws/install/readings_and_processing:/opt/ros/humble /usr/bin/cmake /home/apptronik/dev_ws/src/primeberry_one -DAMENT_CMAKE_SYMLINK_INSTALL=1 -DCMAKE_INSTALL_PREFIX=/home/apptronik/dev_ws/install/primeberry_one
[2.500s] DEBUG:colcon.colcon_core.event_handler.log_command:Invoking command in '/home/apptronik/dev_ws/build/primeberry_one': CMAKE_PREFIX_PATH=${CMAKE_PREFIX_PATH}:/home/apptronik/dev_ws/install/readings_and_processing:/opt/ros/humble /usr/bin/cmake --build /home/apptronik/dev_ws/build/primeberry_one -- -j2 -l2
[2.513s] DEBUG:colcon.colcon_core.event_handler.log_command:Invoked command in '/home/apptronik/dev_ws/build/primeberry' returned '0': CMAKE_PREFIX_PATH=${CMAKE_PREFIX_PATH}:/home/apptronik/dev_ws/install/readings_and_processing:/opt/ros/humble /usr/bin/cmake /home/apptronik/dev_ws/src/primeberry -DAMENT_CMAKE_SYMLINK_INSTALL=1 -DCMAKE_INSTALL_PREFIX=/home/apptronik/dev_ws/install/primeberry
[2.514s] DEBUG:colcon.colcon_core.event_handler.log_command:Invoking command in '/home/apptronik/dev_ws/build/primeberry': CMAKE_PREFIX_PATH=${CMAKE_PREFIX_PATH}:/home/apptronik/dev_ws/install/readings_and_processing:/opt/ros/humble /usr/bin/cmake --build /home/apptronik/dev_ws/build/primeberry -- -j2 -l2
[2.552s] DEBUG:colcon.colcon_core.event_handler.log_command:Invoked command in '/home/apptronik/dev_ws/build/primeberry_one' returned '0': CMAKE_PREFIX_PATH=${CMAKE_PREFIX_PATH}:/home/apptronik/dev_ws/install/readings_and_processing:/opt/ros/humble /usr/bin/cmake --build /home/apptronik/dev_ws/build/primeberry_one -- -j2 -l2
[2.572s] DEBUG:colcon.colcon_core.event_handler.log_command:Invoked command in '/home/apptronik/dev_ws/build/primeberry' returned '0': CMAKE_PREFIX_PATH=${CMAKE_PREFIX_PATH}:/home/apptronik/dev_ws/install/readings_and_processing:/opt/ros/humble /usr/bin/cmake --build /home/apptronik/dev_ws/build/primeberry -- -j2 -l2
[2.592s] DEBUG:colcon.colcon_core.event_handler.log_command:Invoking command in '/home/apptronik/dev_ws/build/primeberry_one': CMAKE_PREFIX_PATH=${CMAKE_PREFIX_PATH}:/home/apptronik/dev_ws/install/readings_and_processing:/opt/ros/humble /usr/bin/cmake --install /home/apptronik/dev_ws/build/primeberry_one
[2.606s] DEBUG:colcon.colcon_core.event_handler.log_command:Invoking command in '/home/apptronik/dev_ws/build/primeberry': CMAKE_PREFIX_PATH=${CMAKE_PREFIX_PATH}:/home/apptronik/dev_ws/install/readings_and_processing:/opt/ros/humble /usr/bin/cmake --install /home/apptronik/dev_ws/build/primeberry
[2.824s] Level 1:colcon.colcon_core.environment:create_environment_scripts_only(primeberry_one)
[2.825s] DEBUG:colcon.colcon_core.event_handler.log_command:Invoked command in '/home/apptronik/dev_ws/build/primeberry_one' returned '0': CMAKE_PREFIX_PATH=${CMAKE_PREFIX_PATH}:/home/apptronik/dev_ws/install/readings_and_processing:/opt/ros/humble /usr/bin/cmake --install /home/apptronik/dev_ws/build/primeberry_one
[2.827s] Level 1:colcon.colcon_core.environment:checking '/home/apptronik/dev_ws/install/primeberry_one' for CMake module files
[2.829s] Level 1:colcon.colcon_core.environment:checking '/home/apptronik/dev_ws/install/primeberry_one' for CMake config files
[2.829s] Level 1:colcon.colcon_core.shell:create_environment_hook('primeberry_one', 'cmake_prefix_path')
[2.830s] INFO:colcon.colcon_core.shell:Creating environment hook '/home/apptronik/dev_ws/install/primeberry_one/share/primeberry_one/hook/cmake_prefix_path.ps1'
[2.831s] INFO:colcon.colcon_core.shell:Creating environment descriptor '/home/apptronik/dev_ws/install/primeberry_one/share/primeberry_one/hook/cmake_prefix_path.dsv'
[2.832s] INFO:colcon.colcon_core.shell:Creating environment hook '/home/apptronik/dev_ws/install/primeberry_one/share/primeberry_one/hook/cmake_prefix_path.sh'
[2.834s] Level 1:colcon.colcon_core.environment:checking '/home/apptronik/dev_ws/install/primeberry_one/bin'
[2.834s] Level 1:colcon.colcon_core.environment:checking '/home/apptronik/dev_ws/install/primeberry_one/lib/pkgconfig/primeberry_one.pc'
[2.834s] Level 1:colcon.colcon_core.environment:checking '/home/apptronik/dev_ws/install/primeberry_one/lib/python3.10/site-packages'
[2.835s] Level 1:colcon.colcon_core.environment:checking '/home/apptronik/dev_ws/install/primeberry_one/bin'
[2.835s] INFO:colcon.colcon_core.shell:Creating package script '/home/apptronik/dev_ws/install/primeberry_one/share/primeberry_one/package.ps1'
[2.837s] INFO:colcon.colcon_core.shell:Creating package descriptor '/home/apptronik/dev_ws/install/primeberry_one/share/primeberry_one/package.dsv'
[2.838s] INFO:colcon.colcon_core.shell:Creating package script '/home/apptronik/dev_ws/install/primeberry_one/share/primeberry_one/package.sh'
[2.839s] INFO:colcon.colcon_core.shell:Creating package script '/home/apptronik/dev_ws/install/primeberry_one/share/primeberry_one/package.bash'
[2.841s] INFO:colcon.colcon_core.shell:Creating package script '/home/apptronik/dev_ws/install/primeberry_one/share/primeberry_one/package.zsh'
[2.842s] Level 1:colcon.colcon_core.environment:create_file_with_runtime_dependencies(/home/apptronik/dev_ws/install/primeberry_one/share/colcon-core/packages/primeberry_one)
[2.889s] Level 1:colcon.colcon_core.environment:create_environment_scripts_only(primeberry_one)
[2.889s] Level 1:colcon.colcon_core.environment:checking '/home/apptronik/dev_ws/install/primeberry_one' for CMake module files
[2.890s] Level 1:colcon.colcon_core.environment:checking '/home/apptronik/dev_ws/install/primeberry_one' for CMake config files
[2.890s] Level 1:colcon.colcon_core.shell:create_environment_hook('primeberry_one', 'cmake_prefix_path')
[2.891s] INFO:colcon.colcon_core.shell:Creating environment hook '/home/apptronik/dev_ws/install/primeberry_one/share/primeberry_one/hook/cmake_prefix_path.ps1'
[2.892s] INFO:colcon.colcon_core.shell:Creating environment descriptor '/home/apptronik/dev_ws/install/primeberry_one/share/primeberry_one/hook/cmake_prefix_path.dsv'
[2.893s] INFO:colcon.colcon_core.shell:Creating environment hook '/home/apptronik/dev_ws/install/primeberry_one/share/primeberry_one/hook/cmake_prefix_path.sh'
[2.895s] Level 1:colcon.colcon_core.environment:checking '/home/apptronik/dev_ws/install/primeberry_one/bin'
[2.895s] Level 1:colcon.colcon_core.environment:checking '/home/apptronik/dev_ws/install/primeberry_one/lib/pkgconfig/primeberry_one.pc'
[2.895s] Level 1:colcon.colcon_core.environment:checking '/home/apptronik/dev_ws/install/primeberry_one/lib/python3.10/site-packages'
[2.895s] Level 1:colcon.colcon_core.environment:checking '/home/apptronik/dev_ws/install/primeberry_one/bin'
[2.896s] INFO:colcon.colcon_core.shell:Creating package script '/home/apptronik/dev_ws/install/primeberry_one/share/primeberry_one/package.ps1'
[2.897s] INFO:colcon.colcon_core.shell:Creating package descriptor '/home/apptronik/dev_ws/install/primeberry_one/share/primeberry_one/package.dsv'
[2.897s] INFO:colcon.colcon_core.shell:Creating package script '/home/apptronik/dev_ws/install/primeberry_one/share/primeberry_one/package.sh'
[2.898s] INFO:colcon.colcon_core.shell:Creating package script '/home/apptronik/dev_ws/install/primeberry_one/share/primeberry_one/package.bash'
[2.898s] INFO:colcon.colcon_core.shell:Creating package script '/home/apptronik/dev_ws/install/primeberry_one/share/primeberry_one/package.zsh'
[2.899s] Level 1:colcon.colcon_core.environment:create_file_with_runtime_dependencies(/home/apptronik/dev_ws/install/primeberry_one/share/colcon-core/packages/primeberry_one)
[2.899s] INFO:colcon.colcon_ros.task.ament_cmake.build:Building ROS package in '/home/apptronik/dev_ws/src/primeberry_two' with build type 'ament_cmake'
[2.901s] INFO:colcon.colcon_cmake.task.cmake.build:Building CMake package in '/home/apptronik/dev_ws/src/primeberry_two'
[2.901s] INFO:colcon.colcon_core.shell:Skip shell extension 'powershell' for command environment: Not usable outside of PowerShell
[2.901s] DEBUG:colcon.colcon_core.shell:Skip shell extension 'dsv' for command environment
[2.913s] DEBUG:colcon.colcon_core.event_handler.log_command:Invoking command in '/home/apptronik/dev_ws/build/primeberry_two': CMAKE_PREFIX_PATH=${CMAKE_PREFIX_PATH}:/home/apptronik/dev_ws/install/readings_and_processing:/opt/ros/humble /usr/bin/cmake /home/apptronik/dev_ws/src/primeberry_two -DAMENT_CMAKE_SYMLINK_INSTALL=1 -DCMAKE_INSTALL_PREFIX=/home/apptronik/dev_ws/install/primeberry_two
[2.936s] Level 1:colcon.colcon_core.environment:create_environment_scripts_only(primeberry)
[2.937s] Level 1:colcon.colcon_core.environment:checking '/home/apptronik/dev_ws/install/primeberry' for CMake module files
[2.938s] Level 1:colcon.colcon_core.environment:checking '/home/apptronik/dev_ws/install/primeberry' for CMake config files
[2.938s] Level 1:colcon.colcon_core.shell:create_environment_hook('primeberry', 'cmake_prefix_path')
[2.939s] INFO:colcon.colcon_core.shell:Creating environment hook '/home/apptronik/dev_ws/install/primeberry/share/primeberry/hook/cmake_prefix_path.ps1'
[2.937s] DEBUG:colcon.colcon_core.event_handler.log_command:Invoked command in '/home/apptronik/dev_ws/build/primeberry' returned '0': CMAKE_PREFIX_PATH=${CMAKE_PREFIX_PATH}:/home/apptronik/dev_ws/install/readings_and_processing:/opt/ros/humble /usr/bin/cmake --install /home/apptronik/dev_ws/build/primeberry
[2.940s] INFO:colcon.colcon_core.shell:Creating environment descriptor '/home/apptronik/dev_ws/install/primeberry/share/primeberry/hook/cmake_prefix_path.dsv'
[2.941s] INFO:colcon.colcon_core.shell:Creating environment hook '/home/apptronik/dev_ws/install/primeberry/share/primeberry/hook/cmake_prefix_path.sh'
[2.942s] Level 1:colcon.colcon_core.environment:checking '/home/apptronik/dev_ws/install/primeberry/bin'
[2.942s] Level 1:colcon.colcon_core.environment:checking '/home/apptronik/dev_ws/install/primeberry/lib/pkgconfig/primeberry.pc'
[2.942s] Level 1:colcon.colcon_core.environment:checking '/home/apptronik/dev_ws/install/primeberry/lib/python3.10/site-packages'
[2.943s] Level 1:colcon.colcon_core.environment:checking '/home/apptronik/dev_ws/install/primeberry/bin'
[2.943s] INFO:colcon.colcon_core.shell:Creating package script '/home/apptronik/dev_ws/install/primeberry/share/primeberry/package.ps1'
[2.944s] INFO:colcon.colcon_core.shell:Creating package descriptor '/home/apptronik/dev_ws/install/primeberry/share/primeberry/package.dsv'
[2.945s] INFO:colcon.colcon_core.shell:Creating package script '/home/apptronik/dev_ws/install/primeberry/share/primeberry/package.sh'
[2.946s] INFO:colcon.colcon_core.shell:Creating package script '/home/apptronik/dev_ws/install/primeberry/share/primeberry/package.bash'
[2.947s] INFO:colcon.colcon_core.shell:Creating package script '/home/apptronik/dev_ws/install/primeberry/share/primeberry/package.zsh'
[2.948s] Level 1:colcon.colcon_core.environment:create_file_with_runtime_dependencies(/home/apptronik/dev_ws/install/primeberry/share/colcon-core/packages/primeberry)
[2.991s] Level 1:colcon.colcon_core.environment:create_environment_scripts_only(primeberry)
[2.991s] Level 1:colcon.colcon_core.environment:checking '/home/apptronik/dev_ws/install/primeberry' for CMake module files
[2.992s] Level 1:colcon.colcon_core.environment:checking '/home/apptronik/dev_ws/install/primeberry' for CMake config files
[2.992s] Level 1:colcon.colcon_core.shell:create_environment_hook('primeberry', 'cmake_prefix_path')
[2.992s] INFO:colcon.colcon_core.shell:Creating environment hook '/home/apptronik/dev_ws/install/primeberry/share/primeberry/hook/cmake_prefix_path.ps1'
[2.993s] INFO:colcon.colcon_core.shell:Creating environment descriptor '/home/apptronik/dev_ws/install/primeberry/share/primeberry/hook/cmake_prefix_path.dsv'
[2.993s] INFO:colcon.colcon_core.shell:Creating environment hook '/home/apptronik/dev_ws/install/primeberry/share/primeberry/hook/cmake_prefix_path.sh'
[2.994s] Level 1:colcon.colcon_core.environment:checking '/home/apptronik/dev_ws/install/primeberry/bin'
[2.994s] Level 1:colcon.colcon_core.environment:checking '/home/apptronik/dev_ws/install/primeberry/lib/pkgconfig/primeberry.pc'
[2.994s] Level 1:colcon.colcon_core.environment:checking '/home/apptronik/dev_ws/install/primeberry/lib/python3.10/site-packages'
[2.995s] Level 1:colcon.colcon_core.environment:checking '/home/apptronik/dev_ws/install/primeberry/bin'
[2.995s] INFO:colcon.colcon_core.shell:Creating package script '/home/apptronik/dev_ws/install/primeberry/share/primeberry/package.ps1'
[2.996s] INFO:colcon.colcon_core.shell:Creating package descriptor '/home/apptronik/dev_ws/install/primeberry/share/primeberry/package.dsv'
[2.997s] INFO:colcon.colcon_core.shell:Creating package script '/home/apptronik/dev_ws/install/primeberry/share/primeberry/package.sh'
[2.997s] INFO:colcon.colcon_core.shell:Creating package script '/home/apptronik/dev_ws/install/primeberry/share/primeberry/package.bash'
[2.998s] INFO:colcon.colcon_core.shell:Creating package script '/home/apptronik/dev_ws/install/primeberry/share/primeberry/package.zsh'
[2.998s] Level 1:colcon.colcon_core.environment:create_file_with_runtime_dependencies(/home/apptronik/dev_ws/install/primeberry/share/colcon-core/packages/primeberry)
[2.999s] INFO:colcon.colcon_ros.task.ament_python.build:Building ROS package in '/home/apptronik/dev_ws/src/readings_and_processing' with build type 'ament_python'
[3.000s] Level 1:colcon.colcon_core.shell:create_environment_hook('readings_and_processing', 'ament_prefix_path')
[3.000s] INFO:colcon.colcon_core.shell:Creating environment hook '/home/apptronik/dev_ws/install/readings_and_processing/share/readings_and_processing/hook/ament_prefix_path.ps1'
[3.004s] INFO:colcon.colcon_core.shell:Creating environment descriptor '/home/apptronik/dev_ws/install/readings_and_processing/share/readings_and_processing/hook/ament_prefix_path.dsv'
[3.007s] INFO:colcon.colcon_core.shell:Creating environment hook '/home/apptronik/dev_ws/install/readings_and_processing/share/readings_and_processing/hook/ament_prefix_path.sh'
[3.008s] INFO:colcon.colcon_core.shell:Skip shell extension 'powershell' for command environment: Not usable outside of PowerShell
[3.008s] DEBUG:colcon.colcon_core.shell:Skip shell extension 'dsv' for command environment
[3.417s] INFO:colcon.colcon_core.task.python.build:Building Python package in '/home/apptronik/dev_ws/src/readings_and_processing'
[3.417s] INFO:colcon.colcon_core.shell:Skip shell extension 'powershell' for command environment: Not usable outside of PowerShell
[3.418s] DEBUG:colcon.colcon_core.shell:Skip shell extension 'dsv' for command environment
[3.866s] DEBUG:colcon.colcon_core.task.python.build:While undoing a previous installation files outside the Python library path are being ignored: /home/apptronik/dev_ws/install/readings_and_processing/share/ament_index/resource_index/packages/readings_and_processing
[3.866s] DEBUG:colcon.colcon_core.task.python.build:While undoing a previous installation files outside the Python library path are being ignored: /home/apptronik/dev_ws/install/readings_and_processing/share/readings_and_processing/package.xml
[3.868s] DEBUG:colcon.colcon_core.task.python.build:While undoing a previous installation files outside the Python library path are being ignored: /home/apptronik/dev_ws/install/readings_and_processing/lib/readings_and_processing/make_circle_node
[3.868s] DEBUG:colcon.colcon_core.task.python.build:While undoing a previous installation files outside the Python library path are being ignored: /home/apptronik/dev_ws/install/readings_and_processing/lib/readings_and_processing/teleop_twist_to_ackerman_node
[3.874s] DEBUG:colcon.colcon_core.event_handler.log_command:Invoking command in '/home/apptronik/dev_ws/build/readings_and_processing': PYTHONPATH=/home/apptronik/dev_ws/build/readings_and_processing/prefix_override:/usr/lib/python3/dist-packages/colcon_core/task/python/colcon_distutils_commands:/home/apptronik/dev_ws/install/readings_and_processing/lib/python3.10/site-packages:${PYTHONPATH} /usr/bin/python3 -W ignore:setup.py install is deprecated setup.py develop --editable --build-directory /home/apptronik/dev_ws/build/readings_and_processing/build --no-deps symlink_data --force
[4.508s] Level 1:colcon.colcon_core.shell:create_environment_hook('readings_and_processing', 'pythonpath_develop')
[4.509s] INFO:colcon.colcon_core.shell:Creating environment hook '/home/apptronik/dev_ws/build/readings_and_processing/share/readings_and_processing/hook/pythonpath_develop.ps1'
[4.509s] DEBUG:colcon.colcon_core.event_handler.log_command:Invoked command in '/home/apptronik/dev_ws/build/readings_and_processing' returned '0': PYTHONPATH=/home/apptronik/dev_ws/build/readings_and_processing/prefix_override:/usr/lib/python3/dist-packages/colcon_core/task/python/colcon_distutils_commands:/home/apptronik/dev_ws/install/readings_and_processing/lib/python3.10/site-packages:${PYTHONPATH} /usr/bin/python3 -W ignore:setup.py install is deprecated setup.py develop --editable --build-directory /home/apptronik/dev_ws/build/readings_and_processing/build --no-deps symlink_data --force
[4.511s] INFO:colcon.colcon_core.shell:Creating environment descriptor '/home/apptronik/dev_ws/build/readings_and_processing/share/readings_and_processing/hook/pythonpath_develop.dsv'
[4.512s] INFO:colcon.colcon_core.shell:Creating environment hook '/home/apptronik/dev_ws/build/readings_and_processing/share/readings_and_processing/hook/pythonpath_develop.sh'
[4.513s] Level 1:colcon.colcon_core.environment:checking '/home/apptronik/dev_ws/install/readings_and_processing' for CMake module files
[4.513s] Level 1:colcon.colcon_core.environment:checking '/home/apptronik/dev_ws/install/readings_and_processing' for CMake config files
[4.514s] Level 1:colcon.colcon_core.environment:checking '/home/apptronik/dev_ws/install/readings_and_processing/lib'
[4.514s] Level 1:colcon.colcon_core.environment:checking '/home/apptronik/dev_ws/install/readings_and_processing/bin'
[4.515s] Level 1:colcon.colcon_core.environment:checking '/home/apptronik/dev_ws/install/readings_and_processing/lib/pkgconfig/readings_and_processing.pc'
[4.515s] Level 1:colcon.colcon_core.environment:checking '/home/apptronik/dev_ws/install/readings_and_processing/lib/python3.10/site-packages'
[4.515s] Level 1:colcon.colcon_core.shell:create_environment_hook('readings_and_processing', 'pythonpath')
[4.516s] INFO:colcon.colcon_core.shell:Creating environment hook '/home/apptronik/dev_ws/install/readings_and_processing/share/readings_and_processing/hook/pythonpath.ps1'
[4.516s] INFO:colcon.colcon_core.shell:Creating environment descriptor '/home/apptronik/dev_ws/install/readings_and_processing/share/readings_and_processing/hook/pythonpath.dsv'
[4.517s] INFO:colcon.colcon_core.shell:Creating environment hook '/home/apptronik/dev_ws/install/readings_and_processing/share/readings_and_processing/hook/pythonpath.sh'
[4.518s] Level 1:colcon.colcon_core.environment:checking '/home/apptronik/dev_ws/install/readings_and_processing/bin'
[4.519s] Level 1:colcon.colcon_core.environment:create_environment_scripts_only(readings_and_processing)
[4.519s] INFO:colcon.colcon_core.shell:Creating package script '/home/apptronik/dev_ws/install/readings_and_processing/share/readings_and_processing/package.ps1'
[4.520s] INFO:colcon.colcon_core.shell:Creating package descriptor '/home/apptronik/dev_ws/install/readings_and_processing/share/readings_and_processing/package.dsv'
[4.521s] INFO:colcon.colcon_core.shell:Creating package script '/home/apptronik/dev_ws/install/readings_and_processing/share/readings_and_processing/package.sh'
[4.522s] INFO:colcon.colcon_core.shell:Creating package script '/home/apptronik/dev_ws/install/readings_and_processing/share/readings_and_processing/package.bash'
[4.523s] INFO:colcon.colcon_core.shell:Creating package script '/home/apptronik/dev_ws/install/readings_and_processing/share/readings_and_processing/package.zsh'
[4.524s] Level 1:colcon.colcon_core.environment:create_file_with_runtime_dependencies(/home/apptronik/dev_ws/install/readings_and_processing/share/colcon-core/packages/readings_and_processing)
[4.653s] DEBUG:colcon.colcon_core.event_handler.log_command:Invoked command in '/home/apptronik/dev_ws/build/primeberry_two' returned '0': CMAKE_PREFIX_PATH=${CMAKE_PREFIX_PATH}:/home/apptronik/dev_ws/install/readings_and_processing:/opt/ros/humble /usr/bin/cmake /home/apptronik/dev_ws/src/primeberry_two -DAMENT_CMAKE_SYMLINK_INSTALL=1 -DCMAKE_INSTALL_PREFIX=/home/apptronik/dev_ws/install/primeberry_two
[4.655s] DEBUG:colcon.colcon_core.event_handler.log_command:Invoking command in '/home/apptronik/dev_ws/build/primeberry_two': CMAKE_PREFIX_PATH=${CMAKE_PREFIX_PATH}:/home/apptronik/dev_ws/install/readings_and_processing:/opt/ros/humble /usr/bin/cmake --build /home/apptronik/dev_ws/build/primeberry_two -- -j2 -l2
[4.713s] DEBUG:colcon.colcon_core.event_handler.log_command:Invoked command in '/home/apptronik/dev_ws/build/primeberry_two' returned '0': CMAKE_PREFIX_PATH=${CMAKE_PREFIX_PATH}:/home/apptronik/dev_ws/install/readings_and_processing:/opt/ros/humble /usr/bin/cmake --build /home/apptronik/dev_ws/build/primeberry_two -- -j2 -l2
[4.742s] DEBUG:colcon.colcon_core.event_handler.log_command:Invoking command in '/home/apptronik/dev_ws/build/primeberry_two': CMAKE_PREFIX_PATH=${CMAKE_PREFIX_PATH}:/home/apptronik/dev_ws/install/readings_and_processing:/opt/ros/humble /usr/bin/cmake --install /home/apptronik/dev_ws/build/primeberry_two
[5.097s] Level 1:colcon.colcon_core.environment:create_environment_scripts_only(primeberry_two)
[5.097s] Level 1:colcon.colcon_core.environment:checking '/home/apptronik/dev_ws/install/primeberry_two' for CMake module files
[5.098s] Level 1:colcon.colcon_core.environment:checking '/home/apptronik/dev_ws/install/primeberry_two' for CMake config files
[5.098s] Level 1:colcon.colcon_core.shell:create_environment_hook('primeberry_two', 'cmake_prefix_path')
[5.098s] INFO:colcon.colcon_core.shell:Creating environment hook '/home/apptronik/dev_ws/install/primeberry_two/share/primeberry_two/hook/cmake_prefix_path.ps1'
[5.099s] INFO:colcon.colcon_core.shell:Creating environment descriptor '/home/apptronik/dev_ws/install/primeberry_two/share/primeberry_two/hook/cmake_prefix_path.dsv'
[5.099s] INFO:colcon.colcon_core.shell:Creating environment hook '/home/apptronik/dev_ws/install/primeberry_two/share/primeberry_two/hook/cmake_prefix_path.sh'
[5.100s] Level 1:colcon.colcon_core.environment:checking '/home/apptronik/dev_ws/install/primeberry_two/bin'
[5.100s] Level 1:colcon.colcon_core.environment:checking '/home/apptronik/dev_ws/install/primeberry_two/lib/pkgconfig/primeberry_two.pc'
[5.100s] Level 1:colcon.colcon_core.environment:checking '/home/apptronik/dev_ws/install/primeberry_two/lib/python3.10/site-packages'
[5.100s] Level 1:colcon.colcon_core.environment:checking '/home/apptronik/dev_ws/install/primeberry_two/bin'
[5.101s] INFO:colcon.colcon_core.shell:Creating package script '/home/apptronik/dev_ws/install/primeberry_two/share/primeberry_two/package.ps1'
[5.101s] INFO:colcon.colcon_core.shell:Creating package descriptor '/home/apptronik/dev_ws/install/primeberry_two/share/primeberry_two/package.dsv'
[5.102s] INFO:colcon.colcon_core.shell:Creating package script '/home/apptronik/dev_ws/install/primeberry_two/share/primeberry_two/package.sh'
[5.102s] INFO:colcon.colcon_core.shell:Creating package script '/home/apptronik/dev_ws/install/primeberry_two/share/primeberry_two/package.bash'
[5.103s] INFO:colcon.colcon_core.shell:Creating package script '/home/apptronik/dev_ws/install/primeberry_two/share/primeberry_two/package.zsh'
[5.103s] Level 1:colcon.colcon_core.environment:create_file_with_runtime_dependencies(/home/apptronik/dev_ws/install/primeberry_two/share/colcon-core/packages/primeberry_two)
[5.105s] DEBUG:colcon.colcon_core.event_handler.log_command:Invoked command in '/home/apptronik/dev_ws/build/primeberry_two' returned '0': CMAKE_PREFIX_PATH=${CMAKE_PREFIX_PATH}:/home/apptronik/dev_ws/install/readings_and_processing:/opt/ros/humble /usr/bin/cmake --install /home/apptronik/dev_ws/build/primeberry_two
[5.150s] Level 1:colcon.colcon_core.environment:create_environment_scripts_only(primeberry_two)
[5.151s] Level 1:colcon.colcon_core.environment:checking '/home/apptronik/dev_ws/install/primeberry_two' for CMake module files
[5.151s] Level 1:colcon.colcon_core.environment:checking '/home/apptronik/dev_ws/install/primeberry_two' for CMake config files
[5.152s] Level 1:colcon.colcon_core.shell:create_environment_hook('primeberry_two', 'cmake_prefix_path')
[5.152s] INFO:colcon.colcon_core.shell:Creating environment hook '/home/apptronik/dev_ws/install/primeberry_two/share/primeberry_two/hook/cmake_prefix_path.ps1'
[5.153s] INFO:colcon.colcon_core.shell:Creating environment descriptor '/home/apptronik/dev_ws/install/primeberry_two/share/primeberry_two/hook/cmake_prefix_path.dsv'
[5.153s] INFO:colcon.colcon_core.shell:Creating environment hook '/home/apptronik/dev_ws/install/primeberry_two/share/primeberry_two/hook/cmake_prefix_path.sh'
[5.154s] Level 1:colcon.colcon_core.environment:checking '/home/apptronik/dev_ws/install/primeberry_two/bin'
[5.154s] Level 1:colcon.colcon_core.environment:checking '/home/apptronik/dev_ws/install/primeberry_two/lib/pkgconfig/primeberry_two.pc'
[5.154s] Level 1:colcon.colcon_core.environment:checking '/home/apptronik/dev_ws/install/primeberry_two/lib/python3.10/site-packages'
[5.155s] Level 1:colcon.colcon_core.environment:checking '/home/apptronik/dev_ws/install/primeberry_two/bin'
[5.156s] INFO:colcon.colcon_core.shell:Creating package script '/home/apptronik/dev_ws/install/primeberry_two/share/primeberry_two/package.ps1'
[5.157s] INFO:colcon.colcon_core.shell:Creating package descriptor '/home/apptronik/dev_ws/install/primeberry_two/share/primeberry_two/package.dsv'
[5.157s] INFO:colcon.colcon_core.shell:Creating package script '/home/apptronik/dev_ws/install/primeberry_two/share/primeberry_two/package.sh'
[5.158s] INFO:colcon.colcon_core.shell:Creating package script '/home/apptronik/dev_ws/install/primeberry_two/share/primeberry_two/package.bash'
[5.158s] INFO:colcon.colcon_core.shell:Creating package script '/home/apptronik/dev_ws/install/primeberry_two/share/primeberry_two/package.zsh'
[5.160s] Level 1:colcon.colcon_core.environment:create_file_with_runtime_dependencies(/home/apptronik/dev_ws/install/primeberry_two/share/colcon-core/packages/primeberry_two)
[5.161s] DEBUG:colcon.colcon_parallel_executor.executor.parallel:closing loop
[5.163s] DEBUG:colcon.colcon_parallel_executor.executor.parallel:loop closed
[5.163s] DEBUG:colcon.colcon_parallel_executor.executor.parallel:run_until_complete finished with '0'
[5.163s] DEBUG:colcon.colcon_core.event_reactor:joining thread
[5.170s] INFO:colcon.colcon_core.plugin_system:Skipping extension 'colcon_notification.desktop_notification.terminal_notifier': Not used on non-Darwin systems
[5.170s] INFO:colcon.colcon_core.plugin_system:Skipping extension 'colcon_notification.desktop_notification.win32': Not used on non-Windows systems
[5.170s] INFO:colcon.colcon_notification.desktop_notification:Sending desktop notification using 'notify2'
[5.195s] DEBUG:colcon.colcon_core.event_reactor:joined thread
[5.195s] INFO:colcon.colcon_core.shell:Creating prefix script '/home/apptronik/dev_ws/install/local_setup.ps1'
[5.196s] INFO:colcon.colcon_core.shell:Creating prefix util module '/home/apptronik/dev_ws/install/_local_setup_util_ps1.py'
[5.199s] INFO:colcon.colcon_core.shell:Creating prefix chain script '/home/apptronik/dev_ws/install/setup.ps1'
[5.200s] INFO:colcon.colcon_core.shell:Creating prefix script '/home/apptronik/dev_ws/install/local_setup.sh'
[5.201s] INFO:colcon.colcon_core.shell:Creating prefix util module '/home/apptronik/dev_ws/install/_local_setup_util_sh.py'
[5.201s] INFO:colcon.colcon_core.shell:Creating prefix chain script '/home/apptronik/dev_ws/install/setup.sh'
[5.203s] INFO:colcon.colcon_core.shell:Creating prefix script '/home/apptronik/dev_ws/install/local_setup.bash'
[5.203s] INFO:colcon.colcon_core.shell:Creating prefix chain script '/home/apptronik/dev_ws/install/setup.bash'
[5.207s] INFO:colcon.colcon_core.shell:Creating prefix script '/home/apptronik/dev_ws/install/local_setup.zsh'
[5.208s] INFO:colcon.colcon_core.shell:Creating prefix chain script '/home/apptronik/dev_ws/install/setup.zsh'
