[0.034s] Invoking command in '/home/apptronik/dev_ws/build/primeberry_two': CMAKE_PREFIX_PATH=${CMAKE_PREFIX_PATH}:/home/apptronik/dev_ws/install/readings_and_processing:/opt/ros/humble /usr/bin/cmake --build /home/apptronik/dev_ws/build/primeberry_two -- -j2 -l2
[0.904s] Invoked command in '/home/apptronik/dev_ws/build/primeberry_two' returned '0': CMAKE_PREFIX_PATH=${CMAKE_PREFIX_PATH}:/home/apptronik/dev_ws/install/readings_and_processing:/opt/ros/humble /usr/bin/cmake --build /home/apptronik/dev_ws/build/primeberry_two -- -j2 -l2
[1.175s] Invoking command in '/home/apptronik/dev_ws/build/primeberry_two': CMAKE_PREFIX_PATH=${CMAKE_PREFIX_PATH}:/home/apptronik/dev_ws/install/readings_and_processing:/opt/ros/humble /usr/bin/cmake --install /home/apptronik/dev_ws/build/primeberry_two
[1.216s] -- Install configuration: ""
[1.219s] -- Up-to-date: /home/apptronik/dev_ws/install/primeberry_two/share/primeberry_two//launch
[1.221s] -- Up-to-date: /home/apptronik/dev_ws/install/primeberry_two/share/primeberry_two//launch/ackermann_vehicle_hokuyo_imu.launch
[1.222s] -- Up-to-date: /home/apptronik/dev_ws/install/primeberry_two/share/primeberry_two//launch/ackermann_vehicle_hokuyo.launch
[1.223s] -- Installing: /home/apptronik/dev_ws/install/primeberry_two/share/primeberry_two//launch/launch_sim.launch.py
[1.223s] -- Up-to-date: /home/apptronik/dev_ws/install/primeberry_two/share/primeberry_two//launch/ackermann_vehicle_rviz.launch
[1.225s] -- Up-to-date: /home/apptronik/dev_ws/install/primeberry_two/share/primeberry_two//launch/rsp.launch.py
[1.226s] -- Up-to-date: /home/apptronik/dev_ws/install/primeberry_two/share/primeberry_two//launch/ackermann_vehicle.launch
[1.226s] -- Up-to-date: /home/apptronik/dev_ws/install/primeberry_two/share/primeberry_two//launch/rviz.launch
[1.227s] -- Up-to-date: /home/apptronik/dev_ws/install/primeberry_two/share/primeberry_two//description
[1.228s] -- Up-to-date: /home/apptronik/dev_ws/install/primeberry_two/share/primeberry_two//description/em_3905.urdf.xacro
[1.229s] -- Up-to-date: /home/apptronik/dev_ws/install/primeberry_two/share/primeberry_two//description/em_3905_hokuyo_imu.urdf.xacro
[1.229s] -- Up-to-date: /home/apptronik/dev_ws/install/primeberry_two/share/primeberry_two//description/em_3905_hokuyo.urdf.xacro
[1.231s] -- Up-to-date: /home/apptronik/dev_ws/install/primeberry_two/share/ament_index/resource_index/package_run_dependencies/primeberry_two
[1.231s] -- Up-to-date: /home/apptronik/dev_ws/install/primeberry_two/share/ament_index/resource_index/parent_prefix_path/primeberry_two
[1.232s] -- Up-to-date: /home/apptronik/dev_ws/install/primeberry_two/share/primeberry_two/environment/ament_prefix_path.sh
[1.234s] -- Up-to-date: /home/apptronik/dev_ws/install/primeberry_two/share/primeberry_two/environment/ament_prefix_path.dsv
[1.237s] -- Up-to-date: /home/apptronik/dev_ws/install/primeberry_two/share/primeberry_two/environment/path.sh
[1.238s] -- Up-to-date: /home/apptronik/dev_ws/install/primeberry_two/share/primeberry_two/environment/path.dsv
[1.239s] -- Up-to-date: /home/apptronik/dev_ws/install/primeberry_two/share/primeberry_two/local_setup.bash
[1.239s] -- Up-to-date: /home/apptronik/dev_ws/install/primeberry_two/share/primeberry_two/local_setup.sh
[1.240s] -- Up-to-date: /home/apptronik/dev_ws/install/primeberry_two/share/primeberry_two/local_setup.zsh
[1.240s] -- Up-to-date: /home/apptronik/dev_ws/install/primeberry_two/share/primeberry_two/local_setup.dsv
[1.240s] -- Installing: /home/apptronik/dev_ws/install/primeberry_two/share/primeberry_two/package.dsv
[1.240s] -- Up-to-date: /home/apptronik/dev_ws/install/primeberry_two/share/ament_index/resource_index/packages/primeberry_two
[1.240s] -- Up-to-date: /home/apptronik/dev_ws/install/primeberry_two/share/primeberry_two/cmake/primeberry_twoConfig.cmake
[1.240s] -- Up-to-date: /home/apptronik/dev_ws/install/primeberry_two/share/primeberry_two/cmake/primeberry_twoConfig-version.cmake
[1.241s] -- Up-to-date: /home/apptronik/dev_ws/install/primeberry_two/share/primeberry_two/package.xml
[1.261s] Invoked command in '/home/apptronik/dev_ws/build/primeberry_two' returned '0': CMAKE_PREFIX_PATH=${CMAKE_PREFIX_PATH}:/home/apptronik/dev_ws/install/readings_and_processing:/opt/ros/humble /usr/bin/cmake --install /home/apptronik/dev_ws/build/primeberry_two
