[0.019s] Invoking command in '/home/apptronik/dev_ws/build/primeberry': CMAKE_PREFIX_PATH=${CMAKE_PREFIX_PATH}:/home/apptronik/dev_ws/install/readings_and_processing:/opt/ros/humble /usr/bin/cmake /home/apptronik/dev_ws/src/primeberry -DCMAKE_INSTALL_PREFIX=/home/apptronik/dev_ws/install/primeberry
[0.039s] -- Found ament_cmake: 1.3.9 (/opt/ros/humble/share/ament_cmake/cmake)
[0.218s] -- Override CMake install command with custom implementation using symlinks instead of copying resources
[0.226s] -- Found robot_state_publisher: 3.0.3 (/opt/ros/humble/share/robot_state_publisher/cmake)
[0.276s] -- Found rosidl_generator_c: 3.1.5 (/opt/ros/humble/share/rosidl_generator_c/cmake)
[0.276s] -- Found rosidl_adapter: 3.1.5 (/opt/ros/humble/share/rosidl_adapter/cmake)
[0.299s] -- Found rosidl_generator_cpp: 3.1.5 (/opt/ros/humble/share/rosidl_generator_cpp/cmake)
[0.301s] -- Using all available rosidl_typesupport_c: rosidl_typesupport_fastrtps_c;rosidl_typesupport_introspection_c
[0.323s] -- Using all available rosidl_typesupport_cpp: rosidl_typesupport_fastrtps_cpp;rosidl_typesupport_introspection_cpp
[0.521s] -- Found eigen3_cmake_module: 0.1.1 (/opt/ros/humble/share/eigen3_cmake_module/cmake)
[0.522s] -- Ensuring Eigen3 include directory is part of orocos-kdl CMake target
[0.593s] -- Found rmw_implementation_cmake: 6.1.2 (/opt/ros/humble/share/rmw_implementation_cmake/cmake)
[0.595s] -- Found rmw_fastrtps_cpp: 6.2.6 (/opt/ros/humble/share/rmw_fastrtps_cpp/cmake)
[0.770s] -- Using RMW implementation 'rmw_fastrtps_cpp' as default
[1.600s] -- Found ament_lint_auto: 0.12.11 (/opt/ros/humble/share/ament_lint_auto/cmake)
[1.698s] -- Added test 'flake8' to check Python code syntax and style conventions
[1.699s] -- Added test 'lint_cmake' to check CMake code style
[1.699s] -- Added test 'pep257' to check Python code against some of the docstring style conventions in PEP 257
[1.702s] -- Added test 'xmllint' to check XML markup files
[1.702s] -- Configuring done
[1.714s] -- Generating done
[1.714s] -- Build files have been written to: /home/apptronik/dev_ws/build/primeberry
[1.726s] Invoked command in '/home/apptronik/dev_ws/build/primeberry' returned '0': CMAKE_PREFIX_PATH=${CMAKE_PREFIX_PATH}:/home/apptronik/dev_ws/install/readings_and_processing:/opt/ros/humble /usr/bin/cmake /home/apptronik/dev_ws/src/primeberry -DCMAKE_INSTALL_PREFIX=/home/apptronik/dev_ws/install/primeberry
[1.726s] Invoking command in '/home/apptronik/dev_ws/build/primeberry': CMAKE_PREFIX_PATH=${CMAKE_PREFIX_PATH}:/home/apptronik/dev_ws/install/readings_and_processing:/opt/ros/humble /usr/bin/cmake --build /home/apptronik/dev_ws/build/primeberry -- -j2 -l2
[1.781s] Invoked command in '/home/apptronik/dev_ws/build/primeberry' returned '0': CMAKE_PREFIX_PATH=${CMAKE_PREFIX_PATH}:/home/apptronik/dev_ws/install/readings_and_processing:/opt/ros/humble /usr/bin/cmake --build /home/apptronik/dev_ws/build/primeberry -- -j2 -l2
[1.821s] Invoking command in '/home/apptronik/dev_ws/build/primeberry': CMAKE_PREFIX_PATH=${CMAKE_PREFIX_PATH}:/home/apptronik/dev_ws/install/readings_and_processing:/opt/ros/humble /usr/bin/cmake --install /home/apptronik/dev_ws/build/primeberry
[1.832s] -- Install configuration: ""
[1.833s] -- Execute custom install script
[1.833s] -- Up-to-date symlink: /home/apptronik/dev_ws/install/primeberry/share/primeberry//launch/launch_sim.launch.py
[1.834s] -- Up-to-date symlink: /home/apptronik/dev_ws/install/primeberry/share/primeberry//launch/rsp.launch.py
[1.834s] -- Up-to-date symlink: /home/apptronik/dev_ws/install/primeberry/share/primeberry//description/base_link.xacro
[1.835s] -- Up-to-date symlink: /home/apptronik/dev_ws/install/primeberry/share/primeberry//description/gazebo_control.xacro
[1.835s] -- Up-to-date symlink: /home/apptronik/dev_ws/install/primeberry/share/primeberry//description/materials.xacro
[1.836s] -- Up-to-date symlink: /home/apptronik/dev_ws/install/primeberry/share/primeberry//description/primeberry.urdf.xacro
[1.836s] -- Up-to-date symlink: /home/apptronik/dev_ws/install/primeberry/share/primeberry//description/steering_mechanism.xacro
[1.836s] -- Up-to-date symlink: /home/apptronik/dev_ws/install/primeberry/share/primeberry//description/wheels.xacro
[1.837s] -- Up-to-date symlink: /home/apptronik/dev_ws/install/primeberry/share/ament_index/resource_index/package_run_dependencies/primeberry
[1.837s] -- Up-to-date symlink: /home/apptronik/dev_ws/install/primeberry/share/ament_index/resource_index/parent_prefix_path/primeberry
[1.838s] -- Up-to-date symlink: /home/apptronik/dev_ws/install/primeberry/share/primeberry/environment/ament_prefix_path.sh
[1.838s] -- Up-to-date symlink: /home/apptronik/dev_ws/install/primeberry/share/primeberry/environment/ament_prefix_path.dsv
[1.838s] -- Up-to-date symlink: /home/apptronik/dev_ws/install/primeberry/share/primeberry/environment/path.sh
[1.839s] -- Up-to-date symlink: /home/apptronik/dev_ws/install/primeberry/share/primeberry/environment/path.dsv
[1.839s] -- Up-to-date symlink: /home/apptronik/dev_ws/install/primeberry/share/primeberry/local_setup.bash
[1.840s] -- Up-to-date symlink: /home/apptronik/dev_ws/install/primeberry/share/primeberry/local_setup.sh
[1.840s] -- Up-to-date symlink: /home/apptronik/dev_ws/install/primeberry/share/primeberry/local_setup.zsh
[1.840s] -- Up-to-date symlink: /home/apptronik/dev_ws/install/primeberry/share/primeberry/local_setup.dsv
[1.841s] -- Symlinking: /home/apptronik/dev_ws/install/primeberry/share/primeberry/package.dsv
[1.853s] -- Up-to-date symlink: /home/apptronik/dev_ws/install/primeberry/share/ament_index/resource_index/packages/primeberry
[1.857s] -- Up-to-date symlink: /home/apptronik/dev_ws/install/primeberry/share/primeberry/cmake/primeberryConfig.cmake
[1.858s] -- Up-to-date symlink: /home/apptronik/dev_ws/install/primeberry/share/primeberry/cmake/primeberryConfig-version.cmake
[1.858s] -- Up-to-date symlink: /home/apptronik/dev_ws/install/primeberry/share/primeberry/package.xml
[1.866s] Invoked command in '/home/apptronik/dev_ws/build/primeberry' returned '0': CMAKE_PREFIX_PATH=${CMAKE_PREFIX_PATH}:/home/apptronik/dev_ws/install/readings_and_processing:/opt/ros/humble /usr/bin/cmake --install /home/apptronik/dev_ws/build/primeberry
