[0.028s] Invoking command in '/home/prime/dev_ws/build/primeberry': CMAKE_PREFIX_PATH=${CMAKE_PREFIX_PATH}:/opt/ros/humble /usr/bin/cmake --build /home/prime/dev_ws/build/primeberry -- -j8 -l8
[0.157s] Invoked command in '/home/prime/dev_ws/build/primeberry' returned '0': CMAKE_PREFIX_PATH=${CMAKE_PREFIX_PATH}:/opt/ros/humble /usr/bin/cmake --build /home/prime/dev_ws/build/primeberry -- -j8 -l8
[0.337s] Invoking command in '/home/prime/dev_ws/build/primeberry': CMAKE_PREFIX_PATH=${CMAKE_PREFIX_PATH}:/opt/ros/humble /usr/bin/cmake --install /home/prime/dev_ws/build/primeberry
[0.385s] -- Install configuration: ""
[0.385s] -- Up-to-date: /home/prime/dev_ws/install/primeberry/share/primeberry//launch
[0.386s] -- Installing: /home/prime/dev_ws/install/primeberry/share/primeberry//launch/robot_state_publisher_launch.py
[0.386s] -- Up-to-date: /home/prime/dev_ws/install/primeberry/share/primeberry//description
[0.387s] -- Up-to-date: /home/prime/dev_ws/install/primeberry/share/primeberry//description/primeberry.urdf.xacro
[0.387s] -- Up-to-date: /home/prime/dev_ws/install/primeberry/share/primeberry//description/materials.xacro
[0.388s] -- Up-to-date: /home/prime/dev_ws/install/primeberry/share/ament_index/resource_index/package_run_dependencies/primeberry
[0.388s] -- Up-to-date: /home/prime/dev_ws/install/primeberry/share/ament_index/resource_index/parent_prefix_path/primeberry
[0.388s] -- Up-to-date: /home/prime/dev_ws/install/primeberry/share/primeberry/environment/ament_prefix_path.sh
[0.393s] -- Up-to-date: /home/prime/dev_ws/install/primeberry/share/primeberry/environment/ament_prefix_path.dsv
[0.395s] -- Up-to-date: /home/prime/dev_ws/install/primeberry/share/primeberry/environment/path.sh
[0.395s] -- Up-to-date: /home/prime/dev_ws/install/primeberry/share/primeberry/environment/path.dsv
[0.396s] -- Up-to-date: /home/prime/dev_ws/install/primeberry/share/primeberry/local_setup.bash
[0.396s] -- Up-to-date: /home/prime/dev_ws/install/primeberry/share/primeberry/local_setup.sh
[0.397s] -- Up-to-date: /home/prime/dev_ws/install/primeberry/share/primeberry/local_setup.zsh
[0.409s] -- Up-to-date: /home/prime/dev_ws/install/primeberry/share/primeberry/local_setup.dsv
[0.421s] -- Installing: /home/prime/dev_ws/install/primeberry/share/primeberry/package.dsv
[0.422s] -- Up-to-date: /home/prime/dev_ws/install/primeberry/share/ament_index/resource_index/packages/primeberry
[0.422s] -- Up-to-date: /home/prime/dev_ws/install/primeberry/share/primeberry/cmake/primeberryConfig.cmake
[0.422s] -- Up-to-date: /home/prime/dev_ws/install/primeberry/share/primeberry/cmake/primeberryConfig-version.cmake
[0.422s] -- Up-to-date: /home/prime/dev_ws/install/primeberry/share/primeberry/package.xml
[0.437s] Invoked command in '/home/prime/dev_ws/build/primeberry' returned '0': CMAKE_PREFIX_PATH=${CMAKE_PREFIX_PATH}:/opt/ros/humble /usr/bin/cmake --install /home/prime/dev_ws/build/primeberry
