[0.865s] Invoking command in '/home/apptronik/dev_ws/build/readings_and_processing': PYTHONPATH=/home/apptronik/dev_ws/build/readings_and_processing/prefix_override:/usr/lib/python3/dist-packages/colcon_core/task/python/colcon_distutils_commands:/home/apptronik/dev_ws/install/readings_and_processing/lib/python3.10/site-packages:${PYTHONPATH} /usr/bin/python3 -W ignore:setup.py install is deprecated setup.py develop --uninstall --editable --build-directory /home/apptronik/dev_ws/build/readings_and_processing/build
[1.236s] running develop
[1.237s] /usr/lib/python3/dist-packages/setuptools/command/easy_install.py:158: EasyInstallDeprecationWarning: easy_install command is deprecated. Use build and pip and other standards-based tools.
[1.238s]   warnings.warn(
[1.500s] Removing /home/apptronik/dev_ws/install/readings_and_processing/lib/python3.10/site-packages/readings-and-processing.egg-link (link to .)
[1.540s] Invoked command in '/home/apptronik/dev_ws/build/readings_and_processing' returned '0': PYTHONPATH=/home/apptronik/dev_ws/build/readings_and_processing/prefix_override:/usr/lib/python3/dist-packages/colcon_core/task/python/colcon_distutils_commands:/home/apptronik/dev_ws/install/readings_and_processing/lib/python3.10/site-packages:${PYTHONPATH} /usr/bin/python3 -W ignore:setup.py install is deprecated setup.py develop --uninstall --editable --build-directory /home/apptronik/dev_ws/build/readings_and_processing/build
[1.543s] Invoking command in '/home/apptronik/dev_ws/src/readings_and_processing': PYTHONPATH=/home/apptronik/dev_ws/build/readings_and_processing/prefix_override:/usr/lib/python3/dist-packages/colcon_core/task/python/colcon_distutils_commands:/home/apptronik/dev_ws/install/readings_and_processing/lib/python3.10/site-packages:${PYTHONPATH} /usr/bin/python3 -W ignore:setup.py install is deprecated setup.py egg_info --egg-base ../../build/readings_and_processing build --build-base /home/apptronik/dev_ws/build/readings_and_processing/build install --record /home/apptronik/dev_ws/build/readings_and_processing/install.log --single-version-externally-managed install_data --force
[1.906s] running egg_info
[1.908s] writing ../../build/readings_and_processing/readings_and_processing.egg-info/PKG-INFO
[1.908s] writing dependency_links to ../../build/readings_and_processing/readings_and_processing.egg-info/dependency_links.txt
[1.908s] writing entry points to ../../build/readings_and_processing/readings_and_processing.egg-info/entry_points.txt
[1.908s] writing requirements to ../../build/readings_and_processing/readings_and_processing.egg-info/requires.txt
[1.908s] writing top-level names to ../../build/readings_and_processing/readings_and_processing.egg-info/top_level.txt
[1.910s] reading manifest file '../../build/readings_and_processing/readings_and_processing.egg-info/SOURCES.txt'
[1.912s] writing manifest file '../../build/readings_and_processing/readings_and_processing.egg-info/SOURCES.txt'
[1.912s] running build
[1.912s] running build_py
[1.912s] running install
[1.912s] running install_lib
[1.914s] creating /home/apptronik/dev_ws/install/readings_and_processing/lib/python3.10/site-packages/readings_and_processing
[1.914s] copying /home/apptronik/dev_ws/build/readings_and_processing/build/lib/readings_and_processing/teleop_twist_to_ackerman.py -> /home/apptronik/dev_ws/install/readings_and_processing/lib/python3.10/site-packages/readings_and_processing
[1.915s] copying /home/apptronik/dev_ws/build/readings_and_processing/build/lib/readings_and_processing/__init__.py -> /home/apptronik/dev_ws/install/readings_and_processing/lib/python3.10/site-packages/readings_and_processing
[1.916s] copying /home/apptronik/dev_ws/build/readings_and_processing/build/lib/readings_and_processing/make_circle.py -> /home/apptronik/dev_ws/install/readings_and_processing/lib/python3.10/site-packages/readings_and_processing
[1.917s] byte-compiling /home/apptronik/dev_ws/install/readings_and_processing/lib/python3.10/site-packages/readings_and_processing/teleop_twist_to_ackerman.py to teleop_twist_to_ackerman.cpython-310.pyc
[1.917s] byte-compiling /home/apptronik/dev_ws/install/readings_and_processing/lib/python3.10/site-packages/readings_and_processing/__init__.py to __init__.cpython-310.pyc
[1.917s] byte-compiling /home/apptronik/dev_ws/install/readings_and_processing/lib/python3.10/site-packages/readings_and_processing/make_circle.py to make_circle.cpython-310.pyc
[1.917s] running install_data
[1.917s] copying resource/readings_and_processing -> /home/apptronik/dev_ws/install/readings_and_processing/share/ament_index/resource_index/packages
[1.919s] copying package.xml -> /home/apptronik/dev_ws/install/readings_and_processing/share/readings_and_processing
[1.919s] running install_egg_info
[1.919s] Copying ../../build/readings_and_processing/readings_and_processing.egg-info to /home/apptronik/dev_ws/install/readings_and_processing/lib/python3.10/site-packages/readings_and_processing-0.0.0-py3.10.egg-info
[1.919s] running install_scripts
[1.945s] Installing make_circle_node script to /home/apptronik/dev_ws/install/readings_and_processing/lib/readings_and_processing
[1.945s] Installing teleop_twist_to_ackerman_node script to /home/apptronik/dev_ws/install/readings_and_processing/lib/readings_and_processing
[1.945s] writing list of installed files to '/home/apptronik/dev_ws/build/readings_and_processing/install.log'
[1.980s] Invoked command in '/home/apptronik/dev_ws/src/readings_and_processing' returned '0': PYTHONPATH=/home/apptronik/dev_ws/build/readings_and_processing/prefix_override:/usr/lib/python3/dist-packages/colcon_core/task/python/colcon_distutils_commands:/home/apptronik/dev_ws/install/readings_and_processing/lib/python3.10/site-packages:${PYTHONPATH} /usr/bin/python3 -W ignore:setup.py install is deprecated setup.py egg_info --egg-base ../../build/readings_and_processing build --build-base /home/apptronik/dev_ws/build/readings_and_processing/build install --record /home/apptronik/dev_ws/build/readings_and_processing/install.log --single-version-externally-managed install_data --force
