[0.051s] Invoking command in '/home/prime/dev_ws/build/primeberry': CMAKE_PREFIX_PATH=/home/prime/dev_ws/install/primeberry:/opt/ros/humble /usr/bin/cmake /home/prime/dev_ws/src/primeberry -DCMAKE_INSTALL_PREFIX=/home/prime/dev_ws/install/primeberry
[0.268s] -- The C compiler identification is GNU 11.4.0
[0.473s] -- The CXX compiler identification is GNU 11.4.0
[0.489s] -- Detecting C compiler ABI info
[0.675s] -- Detecting C compiler ABI info - done
[0.691s] -- Check for working C compiler: /usr/bin/cc - skipped
[0.691s] -- Detecting C compile features
[0.692s] -- Detecting C compile features - done
[0.704s] -- Detecting CXX compiler ABI info
[0.971s] -- Detecting CXX compiler ABI info - done
[0.983s] -- Check for working CXX compiler: /usr/bin/c++ - skipped
[0.985s] -- Detecting CXX compile features
[0.985s] -- Detecting CXX compile features - done
[0.989s] -- Found ament_cmake: 1.3.9 (/opt/ros/humble/share/ament_cmake/cmake)
[1.277s] -- Found Python3: /usr/bin/python3 (found version "3.10.12") found components: Interpreter 
[1.475s] -- Found robot_state_publisher: 3.0.3 (/opt/ros/humble/share/robot_state_publisher/cmake)
[1.652s] -- Found rosidl_generator_c: 3.1.5 (/opt/ros/humble/share/rosidl_generator_c/cmake)
[1.678s] -- Found rosidl_adapter: 3.1.5 (/opt/ros/humble/share/rosidl_adapter/cmake)
[1.720s] -- Found rosidl_generator_cpp: 3.1.5 (/opt/ros/humble/share/rosidl_generator_cpp/cmake)
[1.826s] -- Using all available rosidl_typesupport_c: rosidl_typesupport_fastrtps_c;rosidl_typesupport_introspection_c
[1.904s] -- Using all available rosidl_typesupport_cpp: rosidl_typesupport_fastrtps_cpp;rosidl_typesupport_introspection_cpp
[2.250s] -- Found eigen3_cmake_module: 0.1.1 (/opt/ros/humble/share/eigen3_cmake_module/cmake)
[2.256s] -- Found Eigen3: TRUE (found version "3.4.0") 
[2.256s] -- Ensuring Eigen3 include directory is part of orocos-kdl CMake target
[2.497s] -- Found rmw_implementation_cmake: 6.1.2 (/opt/ros/humble/share/rmw_implementation_cmake/cmake)
[2.512s] -- Found rmw_fastrtps_cpp: 6.2.6 (/opt/ros/humble/share/rmw_fastrtps_cpp/cmake)
[2.886s] -- Found OpenSSL: /usr/lib/x86_64-linux-gnu/libcrypto.so (found version "3.0.2")  
[2.940s] -- Found FastRTPS: /opt/ros/humble/include  
[3.030s] -- Using RMW implementation 'rmw_fastrtps_cpp' as default
[3.073s] -- Looking for pthread.h
[3.334s] -- Looking for pthread.h - found
[3.334s] -- Performing Test CMAKE_HAVE_LIBC_PTHREAD
[3.575s] -- Performing Test CMAKE_HAVE_LIBC_PTHREAD - Success
[3.578s] -- Found Threads: TRUE  
[5.112s] -- Found ament_lint_auto: 0.12.11 (/opt/ros/humble/share/ament_lint_auto/cmake)
[5.365s] -- Added test 'flake8' to check Python code syntax and style conventions
[5.367s] -- Added test 'lint_cmake' to check CMake code style
[5.369s] -- Added test 'pep257' to check Python code against some of the docstring style conventions in PEP 257
[5.374s] -- Added test 'xmllint' to check XML markup files
[5.390s] -- Configuring done
[5.402s] -- Generating done
[5.405s] -- Build files have been written to: /home/prime/dev_ws/build/primeberry
[5.427s] Invoked command in '/home/prime/dev_ws/build/primeberry' returned '0': CMAKE_PREFIX_PATH=/home/prime/dev_ws/install/primeberry:/opt/ros/humble /usr/bin/cmake /home/prime/dev_ws/src/primeberry -DCMAKE_INSTALL_PREFIX=/home/prime/dev_ws/install/primeberry
[5.435s] Invoking command in '/home/prime/dev_ws/build/primeberry': CMAKE_PREFIX_PATH=/home/prime/dev_ws/install/primeberry:/opt/ros/humble /usr/bin/cmake --build /home/prime/dev_ws/build/primeberry -- -j8 -l8
[5.553s] Invoked command in '/home/prime/dev_ws/build/primeberry' returned '0': CMAKE_PREFIX_PATH=/home/prime/dev_ws/install/primeberry:/opt/ros/humble /usr/bin/cmake --build /home/prime/dev_ws/build/primeberry -- -j8 -l8
[5.661s] Invoking command in '/home/prime/dev_ws/build/primeberry': CMAKE_PREFIX_PATH=/home/prime/dev_ws/install/primeberry:/opt/ros/humble /usr/bin/cmake --install /home/prime/dev_ws/build/primeberry
[5.678s] -- Install configuration: ""
[5.679s] -- Installing: /home/prime/dev_ws/install/primeberry/share/primeberry//launch
[5.679s] -- Installing: /home/prime/dev_ws/install/primeberry/share/primeberry//launch/robot_state_publisher_launch.py
[5.681s] -- Installing: /home/prime/dev_ws/install/primeberry/share/primeberry//description
[5.681s] -- Installing: /home/prime/dev_ws/install/primeberry/share/primeberry//description/primeberry.urdf.xacro
[5.681s] -- Installing: /home/prime/dev_ws/install/primeberry/share/primeberry//description/materials.xacro
[5.682s] -- Installing: /home/prime/dev_ws/install/primeberry/share/ament_index/resource_index/package_run_dependencies/primeberry
[5.682s] -- Installing: /home/prime/dev_ws/install/primeberry/share/ament_index/resource_index/parent_prefix_path/primeberry
[5.682s] -- Installing: /home/prime/dev_ws/install/primeberry/share/primeberry/environment/ament_prefix_path.sh
[5.682s] -- Installing: /home/prime/dev_ws/install/primeberry/share/primeberry/environment/ament_prefix_path.dsv
[5.683s] -- Installing: /home/prime/dev_ws/install/primeberry/share/primeberry/environment/path.sh
[5.684s] -- Installing: /home/prime/dev_ws/install/primeberry/share/primeberry/environment/path.dsv
[5.684s] -- Installing: /home/prime/dev_ws/install/primeberry/share/primeberry/local_setup.bash
[5.685s] -- Installing: /home/prime/dev_ws/install/primeberry/share/primeberry/local_setup.sh
[5.685s] -- Installing: /home/prime/dev_ws/install/primeberry/share/primeberry/local_setup.zsh
[5.686s] -- Installing: /home/prime/dev_ws/install/primeberry/share/primeberry/local_setup.dsv
[5.686s] -- Installing: /home/prime/dev_ws/install/primeberry/share/primeberry/package.dsv
[5.686s] -- Installing: /home/prime/dev_ws/install/primeberry/share/ament_index/resource_index/packages/primeberry
[5.687s] -- Installing: /home/prime/dev_ws/install/primeberry/share/primeberry/cmake/primeberryConfig.cmake
[5.688s] -- Installing: /home/prime/dev_ws/install/primeberry/share/primeberry/cmake/primeberryConfig-version.cmake
[5.688s] -- Installing: /home/prime/dev_ws/install/primeberry/share/primeberry/package.xml
[5.694s] Invoked command in '/home/prime/dev_ws/build/primeberry' returned '0': CMAKE_PREFIX_PATH=/home/prime/dev_ws/install/primeberry:/opt/ros/humble /usr/bin/cmake --install /home/prime/dev_ws/build/primeberry
