[0.106s] Invoking command in '/home/prime/dev_ws/build/primeberry_one': CMAKE_PREFIX_PATH=${CMAKE_PREFIX_PATH}:/opt/ros/humble /usr/bin/cmake --build /home/prime/dev_ws/build/primeberry_one -- -j8 -l8
[0.266s] Invoked command in '/home/prime/dev_ws/build/primeberry_one' returned '0': CMAKE_PREFIX_PATH=${CMAKE_PREFIX_PATH}:/opt/ros/humble /usr/bin/cmake --build /home/prime/dev_ws/build/primeberry_one -- -j8 -l8
[0.545s] Invoking command in '/home/prime/dev_ws/build/primeberry_one': CMAKE_PREFIX_PATH=${CMAKE_PREFIX_PATH}:/opt/ros/humble /usr/bin/cmake --install /home/prime/dev_ws/build/primeberry_one
[0.557s] -- Install configuration: ""
[0.557s] -- Up-to-date: /home/prime/dev_ws/install/primeberry_one/share/primeberry_one//launch
[0.558s] -- Up-to-date: /home/prime/dev_ws/install/primeberry_one/share/primeberry_one//launch/rsp.launch.py
[0.558s] -- Up-to-date: /home/prime/dev_ws/install/primeberry_one/share/primeberry_one//description
[0.585s] -- Installing: /home/prime/dev_ws/install/primeberry_one/share/primeberry_one//description/primeberry_one.urdf.xacro
[0.585s] -- Installing: /home/prime/dev_ws/install/primeberry_one/share/primeberry_one//description/gazebo_control.xacro
[0.585s] -- Up-to-date: /home/prime/dev_ws/install/primeberry_one/share/ament_index/resource_index/package_run_dependencies/primeberry_one
[0.589s] -- Up-to-date: /home/prime/dev_ws/install/primeberry_one/share/ament_index/resource_index/parent_prefix_path/primeberry_one
[0.594s] -- Up-to-date: /home/prime/dev_ws/install/primeberry_one/share/primeberry_one/environment/ament_prefix_path.sh
[0.646s] -- Up-to-date: /home/prime/dev_ws/install/primeberry_one/share/primeberry_one/environment/ament_prefix_path.dsv
[0.647s] -- Up-to-date: /home/prime/dev_ws/install/primeberry_one/share/primeberry_one/environment/path.sh
[0.647s] -- Up-to-date: /home/prime/dev_ws/install/primeberry_one/share/primeberry_one/environment/path.dsv
[0.648s] -- Up-to-date: /home/prime/dev_ws/install/primeberry_one/share/primeberry_one/local_setup.bash
[0.653s] -- Up-to-date: /home/prime/dev_ws/install/primeberry_one/share/primeberry_one/local_setup.sh
[0.654s] -- Up-to-date: /home/prime/dev_ws/install/primeberry_one/share/primeberry_one/local_setup.zsh
[0.654s] -- Up-to-date: /home/prime/dev_ws/install/primeberry_one/share/primeberry_one/local_setup.dsv
[0.659s] -- Up-to-date: /home/prime/dev_ws/install/primeberry_one/share/primeberry_one/package.dsv
[0.662s] -- Up-to-date: /home/prime/dev_ws/install/primeberry_one/share/ament_index/resource_index/packages/primeberry_one
[0.662s] -- Up-to-date: /home/prime/dev_ws/install/primeberry_one/share/primeberry_one/cmake/primeberry_oneConfig.cmake
[0.662s] -- Up-to-date: /home/prime/dev_ws/install/primeberry_one/share/primeberry_one/cmake/primeberry_oneConfig-version.cmake
[0.667s] -- Up-to-date: /home/prime/dev_ws/install/primeberry_one/share/primeberry_one/package.xml
[0.673s] Invoked command in '/home/prime/dev_ws/build/primeberry_one' returned '0': CMAKE_PREFIX_PATH=${CMAKE_PREFIX_PATH}:/opt/ros/humble /usr/bin/cmake --install /home/prime/dev_ws/build/primeberry_one
