[0.054s] Invoking command in '/home/prime/dev_ws/build/primeberry_one': CMAKE_PREFIX_PATH=${CMAKE_PREFIX_PATH}:/opt/ros/humble /usr/bin/cmake /home/prime/dev_ws/src/primeberry_one -DCMAKE_INSTALL_PREFIX=/home/prime/dev_ws/install/primeberry_one
[0.139s] -- The C compiler identification is GNU 11.4.0
[0.200s] -- The CXX compiler identification is GNU 11.4.0
[0.209s] -- Detecting C compiler ABI info
[0.359s] -- Detecting C compiler ABI info - done
[0.371s] -- Check for working C compiler: /usr/bin/cc - skipped
[0.372s] -- Detecting C compile features
[0.373s] -- Detecting C compile features - done
[0.376s] -- Detecting CXX compiler ABI info
[0.603s] -- Detecting CXX compiler ABI info - done
[0.611s] -- Check for working CXX compiler: /usr/bin/c++ - skipped
[0.611s] -- Detecting CXX compile features
[0.612s] -- Detecting CXX compile features - done
[0.615s] -- Found ament_cmake: 1.3.9 (/opt/ros/humble/share/ament_cmake/cmake)
[0.762s] -- Found Python3: /usr/bin/python3 (found version "3.10.12") found components: Interpreter 
[0.857s] -- Found robot_state_publisher: 3.0.3 (/opt/ros/humble/share/robot_state_publisher/cmake)
[0.886s] -- Found rosidl_generator_c: 3.1.5 (/opt/ros/humble/share/rosidl_generator_c/cmake)
[0.890s] -- Found rosidl_adapter: 3.1.5 (/opt/ros/humble/share/rosidl_adapter/cmake)
[0.899s] -- Found rosidl_generator_cpp: 3.1.5 (/opt/ros/humble/share/rosidl_generator_cpp/cmake)
[0.913s] -- Using all available rosidl_typesupport_c: rosidl_typesupport_fastrtps_c;rosidl_typesupport_introspection_c
[0.939s] -- Using all available rosidl_typesupport_cpp: rosidl_typesupport_fastrtps_cpp;rosidl_typesupport_introspection_cpp
[1.094s] -- Found eigen3_cmake_module: 0.1.1 (/opt/ros/humble/share/eigen3_cmake_module/cmake)
[1.095s] -- Found Eigen3: TRUE (found version "3.4.0") 
[1.095s] -- Ensuring Eigen3 include directory is part of orocos-kdl CMake target
[1.153s] -- Found rmw_implementation_cmake: 6.1.2 (/opt/ros/humble/share/rmw_implementation_cmake/cmake)
[1.155s] -- Found rmw_fastrtps_cpp: 6.2.6 (/opt/ros/humble/share/rmw_fastrtps_cpp/cmake)
[1.290s] -- Found OpenSSL: /usr/lib/x86_64-linux-gnu/libcrypto.so (found version "3.0.2")  
[1.318s] -- Found FastRTPS: /opt/ros/humble/include  
[1.374s] -- Using RMW implementation 'rmw_fastrtps_cpp' as default
[1.382s] -- Looking for pthread.h
[1.480s] -- Looking for pthread.h - found
[1.480s] -- Performing Test CMAKE_HAVE_LIBC_PTHREAD
[1.668s] -- Performing Test CMAKE_HAVE_LIBC_PTHREAD - Success
[1.670s] -- Found Threads: TRUE  
[2.194s] -- Found ament_lint_auto: 0.12.11 (/opt/ros/humble/share/ament_lint_auto/cmake)
[2.304s] -- Added test 'flake8' to check Python code syntax and style conventions
[2.313s] -- Added test 'lint_cmake' to check CMake code style
[2.315s] -- Added test 'pep257' to check Python code against some of the docstring style conventions in PEP 257
[2.318s] -- Added test 'xmllint' to check XML markup files
[2.320s] -- Configuring done
[2.328s] -- Generating done
[2.331s] -- Build files have been written to: /home/prime/dev_ws/build/primeberry_one
[2.355s] Invoked command in '/home/prime/dev_ws/build/primeberry_one' returned '0': CMAKE_PREFIX_PATH=${CMAKE_PREFIX_PATH}:/opt/ros/humble /usr/bin/cmake /home/prime/dev_ws/src/primeberry_one -DCMAKE_INSTALL_PREFIX=/home/prime/dev_ws/install/primeberry_one
[2.356s] Invoking command in '/home/prime/dev_ws/build/primeberry_one': CMAKE_PREFIX_PATH=${CMAKE_PREFIX_PATH}:/opt/ros/humble /usr/bin/cmake --build /home/prime/dev_ws/build/primeberry_one -- -j8 -l8
[2.410s] Invoked command in '/home/prime/dev_ws/build/primeberry_one' returned '0': CMAKE_PREFIX_PATH=${CMAKE_PREFIX_PATH}:/opt/ros/humble /usr/bin/cmake --build /home/prime/dev_ws/build/primeberry_one -- -j8 -l8
[2.496s] Invoking command in '/home/prime/dev_ws/build/primeberry_one': CMAKE_PREFIX_PATH=${CMAKE_PREFIX_PATH}:/opt/ros/humble /usr/bin/cmake --install /home/prime/dev_ws/build/primeberry_one
[2.504s] -- Install configuration: ""
[2.504s] -- Installing: /home/prime/dev_ws/install/primeberry_one/share/primeberry_one//launch
[2.505s] -- Installing: /home/prime/dev_ws/install/primeberry_one/share/primeberry_one//launch/rsp.launch.py
[2.506s] -- Installing: /home/prime/dev_ws/install/primeberry_one/share/primeberry_one//description
[2.506s] -- Installing: /home/prime/dev_ws/install/primeberry_one/share/primeberry_one//description/primeberry_one.urdf.xacro
[2.506s] -- Installing: /home/prime/dev_ws/install/primeberry_one/share/ament_index/resource_index/package_run_dependencies/primeberry_one
[2.506s] -- Installing: /home/prime/dev_ws/install/primeberry_one/share/ament_index/resource_index/parent_prefix_path/primeberry_one
[2.507s] -- Installing: /home/prime/dev_ws/install/primeberry_one/share/primeberry_one/environment/ament_prefix_path.sh
[2.507s] -- Installing: /home/prime/dev_ws/install/primeberry_one/share/primeberry_one/environment/ament_prefix_path.dsv
[2.507s] -- Installing: /home/prime/dev_ws/install/primeberry_one/share/primeberry_one/environment/path.sh
[2.508s] -- Installing: /home/prime/dev_ws/install/primeberry_one/share/primeberry_one/environment/path.dsv
[2.508s] -- Installing: /home/prime/dev_ws/install/primeberry_one/share/primeberry_one/local_setup.bash
[2.509s] -- Installing: /home/prime/dev_ws/install/primeberry_one/share/primeberry_one/local_setup.sh
[2.513s] -- Installing: /home/prime/dev_ws/install/primeberry_one/share/primeberry_one/local_setup.zsh
[2.514s] -- Installing: /home/prime/dev_ws/install/primeberry_one/share/primeberry_one/local_setup.dsv
[2.514s] -- Installing: /home/prime/dev_ws/install/primeberry_one/share/primeberry_one/package.dsv
[2.515s] -- Installing: /home/prime/dev_ws/install/primeberry_one/share/ament_index/resource_index/packages/primeberry_one
[2.516s] -- Installing: /home/prime/dev_ws/install/primeberry_one/share/primeberry_one/cmake/primeberry_oneConfig.cmake
[2.516s] -- Installing: /home/prime/dev_ws/install/primeberry_one/share/primeberry_one/cmake/primeberry_oneConfig-version.cmake
[2.516s] -- Installing: /home/prime/dev_ws/install/primeberry_one/share/primeberry_one/package.xml
[2.544s] Invoked command in '/home/prime/dev_ws/build/primeberry_one' returned '0': CMAKE_PREFIX_PATH=${CMAKE_PREFIX_PATH}:/opt/ros/humble /usr/bin/cmake --install /home/prime/dev_ws/build/primeberry_one
