[1.827s] Invoking command in '/home/apptronik/dev_ws/src/readings_and_processing': PYTHONPATH=/home/apptronik/dev_ws/build/readings_and_processing/prefix_override:/usr/lib/python3/dist-packages/colcon_core/task/python/colcon_distutils_commands:/home/apptronik/dev_ws/install/readings_and_processing/lib/python3.10/site-packages:${PYTHONPATH} /usr/bin/python3 -W ignore:setup.py install is deprecated setup.py egg_info --egg-base ../../build/readings_and_processing build --build-base /home/apptronik/dev_ws/build/readings_and_processing/build install --record /home/apptronik/dev_ws/build/readings_and_processing/install.log --single-version-externally-managed install_data
[2.438s] running egg_info
[2.441s] writing ../../build/readings_and_processing/readings_and_processing.egg-info/PKG-INFO
[2.442s] writing dependency_links to ../../build/readings_and_processing/readings_and_processing.egg-info/dependency_links.txt
[2.443s] writing entry points to ../../build/readings_and_processing/readings_and_processing.egg-info/entry_points.txt
[2.444s] writing requirements to ../../build/readings_and_processing/readings_and_processing.egg-info/requires.txt
[2.444s] writing top-level names to ../../build/readings_and_processing/readings_and_processing.egg-info/top_level.txt
[2.455s] reading manifest file '../../build/readings_and_processing/readings_and_processing.egg-info/SOURCES.txt'
[2.456s] writing manifest file '../../build/readings_and_processing/readings_and_processing.egg-info/SOURCES.txt'
[2.458s] running build
[2.459s] running build_py
[2.461s] running install
[2.466s] running install_lib
[2.469s] running install_data
[2.471s] running install_egg_info
[2.472s] removing '/home/apptronik/dev_ws/install/readings_and_processing/lib/python3.10/site-packages/readings_and_processing-0.0.0-py3.10.egg-info' (and everything under it)
[2.479s] Copying ../../build/readings_and_processing/readings_and_processing.egg-info to /home/apptronik/dev_ws/install/readings_and_processing/lib/python3.10/site-packages/readings_and_processing-0.0.0-py3.10.egg-info
[2.479s] running install_scripts
[2.525s] Installing make_circle_node script to /home/apptronik/dev_ws/install/readings_and_processing/lib/readings_and_processing
[2.527s] Installing teleop_twist_to_ackerman_node script to /home/apptronik/dev_ws/install/readings_and_processing/lib/readings_and_processing
[2.530s] writing list of installed files to '/home/apptronik/dev_ws/build/readings_and_processing/install.log'
[2.605s] Invoked command in '/home/apptronik/dev_ws/src/readings_and_processing' returned '0': PYTHONPATH=/home/apptronik/dev_ws/build/readings_and_processing/prefix_override:/usr/lib/python3/dist-packages/colcon_core/task/python/colcon_distutils_commands:/home/apptronik/dev_ws/install/readings_and_processing/lib/python3.10/site-packages:${PYTHONPATH} /usr/bin/python3 -W ignore:setup.py install is deprecated setup.py egg_info --egg-base ../../build/readings_and_processing build --build-base /home/apptronik/dev_ws/build/readings_and_processing/build install --record /home/apptronik/dev_ws/build/readings_and_processing/install.log --single-version-externally-managed install_data
