[0.043s] Invoking command in '/home/prime/dev_ws/build/primeberry': CMAKE_PREFIX_PATH=${CMAKE_PREFIX_PATH}:/opt/ros/humble /usr/bin/cmake /home/prime/dev_ws/src/primeberry -DCMAKE_INSTALL_PREFIX=/home/prime/dev_ws/install/primeberry
[0.132s] -- The C compiler identification is GNU 11.4.0
[0.195s] -- The CXX compiler identification is GNU 11.4.0
[0.205s] -- Detecting C compiler ABI info
[0.363s] -- Detecting C compiler ABI info - done
[0.373s] -- Check for working C compiler: /usr/bin/cc - skipped
[0.373s] -- Detecting C compile features
[0.373s] -- Detecting C compile features - done
[0.377s] -- Detecting CXX compiler ABI info
[0.615s] -- Detecting CXX compiler ABI info - done
[0.624s] -- Check for working CXX compiler: /usr/bin/c++ - skipped
[0.624s] -- Detecting CXX compile features
[0.625s] -- Detecting CXX compile features - done
[0.627s] -- Found ament_cmake: 1.3.9 (/opt/ros/humble/share/ament_cmake/cmake)
[0.772s] -- Found Python3: /usr/bin/python3 (found version "3.10.12") found components: Interpreter 
[0.868s] -- Found robot_state_publisher: 3.0.3 (/opt/ros/humble/share/robot_state_publisher/cmake)
[0.897s] -- Found rosidl_generator_c: 3.1.5 (/opt/ros/humble/share/rosidl_generator_c/cmake)
[0.903s] -- Found rosidl_adapter: 3.1.5 (/opt/ros/humble/share/rosidl_adapter/cmake)
[0.911s] -- Found rosidl_generator_cpp: 3.1.5 (/opt/ros/humble/share/rosidl_generator_cpp/cmake)
[0.929s] -- Using all available rosidl_typesupport_c: rosidl_typesupport_fastrtps_c;rosidl_typesupport_introspection_c
[0.955s] -- Using all available rosidl_typesupport_cpp: rosidl_typesupport_fastrtps_cpp;rosidl_typesupport_introspection_cpp
[1.110s] -- Found eigen3_cmake_module: 0.1.1 (/opt/ros/humble/share/eigen3_cmake_module/cmake)
[1.111s] -- Found Eigen3: TRUE (found version "3.4.0") 
[1.112s] -- Ensuring Eigen3 include directory is part of orocos-kdl CMake target
[1.168s] -- Found rmw_implementation_cmake: 6.1.2 (/opt/ros/humble/share/rmw_implementation_cmake/cmake)
[1.170s] -- Found rmw_fastrtps_cpp: 6.2.6 (/opt/ros/humble/share/rmw_fastrtps_cpp/cmake)
[1.301s] -- Found OpenSSL: /usr/lib/x86_64-linux-gnu/libcrypto.so (found version "3.0.2")  
[1.328s] -- Found FastRTPS: /opt/ros/humble/include  
[1.385s] -- Using RMW implementation 'rmw_fastrtps_cpp' as default
[1.397s] -- Looking for pthread.h
[1.493s] -- Looking for pthread.h - found
[1.494s] -- Performing Test CMAKE_HAVE_LIBC_PTHREAD
[1.673s] -- Performing Test CMAKE_HAVE_LIBC_PTHREAD - Success
[1.673s] -- Found Threads: TRUE  
[2.198s] -- Found ament_lint_auto: 0.12.11 (/opt/ros/humble/share/ament_lint_auto/cmake)
[2.312s] -- Added test 'flake8' to check Python code syntax and style conventions
[2.320s] -- Added test 'lint_cmake' to check CMake code style
[2.320s] -- Added test 'pep257' to check Python code against some of the docstring style conventions in PEP 257
[2.323s] -- Added test 'xmllint' to check XML markup files
[2.325s] -- Configuring done
[2.334s] -- Generating done
[2.337s] -- Build files have been written to: /home/prime/dev_ws/build/primeberry
[2.363s] Invoked command in '/home/prime/dev_ws/build/primeberry' returned '0': CMAKE_PREFIX_PATH=${CMAKE_PREFIX_PATH}:/opt/ros/humble /usr/bin/cmake /home/prime/dev_ws/src/primeberry -DCMAKE_INSTALL_PREFIX=/home/prime/dev_ws/install/primeberry
[2.368s] Invoking command in '/home/prime/dev_ws/build/primeberry': CMAKE_PREFIX_PATH=${CMAKE_PREFIX_PATH}:/opt/ros/humble /usr/bin/cmake --build /home/prime/dev_ws/build/primeberry -- -j8 -l8
[2.420s] Invoked command in '/home/prime/dev_ws/build/primeberry' returned '0': CMAKE_PREFIX_PATH=${CMAKE_PREFIX_PATH}:/opt/ros/humble /usr/bin/cmake --build /home/prime/dev_ws/build/primeberry -- -j8 -l8
[2.505s] Invoking command in '/home/prime/dev_ws/build/primeberry': CMAKE_PREFIX_PATH=${CMAKE_PREFIX_PATH}:/opt/ros/humble /usr/bin/cmake --install /home/prime/dev_ws/build/primeberry
[2.528s] -- Install configuration: ""
[2.528s] -- Installing: /home/prime/dev_ws/install/primeberry/share/primeberry//launch
[2.536s] -- Installing: /home/prime/dev_ws/install/primeberry/share/primeberry//launch/rsp.launch.py
[2.536s] -- Installing: /home/prime/dev_ws/install/primeberry/share/primeberry//launch/launch_sim.launch.py
[2.537s] -- Installing: /home/prime/dev_ws/install/primeberry/share/primeberry//description
[2.539s] -- Installing: /home/prime/dev_ws/install/primeberry/share/primeberry//description/primeberry.urdf.xacro
[2.540s] -- Installing: /home/prime/dev_ws/install/primeberry/share/primeberry//description/materials.xacro
[2.540s] -- Installing: /home/prime/dev_ws/install/primeberry/share/ament_index/resource_index/package_run_dependencies/primeberry
[2.541s] -- Installing: /home/prime/dev_ws/install/primeberry/share/ament_index/resource_index/parent_prefix_path/primeberry
[2.541s] -- Installing: /home/prime/dev_ws/install/primeberry/share/primeberry/environment/ament_prefix_path.sh
[2.541s] -- Installing: /home/prime/dev_ws/install/primeberry/share/primeberry/environment/ament_prefix_path.dsv
[2.542s] -- Installing: /home/prime/dev_ws/install/primeberry/share/primeberry/environment/path.sh
[2.543s] -- Installing: /home/prime/dev_ws/install/primeberry/share/primeberry/environment/path.dsv
[2.543s] -- Installing: /home/prime/dev_ws/install/primeberry/share/primeberry/local_setup.bash
[2.544s] -- Installing: /home/prime/dev_ws/install/primeberry/share/primeberry/local_setup.sh
[2.544s] -- Installing: /home/prime/dev_ws/install/primeberry/share/primeberry/local_setup.zsh
[2.544s] -- Installing: /home/prime/dev_ws/install/primeberry/share/primeberry/local_setup.dsv
[2.545s] -- Installing: /home/prime/dev_ws/install/primeberry/share/primeberry/package.dsv
[2.548s] -- Installing: /home/prime/dev_ws/install/primeberry/share/ament_index/resource_index/packages/primeberry
[2.548s] -- Installing: /home/prime/dev_ws/install/primeberry/share/primeberry/cmake/primeberryConfig.cmake
[2.548s] -- Installing: /home/prime/dev_ws/install/primeberry/share/primeberry/cmake/primeberryConfig-version.cmake
[2.549s] -- Installing: /home/prime/dev_ws/install/primeberry/share/primeberry/package.xml
[2.568s] Invoked command in '/home/prime/dev_ws/build/primeberry' returned '0': CMAKE_PREFIX_PATH=${CMAKE_PREFIX_PATH}:/opt/ros/humble /usr/bin/cmake --install /home/prime/dev_ws/build/primeberry
