[0.021s] Invoking command in '/home/apptronik/dev_ws/build/primeberry': CMAKE_PREFIX_PATH=/opt/ros/humble /usr/bin/cmake --build /home/apptronik/dev_ws/build/primeberry -- -j2 -l2
[0.095s] Invoked command in '/home/apptronik/dev_ws/build/primeberry' returned '0': CMAKE_PREFIX_PATH=/opt/ros/humble /usr/bin/cmake --build /home/apptronik/dev_ws/build/primeberry -- -j2 -l2
[0.162s] Invoking command in '/home/apptronik/dev_ws/build/primeberry': CMAKE_PREFIX_PATH=/opt/ros/humble /usr/bin/cmake --install /home/apptronik/dev_ws/build/primeberry
[0.177s] -- Install configuration: ""
[0.177s] -- Up-to-date: /home/apptronik/dev_ws/install/primeberry/share/primeberry//launch
[0.178s] -- Up-to-date: /home/apptronik/dev_ws/install/primeberry/share/primeberry//launch/launch_sim.launch.py
[0.179s] -- Up-to-date: /home/apptronik/dev_ws/install/primeberry/share/primeberry//launch/rsp.launch.py
[0.180s] -- Up-to-date: /home/apptronik/dev_ws/install/primeberry/share/primeberry//description
[0.181s] -- Up-to-date: /home/apptronik/dev_ws/install/primeberry/share/primeberry//description/base_link.xacro
[0.182s] -- Up-to-date: /home/apptronik/dev_ws/install/primeberry/share/primeberry//description/steering_mechanism.xacro
[0.183s] -- Up-to-date: /home/apptronik/dev_ws/install/primeberry/share/primeberry//description/materials.xacro
[0.184s] -- Up-to-date: /home/apptronik/dev_ws/install/primeberry/share/primeberry//description/wheels.xacro
[0.185s] -- Up-to-date: /home/apptronik/dev_ws/install/primeberry/share/primeberry//description/gazebo_control.xacro
[0.186s] -- Up-to-date: /home/apptronik/dev_ws/install/primeberry/share/primeberry//description/primeberry.urdf.xacro
[0.187s] -- Up-to-date: /home/apptronik/dev_ws/install/primeberry/share/ament_index/resource_index/package_run_dependencies/primeberry
[0.188s] -- Up-to-date: /home/apptronik/dev_ws/install/primeberry/share/ament_index/resource_index/parent_prefix_path/primeberry
[0.198s] -- Up-to-date: /home/apptronik/dev_ws/install/primeberry/share/primeberry/environment/ament_prefix_path.sh
[0.198s] -- Up-to-date: /home/apptronik/dev_ws/install/primeberry/share/primeberry/environment/ament_prefix_path.dsv
[0.199s] -- Up-to-date: /home/apptronik/dev_ws/install/primeberry/share/primeberry/environment/path.sh
[0.199s] -- Up-to-date: /home/apptronik/dev_ws/install/primeberry/share/primeberry/environment/path.dsv
[0.199s] -- Up-to-date: /home/apptronik/dev_ws/install/primeberry/share/primeberry/local_setup.bash
[0.199s] -- Up-to-date: /home/apptronik/dev_ws/install/primeberry/share/primeberry/local_setup.sh
[0.199s] -- Up-to-date: /home/apptronik/dev_ws/install/primeberry/share/primeberry/local_setup.zsh
[0.199s] -- Up-to-date: /home/apptronik/dev_ws/install/primeberry/share/primeberry/local_setup.dsv
[0.199s] -- Installing: /home/apptronik/dev_ws/install/primeberry/share/primeberry/package.dsv
[0.199s] -- Up-to-date: /home/apptronik/dev_ws/install/primeberry/share/ament_index/resource_index/packages/primeberry
[0.199s] -- Up-to-date: /home/apptronik/dev_ws/install/primeberry/share/primeberry/cmake/primeberryConfig.cmake
[0.200s] -- Up-to-date: /home/apptronik/dev_ws/install/primeberry/share/primeberry/cmake/primeberryConfig-version.cmake
[0.200s] -- Up-to-date: /home/apptronik/dev_ws/install/primeberry/share/primeberry/package.xml
[0.228s] Invoked command in '/home/apptronik/dev_ws/build/primeberry' returned '0': CMAKE_PREFIX_PATH=/opt/ros/humble /usr/bin/cmake --install /home/apptronik/dev_ws/build/primeberry
