[0.256s] DEBUG:colcon:Command line arguments: ['/usr/bin/colcon', 'build']
[0.256s] DEBUG:colcon:Parsed command line arguments: Namespace(log_base=None, log_level=None, verb_name='build', build_base='build', install_base='install', merge_install=False, symlink_install=False, test_result_base=None, continue_on_error=False, executor='parallel', parallel_workers=8, event_handlers=None, ignore_user_meta=False, metas=['./colcon.meta'], base_paths=['.'], packages_ignore=None, packages_ignore_regex=None, paths=None, packages_up_to=None, packages_up_to_regex=None, packages_above=None, packages_above_and_dependencies=None, packages_above_depth=None, packages_select_by_dep=None, packages_skip_by_dep=None, packages_skip_up_to=None, packages_select_build_failed=False, packages_skip_build_finished=False, packages_select_test_failures=False, packages_skip_test_passed=False, packages_select=None, packages_skip=None, packages_select_regex=None, packages_skip_regex=None, packages_start=None, packages_end=None, allow_overriding=[], cmake_args=None, cmake_target=None, cmake_target_skip_unavailable=False, cmake_clean_cache=False, cmake_clean_first=False, cmake_force_configure=False, ament_cmake_args=None, catkin_cmake_args=None, catkin_skip_building_tests=False, mixin_files=None, mixin=None, verb_parser=<colcon_mixin.mixin.mixin_argument.MixinArgumentDecorator object at 0x76fc0ba51960>, verb_extension=<colcon_core.verb.build.BuildVerb object at 0x76fc0ba50eb0>, main=<bound method BuildVerb.main of <colcon_core.verb.build.BuildVerb object at 0x76fc0ba50eb0>>, mixin_verb=('build',))
[0.305s] Level 1:colcon.colcon_core.package_discovery:discover_packages(colcon_meta) check parameters
[0.305s] Level 1:colcon.colcon_core.package_discovery:discover_packages(recursive) check parameters
[0.305s] Level 1:colcon.colcon_core.package_discovery:discover_packages(ignore) check parameters
[0.305s] Level 1:colcon.colcon_core.package_discovery:discover_packages(path) check parameters
[0.305s] Level 1:colcon.colcon_core.package_discovery:discover_packages(colcon_meta) discover
[0.305s] Level 1:colcon.colcon_core.package_discovery:discover_packages(recursive) discover
[0.305s] INFO:colcon.colcon_core.package_discovery:Crawling recursively for packages in '/home/prime/dev_ws'
[0.306s] Level 1:colcon.colcon_core.package_identification:_identify(.) by extensions ['ignore', 'ignore_ament_install']
[0.306s] Level 1:colcon.colcon_core.package_identification:_identify(.) by extension 'ignore'
[0.306s] Level 1:colcon.colcon_core.package_identification:_identify(.) by extension 'ignore_ament_install'
[0.306s] Level 1:colcon.colcon_core.package_identification:_identify(.) by extensions ['colcon_pkg']
[0.306s] Level 1:colcon.colcon_core.package_identification:_identify(.) by extension 'colcon_pkg'
[0.306s] Level 1:colcon.colcon_core.package_identification:_identify(.) by extensions ['colcon_meta']
[0.306s] Level 1:colcon.colcon_core.package_identification:_identify(.) by extension 'colcon_meta'
[0.307s] Level 1:colcon.colcon_core.package_identification:_identify(.) by extensions ['ros']
[0.307s] Level 1:colcon.colcon_core.package_identification:_identify(.) by extension 'ros'
[0.311s] Level 1:colcon.colcon_core.package_identification:_identify(.) by extensions ['cmake', 'python']
[0.312s] Level 1:colcon.colcon_core.package_identification:_identify(.) by extension 'cmake'
[0.312s] Level 1:colcon.colcon_core.package_identification:_identify(.) by extension 'python'
[0.312s] Level 1:colcon.colcon_core.package_identification:_identify(.) by extensions ['python_setup_py']
[0.312s] Level 1:colcon.colcon_core.package_identification:_identify(.) by extension 'python_setup_py'
[0.312s] Level 1:colcon.colcon_core.package_identification:_identify(build) by extensions ['ignore', 'ignore_ament_install']
[0.313s] Level 1:colcon.colcon_core.package_identification:_identify(build) by extension 'ignore'
[0.313s] Level 1:colcon.colcon_core.package_identification:_identify(build) ignored
[0.313s] Level 1:colcon.colcon_core.package_identification:_identify(install) by extensions ['ignore', 'ignore_ament_install']
[0.313s] Level 1:colcon.colcon_core.package_identification:_identify(install) by extension 'ignore'
[0.313s] Level 1:colcon.colcon_core.package_identification:_identify(install) ignored
[0.314s] Level 1:colcon.colcon_core.package_identification:_identify(log) by extensions ['ignore', 'ignore_ament_install']
[0.314s] Level 1:colcon.colcon_core.package_identification:_identify(log) by extension 'ignore'
[0.314s] Level 1:colcon.colcon_core.package_identification:_identify(log) ignored
[0.314s] Level 1:colcon.colcon_core.package_identification:_identify(src) by extensions ['ignore', 'ignore_ament_install']
[0.314s] Level 1:colcon.colcon_core.package_identification:_identify(src) by extension 'ignore'
[0.314s] Level 1:colcon.colcon_core.package_identification:_identify(src) by extension 'ignore_ament_install'
[0.314s] Level 1:colcon.colcon_core.package_identification:_identify(src) by extensions ['colcon_pkg']
[0.315s] Level 1:colcon.colcon_core.package_identification:_identify(src) by extension 'colcon_pkg'
[0.315s] Level 1:colcon.colcon_core.package_identification:_identify(src) by extensions ['colcon_meta']
[0.315s] Level 1:colcon.colcon_core.package_identification:_identify(src) by extension 'colcon_meta'
[0.315s] Level 1:colcon.colcon_core.package_identification:_identify(src) by extensions ['ros']
[0.315s] Level 1:colcon.colcon_core.package_identification:_identify(src) by extension 'ros'
[0.315s] Level 1:colcon.colcon_core.package_identification:_identify(src) by extensions ['cmake', 'python']
[0.316s] Level 1:colcon.colcon_core.package_identification:_identify(src) by extension 'cmake'
[0.316s] Level 1:colcon.colcon_core.package_identification:_identify(src) by extension 'python'
[0.316s] Level 1:colcon.colcon_core.package_identification:_identify(src) by extensions ['python_setup_py']
[0.316s] Level 1:colcon.colcon_core.package_identification:_identify(src) by extension 'python_setup_py'
[0.316s] Level 1:colcon.colcon_core.package_identification:_identify(src/primeberry) by extensions ['ignore', 'ignore_ament_install']
[0.317s] Level 1:colcon.colcon_core.package_identification:_identify(src/primeberry) by extension 'ignore'
[0.317s] Level 1:colcon.colcon_core.package_identification:_identify(src/primeberry) by extension 'ignore_ament_install'
[0.317s] Level 1:colcon.colcon_core.package_identification:_identify(src/primeberry) by extensions ['colcon_pkg']
[0.317s] Level 1:colcon.colcon_core.package_identification:_identify(src/primeberry) by extension 'colcon_pkg'
[0.317s] Level 1:colcon.colcon_core.package_identification:_identify(src/primeberry) by extensions ['colcon_meta']
[0.317s] Level 1:colcon.colcon_core.package_identification:_identify(src/primeberry) by extension 'colcon_meta'
[0.317s] Level 1:colcon.colcon_core.package_identification:_identify(src/primeberry) by extensions ['ros']
[0.317s] Level 1:colcon.colcon_core.package_identification:_identify(src/primeberry) by extension 'ros'
[0.318s] DEBUG:colcon.colcon_core.package_identification:Package 'src/primeberry' with type 'ros.ament_cmake' and name 'primeberry'
[0.319s] Level 1:colcon.colcon_core.package_identification:_identify(src/primeberry_one) by extensions ['ignore', 'ignore_ament_install']
[0.319s] Level 1:colcon.colcon_core.package_identification:_identify(src/primeberry_one) by extension 'ignore'
[0.319s] Level 1:colcon.colcon_core.package_identification:_identify(src/primeberry_one) by extension 'ignore_ament_install'
[0.319s] Level 1:colcon.colcon_core.package_identification:_identify(src/primeberry_one) by extensions ['colcon_pkg']
[0.319s] Level 1:colcon.colcon_core.package_identification:_identify(src/primeberry_one) by extension 'colcon_pkg'
[0.319s] Level 1:colcon.colcon_core.package_identification:_identify(src/primeberry_one) by extensions ['colcon_meta']
[0.319s] Level 1:colcon.colcon_core.package_identification:_identify(src/primeberry_one) by extension 'colcon_meta'
[0.319s] Level 1:colcon.colcon_core.package_identification:_identify(src/primeberry_one) by extensions ['ros']
[0.320s] Level 1:colcon.colcon_core.package_identification:_identify(src/primeberry_one) by extension 'ros'
[0.321s] DEBUG:colcon.colcon_core.package_identification:Package 'src/primeberry_one' with type 'ros.ament_cmake' and name 'primeberry_one'
[0.321s] Level 1:colcon.colcon_core.package_identification:_identify(src/primeberry_two) by extensions ['ignore', 'ignore_ament_install']
[0.321s] Level 1:colcon.colcon_core.package_identification:_identify(src/primeberry_two) by extension 'ignore'
[0.321s] Level 1:colcon.colcon_core.package_identification:_identify(src/primeberry_two) by extension 'ignore_ament_install'
[0.322s] Level 1:colcon.colcon_core.package_identification:_identify(src/primeberry_two) by extensions ['colcon_pkg']
[0.322s] Level 1:colcon.colcon_core.package_identification:_identify(src/primeberry_two) by extension 'colcon_pkg'
[0.322s] Level 1:colcon.colcon_core.package_identification:_identify(src/primeberry_two) by extensions ['colcon_meta']
[0.322s] Level 1:colcon.colcon_core.package_identification:_identify(src/primeberry_two) by extension 'colcon_meta'
[0.322s] Level 1:colcon.colcon_core.package_identification:_identify(src/primeberry_two) by extensions ['ros']
[0.322s] Level 1:colcon.colcon_core.package_identification:_identify(src/primeberry_two) by extension 'ros'
[0.324s] DEBUG:colcon.colcon_core.package_identification:Package 'src/primeberry_two' with type 'ros.ament_cmake' and name 'primeberry_two'
[0.324s] Level 1:colcon.colcon_core.package_discovery:discover_packages(recursive) using defaults
[0.324s] Level 1:colcon.colcon_core.package_discovery:discover_packages(ignore) discover
[0.325s] Level 1:colcon.colcon_core.package_discovery:discover_packages(ignore) using defaults
[0.325s] Level 1:colcon.colcon_core.package_discovery:discover_packages(path) discover
[0.326s] Level 1:colcon.colcon_core.package_discovery:discover_packages(path) using defaults
[0.336s] Level 1:colcon.colcon_core.package_discovery:discover_packages(prefix_path) check parameters
[0.336s] Level 1:colcon.colcon_core.package_discovery:discover_packages(prefix_path) discover
[0.338s] WARNING:colcon.colcon_ros.prefix_path.ament:The path '/home/prime/dev_ws/install/primeberry_two' in the environment variable AMENT_PREFIX_PATH doesn't exist
[0.340s] WARNING:colcon.colcon_ros.prefix_path.ament:The path '/home/prime/dev_ws/install/primeberry_one' in the environment variable AMENT_PREFIX_PATH doesn't exist
[0.340s] WARNING:colcon.colcon_ros.prefix_path.ament:The path '/home/prime/dev_ws/install/primeberry' in the environment variable AMENT_PREFIX_PATH doesn't exist
[0.340s] WARNING:colcon.colcon_ros.prefix_path.catkin:The path '/home/prime/dev_ws/install/primeberry_two' in the environment variable CMAKE_PREFIX_PATH doesn't exist
[0.345s] WARNING:colcon.colcon_ros.prefix_path.catkin:The path '/home/prime/dev_ws/install/primeberry_one' in the environment variable CMAKE_PREFIX_PATH doesn't exist
[0.345s] WARNING:colcon.colcon_ros.prefix_path.catkin:The path '/home/prime/dev_ws/install/primeberry' in the environment variable CMAKE_PREFIX_PATH doesn't exist
[0.346s] DEBUG:colcon.colcon_installed_package_information.package_discovery:Found 0 installed packages in /home/prime/dev_ws/install
[0.352s] DEBUG:colcon.colcon_installed_package_information.package_discovery:Found 280 installed packages in /opt/ros/humble
[0.404s] Level 1:colcon.colcon_core.package_discovery:discover_packages(prefix_path) using defaults
[0.588s] Level 5:colcon.colcon_core.verb:set package 'primeberry' build argument 'cmake_args' from command line to 'None'
[0.593s] Level 5:colcon.colcon_core.verb:set package 'primeberry' build argument 'cmake_target' from command line to 'None'
[0.593s] Level 5:colcon.colcon_core.verb:set package 'primeberry' build argument 'cmake_target_skip_unavailable' from command line to 'False'
[0.593s] Level 5:colcon.colcon_core.verb:set package 'primeberry' build argument 'cmake_clean_cache' from command line to 'False'
[0.593s] Level 5:colcon.colcon_core.verb:set package 'primeberry' build argument 'cmake_clean_first' from command line to 'False'
[0.593s] Level 5:colcon.colcon_core.verb:set package 'primeberry' build argument 'cmake_force_configure' from command line to 'False'
[0.593s] Level 5:colcon.colcon_core.verb:set package 'primeberry' build argument 'ament_cmake_args' from command line to 'None'
[0.594s] Level 5:colcon.colcon_core.verb:set package 'primeberry' build argument 'catkin_cmake_args' from command line to 'None'
[0.594s] Level 5:colcon.colcon_core.verb:set package 'primeberry' build argument 'catkin_skip_building_tests' from command line to 'False'
[0.594s] DEBUG:colcon.colcon_core.verb:Building package 'primeberry' with the following arguments: {'ament_cmake_args': None, 'build_base': '/home/prime/dev_ws/build/primeberry', 'catkin_cmake_args': None, 'catkin_skip_building_tests': False, 'cmake_args': None, 'cmake_clean_cache': False, 'cmake_clean_first': False, 'cmake_force_configure': False, 'cmake_target': None, 'cmake_target_skip_unavailable': False, 'install_base': '/home/prime/dev_ws/install/primeberry', 'merge_install': False, 'path': '/home/prime/dev_ws/src/primeberry', 'symlink_install': False, 'test_result_base': None}
[0.595s] Level 5:colcon.colcon_core.verb:set package 'primeberry_one' build argument 'cmake_args' from command line to 'None'
[0.595s] Level 5:colcon.colcon_core.verb:set package 'primeberry_one' build argument 'cmake_target' from command line to 'None'
[0.595s] Level 5:colcon.colcon_core.verb:set package 'primeberry_one' build argument 'cmake_target_skip_unavailable' from command line to 'False'
[0.595s] Level 5:colcon.colcon_core.verb:set package 'primeberry_one' build argument 'cmake_clean_cache' from command line to 'False'
[0.595s] Level 5:colcon.colcon_core.verb:set package 'primeberry_one' build argument 'cmake_clean_first' from command line to 'False'
[0.595s] Level 5:colcon.colcon_core.verb:set package 'primeberry_one' build argument 'cmake_force_configure' from command line to 'False'
[0.595s] Level 5:colcon.colcon_core.verb:set package 'primeberry_one' build argument 'ament_cmake_args' from command line to 'None'
[0.595s] Level 5:colcon.colcon_core.verb:set package 'primeberry_one' build argument 'catkin_cmake_args' from command line to 'None'
[0.595s] Level 5:colcon.colcon_core.verb:set package 'primeberry_one' build argument 'catkin_skip_building_tests' from command line to 'False'
[0.596s] DEBUG:colcon.colcon_core.verb:Building package 'primeberry_one' with the following arguments: {'ament_cmake_args': None, 'build_base': '/home/prime/dev_ws/build/primeberry_one', 'catkin_cmake_args': None, 'catkin_skip_building_tests': False, 'cmake_args': None, 'cmake_clean_cache': False, 'cmake_clean_first': False, 'cmake_force_configure': False, 'cmake_target': None, 'cmake_target_skip_unavailable': False, 'install_base': '/home/prime/dev_ws/install/primeberry_one', 'merge_install': False, 'path': '/home/prime/dev_ws/src/primeberry_one', 'symlink_install': False, 'test_result_base': None}
[0.596s] Level 5:colcon.colcon_core.verb:set package 'primeberry_two' build argument 'cmake_args' from command line to 'None'
[0.611s] Level 5:colcon.colcon_core.verb:set package 'primeberry_two' build argument 'cmake_target' from command line to 'None'
[0.612s] Level 5:colcon.colcon_core.verb:set package 'primeberry_two' build argument 'cmake_target_skip_unavailable' from command line to 'False'
[0.612s] Level 5:colcon.colcon_core.verb:set package 'primeberry_two' build argument 'cmake_clean_cache' from command line to 'False'
[0.612s] Level 5:colcon.colcon_core.verb:set package 'primeberry_two' build argument 'cmake_clean_first' from command line to 'False'
[0.612s] Level 5:colcon.colcon_core.verb:set package 'primeberry_two' build argument 'cmake_force_configure' from command line to 'False'
[0.612s] Level 5:colcon.colcon_core.verb:set package 'primeberry_two' build argument 'ament_cmake_args' from command line to 'None'
[0.615s] Level 5:colcon.colcon_core.verb:set package 'primeberry_two' build argument 'catkin_cmake_args' from command line to 'None'
[0.615s] Level 5:colcon.colcon_core.verb:set package 'primeberry_two' build argument 'catkin_skip_building_tests' from command line to 'False'
[0.615s] DEBUG:colcon.colcon_core.verb:Building package 'primeberry_two' with the following arguments: {'ament_cmake_args': None, 'build_base': '/home/prime/dev_ws/build/primeberry_two', 'catkin_cmake_args': None, 'catkin_skip_building_tests': False, 'cmake_args': None, 'cmake_clean_cache': False, 'cmake_clean_first': False, 'cmake_force_configure': False, 'cmake_target': None, 'cmake_target_skip_unavailable': False, 'install_base': '/home/prime/dev_ws/install/primeberry_two', 'merge_install': False, 'path': '/home/prime/dev_ws/src/primeberry_two', 'symlink_install': False, 'test_result_base': None}
[0.615s] INFO:colcon.colcon_core.executor:Executing jobs using 'parallel' executor
[0.642s] DEBUG:colcon.colcon_parallel_executor.executor.parallel:run_until_complete
[0.643s] INFO:colcon.colcon_ros.task.ament_cmake.build:Building ROS package in '/home/prime/dev_ws/src/primeberry' with build type 'ament_cmake'
[0.643s] INFO:colcon.colcon_cmake.task.cmake.build:Building CMake package in '/home/prime/dev_ws/src/primeberry'
[0.663s] INFO:colcon.colcon_core.plugin_system:Skipping extension 'colcon_core.shell.bat': Not used on non-Windows systems
[0.663s] INFO:colcon.colcon_core.shell:Skip shell extension 'powershell' for command environment: Not usable outside of PowerShell
[0.663s] DEBUG:colcon.colcon_core.shell:Skip shell extension 'dsv' for command environment
[0.737s] INFO:colcon.colcon_ros.task.ament_cmake.build:Building ROS package in '/home/prime/dev_ws/src/primeberry_one' with build type 'ament_cmake'
[0.738s] INFO:colcon.colcon_cmake.task.cmake.build:Building CMake package in '/home/prime/dev_ws/src/primeberry_one'
[0.746s] INFO:colcon.colcon_core.shell:Skip shell extension 'powershell' for command environment: Not usable outside of PowerShell
[0.746s] DEBUG:colcon.colcon_core.shell:Skip shell extension 'dsv' for command environment
[0.784s] INFO:colcon.colcon_ros.task.ament_cmake.build:Building ROS package in '/home/prime/dev_ws/src/primeberry_two' with build type 'ament_cmake'
[0.784s] INFO:colcon.colcon_cmake.task.cmake.build:Building CMake package in '/home/prime/dev_ws/src/primeberry_two'
[0.790s] INFO:colcon.colcon_core.shell:Skip shell extension 'powershell' for command environment: Not usable outside of PowerShell
[0.790s] DEBUG:colcon.colcon_core.shell:Skip shell extension 'dsv' for command environment
[0.840s] DEBUG:colcon.colcon_core.event_handler.log_command:Invoking command in '/home/prime/dev_ws/build/primeberry': CMAKE_PREFIX_PATH=${CMAKE_PREFIX_PATH}:/opt/ros/humble /usr/bin/cmake /home/prime/dev_ws/src/primeberry -DCMAKE_INSTALL_PREFIX=/home/prime/dev_ws/install/primeberry
[0.878s] DEBUG:colcon.colcon_core.event_handler.log_command:Invoking command in '/home/prime/dev_ws/build/primeberry_one': CMAKE_PREFIX_PATH=${CMAKE_PREFIX_PATH}:/opt/ros/humble /usr/bin/cmake /home/prime/dev_ws/src/primeberry_one -DCMAKE_INSTALL_PREFIX=/home/prime/dev_ws/install/primeberry_one
[0.892s] DEBUG:colcon.colcon_core.event_handler.log_command:Invoking command in '/home/prime/dev_ws/build/primeberry_two': CMAKE_PREFIX_PATH=${CMAKE_PREFIX_PATH}:/opt/ros/humble /usr/bin/cmake /home/prime/dev_ws/src/primeberry_two -DCMAKE_INSTALL_PREFIX=/home/prime/dev_ws/install/primeberry_two
[7.396s] DEBUG:colcon.colcon_core.event_handler.log_command:Invoked command in '/home/prime/dev_ws/build/primeberry' returned '0': CMAKE_PREFIX_PATH=${CMAKE_PREFIX_PATH}:/opt/ros/humble /usr/bin/cmake /home/prime/dev_ws/src/primeberry -DCMAKE_INSTALL_PREFIX=/home/prime/dev_ws/install/primeberry
[7.407s] DEBUG:colcon.colcon_core.event_handler.log_command:Invoking command in '/home/prime/dev_ws/build/primeberry': CMAKE_PREFIX_PATH=${CMAKE_PREFIX_PATH}:/opt/ros/humble /usr/bin/cmake --build /home/prime/dev_ws/build/primeberry -- -j8 -l8
[7.527s] DEBUG:colcon.colcon_core.event_handler.log_command:Invoked command in '/home/prime/dev_ws/build/primeberry_one' returned '0': CMAKE_PREFIX_PATH=${CMAKE_PREFIX_PATH}:/opt/ros/humble /usr/bin/cmake /home/prime/dev_ws/src/primeberry_one -DCMAKE_INSTALL_PREFIX=/home/prime/dev_ws/install/primeberry_one
[7.531s] DEBUG:colcon.colcon_core.event_handler.log_command:Invoking command in '/home/prime/dev_ws/build/primeberry_one': CMAKE_PREFIX_PATH=${CMAKE_PREFIX_PATH}:/opt/ros/humble /usr/bin/cmake --build /home/prime/dev_ws/build/primeberry_one -- -j8 -l8
[7.547s] DEBUG:colcon.colcon_core.event_handler.log_command:Invoked command in '/home/prime/dev_ws/build/primeberry_two' returned '0': CMAKE_PREFIX_PATH=${CMAKE_PREFIX_PATH}:/opt/ros/humble /usr/bin/cmake /home/prime/dev_ws/src/primeberry_two -DCMAKE_INSTALL_PREFIX=/home/prime/dev_ws/install/primeberry_two
[7.548s] DEBUG:colcon.colcon_core.event_handler.log_command:Invoking command in '/home/prime/dev_ws/build/primeberry_two': CMAKE_PREFIX_PATH=${CMAKE_PREFIX_PATH}:/opt/ros/humble /usr/bin/cmake --build /home/prime/dev_ws/build/primeberry_two -- -j8 -l8
[7.632s] DEBUG:colcon.colcon_core.event_handler.log_command:Invoked command in '/home/prime/dev_ws/build/primeberry' returned '0': CMAKE_PREFIX_PATH=${CMAKE_PREFIX_PATH}:/opt/ros/humble /usr/bin/cmake --build /home/prime/dev_ws/build/primeberry -- -j8 -l8
[7.863s] DEBUG:colcon.colcon_core.event_handler.log_command:Invoked command in '/home/prime/dev_ws/build/primeberry_one' returned '0': CMAKE_PREFIX_PATH=${CMAKE_PREFIX_PATH}:/opt/ros/humble /usr/bin/cmake --build /home/prime/dev_ws/build/primeberry_one -- -j8 -l8
[7.902s] DEBUG:colcon.colcon_core.event_handler.log_command:Invoked command in '/home/prime/dev_ws/build/primeberry_two' returned '0': CMAKE_PREFIX_PATH=${CMAKE_PREFIX_PATH}:/opt/ros/humble /usr/bin/cmake --build /home/prime/dev_ws/build/primeberry_two -- -j8 -l8
[8.016s] DEBUG:colcon.colcon_core.event_handler.log_command:Invoking command in '/home/prime/dev_ws/build/primeberry': CMAKE_PREFIX_PATH=${CMAKE_PREFIX_PATH}:/opt/ros/humble /usr/bin/cmake --install /home/prime/dev_ws/build/primeberry
[8.041s] DEBUG:colcon.colcon_core.event_handler.log_command:Invoking command in '/home/prime/dev_ws/build/primeberry_one': CMAKE_PREFIX_PATH=${CMAKE_PREFIX_PATH}:/opt/ros/humble /usr/bin/cmake --install /home/prime/dev_ws/build/primeberry_one
[8.107s] DEBUG:colcon.colcon_core.event_handler.log_command:Invoking command in '/home/prime/dev_ws/build/primeberry_two': CMAKE_PREFIX_PATH=${CMAKE_PREFIX_PATH}:/opt/ros/humble /usr/bin/cmake --install /home/prime/dev_ws/build/primeberry_two
[8.250s] Level 1:colcon.colcon_core.environment:create_environment_scripts_only(primeberry_two)
[8.296s] Level 1:colcon.colcon_core.environment:checking '/home/prime/dev_ws/install/primeberry_two' for CMake module files
[8.307s] Level 1:colcon.colcon_core.environment:checking '/home/prime/dev_ws/install/primeberry_two' for CMake config files
[8.308s] Level 1:colcon.colcon_core.shell:create_environment_hook('primeberry_two', 'cmake_prefix_path')
[8.308s] INFO:colcon.colcon_core.shell:Creating environment hook '/home/prime/dev_ws/install/primeberry_two/share/primeberry_two/hook/cmake_prefix_path.ps1'
[8.316s] INFO:colcon.colcon_core.shell:Creating environment descriptor '/home/prime/dev_ws/install/primeberry_two/share/primeberry_two/hook/cmake_prefix_path.dsv'
[8.320s] INFO:colcon.colcon_core.shell:Creating environment hook '/home/prime/dev_ws/install/primeberry_two/share/primeberry_two/hook/cmake_prefix_path.sh'
[8.344s] DEBUG:colcon.colcon_core.event_handler.log_command:Invoked command in '/home/prime/dev_ws/build/primeberry_two' returned '0': CMAKE_PREFIX_PATH=${CMAKE_PREFIX_PATH}:/opt/ros/humble /usr/bin/cmake --install /home/prime/dev_ws/build/primeberry_two
[8.376s] Level 1:colcon.colcon_core.environment:checking '/home/prime/dev_ws/install/primeberry_two/bin'
[8.379s] Level 1:colcon.colcon_core.environment:checking '/home/prime/dev_ws/install/primeberry_two/lib/pkgconfig/primeberry_two.pc'
[8.380s] Level 1:colcon.colcon_core.environment:checking '/home/prime/dev_ws/install/primeberry_two/lib/python3.10/site-packages'
[8.380s] Level 1:colcon.colcon_core.environment:checking '/home/prime/dev_ws/install/primeberry_two/bin'
[8.380s] INFO:colcon.colcon_core.shell:Creating package script '/home/prime/dev_ws/install/primeberry_two/share/primeberry_two/package.ps1'
[8.384s] INFO:colcon.colcon_core.shell:Creating package descriptor '/home/prime/dev_ws/install/primeberry_two/share/primeberry_two/package.dsv'
[8.386s] INFO:colcon.colcon_core.shell:Creating package script '/home/prime/dev_ws/install/primeberry_two/share/primeberry_two/package.sh'
[8.400s] INFO:colcon.colcon_core.shell:Creating package script '/home/prime/dev_ws/install/primeberry_two/share/primeberry_two/package.bash'
[8.403s] INFO:colcon.colcon_core.shell:Creating package script '/home/prime/dev_ws/install/primeberry_two/share/primeberry_two/package.zsh'
[8.404s] Level 1:colcon.colcon_core.environment:create_file_with_runtime_dependencies(/home/prime/dev_ws/install/primeberry_two/share/colcon-core/packages/primeberry_two)
[8.427s] Level 1:colcon.colcon_core.environment:create_environment_scripts_only(primeberry)
[8.427s] Level 1:colcon.colcon_core.environment:checking '/home/prime/dev_ws/install/primeberry' for CMake module files
[8.430s] DEBUG:colcon.colcon_core.event_handler.log_command:Invoked command in '/home/prime/dev_ws/build/primeberry' returned '0': CMAKE_PREFIX_PATH=${CMAKE_PREFIX_PATH}:/opt/ros/humble /usr/bin/cmake --install /home/prime/dev_ws/build/primeberry
[8.431s] Level 1:colcon.colcon_core.environment:checking '/home/prime/dev_ws/install/primeberry' for CMake config files
[8.432s] Level 1:colcon.colcon_core.shell:create_environment_hook('primeberry', 'cmake_prefix_path')
[8.434s] INFO:colcon.colcon_core.shell:Creating environment hook '/home/prime/dev_ws/install/primeberry/share/primeberry/hook/cmake_prefix_path.ps1'
[8.435s] INFO:colcon.colcon_core.shell:Creating environment descriptor '/home/prime/dev_ws/install/primeberry/share/primeberry/hook/cmake_prefix_path.dsv'
[8.436s] INFO:colcon.colcon_core.shell:Creating environment hook '/home/prime/dev_ws/install/primeberry/share/primeberry/hook/cmake_prefix_path.sh'
[8.438s] Level 1:colcon.colcon_core.environment:checking '/home/prime/dev_ws/install/primeberry/bin'
[8.438s] Level 1:colcon.colcon_core.environment:checking '/home/prime/dev_ws/install/primeberry/lib/pkgconfig/primeberry.pc'
[8.439s] Level 1:colcon.colcon_core.environment:checking '/home/prime/dev_ws/install/primeberry/lib/python3.10/site-packages'
[8.440s] Level 1:colcon.colcon_core.environment:checking '/home/prime/dev_ws/install/primeberry/bin'
[8.440s] INFO:colcon.colcon_core.shell:Creating package script '/home/prime/dev_ws/install/primeberry/share/primeberry/package.ps1'
[8.448s] INFO:colcon.colcon_core.shell:Creating package descriptor '/home/prime/dev_ws/install/primeberry/share/primeberry/package.dsv'
[8.453s] INFO:colcon.colcon_core.shell:Creating package script '/home/prime/dev_ws/install/primeberry/share/primeberry/package.sh'
[8.454s] INFO:colcon.colcon_core.shell:Creating package script '/home/prime/dev_ws/install/primeberry/share/primeberry/package.bash'
[8.454s] INFO:colcon.colcon_core.shell:Creating package script '/home/prime/dev_ws/install/primeberry/share/primeberry/package.zsh'
[8.455s] Level 1:colcon.colcon_core.environment:create_file_with_runtime_dependencies(/home/prime/dev_ws/install/primeberry/share/colcon-core/packages/primeberry)
[8.475s] Level 1:colcon.colcon_core.environment:create_environment_scripts_only(primeberry_one)
[8.476s] Level 1:colcon.colcon_core.environment:checking '/home/prime/dev_ws/install/primeberry_one' for CMake module files
[8.479s] DEBUG:colcon.colcon_core.event_handler.log_command:Invoked command in '/home/prime/dev_ws/build/primeberry_one' returned '0': CMAKE_PREFIX_PATH=${CMAKE_PREFIX_PATH}:/opt/ros/humble /usr/bin/cmake --install /home/prime/dev_ws/build/primeberry_one
[8.497s] Level 1:colcon.colcon_core.environment:checking '/home/prime/dev_ws/install/primeberry_one' for CMake config files
[8.498s] Level 1:colcon.colcon_core.shell:create_environment_hook('primeberry_one', 'cmake_prefix_path')
[8.498s] INFO:colcon.colcon_core.shell:Creating environment hook '/home/prime/dev_ws/install/primeberry_one/share/primeberry_one/hook/cmake_prefix_path.ps1'
[8.499s] INFO:colcon.colcon_core.shell:Creating environment descriptor '/home/prime/dev_ws/install/primeberry_one/share/primeberry_one/hook/cmake_prefix_path.dsv'
[8.500s] INFO:colcon.colcon_core.shell:Creating environment hook '/home/prime/dev_ws/install/primeberry_one/share/primeberry_one/hook/cmake_prefix_path.sh'
[8.504s] Level 1:colcon.colcon_core.environment:checking '/home/prime/dev_ws/install/primeberry_one/bin'
[8.504s] Level 1:colcon.colcon_core.environment:checking '/home/prime/dev_ws/install/primeberry_one/lib/pkgconfig/primeberry_one.pc'
[8.504s] Level 1:colcon.colcon_core.environment:checking '/home/prime/dev_ws/install/primeberry_one/lib/python3.10/site-packages'
[8.507s] Level 1:colcon.colcon_core.environment:checking '/home/prime/dev_ws/install/primeberry_one/bin'
[8.508s] INFO:colcon.colcon_core.shell:Creating package script '/home/prime/dev_ws/install/primeberry_one/share/primeberry_one/package.ps1'
[8.510s] INFO:colcon.colcon_core.shell:Creating package descriptor '/home/prime/dev_ws/install/primeberry_one/share/primeberry_one/package.dsv'
[8.511s] INFO:colcon.colcon_core.shell:Creating package script '/home/prime/dev_ws/install/primeberry_one/share/primeberry_one/package.sh'
[8.512s] INFO:colcon.colcon_core.shell:Creating package script '/home/prime/dev_ws/install/primeberry_one/share/primeberry_one/package.bash'
[8.512s] INFO:colcon.colcon_core.shell:Creating package script '/home/prime/dev_ws/install/primeberry_one/share/primeberry_one/package.zsh'
[8.515s] Level 1:colcon.colcon_core.environment:create_file_with_runtime_dependencies(/home/prime/dev_ws/install/primeberry_one/share/colcon-core/packages/primeberry_one)
[8.625s] Level 1:colcon.colcon_core.environment:create_environment_scripts_only(primeberry_two)
[8.626s] Level 1:colcon.colcon_core.environment:checking '/home/prime/dev_ws/install/primeberry_two' for CMake module files
[8.627s] Level 1:colcon.colcon_core.environment:checking '/home/prime/dev_ws/install/primeberry_two' for CMake config files
[8.628s] Level 1:colcon.colcon_core.shell:create_environment_hook('primeberry_two', 'cmake_prefix_path')
[8.630s] INFO:colcon.colcon_core.shell:Creating environment hook '/home/prime/dev_ws/install/primeberry_two/share/primeberry_two/hook/cmake_prefix_path.ps1'
[8.632s] INFO:colcon.colcon_core.shell:Creating environment descriptor '/home/prime/dev_ws/install/primeberry_two/share/primeberry_two/hook/cmake_prefix_path.dsv'
[8.634s] INFO:colcon.colcon_core.shell:Creating environment hook '/home/prime/dev_ws/install/primeberry_two/share/primeberry_two/hook/cmake_prefix_path.sh'
[8.636s] Level 1:colcon.colcon_core.environment:checking '/home/prime/dev_ws/install/primeberry_two/bin'
[8.636s] Level 1:colcon.colcon_core.environment:checking '/home/prime/dev_ws/install/primeberry_two/lib/pkgconfig/primeberry_two.pc'
[8.638s] Level 1:colcon.colcon_core.environment:checking '/home/prime/dev_ws/install/primeberry_two/lib/python3.10/site-packages'
[8.638s] Level 1:colcon.colcon_core.environment:checking '/home/prime/dev_ws/install/primeberry_two/bin'
[8.639s] INFO:colcon.colcon_core.shell:Creating package script '/home/prime/dev_ws/install/primeberry_two/share/primeberry_two/package.ps1'
[8.646s] INFO:colcon.colcon_core.shell:Creating package descriptor '/home/prime/dev_ws/install/primeberry_two/share/primeberry_two/package.dsv'
[8.654s] INFO:colcon.colcon_core.shell:Creating package script '/home/prime/dev_ws/install/primeberry_two/share/primeberry_two/package.sh'
[8.655s] INFO:colcon.colcon_core.shell:Creating package script '/home/prime/dev_ws/install/primeberry_two/share/primeberry_two/package.bash'
[8.660s] INFO:colcon.colcon_core.shell:Creating package script '/home/prime/dev_ws/install/primeberry_two/share/primeberry_two/package.zsh'
[8.665s] Level 1:colcon.colcon_core.environment:create_file_with_runtime_dependencies(/home/prime/dev_ws/install/primeberry_two/share/colcon-core/packages/primeberry_two)
[8.739s] Level 1:colcon.colcon_core.environment:create_environment_scripts_only(primeberry)
[8.740s] Level 1:colcon.colcon_core.environment:checking '/home/prime/dev_ws/install/primeberry' for CMake module files
[8.741s] Level 1:colcon.colcon_core.environment:checking '/home/prime/dev_ws/install/primeberry' for CMake config files
[8.742s] Level 1:colcon.colcon_core.shell:create_environment_hook('primeberry', 'cmake_prefix_path')
[8.743s] INFO:colcon.colcon_core.shell:Creating environment hook '/home/prime/dev_ws/install/primeberry/share/primeberry/hook/cmake_prefix_path.ps1'
[8.744s] INFO:colcon.colcon_core.shell:Creating environment descriptor '/home/prime/dev_ws/install/primeberry/share/primeberry/hook/cmake_prefix_path.dsv'
[8.745s] INFO:colcon.colcon_core.shell:Creating environment hook '/home/prime/dev_ws/install/primeberry/share/primeberry/hook/cmake_prefix_path.sh'
[8.747s] Level 1:colcon.colcon_core.environment:checking '/home/prime/dev_ws/install/primeberry/bin'
[8.748s] Level 1:colcon.colcon_core.environment:checking '/home/prime/dev_ws/install/primeberry/lib/pkgconfig/primeberry.pc'
[8.748s] Level 1:colcon.colcon_core.environment:checking '/home/prime/dev_ws/install/primeberry/lib/python3.10/site-packages'
[8.754s] Level 1:colcon.colcon_core.environment:checking '/home/prime/dev_ws/install/primeberry/bin'
[8.756s] INFO:colcon.colcon_core.shell:Creating package script '/home/prime/dev_ws/install/primeberry/share/primeberry/package.ps1'
[8.763s] INFO:colcon.colcon_core.shell:Creating package descriptor '/home/prime/dev_ws/install/primeberry/share/primeberry/package.dsv'
[8.765s] INFO:colcon.colcon_core.shell:Creating package script '/home/prime/dev_ws/install/primeberry/share/primeberry/package.sh'
[8.775s] INFO:colcon.colcon_core.shell:Creating package script '/home/prime/dev_ws/install/primeberry/share/primeberry/package.bash'
[8.784s] INFO:colcon.colcon_core.shell:Creating package script '/home/prime/dev_ws/install/primeberry/share/primeberry/package.zsh'
[8.792s] Level 1:colcon.colcon_core.environment:create_file_with_runtime_dependencies(/home/prime/dev_ws/install/primeberry/share/colcon-core/packages/primeberry)
[8.808s] Level 1:colcon.colcon_core.environment:create_environment_scripts_only(primeberry_one)
[8.808s] Level 1:colcon.colcon_core.environment:checking '/home/prime/dev_ws/install/primeberry_one' for CMake module files
[8.821s] Level 1:colcon.colcon_core.environment:checking '/home/prime/dev_ws/install/primeberry_one' for CMake config files
[8.824s] Level 1:colcon.colcon_core.shell:create_environment_hook('primeberry_one', 'cmake_prefix_path')
[8.825s] INFO:colcon.colcon_core.shell:Creating environment hook '/home/prime/dev_ws/install/primeberry_one/share/primeberry_one/hook/cmake_prefix_path.ps1'
[8.831s] INFO:colcon.colcon_core.shell:Creating environment descriptor '/home/prime/dev_ws/install/primeberry_one/share/primeberry_one/hook/cmake_prefix_path.dsv'
[8.840s] INFO:colcon.colcon_core.shell:Creating environment hook '/home/prime/dev_ws/install/primeberry_one/share/primeberry_one/hook/cmake_prefix_path.sh'
[8.848s] Level 1:colcon.colcon_core.environment:checking '/home/prime/dev_ws/install/primeberry_one/bin'
[8.852s] Level 1:colcon.colcon_core.environment:checking '/home/prime/dev_ws/install/primeberry_one/lib/pkgconfig/primeberry_one.pc'
[8.852s] Level 1:colcon.colcon_core.environment:checking '/home/prime/dev_ws/install/primeberry_one/lib/python3.10/site-packages'
[8.854s] Level 1:colcon.colcon_core.environment:checking '/home/prime/dev_ws/install/primeberry_one/bin'
[8.854s] INFO:colcon.colcon_core.shell:Creating package script '/home/prime/dev_ws/install/primeberry_one/share/primeberry_one/package.ps1'
[8.855s] INFO:colcon.colcon_core.shell:Creating package descriptor '/home/prime/dev_ws/install/primeberry_one/share/primeberry_one/package.dsv'
[8.857s] INFO:colcon.colcon_core.shell:Creating package script '/home/prime/dev_ws/install/primeberry_one/share/primeberry_one/package.sh'
[8.858s] INFO:colcon.colcon_core.shell:Creating package script '/home/prime/dev_ws/install/primeberry_one/share/primeberry_one/package.bash'
[8.859s] INFO:colcon.colcon_core.shell:Creating package script '/home/prime/dev_ws/install/primeberry_one/share/primeberry_one/package.zsh'
[8.860s] Level 1:colcon.colcon_core.environment:create_file_with_runtime_dependencies(/home/prime/dev_ws/install/primeberry_one/share/colcon-core/packages/primeberry_one)
[8.872s] DEBUG:colcon.colcon_parallel_executor.executor.parallel:closing loop
[8.879s] DEBUG:colcon.colcon_parallel_executor.executor.parallel:loop closed
[8.884s] DEBUG:colcon.colcon_parallel_executor.executor.parallel:run_until_complete finished with '0'
[8.884s] DEBUG:colcon.colcon_core.event_reactor:joining thread
[8.950s] INFO:colcon.colcon_core.plugin_system:Skipping extension 'colcon_notification.desktop_notification.terminal_notifier': Not used on non-Darwin systems
[8.950s] INFO:colcon.colcon_core.plugin_system:Skipping extension 'colcon_notification.desktop_notification.win32': Not used on non-Windows systems
[8.950s] INFO:colcon.colcon_notification.desktop_notification:Sending desktop notification using 'notify2'
[9.107s] DEBUG:colcon.colcon_core.event_reactor:joined thread
[9.108s] INFO:colcon.colcon_core.shell:Creating prefix script '/home/prime/dev_ws/install/local_setup.ps1'
[9.117s] INFO:colcon.colcon_core.shell:Creating prefix util module '/home/prime/dev_ws/install/_local_setup_util_ps1.py'
[9.124s] INFO:colcon.colcon_core.shell:Creating prefix chain script '/home/prime/dev_ws/install/setup.ps1'
[9.131s] INFO:colcon.colcon_core.shell:Creating prefix script '/home/prime/dev_ws/install/local_setup.sh'
[9.132s] INFO:colcon.colcon_core.shell:Creating prefix util module '/home/prime/dev_ws/install/_local_setup_util_sh.py'
[9.137s] INFO:colcon.colcon_core.shell:Creating prefix chain script '/home/prime/dev_ws/install/setup.sh'
[9.139s] INFO:colcon.colcon_core.shell:Creating prefix script '/home/prime/dev_ws/install/local_setup.bash'
[9.143s] INFO:colcon.colcon_core.shell:Creating prefix chain script '/home/prime/dev_ws/install/setup.bash'
[9.151s] INFO:colcon.colcon_core.shell:Creating prefix script '/home/prime/dev_ws/install/local_setup.zsh'
[9.151s] INFO:colcon.colcon_core.shell:Creating prefix chain script '/home/prime/dev_ws/install/setup.zsh'
