[0.138s] DEBUG:colcon:Command line arguments: ['/usr/bin/colcon', 'build']
[0.138s] DEBUG:colcon:Parsed command line arguments: Namespace(log_base=None, log_level=None, verb_name='build', build_base='build', install_base='install', merge_install=False, symlink_install=False, test_result_base=None, continue_on_error=False, executor='parallel', parallel_workers=2, event_handlers=None, ignore_user_meta=False, metas=['./colcon.meta'], base_paths=['.'], packages_ignore=None, packages_ignore_regex=None, paths=None, packages_up_to=None, packages_up_to_regex=None, packages_above=None, packages_above_and_dependencies=None, packages_above_depth=None, packages_select_by_dep=None, packages_skip_by_dep=None, packages_skip_up_to=None, packages_select_build_failed=False, packages_skip_build_finished=False, packages_select_test_failures=False, packages_skip_test_passed=False, packages_select=None, packages_skip=None, packages_select_regex=None, packages_skip_regex=None, packages_start=None, packages_end=None, allow_overriding=[], cmake_args=None, cmake_target=None, cmake_target_skip_unavailable=False, cmake_clean_cache=False, cmake_clean_first=False, cmake_force_configure=False, ament_cmake_args=None, catkin_cmake_args=None, catkin_skip_building_tests=False, mixin_files=None, mixin=None, verb_parser=<colcon_mixin.mixin.mixin_argument.MixinArgumentDecorator object at 0x7f99dc166050>, verb_extension=<colcon_core.verb.build.BuildVerb object at 0x7f99dc165600>, main=<bound method BuildVerb.main of <colcon_core.verb.build.BuildVerb object at 0x7f99dc165600>>, mixin_verb=('build',))
[0.347s] Level 1:colcon.colcon_core.package_discovery:discover_packages(colcon_meta) check parameters
[0.348s] Level 1:colcon.colcon_core.package_discovery:discover_packages(recursive) check parameters
[0.348s] Level 1:colcon.colcon_core.package_discovery:discover_packages(ignore) check parameters
[0.348s] Level 1:colcon.colcon_core.package_discovery:discover_packages(path) check parameters
[0.348s] Level 1:colcon.colcon_core.package_discovery:discover_packages(colcon_meta) discover
[0.348s] Level 1:colcon.colcon_core.package_discovery:discover_packages(recursive) discover
[0.348s] INFO:colcon.colcon_core.package_discovery:Crawling recursively for packages in '/home/apptronik/dev_ws'
[0.348s] Level 1:colcon.colcon_core.package_identification:_identify(.) by extensions ['ignore', 'ignore_ament_install']
[0.348s] Level 1:colcon.colcon_core.package_identification:_identify(.) by extension 'ignore'
[0.348s] Level 1:colcon.colcon_core.package_identification:_identify(.) by extension 'ignore_ament_install'
[0.348s] Level 1:colcon.colcon_core.package_identification:_identify(.) by extensions ['colcon_pkg']
[0.348s] Level 1:colcon.colcon_core.package_identification:_identify(.) by extension 'colcon_pkg'
[0.348s] Level 1:colcon.colcon_core.package_identification:_identify(.) by extensions ['colcon_meta']
[0.348s] Level 1:colcon.colcon_core.package_identification:_identify(.) by extension 'colcon_meta'
[0.348s] Level 1:colcon.colcon_core.package_identification:_identify(.) by extensions ['ros']
[0.348s] Level 1:colcon.colcon_core.package_identification:_identify(.) by extension 'ros'
[0.362s] Level 1:colcon.colcon_core.package_identification:_identify(.) by extensions ['cmake', 'python']
[0.363s] Level 1:colcon.colcon_core.package_identification:_identify(.) by extension 'cmake'
[0.363s] Level 1:colcon.colcon_core.package_identification:_identify(.) by extension 'python'
[0.363s] Level 1:colcon.colcon_core.package_identification:_identify(.) by extensions ['python_setup_py']
[0.363s] Level 1:colcon.colcon_core.package_identification:_identify(.) by extension 'python_setup_py'
[0.363s] Level 1:colcon.colcon_core.package_identification:_identify(build) by extensions ['ignore', 'ignore_ament_install']
[0.363s] Level 1:colcon.colcon_core.package_identification:_identify(build) by extension 'ignore'
[0.363s] Level 1:colcon.colcon_core.package_identification:_identify(build) ignored
[0.363s] Level 1:colcon.colcon_core.package_identification:_identify(install) by extensions ['ignore', 'ignore_ament_install']
[0.363s] Level 1:colcon.colcon_core.package_identification:_identify(install) by extension 'ignore'
[0.363s] Level 1:colcon.colcon_core.package_identification:_identify(install) ignored
[0.364s] Level 1:colcon.colcon_core.package_identification:_identify(log) by extensions ['ignore', 'ignore_ament_install']
[0.364s] Level 1:colcon.colcon_core.package_identification:_identify(log) by extension 'ignore'
[0.364s] Level 1:colcon.colcon_core.package_identification:_identify(log) ignored
[0.364s] Level 1:colcon.colcon_core.package_identification:_identify(src) by extensions ['ignore', 'ignore_ament_install']
[0.364s] Level 1:colcon.colcon_core.package_identification:_identify(src) by extension 'ignore'
[0.364s] Level 1:colcon.colcon_core.package_identification:_identify(src) by extension 'ignore_ament_install'
[0.364s] Level 1:colcon.colcon_core.package_identification:_identify(src) by extensions ['colcon_pkg']
[0.364s] Level 1:colcon.colcon_core.package_identification:_identify(src) by extension 'colcon_pkg'
[0.364s] Level 1:colcon.colcon_core.package_identification:_identify(src) by extensions ['colcon_meta']
[0.364s] Level 1:colcon.colcon_core.package_identification:_identify(src) by extension 'colcon_meta'
[0.364s] Level 1:colcon.colcon_core.package_identification:_identify(src) by extensions ['ros']
[0.364s] Level 1:colcon.colcon_core.package_identification:_identify(src) by extension 'ros'
[0.364s] Level 1:colcon.colcon_core.package_identification:_identify(src) by extensions ['cmake', 'python']
[0.364s] Level 1:colcon.colcon_core.package_identification:_identify(src) by extension 'cmake'
[0.364s] Level 1:colcon.colcon_core.package_identification:_identify(src) by extension 'python'
[0.364s] Level 1:colcon.colcon_core.package_identification:_identify(src) by extensions ['python_setup_py']
[0.365s] Level 1:colcon.colcon_core.package_identification:_identify(src) by extension 'python_setup_py'
[0.365s] Level 1:colcon.colcon_core.package_identification:_identify(src/primeberry) by extensions ['ignore', 'ignore_ament_install']
[0.365s] Level 1:colcon.colcon_core.package_identification:_identify(src/primeberry) by extension 'ignore'
[0.365s] Level 1:colcon.colcon_core.package_identification:_identify(src/primeberry) by extension 'ignore_ament_install'
[0.365s] Level 1:colcon.colcon_core.package_identification:_identify(src/primeberry) by extensions ['colcon_pkg']
[0.365s] Level 1:colcon.colcon_core.package_identification:_identify(src/primeberry) by extension 'colcon_pkg'
[0.365s] Level 1:colcon.colcon_core.package_identification:_identify(src/primeberry) by extensions ['colcon_meta']
[0.365s] Level 1:colcon.colcon_core.package_identification:_identify(src/primeberry) by extension 'colcon_meta'
[0.365s] Level 1:colcon.colcon_core.package_identification:_identify(src/primeberry) by extensions ['ros']
[0.365s] Level 1:colcon.colcon_core.package_identification:_identify(src/primeberry) by extension 'ros'
[0.368s] DEBUG:colcon.colcon_core.package_identification:Package 'src/primeberry' with type 'ros.ament_cmake' and name 'primeberry'
[0.368s] Level 1:colcon.colcon_core.package_identification:_identify(src/primeberry_one) by extensions ['ignore', 'ignore_ament_install']
[0.368s] Level 1:colcon.colcon_core.package_identification:_identify(src/primeberry_one) by extension 'ignore'
[0.368s] Level 1:colcon.colcon_core.package_identification:_identify(src/primeberry_one) by extension 'ignore_ament_install'
[0.368s] Level 1:colcon.colcon_core.package_identification:_identify(src/primeberry_one) by extensions ['colcon_pkg']
[0.368s] Level 1:colcon.colcon_core.package_identification:_identify(src/primeberry_one) by extension 'colcon_pkg'
[0.369s] Level 1:colcon.colcon_core.package_identification:_identify(src/primeberry_one) by extensions ['colcon_meta']
[0.369s] Level 1:colcon.colcon_core.package_identification:_identify(src/primeberry_one) by extension 'colcon_meta'
[0.369s] Level 1:colcon.colcon_core.package_identification:_identify(src/primeberry_one) by extensions ['ros']
[0.369s] Level 1:colcon.colcon_core.package_identification:_identify(src/primeberry_one) by extension 'ros'
[0.370s] DEBUG:colcon.colcon_core.package_identification:Package 'src/primeberry_one' with type 'ros.ament_cmake' and name 'primeberry_one'
[0.370s] Level 1:colcon.colcon_core.package_identification:_identify(src/primeberry_two) by extensions ['ignore', 'ignore_ament_install']
[0.370s] Level 1:colcon.colcon_core.package_identification:_identify(src/primeberry_two) by extension 'ignore'
[0.370s] Level 1:colcon.colcon_core.package_identification:_identify(src/primeberry_two) by extension 'ignore_ament_install'
[0.370s] Level 1:colcon.colcon_core.package_identification:_identify(src/primeberry_two) by extensions ['colcon_pkg']
[0.370s] Level 1:colcon.colcon_core.package_identification:_identify(src/primeberry_two) by extension 'colcon_pkg'
[0.370s] Level 1:colcon.colcon_core.package_identification:_identify(src/primeberry_two) by extensions ['colcon_meta']
[0.370s] Level 1:colcon.colcon_core.package_identification:_identify(src/primeberry_two) by extension 'colcon_meta'
[0.370s] Level 1:colcon.colcon_core.package_identification:_identify(src/primeberry_two) by extensions ['ros']
[0.370s] Level 1:colcon.colcon_core.package_identification:_identify(src/primeberry_two) by extension 'ros'
[0.371s] DEBUG:colcon.colcon_core.package_identification:Package 'src/primeberry_two' with type 'ros.ament_cmake' and name 'primeberry_two'
[0.371s] Level 1:colcon.colcon_core.package_identification:_identify(src/readings_and_processing) by extensions ['ignore', 'ignore_ament_install']
[0.371s] Level 1:colcon.colcon_core.package_identification:_identify(src/readings_and_processing) by extension 'ignore'
[0.372s] Level 1:colcon.colcon_core.package_identification:_identify(src/readings_and_processing) by extension 'ignore_ament_install'
[0.372s] Level 1:colcon.colcon_core.package_identification:_identify(src/readings_and_processing) by extensions ['colcon_pkg']
[0.372s] Level 1:colcon.colcon_core.package_identification:_identify(src/readings_and_processing) by extension 'colcon_pkg'
[0.372s] Level 1:colcon.colcon_core.package_identification:_identify(src/readings_and_processing) by extensions ['colcon_meta']
[0.372s] Level 1:colcon.colcon_core.package_identification:_identify(src/readings_and_processing) by extension 'colcon_meta'
[0.372s] Level 1:colcon.colcon_core.package_identification:_identify(src/readings_and_processing) by extensions ['ros']
[0.372s] Level 1:colcon.colcon_core.package_identification:_identify(src/readings_and_processing) by extension 'ros'
[0.373s] DEBUG:colcon.colcon_core.package_identification:Package 'src/readings_and_processing' with type 'ros.ament_python' and name 'readings_and_processing'
[0.373s] Level 1:colcon.colcon_core.package_discovery:discover_packages(recursive) using defaults
[0.373s] Level 1:colcon.colcon_core.package_discovery:discover_packages(ignore) discover
[0.373s] Level 1:colcon.colcon_core.package_discovery:discover_packages(ignore) using defaults
[0.373s] Level 1:colcon.colcon_core.package_discovery:discover_packages(path) discover
[0.373s] Level 1:colcon.colcon_core.package_discovery:discover_packages(path) using defaults
[0.397s] Level 1:colcon.colcon_core.package_discovery:discover_packages(prefix_path) check parameters
[0.397s] Level 1:colcon.colcon_core.package_discovery:discover_packages(prefix_path) discover
[0.399s] DEBUG:colcon.colcon_installed_package_information.package_discovery:Found 4 installed packages in /home/apptronik/dev_ws/install
[0.401s] DEBUG:colcon.colcon_installed_package_information.package_discovery:Found 293 installed packages in /opt/ros/humble
[0.417s] Level 1:colcon.colcon_core.package_discovery:discover_packages(prefix_path) using defaults
[0.469s] Level 5:colcon.colcon_core.verb:set package 'primeberry' build argument 'cmake_args' from command line to 'None'
[0.469s] Level 5:colcon.colcon_core.verb:set package 'primeberry' build argument 'cmake_target' from command line to 'None'
[0.470s] Level 5:colcon.colcon_core.verb:set package 'primeberry' build argument 'cmake_target_skip_unavailable' from command line to 'False'
[0.470s] Level 5:colcon.colcon_core.verb:set package 'primeberry' build argument 'cmake_clean_cache' from command line to 'False'
[0.470s] Level 5:colcon.colcon_core.verb:set package 'primeberry' build argument 'cmake_clean_first' from command line to 'False'
[0.470s] Level 5:colcon.colcon_core.verb:set package 'primeberry' build argument 'cmake_force_configure' from command line to 'False'
[0.470s] Level 5:colcon.colcon_core.verb:set package 'primeberry' build argument 'ament_cmake_args' from command line to 'None'
[0.470s] Level 5:colcon.colcon_core.verb:set package 'primeberry' build argument 'catkin_cmake_args' from command line to 'None'
[0.470s] Level 5:colcon.colcon_core.verb:set package 'primeberry' build argument 'catkin_skip_building_tests' from command line to 'False'
[0.470s] DEBUG:colcon.colcon_core.verb:Building package 'primeberry' with the following arguments: {'ament_cmake_args': None, 'build_base': '/home/apptronik/dev_ws/build/primeberry', 'catkin_cmake_args': None, 'catkin_skip_building_tests': False, 'cmake_args': None, 'cmake_clean_cache': False, 'cmake_clean_first': False, 'cmake_force_configure': False, 'cmake_target': None, 'cmake_target_skip_unavailable': False, 'install_base': '/home/apptronik/dev_ws/install/primeberry', 'merge_install': False, 'path': '/home/apptronik/dev_ws/src/primeberry', 'symlink_install': False, 'test_result_base': None}
[0.470s] Level 5:colcon.colcon_core.verb:set package 'primeberry_one' build argument 'cmake_args' from command line to 'None'
[0.470s] Level 5:colcon.colcon_core.verb:set package 'primeberry_one' build argument 'cmake_target' from command line to 'None'
[0.470s] Level 5:colcon.colcon_core.verb:set package 'primeberry_one' build argument 'cmake_target_skip_unavailable' from command line to 'False'
[0.470s] Level 5:colcon.colcon_core.verb:set package 'primeberry_one' build argument 'cmake_clean_cache' from command line to 'False'
[0.470s] Level 5:colcon.colcon_core.verb:set package 'primeberry_one' build argument 'cmake_clean_first' from command line to 'False'
[0.470s] Level 5:colcon.colcon_core.verb:set package 'primeberry_one' build argument 'cmake_force_configure' from command line to 'False'
[0.470s] Level 5:colcon.colcon_core.verb:set package 'primeberry_one' build argument 'ament_cmake_args' from command line to 'None'
[0.471s] Level 5:colcon.colcon_core.verb:set package 'primeberry_one' build argument 'catkin_cmake_args' from command line to 'None'
[0.471s] Level 5:colcon.colcon_core.verb:set package 'primeberry_one' build argument 'catkin_skip_building_tests' from command line to 'False'
[0.471s] DEBUG:colcon.colcon_core.verb:Building package 'primeberry_one' with the following arguments: {'ament_cmake_args': None, 'build_base': '/home/apptronik/dev_ws/build/primeberry_one', 'catkin_cmake_args': None, 'catkin_skip_building_tests': False, 'cmake_args': None, 'cmake_clean_cache': False, 'cmake_clean_first': False, 'cmake_force_configure': False, 'cmake_target': None, 'cmake_target_skip_unavailable': False, 'install_base': '/home/apptronik/dev_ws/install/primeberry_one', 'merge_install': False, 'path': '/home/apptronik/dev_ws/src/primeberry_one', 'symlink_install': False, 'test_result_base': None}
[0.471s] Level 5:colcon.colcon_core.verb:set package 'primeberry_two' build argument 'cmake_args' from command line to 'None'
[0.471s] Level 5:colcon.colcon_core.verb:set package 'primeberry_two' build argument 'cmake_target' from command line to 'None'
[0.471s] Level 5:colcon.colcon_core.verb:set package 'primeberry_two' build argument 'cmake_target_skip_unavailable' from command line to 'False'
[0.471s] Level 5:colcon.colcon_core.verb:set package 'primeberry_two' build argument 'cmake_clean_cache' from command line to 'False'
[0.471s] Level 5:colcon.colcon_core.verb:set package 'primeberry_two' build argument 'cmake_clean_first' from command line to 'False'
[0.471s] Level 5:colcon.colcon_core.verb:set package 'primeberry_two' build argument 'cmake_force_configure' from command line to 'False'
[0.471s] Level 5:colcon.colcon_core.verb:set package 'primeberry_two' build argument 'ament_cmake_args' from command line to 'None'
[0.471s] Level 5:colcon.colcon_core.verb:set package 'primeberry_two' build argument 'catkin_cmake_args' from command line to 'None'
[0.471s] Level 5:colcon.colcon_core.verb:set package 'primeberry_two' build argument 'catkin_skip_building_tests' from command line to 'False'
[0.471s] DEBUG:colcon.colcon_core.verb:Building package 'primeberry_two' with the following arguments: {'ament_cmake_args': None, 'build_base': '/home/apptronik/dev_ws/build/primeberry_two', 'catkin_cmake_args': None, 'catkin_skip_building_tests': False, 'cmake_args': None, 'cmake_clean_cache': False, 'cmake_clean_first': False, 'cmake_force_configure': False, 'cmake_target': None, 'cmake_target_skip_unavailable': False, 'install_base': '/home/apptronik/dev_ws/install/primeberry_two', 'merge_install': False, 'path': '/home/apptronik/dev_ws/src/primeberry_two', 'symlink_install': False, 'test_result_base': None}
[0.472s] Level 5:colcon.colcon_core.verb:set package 'readings_and_processing' build argument 'cmake_args' from command line to 'None'
[0.472s] Level 5:colcon.colcon_core.verb:set package 'readings_and_processing' build argument 'cmake_target' from command line to 'None'
[0.472s] Level 5:colcon.colcon_core.verb:set package 'readings_and_processing' build argument 'cmake_target_skip_unavailable' from command line to 'False'
[0.472s] Level 5:colcon.colcon_core.verb:set package 'readings_and_processing' build argument 'cmake_clean_cache' from command line to 'False'
[0.472s] Level 5:colcon.colcon_core.verb:set package 'readings_and_processing' build argument 'cmake_clean_first' from command line to 'False'
[0.472s] Level 5:colcon.colcon_core.verb:set package 'readings_and_processing' build argument 'cmake_force_configure' from command line to 'False'
[0.472s] Level 5:colcon.colcon_core.verb:set package 'readings_and_processing' build argument 'ament_cmake_args' from command line to 'None'
[0.472s] Level 5:colcon.colcon_core.verb:set package 'readings_and_processing' build argument 'catkin_cmake_args' from command line to 'None'
[0.472s] Level 5:colcon.colcon_core.verb:set package 'readings_and_processing' build argument 'catkin_skip_building_tests' from command line to 'False'
[0.472s] DEBUG:colcon.colcon_core.verb:Building package 'readings_and_processing' with the following arguments: {'ament_cmake_args': None, 'build_base': '/home/apptronik/dev_ws/build/readings_and_processing', 'catkin_cmake_args': None, 'catkin_skip_building_tests': False, 'cmake_args': None, 'cmake_clean_cache': False, 'cmake_clean_first': False, 'cmake_force_configure': False, 'cmake_target': None, 'cmake_target_skip_unavailable': False, 'install_base': '/home/apptronik/dev_ws/install/readings_and_processing', 'merge_install': False, 'path': '/home/apptronik/dev_ws/src/readings_and_processing', 'symlink_install': False, 'test_result_base': None}
[0.472s] INFO:colcon.colcon_core.executor:Executing jobs using 'parallel' executor
[0.474s] DEBUG:colcon.colcon_parallel_executor.executor.parallel:run_until_complete
[0.474s] INFO:colcon.colcon_ros.task.ament_cmake.build:Building ROS package in '/home/apptronik/dev_ws/src/primeberry' with build type 'ament_cmake'
[0.474s] INFO:colcon.colcon_cmake.task.cmake.build:Building CMake package in '/home/apptronik/dev_ws/src/primeberry'
[0.476s] INFO:colcon.colcon_core.plugin_system:Skipping extension 'colcon_core.shell.bat': Not used on non-Windows systems
[0.476s] INFO:colcon.colcon_core.shell:Skip shell extension 'powershell' for command environment: Not usable outside of PowerShell
[0.477s] DEBUG:colcon.colcon_core.shell:Skip shell extension 'dsv' for command environment
[0.481s] INFO:colcon.colcon_ros.task.ament_cmake.build:Building ROS package in '/home/apptronik/dev_ws/src/primeberry_one' with build type 'ament_cmake'
[0.482s] INFO:colcon.colcon_cmake.task.cmake.build:Building CMake package in '/home/apptronik/dev_ws/src/primeberry_one'
[0.482s] INFO:colcon.colcon_core.shell:Skip shell extension 'powershell' for command environment: Not usable outside of PowerShell
[0.482s] DEBUG:colcon.colcon_core.shell:Skip shell extension 'dsv' for command environment
[0.493s] DEBUG:colcon.colcon_core.event_handler.log_command:Invoking command in '/home/apptronik/dev_ws/build/primeberry': CMAKE_PREFIX_PATH=${CMAKE_PREFIX_PATH}:/home/apptronik/dev_ws/install/readings_and_processing:/opt/ros/humble /usr/bin/cmake --build /home/apptronik/dev_ws/build/primeberry -- -j2 -l2
[0.497s] DEBUG:colcon.colcon_core.event_handler.log_command:Invoking command in '/home/apptronik/dev_ws/build/primeberry_one': CMAKE_PREFIX_PATH=${CMAKE_PREFIX_PATH}:/home/apptronik/dev_ws/install/readings_and_processing:/opt/ros/humble /usr/bin/cmake --build /home/apptronik/dev_ws/build/primeberry_one -- -j2 -l2
[0.550s] DEBUG:colcon.colcon_core.event_handler.log_command:Invoked command in '/home/apptronik/dev_ws/build/primeberry_one' returned '0': CMAKE_PREFIX_PATH=${CMAKE_PREFIX_PATH}:/home/apptronik/dev_ws/install/readings_and_processing:/opt/ros/humble /usr/bin/cmake --build /home/apptronik/dev_ws/build/primeberry_one -- -j2 -l2
[0.557s] DEBUG:colcon.colcon_core.event_handler.log_command:Invoked command in '/home/apptronik/dev_ws/build/primeberry' returned '0': CMAKE_PREFIX_PATH=${CMAKE_PREFIX_PATH}:/home/apptronik/dev_ws/install/readings_and_processing:/opt/ros/humble /usr/bin/cmake --build /home/apptronik/dev_ws/build/primeberry -- -j2 -l2
[0.590s] DEBUG:colcon.colcon_core.event_handler.log_command:Invoking command in '/home/apptronik/dev_ws/build/primeberry_one': CMAKE_PREFIX_PATH=${CMAKE_PREFIX_PATH}:/home/apptronik/dev_ws/install/readings_and_processing:/opt/ros/humble /usr/bin/cmake --install /home/apptronik/dev_ws/build/primeberry_one
[0.593s] DEBUG:colcon.colcon_core.event_handler.log_command:Invoking command in '/home/apptronik/dev_ws/build/primeberry': CMAKE_PREFIX_PATH=${CMAKE_PREFIX_PATH}:/home/apptronik/dev_ws/install/readings_and_processing:/opt/ros/humble /usr/bin/cmake --install /home/apptronik/dev_ws/build/primeberry
[0.606s] Level 1:colcon.colcon_core.environment:create_environment_scripts_only(primeberry_one)
[0.615s] Level 1:colcon.colcon_core.environment:checking '/home/apptronik/dev_ws/install/primeberry_one' for CMake module files
[0.611s] DEBUG:colcon.colcon_core.event_handler.log_command:Invoked command in '/home/apptronik/dev_ws/build/primeberry_one' returned '0': CMAKE_PREFIX_PATH=${CMAKE_PREFIX_PATH}:/home/apptronik/dev_ws/install/readings_and_processing:/opt/ros/humble /usr/bin/cmake --install /home/apptronik/dev_ws/build/primeberry_one
[0.616s] Level 1:colcon.colcon_core.environment:checking '/home/apptronik/dev_ws/install/primeberry_one' for CMake config files
[0.619s] Level 1:colcon.colcon_core.shell:create_environment_hook('primeberry_one', 'cmake_prefix_path')
[0.619s] INFO:colcon.colcon_core.shell:Creating environment hook '/home/apptronik/dev_ws/install/primeberry_one/share/primeberry_one/hook/cmake_prefix_path.ps1'
[0.620s] INFO:colcon.colcon_core.shell:Creating environment descriptor '/home/apptronik/dev_ws/install/primeberry_one/share/primeberry_one/hook/cmake_prefix_path.dsv'
[0.620s] INFO:colcon.colcon_core.shell:Creating environment hook '/home/apptronik/dev_ws/install/primeberry_one/share/primeberry_one/hook/cmake_prefix_path.sh'
[0.621s] Level 1:colcon.colcon_core.environment:checking '/home/apptronik/dev_ws/install/primeberry_one/bin'
[0.621s] Level 1:colcon.colcon_core.environment:checking '/home/apptronik/dev_ws/install/primeberry_one/lib/pkgconfig/primeberry_one.pc'
[0.622s] Level 1:colcon.colcon_core.environment:checking '/home/apptronik/dev_ws/install/primeberry_one/lib/python3.10/site-packages'
[0.625s] Level 1:colcon.colcon_core.environment:checking '/home/apptronik/dev_ws/install/primeberry_one/bin'
[0.626s] INFO:colcon.colcon_core.shell:Creating package script '/home/apptronik/dev_ws/install/primeberry_one/share/primeberry_one/package.ps1'
[0.627s] INFO:colcon.colcon_core.shell:Creating package descriptor '/home/apptronik/dev_ws/install/primeberry_one/share/primeberry_one/package.dsv'
[0.627s] INFO:colcon.colcon_core.shell:Creating package script '/home/apptronik/dev_ws/install/primeberry_one/share/primeberry_one/package.sh'
[0.629s] INFO:colcon.colcon_core.shell:Creating package script '/home/apptronik/dev_ws/install/primeberry_one/share/primeberry_one/package.bash'
[0.630s] INFO:colcon.colcon_core.shell:Creating package script '/home/apptronik/dev_ws/install/primeberry_one/share/primeberry_one/package.zsh'
[0.630s] Level 1:colcon.colcon_core.environment:create_file_with_runtime_dependencies(/home/apptronik/dev_ws/install/primeberry_one/share/colcon-core/packages/primeberry_one)
[0.632s] Level 1:colcon.colcon_core.environment:create_environment_scripts_only(primeberry)
[0.633s] Level 1:colcon.colcon_core.environment:checking '/home/apptronik/dev_ws/install/primeberry' for CMake module files
[0.633s] Level 1:colcon.colcon_core.environment:checking '/home/apptronik/dev_ws/install/primeberry' for CMake config files
[0.634s] Level 1:colcon.colcon_core.shell:create_environment_hook('primeberry', 'cmake_prefix_path')
[0.634s] INFO:colcon.colcon_core.shell:Creating environment hook '/home/apptronik/dev_ws/install/primeberry/share/primeberry/hook/cmake_prefix_path.ps1'
[0.634s] INFO:colcon.colcon_core.shell:Creating environment descriptor '/home/apptronik/dev_ws/install/primeberry/share/primeberry/hook/cmake_prefix_path.dsv'
[0.635s] INFO:colcon.colcon_core.shell:Creating environment hook '/home/apptronik/dev_ws/install/primeberry/share/primeberry/hook/cmake_prefix_path.sh'
[0.636s] DEBUG:colcon.colcon_core.event_handler.log_command:Invoked command in '/home/apptronik/dev_ws/build/primeberry' returned '0': CMAKE_PREFIX_PATH=${CMAKE_PREFIX_PATH}:/home/apptronik/dev_ws/install/readings_and_processing:/opt/ros/humble /usr/bin/cmake --install /home/apptronik/dev_ws/build/primeberry
[0.636s] Level 1:colcon.colcon_core.environment:checking '/home/apptronik/dev_ws/install/primeberry/bin'
[0.636s] Level 1:colcon.colcon_core.environment:checking '/home/apptronik/dev_ws/install/primeberry/lib/pkgconfig/primeberry.pc'
[0.636s] Level 1:colcon.colcon_core.environment:checking '/home/apptronik/dev_ws/install/primeberry/lib/python3.10/site-packages'
[0.636s] Level 1:colcon.colcon_core.environment:checking '/home/apptronik/dev_ws/install/primeberry/bin'
[0.637s] INFO:colcon.colcon_core.shell:Creating package script '/home/apptronik/dev_ws/install/primeberry/share/primeberry/package.ps1'
[0.637s] INFO:colcon.colcon_core.shell:Creating package descriptor '/home/apptronik/dev_ws/install/primeberry/share/primeberry/package.dsv'
[0.638s] INFO:colcon.colcon_core.shell:Creating package script '/home/apptronik/dev_ws/install/primeberry/share/primeberry/package.sh'
[0.638s] INFO:colcon.colcon_core.shell:Creating package script '/home/apptronik/dev_ws/install/primeberry/share/primeberry/package.bash'
[0.639s] INFO:colcon.colcon_core.shell:Creating package script '/home/apptronik/dev_ws/install/primeberry/share/primeberry/package.zsh'
[0.639s] Level 1:colcon.colcon_core.environment:create_file_with_runtime_dependencies(/home/apptronik/dev_ws/install/primeberry/share/colcon-core/packages/primeberry)
[0.663s] Level 1:colcon.colcon_core.environment:create_environment_scripts_only(primeberry_one)
[0.663s] Level 1:colcon.colcon_core.environment:checking '/home/apptronik/dev_ws/install/primeberry_one' for CMake module files
[0.664s] Level 1:colcon.colcon_core.environment:checking '/home/apptronik/dev_ws/install/primeberry_one' for CMake config files
[0.664s] Level 1:colcon.colcon_core.shell:create_environment_hook('primeberry_one', 'cmake_prefix_path')
[0.664s] INFO:colcon.colcon_core.shell:Creating environment hook '/home/apptronik/dev_ws/install/primeberry_one/share/primeberry_one/hook/cmake_prefix_path.ps1'
[0.665s] INFO:colcon.colcon_core.shell:Creating environment descriptor '/home/apptronik/dev_ws/install/primeberry_one/share/primeberry_one/hook/cmake_prefix_path.dsv'
[0.665s] INFO:colcon.colcon_core.shell:Creating environment hook '/home/apptronik/dev_ws/install/primeberry_one/share/primeberry_one/hook/cmake_prefix_path.sh'
[0.666s] Level 1:colcon.colcon_core.environment:checking '/home/apptronik/dev_ws/install/primeberry_one/bin'
[0.666s] Level 1:colcon.colcon_core.environment:checking '/home/apptronik/dev_ws/install/primeberry_one/lib/pkgconfig/primeberry_one.pc'
[0.666s] Level 1:colcon.colcon_core.environment:checking '/home/apptronik/dev_ws/install/primeberry_one/lib/python3.10/site-packages'
[0.667s] Level 1:colcon.colcon_core.environment:checking '/home/apptronik/dev_ws/install/primeberry_one/bin'
[0.669s] INFO:colcon.colcon_core.shell:Creating package script '/home/apptronik/dev_ws/install/primeberry_one/share/primeberry_one/package.ps1'
[0.670s] INFO:colcon.colcon_core.shell:Creating package descriptor '/home/apptronik/dev_ws/install/primeberry_one/share/primeberry_one/package.dsv'
[0.670s] INFO:colcon.colcon_core.shell:Creating package script '/home/apptronik/dev_ws/install/primeberry_one/share/primeberry_one/package.sh'
[0.671s] INFO:colcon.colcon_core.shell:Creating package script '/home/apptronik/dev_ws/install/primeberry_one/share/primeberry_one/package.bash'
[0.671s] INFO:colcon.colcon_core.shell:Creating package script '/home/apptronik/dev_ws/install/primeberry_one/share/primeberry_one/package.zsh'
[0.672s] Level 1:colcon.colcon_core.environment:create_file_with_runtime_dependencies(/home/apptronik/dev_ws/install/primeberry_one/share/colcon-core/packages/primeberry_one)
[0.673s] INFO:colcon.colcon_ros.task.ament_cmake.build:Building ROS package in '/home/apptronik/dev_ws/src/primeberry_two' with build type 'ament_cmake'
[0.673s] INFO:colcon.colcon_cmake.task.cmake.build:Building CMake package in '/home/apptronik/dev_ws/src/primeberry_two'
[0.674s] INFO:colcon.colcon_core.shell:Skip shell extension 'powershell' for command environment: Not usable outside of PowerShell
[0.674s] DEBUG:colcon.colcon_core.shell:Skip shell extension 'dsv' for command environment
[0.678s] Level 1:colcon.colcon_core.environment:create_environment_scripts_only(primeberry)
[0.679s] Level 1:colcon.colcon_core.environment:checking '/home/apptronik/dev_ws/install/primeberry' for CMake module files
[0.679s] Level 1:colcon.colcon_core.environment:checking '/home/apptronik/dev_ws/install/primeberry' for CMake config files
[0.680s] Level 1:colcon.colcon_core.shell:create_environment_hook('primeberry', 'cmake_prefix_path')
[0.680s] INFO:colcon.colcon_core.shell:Creating environment hook '/home/apptronik/dev_ws/install/primeberry/share/primeberry/hook/cmake_prefix_path.ps1'
[0.680s] INFO:colcon.colcon_core.shell:Creating environment descriptor '/home/apptronik/dev_ws/install/primeberry/share/primeberry/hook/cmake_prefix_path.dsv'
[0.681s] INFO:colcon.colcon_core.shell:Creating environment hook '/home/apptronik/dev_ws/install/primeberry/share/primeberry/hook/cmake_prefix_path.sh'
[0.681s] Level 1:colcon.colcon_core.environment:checking '/home/apptronik/dev_ws/install/primeberry/bin'
[0.681s] Level 1:colcon.colcon_core.environment:checking '/home/apptronik/dev_ws/install/primeberry/lib/pkgconfig/primeberry.pc'
[0.682s] Level 1:colcon.colcon_core.environment:checking '/home/apptronik/dev_ws/install/primeberry/lib/python3.10/site-packages'
[0.682s] Level 1:colcon.colcon_core.environment:checking '/home/apptronik/dev_ws/install/primeberry/bin'
[0.682s] INFO:colcon.colcon_core.shell:Creating package script '/home/apptronik/dev_ws/install/primeberry/share/primeberry/package.ps1'
[0.683s] INFO:colcon.colcon_core.shell:Creating package descriptor '/home/apptronik/dev_ws/install/primeberry/share/primeberry/package.dsv'
[0.684s] INFO:colcon.colcon_core.shell:Creating package script '/home/apptronik/dev_ws/install/primeberry/share/primeberry/package.sh'
[0.684s] INFO:colcon.colcon_core.shell:Creating package script '/home/apptronik/dev_ws/install/primeberry/share/primeberry/package.bash'
[0.685s] INFO:colcon.colcon_core.shell:Creating package script '/home/apptronik/dev_ws/install/primeberry/share/primeberry/package.zsh'
[0.685s] Level 1:colcon.colcon_core.environment:create_file_with_runtime_dependencies(/home/apptronik/dev_ws/install/primeberry/share/colcon-core/packages/primeberry)
[0.686s] INFO:colcon.colcon_ros.task.ament_python.build:Building ROS package in '/home/apptronik/dev_ws/src/readings_and_processing' with build type 'ament_python'
[0.686s] Level 1:colcon.colcon_core.shell:create_environment_hook('readings_and_processing', 'ament_prefix_path')
[0.687s] INFO:colcon.colcon_core.shell:Creating environment hook '/home/apptronik/dev_ws/install/readings_and_processing/share/readings_and_processing/hook/ament_prefix_path.ps1'
[0.688s] INFO:colcon.colcon_core.shell:Creating environment descriptor '/home/apptronik/dev_ws/install/readings_and_processing/share/readings_and_processing/hook/ament_prefix_path.dsv'
[0.688s] INFO:colcon.colcon_core.shell:Creating environment hook '/home/apptronik/dev_ws/install/readings_and_processing/share/readings_and_processing/hook/ament_prefix_path.sh'
[0.689s] INFO:colcon.colcon_core.shell:Skip shell extension 'powershell' for command environment: Not usable outside of PowerShell
[0.689s] DEBUG:colcon.colcon_core.shell:Skip shell extension 'dsv' for command environment
[0.704s] DEBUG:colcon.colcon_core.event_handler.log_command:Invoking command in '/home/apptronik/dev_ws/build/primeberry_two': CMAKE_PREFIX_PATH=${CMAKE_PREFIX_PATH}:/home/apptronik/dev_ws/install/readings_and_processing:/opt/ros/humble /usr/bin/cmake --build /home/apptronik/dev_ws/build/primeberry_two -- -j2 -l2
[1.077s] INFO:colcon.colcon_core.task.python.build:Building Python package in '/home/apptronik/dev_ws/src/readings_and_processing'
[1.078s] INFO:colcon.colcon_core.shell:Skip shell extension 'powershell' for command environment: Not usable outside of PowerShell
[1.078s] DEBUG:colcon.colcon_core.shell:Skip shell extension 'dsv' for command environment
[1.083s] DEBUG:colcon.colcon_core.event_handler.log_command:Invoked command in '/home/apptronik/dev_ws/build/primeberry_two' returned '0': CMAKE_PREFIX_PATH=${CMAKE_PREFIX_PATH}:/home/apptronik/dev_ws/install/readings_and_processing:/opt/ros/humble /usr/bin/cmake --build /home/apptronik/dev_ws/build/primeberry_two -- -j2 -l2
[1.115s] DEBUG:colcon.colcon_core.event_handler.log_command:Invoking command in '/home/apptronik/dev_ws/build/primeberry_two': CMAKE_PREFIX_PATH=${CMAKE_PREFIX_PATH}:/home/apptronik/dev_ws/install/readings_and_processing:/opt/ros/humble /usr/bin/cmake --install /home/apptronik/dev_ws/build/primeberry_two
[1.141s] Level 1:colcon.colcon_core.environment:create_environment_scripts_only(primeberry_two)
[1.141s] Level 1:colcon.colcon_core.environment:checking '/home/apptronik/dev_ws/install/primeberry_two' for CMake module files
[1.142s] Level 1:colcon.colcon_core.environment:checking '/home/apptronik/dev_ws/install/primeberry_two' for CMake config files
[1.142s] Level 1:colcon.colcon_core.shell:create_environment_hook('primeberry_two', 'cmake_prefix_path')
[1.142s] INFO:colcon.colcon_core.shell:Creating environment hook '/home/apptronik/dev_ws/install/primeberry_two/share/primeberry_two/hook/cmake_prefix_path.ps1'
[1.143s] INFO:colcon.colcon_core.shell:Creating environment descriptor '/home/apptronik/dev_ws/install/primeberry_two/share/primeberry_two/hook/cmake_prefix_path.dsv'
[1.143s] INFO:colcon.colcon_core.shell:Creating environment hook '/home/apptronik/dev_ws/install/primeberry_two/share/primeberry_two/hook/cmake_prefix_path.sh'
[1.144s] DEBUG:colcon.colcon_core.event_handler.log_command:Invoked command in '/home/apptronik/dev_ws/build/primeberry_two' returned '0': CMAKE_PREFIX_PATH=${CMAKE_PREFIX_PATH}:/home/apptronik/dev_ws/install/readings_and_processing:/opt/ros/humble /usr/bin/cmake --install /home/apptronik/dev_ws/build/primeberry_two
[1.144s] Level 1:colcon.colcon_core.environment:checking '/home/apptronik/dev_ws/install/primeberry_two/bin'
[1.145s] Level 1:colcon.colcon_core.environment:checking '/home/apptronik/dev_ws/install/primeberry_two/lib/pkgconfig/primeberry_two.pc'
[1.146s] Level 1:colcon.colcon_core.environment:checking '/home/apptronik/dev_ws/install/primeberry_two/lib/python3.10/site-packages'
[1.146s] Level 1:colcon.colcon_core.environment:checking '/home/apptronik/dev_ws/install/primeberry_two/bin'
[1.147s] INFO:colcon.colcon_core.shell:Creating package script '/home/apptronik/dev_ws/install/primeberry_two/share/primeberry_two/package.ps1'
[1.147s] INFO:colcon.colcon_core.shell:Creating package descriptor '/home/apptronik/dev_ws/install/primeberry_two/share/primeberry_two/package.dsv'
[1.148s] INFO:colcon.colcon_core.shell:Creating package script '/home/apptronik/dev_ws/install/primeberry_two/share/primeberry_two/package.sh'
[1.148s] INFO:colcon.colcon_core.shell:Creating package script '/home/apptronik/dev_ws/install/primeberry_two/share/primeberry_two/package.bash'
[1.149s] INFO:colcon.colcon_core.shell:Creating package script '/home/apptronik/dev_ws/install/primeberry_two/share/primeberry_two/package.zsh'
[1.149s] Level 1:colcon.colcon_core.environment:create_file_with_runtime_dependencies(/home/apptronik/dev_ws/install/primeberry_two/share/colcon-core/packages/primeberry_two)
[1.183s] Level 1:colcon.colcon_core.environment:create_environment_scripts_only(primeberry_two)
[1.184s] Level 1:colcon.colcon_core.environment:checking '/home/apptronik/dev_ws/install/primeberry_two' for CMake module files
[1.184s] Level 1:colcon.colcon_core.environment:checking '/home/apptronik/dev_ws/install/primeberry_two' for CMake config files
[1.184s] Level 1:colcon.colcon_core.shell:create_environment_hook('primeberry_two', 'cmake_prefix_path')
[1.185s] INFO:colcon.colcon_core.shell:Creating environment hook '/home/apptronik/dev_ws/install/primeberry_two/share/primeberry_two/hook/cmake_prefix_path.ps1'
[1.185s] INFO:colcon.colcon_core.shell:Creating environment descriptor '/home/apptronik/dev_ws/install/primeberry_two/share/primeberry_two/hook/cmake_prefix_path.dsv'
[1.186s] INFO:colcon.colcon_core.shell:Creating environment hook '/home/apptronik/dev_ws/install/primeberry_two/share/primeberry_two/hook/cmake_prefix_path.sh'
[1.186s] Level 1:colcon.colcon_core.environment:checking '/home/apptronik/dev_ws/install/primeberry_two/bin'
[1.187s] Level 1:colcon.colcon_core.environment:checking '/home/apptronik/dev_ws/install/primeberry_two/lib/pkgconfig/primeberry_two.pc'
[1.187s] Level 1:colcon.colcon_core.environment:checking '/home/apptronik/dev_ws/install/primeberry_two/lib/python3.10/site-packages'
[1.187s] Level 1:colcon.colcon_core.environment:checking '/home/apptronik/dev_ws/install/primeberry_two/bin'
[1.187s] INFO:colcon.colcon_core.shell:Creating package script '/home/apptronik/dev_ws/install/primeberry_two/share/primeberry_two/package.ps1'
[1.188s] INFO:colcon.colcon_core.shell:Creating package descriptor '/home/apptronik/dev_ws/install/primeberry_two/share/primeberry_two/package.dsv'
[1.189s] INFO:colcon.colcon_core.shell:Creating package script '/home/apptronik/dev_ws/install/primeberry_two/share/primeberry_two/package.sh'
[1.189s] INFO:colcon.colcon_core.shell:Creating package script '/home/apptronik/dev_ws/install/primeberry_two/share/primeberry_two/package.bash'
[1.190s] INFO:colcon.colcon_core.shell:Creating package script '/home/apptronik/dev_ws/install/primeberry_two/share/primeberry_two/package.zsh'
[1.190s] Level 1:colcon.colcon_core.environment:create_file_with_runtime_dependencies(/home/apptronik/dev_ws/install/primeberry_two/share/colcon-core/packages/primeberry_two)
[1.530s] DEBUG:colcon.colcon_core.event_handler.log_command:Invoking command in '/home/apptronik/dev_ws/src/readings_and_processing': PYTHONPATH=/home/apptronik/dev_ws/build/readings_and_processing/prefix_override:/usr/lib/python3/dist-packages/colcon_core/task/python/colcon_distutils_commands:/home/apptronik/dev_ws/install/readings_and_processing/lib/python3.10/site-packages:${PYTHONPATH} /usr/bin/python3 -W ignore:setup.py install is deprecated setup.py egg_info --egg-base ../../build/readings_and_processing build --build-base /home/apptronik/dev_ws/build/readings_and_processing/build install --record /home/apptronik/dev_ws/build/readings_and_processing/install.log --single-version-externally-managed install_data
[1.910s] Level 1:colcon.colcon_core.environment:checking '/home/apptronik/dev_ws/install/readings_and_processing' for CMake module files
[1.910s] DEBUG:colcon.colcon_core.event_handler.log_command:Invoked command in '/home/apptronik/dev_ws/src/readings_and_processing' returned '0': PYTHONPATH=/home/apptronik/dev_ws/build/readings_and_processing/prefix_override:/usr/lib/python3/dist-packages/colcon_core/task/python/colcon_distutils_commands:/home/apptronik/dev_ws/install/readings_and_processing/lib/python3.10/site-packages:${PYTHONPATH} /usr/bin/python3 -W ignore:setup.py install is deprecated setup.py egg_info --egg-base ../../build/readings_and_processing build --build-base /home/apptronik/dev_ws/build/readings_and_processing/build install --record /home/apptronik/dev_ws/build/readings_and_processing/install.log --single-version-externally-managed install_data
[1.911s] Level 1:colcon.colcon_core.environment:checking '/home/apptronik/dev_ws/install/readings_and_processing' for CMake config files
[1.912s] Level 1:colcon.colcon_core.environment:checking '/home/apptronik/dev_ws/install/readings_and_processing/lib'
[1.912s] Level 1:colcon.colcon_core.environment:checking '/home/apptronik/dev_ws/install/readings_and_processing/bin'
[1.912s] Level 1:colcon.colcon_core.environment:checking '/home/apptronik/dev_ws/install/readings_and_processing/lib/pkgconfig/readings_and_processing.pc'
[1.912s] Level 1:colcon.colcon_core.environment:checking '/home/apptronik/dev_ws/install/readings_and_processing/lib/python3.10/site-packages'
[1.912s] Level 1:colcon.colcon_core.shell:create_environment_hook('readings_and_processing', 'pythonpath')
[1.913s] INFO:colcon.colcon_core.shell:Creating environment hook '/home/apptronik/dev_ws/install/readings_and_processing/share/readings_and_processing/hook/pythonpath.ps1'
[1.914s] INFO:colcon.colcon_core.shell:Creating environment descriptor '/home/apptronik/dev_ws/install/readings_and_processing/share/readings_and_processing/hook/pythonpath.dsv'
[1.914s] INFO:colcon.colcon_core.shell:Creating environment hook '/home/apptronik/dev_ws/install/readings_and_processing/share/readings_and_processing/hook/pythonpath.sh'
[1.915s] Level 1:colcon.colcon_core.environment:checking '/home/apptronik/dev_ws/install/readings_and_processing/bin'
[1.915s] Level 1:colcon.colcon_core.environment:create_environment_scripts_only(readings_and_processing)
[1.915s] INFO:colcon.colcon_core.shell:Creating package script '/home/apptronik/dev_ws/install/readings_and_processing/share/readings_and_processing/package.ps1'
[1.916s] INFO:colcon.colcon_core.shell:Creating package descriptor '/home/apptronik/dev_ws/install/readings_and_processing/share/readings_and_processing/package.dsv'
[1.917s] INFO:colcon.colcon_core.shell:Creating package script '/home/apptronik/dev_ws/install/readings_and_processing/share/readings_and_processing/package.sh'
[1.917s] INFO:colcon.colcon_core.shell:Creating package script '/home/apptronik/dev_ws/install/readings_and_processing/share/readings_and_processing/package.bash'
[1.918s] INFO:colcon.colcon_core.shell:Creating package script '/home/apptronik/dev_ws/install/readings_and_processing/share/readings_and_processing/package.zsh'
[1.918s] Level 1:colcon.colcon_core.environment:create_file_with_runtime_dependencies(/home/apptronik/dev_ws/install/readings_and_processing/share/colcon-core/packages/readings_and_processing)
[1.918s] DEBUG:colcon.colcon_parallel_executor.executor.parallel:closing loop
[1.919s] DEBUG:colcon.colcon_parallel_executor.executor.parallel:loop closed
[1.919s] DEBUG:colcon.colcon_parallel_executor.executor.parallel:run_until_complete finished with '0'
[1.919s] DEBUG:colcon.colcon_core.event_reactor:joining thread
[1.926s] INFO:colcon.colcon_core.plugin_system:Skipping extension 'colcon_notification.desktop_notification.terminal_notifier': Not used on non-Darwin systems
[1.926s] INFO:colcon.colcon_core.plugin_system:Skipping extension 'colcon_notification.desktop_notification.win32': Not used on non-Windows systems
[1.926s] INFO:colcon.colcon_notification.desktop_notification:Sending desktop notification using 'notify2'
[1.941s] DEBUG:colcon.colcon_core.event_reactor:joined thread
[1.941s] INFO:colcon.colcon_core.shell:Creating prefix script '/home/apptronik/dev_ws/install/local_setup.ps1'
[1.943s] INFO:colcon.colcon_core.shell:Creating prefix util module '/home/apptronik/dev_ws/install/_local_setup_util_ps1.py'
[1.944s] INFO:colcon.colcon_core.shell:Creating prefix chain script '/home/apptronik/dev_ws/install/setup.ps1'
[1.946s] INFO:colcon.colcon_core.shell:Creating prefix script '/home/apptronik/dev_ws/install/local_setup.sh'
[1.946s] INFO:colcon.colcon_core.shell:Creating prefix util module '/home/apptronik/dev_ws/install/_local_setup_util_sh.py'
[1.947s] INFO:colcon.colcon_core.shell:Creating prefix chain script '/home/apptronik/dev_ws/install/setup.sh'
[1.948s] INFO:colcon.colcon_core.shell:Creating prefix script '/home/apptronik/dev_ws/install/local_setup.bash'
[1.950s] INFO:colcon.colcon_core.shell:Creating prefix chain script '/home/apptronik/dev_ws/install/setup.bash'
[1.952s] INFO:colcon.colcon_core.shell:Creating prefix script '/home/apptronik/dev_ws/install/local_setup.zsh'
[1.952s] INFO:colcon.colcon_core.shell:Creating prefix chain script '/home/apptronik/dev_ws/install/setup.zsh'
