[0.054s] Invoking command in '/home/apptronik/dev_ws/build/primeberry': CMAKE_PREFIX_PATH=/opt/ros/humble /usr/bin/cmake /home/apptronik/dev_ws/src/primeberry -DCMAKE_INSTALL_PREFIX=/home/apptronik/dev_ws/install/primeberry
[0.269s] -- The C compiler identification is GNU 11.4.0
[0.696s] -- The CXX compiler identification is GNU 11.4.0
[0.747s] -- Detecting C compiler ABI info
[1.193s] -- Detecting C compiler ABI info - done
[1.259s] -- Check for working C compiler: /usr/bin/cc - skipped
[1.259s] -- Detecting C compile features
[1.260s] -- Detecting C compile features - done
[1.286s] -- Detecting CXX compiler ABI info
[1.757s] -- Detecting CXX compiler ABI info - done
[1.809s] -- Check for working CXX compiler: /usr/bin/c++ - skipped
[1.812s] -- Detecting CXX compile features
[1.819s] -- Detecting CXX compile features - done
[1.860s] -- Found ament_cmake: 1.3.9 (/opt/ros/humble/share/ament_cmake/cmake)
[2.998s] -- Found Python3: /usr/bin/python3 (found version "3.10.12") found components: Interpreter 
[3.661s] -- Found robot_state_publisher: 3.0.3 (/opt/ros/humble/share/robot_state_publisher/cmake)
[3.894s] -- Found rosidl_generator_c: 3.1.5 (/opt/ros/humble/share/rosidl_generator_c/cmake)
[3.923s] -- Found rosidl_adapter: 3.1.5 (/opt/ros/humble/share/rosidl_adapter/cmake)
[3.995s] -- Found rosidl_generator_cpp: 3.1.5 (/opt/ros/humble/share/rosidl_generator_cpp/cmake)
[4.104s] -- Using all available rosidl_typesupport_c: rosidl_typesupport_fastrtps_c;rosidl_typesupport_introspection_c
[4.287s] -- Using all available rosidl_typesupport_cpp: rosidl_typesupport_fastrtps_cpp;rosidl_typesupport_introspection_cpp
[5.356s] -- Found eigen3_cmake_module: 0.1.1 (/opt/ros/humble/share/eigen3_cmake_module/cmake)
[5.367s] -- Found Eigen3: TRUE (found version "3.4.0") 
[5.368s] -- Ensuring Eigen3 include directory is part of orocos-kdl CMake target
[5.860s] -- Found rmw_implementation_cmake: 6.1.2 (/opt/ros/humble/share/rmw_implementation_cmake/cmake)
[5.869s] -- Found rmw_fastrtps_cpp: 6.2.6 (/opt/ros/humble/share/rmw_fastrtps_cpp/cmake)
[6.490s] -- Found OpenSSL: /usr/lib/x86_64-linux-gnu/libcrypto.so (found version "3.0.2")  
[6.637s] -- Found FastRTPS: /opt/ros/humble/include  
[6.894s] -- Using RMW implementation 'rmw_fastrtps_cpp' as default
[6.934s] -- Looking for pthread.h
[7.343s] -- Looking for pthread.h - found
[7.348s] -- Performing Test CMAKE_HAVE_LIBC_PTHREAD
[7.678s] -- Performing Test CMAKE_HAVE_LIBC_PTHREAD - Success
[7.684s] -- Found Threads: TRUE  
[11.443s] -- Found ament_lint_auto: 0.12.11 (/opt/ros/humble/share/ament_lint_auto/cmake)
[11.880s] -- Added test 'flake8' to check Python code syntax and style conventions
[11.886s] -- Added test 'lint_cmake' to check CMake code style
[11.887s] -- Added test 'pep257' to check Python code against some of the docstring style conventions in PEP 257
[11.897s] -- Added test 'xmllint' to check XML markup files
[11.904s] -- Configuring done
[11.948s] -- Generating done
[11.958s] -- Build files have been written to: /home/apptronik/dev_ws/build/primeberry
[12.027s] Invoked command in '/home/apptronik/dev_ws/build/primeberry' returned '0': CMAKE_PREFIX_PATH=/opt/ros/humble /usr/bin/cmake /home/apptronik/dev_ws/src/primeberry -DCMAKE_INSTALL_PREFIX=/home/apptronik/dev_ws/install/primeberry
[12.042s] Invoking command in '/home/apptronik/dev_ws/build/primeberry': CMAKE_PREFIX_PATH=/opt/ros/humble /usr/bin/cmake --build /home/apptronik/dev_ws/build/primeberry -- -j2 -l2
[12.270s] Invoked command in '/home/apptronik/dev_ws/build/primeberry' returned '0': CMAKE_PREFIX_PATH=/opt/ros/humble /usr/bin/cmake --build /home/apptronik/dev_ws/build/primeberry -- -j2 -l2
[12.394s] Invoking command in '/home/apptronik/dev_ws/build/primeberry': CMAKE_PREFIX_PATH=/opt/ros/humble /usr/bin/cmake --install /home/apptronik/dev_ws/build/primeberry
[12.474s] -- Install configuration: ""
[12.478s] -- Installing: /home/apptronik/dev_ws/install/primeberry/share/primeberry//launch
[12.484s] -- Installing: /home/apptronik/dev_ws/install/primeberry/share/primeberry//launch/launch_sim.launch.py
[12.491s] -- Installing: /home/apptronik/dev_ws/install/primeberry/share/primeberry//launch/rsp.launch.py
[12.499s] -- Installing: /home/apptronik/dev_ws/install/primeberry/share/primeberry//description
[12.501s] -- Installing: /home/apptronik/dev_ws/install/primeberry/share/primeberry//description/base_link.xacro
[12.506s] -- Installing: /home/apptronik/dev_ws/install/primeberry/share/primeberry//description/steering_mechanism.xacro
[12.513s] -- Installing: /home/apptronik/dev_ws/install/primeberry/share/primeberry//description/materials.xacro
[12.515s] -- Installing: /home/apptronik/dev_ws/install/primeberry/share/primeberry//description/wheels.xacro
[12.517s] -- Installing: /home/apptronik/dev_ws/install/primeberry/share/primeberry//description/gazebo_control.xacro
[12.519s] -- Installing: /home/apptronik/dev_ws/install/primeberry/share/primeberry//description/primeberry.urdf.xacro
[12.525s] -- Installing: /home/apptronik/dev_ws/install/primeberry/share/ament_index/resource_index/package_run_dependencies/primeberry
[12.538s] -- Installing: /home/apptronik/dev_ws/install/primeberry/share/ament_index/resource_index/parent_prefix_path/primeberry
[12.539s] -- Installing: /home/apptronik/dev_ws/install/primeberry/share/primeberry/environment/ament_prefix_path.sh
[12.552s] -- Installing: /home/apptronik/dev_ws/install/primeberry/share/primeberry/environment/ament_prefix_path.dsv
[12.557s] -- Installing: /home/apptronik/dev_ws/install/primeberry/share/primeberry/environment/path.sh
[12.559s] -- Installing: /home/apptronik/dev_ws/install/primeberry/share/primeberry/environment/path.dsv
[12.565s] -- Installing: /home/apptronik/dev_ws/install/primeberry/share/primeberry/local_setup.bash
[12.568s] -- Installing: /home/apptronik/dev_ws/install/primeberry/share/primeberry/local_setup.sh
[12.569s] -- Installing: /home/apptronik/dev_ws/install/primeberry/share/primeberry/local_setup.zsh
[12.573s] -- Installing: /home/apptronik/dev_ws/install/primeberry/share/primeberry/local_setup.dsv
[12.574s] -- Installing: /home/apptronik/dev_ws/install/primeberry/share/primeberry/package.dsv
[12.577s] -- Installing: /home/apptronik/dev_ws/install/primeberry/share/ament_index/resource_index/packages/primeberry
[12.579s] -- Installing: /home/apptronik/dev_ws/install/primeberry/share/primeberry/cmake/primeberryConfig.cmake
[12.581s] -- Installing: /home/apptronik/dev_ws/install/primeberry/share/primeberry/cmake/primeberryConfig-version.cmake
[12.582s] -- Installing: /home/apptronik/dev_ws/install/primeberry/share/primeberry/package.xml
[12.594s] Invoked command in '/home/apptronik/dev_ws/build/primeberry' returned '0': CMAKE_PREFIX_PATH=/opt/ros/humble /usr/bin/cmake --install /home/apptronik/dev_ws/build/primeberry
