-- Install configuration: ""
-- Up-to-date: /home/apptronik/dev_ws/install/primeberry_two/share/primeberry_two//launch
-- Up-to-date: /home/apptronik/dev_ws/install/primeberry_two/share/primeberry_two//launch/ackermann_vehicle_hokuyo_imu.launch
-- Up-to-date: /home/apptronik/dev_ws/install/primeberry_two/share/primeberry_two//launch/ackermann_vehicle_hokuyo.launch
-- Installing: /home/apptronik/dev_ws/install/primeberry_two/share/primeberry_two//launch/launch_sim.launch.py
-- Up-to-date: /home/apptronik/dev_ws/install/primeberry_two/share/primeberry_two//launch/ackermann_vehicle_rviz.launch
-- Up-to-date: /home/apptronik/dev_ws/install/primeberry_two/share/primeberry_two//launch/rsp.launch.py
-- Up-to-date: /home/apptronik/dev_ws/install/primeberry_two/share/primeberry_two//launch/ackermann_vehicle.launch
-- Up-to-date: /home/apptronik/dev_ws/install/primeberry_two/share/primeberry_two//launch/rviz.launch
-- Up-to-date: /home/apptronik/dev_ws/install/primeberry_two/share/primeberry_two//description
-- Up-to-date: /home/apptronik/dev_ws/install/primeberry_two/share/primeberry_two//description/em_3905.urdf.xacro
-- Up-to-date: /home/apptronik/dev_ws/install/primeberry_two/share/primeberry_two//description/em_3905_hokuyo_imu.urdf.xacro
-- Installing: /home/apptronik/dev_ws/install/primeberry_two/share/primeberry_two//description/em_3905_hokuyo.urdf.xacro
-- Up-to-date: /home/apptronik/dev_ws/install/primeberry_two/share/ament_index/resource_index/package_run_dependencies/primeberry_two
-- Up-to-date: /home/apptronik/dev_ws/install/primeberry_two/share/ament_index/resource_index/parent_prefix_path/primeberry_two
-- Up-to-date: /home/apptronik/dev_ws/install/primeberry_two/share/primeberry_two/environment/ament_prefix_path.sh
-- Up-to-date: /home/apptronik/dev_ws/install/primeberry_two/share/primeberry_two/environment/ament_prefix_path.dsv
-- Up-to-date: /home/apptronik/dev_ws/install/primeberry_two/share/primeberry_two/environment/path.sh
-- Up-to-date: /home/apptronik/dev_ws/install/primeberry_two/share/primeberry_two/environment/path.dsv
-- Up-to-date: /home/apptronik/dev_ws/install/primeberry_two/share/primeberry_two/local_setup.bash
-- Up-to-date: /home/apptronik/dev_ws/install/primeberry_two/share/primeberry_two/local_setup.sh
-- Up-to-date: /home/apptronik/dev_ws/install/primeberry_two/share/primeberry_two/local_setup.zsh
-- Up-to-date: /home/apptronik/dev_ws/install/primeberry_two/share/primeberry_two/local_setup.dsv
-- Installing: /home/apptronik/dev_ws/install/primeberry_two/share/primeberry_two/package.dsv
-- Up-to-date: /home/apptronik/dev_ws/install/primeberry_two/share/ament_index/resource_index/packages/primeberry_two
-- Up-to-date: /home/apptronik/dev_ws/install/primeberry_two/share/primeberry_two/cmake/primeberry_twoConfig.cmake
-- Up-to-date: /home/apptronik/dev_ws/install/primeberry_two/share/primeberry_two/cmake/primeberry_twoConfig-version.cmake
-- Up-to-date: /home/apptronik/dev_ws/install/primeberry_two/share/primeberry_two/package.xml
